2024-11-30 20:53:19.817 +01:00 [INF] User profile is available. Using 'C:\Users\fatta\AppData\Local\ASP.NET\DataProtection-Keys' as key repository and Windows DPAPI to encrypt keys at rest.
2024-11-30 20:53:19.992 +01:00 [INF] Now listening on: http://localhost:5003
2024-11-30 20:53:19.996 +01:00 [INF] Application started. Press Ctrl+C to shut down.
2024-11-30 20:53:19.996 +01:00 [INF] Hosting environment: Development
2024-11-30 20:53:19.996 +01:00 [INF] Content root path: C:\Users\fatta\OneDrive\Dokumenter\Studie\Høst2024\ITPE3200Webapplikasjoner\FinalExam\CodeCraft\SubApp1
2024-11-30 20:53:55.786 +01:00 [INF] Request starting HTTP/1.1 GET http://localhost:5003/ - null null
2024-11-30 20:53:55.803 +01:00 [WRN] Failed to determine the https port for redirect.
2024-11-30 20:53:56.837 +01:00 [INF] Executing endpoint 'SubApp1.Controllers.HomeController.Index (SubApp1)'
2024-11-30 20:53:56.845 +01:00 [INF] Route matched with {action = "Index", controller = "Home", page = "", area = ""}. Executing controller action with signature Microsoft.AspNetCore.Mvc.IActionResult Index() on controller SubApp1.Controllers.HomeController (SubApp1).
2024-11-30 20:53:59.600 +01:00 [INF] Executing ViewResult, running view Index.
2024-11-30 20:54:00.138 +01:00 [INF] Executed ViewResult - view Index executed in 3175.2848ms.
2024-11-30 20:54:00.139 +01:00 [INF] Executed action SubApp1.Controllers.HomeController.Index (SubApp1) in 3294.3954ms
2024-11-30 20:54:00.140 +01:00 [INF] Executed endpoint 'SubApp1.Controllers.HomeController.Index (SubApp1)'
2024-11-30 20:54:00.148 +01:00 [INF] Request finished HTTP/1.1 GET http://localhost:5003/ - 200 null text/html; charset=utf-8 4364.4022ms
2024-11-30 20:54:00.148 +01:00 [INF] Request starting HTTP/1.1 GET http://localhost:5003/js/bootstrap.js - null null
2024-11-30 20:54:00.148 +01:00 [INF] Request starting HTTP/1.1 GET http://localhost:5003/SubApp1.styles.css?v=Sj13-RJCpeuwLSSZn5pveHertSYZb1e9rwkvuFa81K0 - null null
2024-11-30 20:54:00.148 +01:00 [INF] Request starting HTTP/1.1 GET http://localhost:5003/css/site.css?v=qalJO62tvvTD2L519-hM5orxiTnrtDF5xNK56NB3aQs - null null
2024-11-30 20:54:00.148 +01:00 [INF] Request starting HTTP/1.1 GET http://localhost:5003/js/jquery.min.js - null null
2024-11-30 20:54:00.148 +01:00 [INF] Request starting HTTP/1.1 GET http://localhost:5003/Images/profile_zptbn0nj.mhn638685237669650945.png - null null
2024-11-30 20:54:00.149 +01:00 [INF] Request starting HTTP/1.1 GET http://localhost:5003/lib/bootstrap/dist/css/bootstrap.min.css - null null
2024-11-30 20:54:00.160 +01:00 [INF] Sending file. Request path: '/css/site.css'. Physical path: 'C:\Users\fatta\OneDrive\Dokumenter\Studie\Høst2024\ITPE3200Webapplikasjoner\FinalExam\CodeCraft\SubApp1\wwwroot\css\site.css'
2024-11-30 20:54:00.160 +01:00 [INF] Request finished HTTP/1.1 GET http://localhost:5003/css/site.css?v=qalJO62tvvTD2L519-hM5orxiTnrtDF5xNK56NB3aQs - 200 3073 text/css 12.2361ms
2024-11-30 20:54:00.162 +01:00 [INF] Request starting HTTP/1.1 GET http://localhost:5003/Images/profile_mu1fu0qy.541638682352465422474.png - null null
2024-11-30 20:54:00.162 +01:00 [INF] Sending file. Request path: '/Images/profile_mu1fu0qy.541638682352465422474.png'. Physical path: 'C:\Users\fatta\OneDrive\Dokumenter\Studie\Høst2024\ITPE3200Webapplikasjoner\FinalExam\CodeCraft\SubApp1\wwwroot\Images\profile_mu1fu0qy.541638682352465422474.png'
2024-11-30 20:54:00.161 +01:00 [INF] Sending file. Request path: '/lib/bootstrap/dist/css/bootstrap.min.css'. Physical path: 'C:\Users\fatta\OneDrive\Dokumenter\Studie\Høst2024\ITPE3200Webapplikasjoner\FinalExam\CodeCraft\SubApp1\wwwroot\lib\bootstrap\dist\css\bootstrap.min.css'
2024-11-30 20:54:00.163 +01:00 [INF] Request finished HTTP/1.1 GET http://localhost:5003/Images/profile_mu1fu0qy.541638682352465422474.png - 200 15320 image/png 1.2603ms
2024-11-30 20:54:00.163 +01:00 [INF] Request finished HTTP/1.1 GET http://localhost:5003/lib/bootstrap/dist/css/bootstrap.min.css - 200 162726 text/css 14.1485ms
2024-11-30 20:54:00.164 +01:00 [INF] Sending file. Request path: '/SubApp1.styles.css'. Physical path: 'C:\Users\fatta\OneDrive\Dokumenter\Studie\Høst2024\ITPE3200Webapplikasjoner\FinalExam\CodeCraft\SubApp1\obj\Debug\net8.0\scopedcss\bundle\SubApp1.styles.css'
2024-11-30 20:54:00.164 +01:00 [INF] Request finished HTTP/1.1 GET http://localhost:5003/SubApp1.styles.css?v=Sj13-RJCpeuwLSSZn5pveHertSYZb1e9rwkvuFa81K0 - 200 1758 text/css 16.2303ms
2024-11-30 20:54:00.166 +01:00 [INF] Sending file. Request path: '/Images/profile_zptbn0nj.mhn638685237669650945.png'. Physical path: 'C:\Users\fatta\OneDrive\Dokumenter\Studie\Høst2024\ITPE3200Webapplikasjoner\FinalExam\CodeCraft\SubApp1\wwwroot\Images\profile_zptbn0nj.mhn638685237669650945.png'
2024-11-30 20:54:00.167 +01:00 [INF] Request finished HTTP/1.1 GET http://localhost:5003/Images/profile_zptbn0nj.mhn638685237669650945.png - 200 315220 image/png 18.445ms
2024-11-30 20:54:00.173 +01:00 [INF] Request starting HTTP/1.1 GET http://localhost:5003/Images/quy2kjsl.44y638667085033516780.jpg - null null
2024-11-30 20:54:00.173 +01:00 [INF] Sending file. Request path: '/Images/quy2kjsl.44y638667085033516780.jpg'. Physical path: 'C:\Users\fatta\OneDrive\Dokumenter\Studie\Høst2024\ITPE3200Webapplikasjoner\FinalExam\CodeCraft\SubApp1\wwwroot\Images\quy2kjsl.44y638667085033516780.jpg'
2024-11-30 20:54:00.173 +01:00 [INF] Request finished HTTP/1.1 GET http://localhost:5003/Images/quy2kjsl.44y638667085033516780.jpg - 200 54606 image/jpeg 0.8747ms
2024-11-30 20:54:00.175 +01:00 [INF] Request finished HTTP/1.1 GET http://localhost:5003/js/jquery.min.js - 404 0 null 26.5624ms
2024-11-30 20:54:00.175 +01:00 [INF] Request finished HTTP/1.1 GET http://localhost:5003/js/bootstrap.js - 404 0 null 26.742ms
2024-11-30 20:54:00.175 +01:00 [INF] Request reached the end of the middleware pipeline without being handled by application code. Request path: GET http://localhost:5003/js/bootstrap.js, Response status code: 404
2024-11-30 20:54:00.175 +01:00 [INF] Request reached the end of the middleware pipeline without being handled by application code. Request path: GET http://localhost:5003/js/jquery.min.js, Response status code: 404
2024-11-30 20:54:00.177 +01:00 [INF] Request starting HTTP/1.1 GET http://localhost:5003/Images/243xe4ho.h0i638682324223715764.png - null null
2024-11-30 20:54:00.178 +01:00 [INF] Request starting HTTP/1.1 GET http://localhost:5003/lib/jquery/dist/jquery.min.js - null null
2024-11-30 20:54:00.179 +01:00 [INF] Sending file. Request path: '/lib/jquery/dist/jquery.min.js'. Physical path: 'C:\Users\fatta\OneDrive\Dokumenter\Studie\Høst2024\ITPE3200Webapplikasjoner\FinalExam\CodeCraft\SubApp1\wwwroot\lib\jquery\dist\jquery.min.js'
2024-11-30 20:54:00.179 +01:00 [INF] Request finished HTTP/1.1 GET http://localhost:5003/lib/jquery/dist/jquery.min.js - 200 89503 text/javascript 0.9892ms
2024-11-30 20:54:00.180 +01:00 [INF] Sending file. Request path: '/Images/243xe4ho.h0i638682324223715764.png'. Physical path: 'C:\Users\fatta\OneDrive\Dokumenter\Studie\Høst2024\ITPE3200Webapplikasjoner\FinalExam\CodeCraft\SubApp1\wwwroot\Images\243xe4ho.h0i638682324223715764.png'
2024-11-30 20:54:00.180 +01:00 [INF] Request finished HTTP/1.1 GET http://localhost:5003/Images/243xe4ho.h0i638682324223715764.png - 200 436213 image/png 2.552ms
2024-11-30 20:54:00.185 +01:00 [INF] Request starting HTTP/1.1 GET http://localhost:5003/lib/bootstrap/dist/js/bootstrap.bundle.min.js - null null
2024-11-30 20:54:00.185 +01:00 [INF] Request starting HTTP/1.1 GET http://localhost:5003/js/site.js?v=hRQyftXiu1lLX2P9Ly9xa4gHJgLeR1uGN5qegUobtGo - null null
2024-11-30 20:54:00.186 +01:00 [INF] Sending file. Request path: '/js/site.js'. Physical path: 'C:\Users\fatta\OneDrive\Dokumenter\Studie\Høst2024\ITPE3200Webapplikasjoner\FinalExam\CodeCraft\SubApp1\wwwroot\js\site.js'
2024-11-30 20:54:00.186 +01:00 [INF] Request finished HTTP/1.1 GET http://localhost:5003/js/site.js?v=hRQyftXiu1lLX2P9Ly9xa4gHJgLeR1uGN5qegUobtGo - 200 231 text/javascript 0.7782ms
2024-11-30 20:54:00.186 +01:00 [INF] Sending file. Request path: '/lib/bootstrap/dist/js/bootstrap.bundle.min.js'. Physical path: 'C:\Users\fatta\OneDrive\Dokumenter\Studie\Høst2024\ITPE3200Webapplikasjoner\FinalExam\CodeCraft\SubApp1\wwwroot\lib\bootstrap\dist\js\bootstrap.bundle.min.js'
2024-11-30 20:54:00.186 +01:00 [INF] Request finished HTTP/1.1 GET http://localhost:5003/lib/bootstrap/dist/js/bootstrap.bundle.min.js - 200 78474 text/javascript 1.1014ms
2024-11-30 20:54:26.741 +01:00 [INF] Request starting HTTP/1.1 POST http://localhost:5003/Identity/Account/Logout?returnUrl=%2F - application/x-www-form-urlencoded 225
2024-11-30 20:54:27.177 +01:00 [INF] Executing endpoint '/Account/Logout'
2024-11-30 20:54:27.422 +01:00 [INF] Route matched with {page = "/Account/Logout", area = "Identity", action = "", controller = ""}. Executing page /Account/Logout
2024-11-30 20:54:27.448 +01:00 [INF] Executing handler method SubApp1.Areas.Identity.Pages.Account.LogoutModel.OnPost - ModelState is "Valid"
2024-11-30 20:54:27.451 +01:00 [INF] AuthenticationScheme: Identity.Application signed out.
2024-11-30 20:54:27.452 +01:00 [INF] AuthenticationScheme: Identity.External signed out.
2024-11-30 20:54:27.452 +01:00 [INF] AuthenticationScheme: Identity.TwoFactorUserId signed out.
2024-11-30 20:54:27.452 +01:00 [INF] User logged out.
2024-11-30 20:54:27.453 +01:00 [INF] Executed handler method OnPost, returned result Microsoft.AspNetCore.Mvc.LocalRedirectResult.
2024-11-30 20:54:27.454 +01:00 [INF] Executing LocalRedirectResult, redirecting to /.
2024-11-30 20:54:27.455 +01:00 [INF] Executed page /Account/Logout in 31.894ms
2024-11-30 20:54:27.455 +01:00 [INF] Executed endpoint '/Account/Logout'
2024-11-30 20:54:27.455 +01:00 [INF] Request finished HTTP/1.1 POST http://localhost:5003/Identity/Account/Logout?returnUrl=%2F - 302 0 null 714.0329ms
2024-11-30 20:54:27.459 +01:00 [INF] Request starting HTTP/1.1 GET http://localhost:5003/ - null null
2024-11-30 20:54:27.460 +01:00 [INF] Executing endpoint 'SubApp1.Controllers.HomeController.Index (SubApp1)'
2024-11-30 20:54:27.460 +01:00 [INF] Route matched with {action = "Index", controller = "Home", page = "", area = ""}. Executing controller action with signature Microsoft.AspNetCore.Mvc.IActionResult Index() on controller SubApp1.Controllers.HomeController (SubApp1).
2024-11-30 20:54:27.471 +01:00 [INF] Executing ViewResult, running view Index.
2024-11-30 20:54:27.479 +01:00 [INF] Executed ViewResult - view Index executed in 8.7825ms.
2024-11-30 20:54:27.480 +01:00 [INF] Executed action SubApp1.Controllers.HomeController.Index (SubApp1) in 19.2838ms
2024-11-30 20:54:27.480 +01:00 [INF] Executed endpoint 'SubApp1.Controllers.HomeController.Index (SubApp1)'
2024-11-30 20:54:27.480 +01:00 [INF] Request finished HTTP/1.1 GET http://localhost:5003/ - 200 null text/html; charset=utf-8 20.8482ms
2024-11-30 20:54:27.499 +01:00 [INF] Request starting HTTP/1.1 GET http://localhost:5003/lib/bootstrap/dist/css/bootstrap.min.css - null null
2024-11-30 20:54:27.500 +01:00 [INF] Request starting HTTP/1.1 GET http://localhost:5003/css/site.css?v=qalJO62tvvTD2L519-hM5orxiTnrtDF5xNK56NB3aQs - null null
2024-11-30 20:54:27.501 +01:00 [INF] The file /lib/bootstrap/dist/css/bootstrap.min.css was not modified
2024-11-30 20:54:27.501 +01:00 [INF] The file /css/site.css was not modified
2024-11-30 20:54:27.504 +01:00 [INF] Request finished HTTP/1.1 GET http://localhost:5003/css/site.css?v=qalJO62tvvTD2L519-hM5orxiTnrtDF5xNK56NB3aQs - 304 null text/css 3.316ms
2024-11-30 20:54:27.504 +01:00 [INF] Request finished HTTP/1.1 GET http://localhost:5003/lib/bootstrap/dist/css/bootstrap.min.css - 304 null text/css 4.3073ms
2024-11-30 20:54:27.504 +01:00 [INF] Request starting HTTP/1.1 GET http://localhost:5003/SubApp1.styles.css?v=Sj13-RJCpeuwLSSZn5pveHertSYZb1e9rwkvuFa81K0 - null null
2024-11-30 20:54:27.504 +01:00 [INF] Request starting HTTP/1.1 GET http://localhost:5003/js/bootstrap.js - null null
2024-11-30 20:54:27.504 +01:00 [INF] The file /SubApp1.styles.css was not modified
2024-11-30 20:54:27.504 +01:00 [INF] Request finished HTTP/1.1 GET http://localhost:5003/SubApp1.styles.css?v=Sj13-RJCpeuwLSSZn5pveHertSYZb1e9rwkvuFa81K0 - 304 null text/css 0.4276ms
2024-11-30 20:54:27.504 +01:00 [INF] Request starting HTTP/1.1 GET http://localhost:5003/js/jquery.min.js - null null
2024-11-30 20:54:27.504 +01:00 [INF] Request starting HTTP/1.1 GET http://localhost:5003/Images/profile_zptbn0nj.mhn638685237669650945.png - null null
2024-11-30 20:54:27.505 +01:00 [INF] Request finished HTTP/1.1 GET http://localhost:5003/js/bootstrap.js - 404 0 null 0.6568ms
2024-11-30 20:54:27.505 +01:00 [INF] The file /Images/profile_zptbn0nj.mhn638685237669650945.png was not modified
2024-11-30 20:54:27.505 +01:00 [INF] Request finished HTTP/1.1 GET http://localhost:5003/js/jquery.min.js - 404 0 null 0.4301ms
2024-11-30 20:54:27.505 +01:00 [INF] Request finished HTTP/1.1 GET http://localhost:5003/Images/profile_zptbn0nj.mhn638685237669650945.png - 304 null image/png 0.3213ms
2024-11-30 20:54:27.505 +01:00 [INF] Request reached the end of the middleware pipeline without being handled by application code. Request path: GET http://localhost:5003/js/jquery.min.js, Response status code: 404
2024-11-30 20:54:27.505 +01:00 [INF] Request reached the end of the middleware pipeline without being handled by application code. Request path: GET http://localhost:5003/js/bootstrap.js, Response status code: 404
2024-11-30 20:54:27.510 +01:00 [INF] Request starting HTTP/1.1 GET http://localhost:5003/Images/profile_mu1fu0qy.541638682352465422474.png - null null
2024-11-30 20:54:27.511 +01:00 [INF] The file /Images/profile_mu1fu0qy.541638682352465422474.png was not modified
2024-11-30 20:54:27.511 +01:00 [INF] Request finished HTTP/1.1 GET http://localhost:5003/Images/profile_mu1fu0qy.541638682352465422474.png - 304 null image/png 0.6089ms
2024-11-30 20:54:27.515 +01:00 [INF] Request starting HTTP/1.1 GET http://localhost:5003/Images/quy2kjsl.44y638667085033516780.jpg - null null
2024-11-30 20:54:27.515 +01:00 [INF] Request starting HTTP/1.1 GET http://localhost:5003/Images/243xe4ho.h0i638682324223715764.png - null null
2024-11-30 20:54:27.515 +01:00 [INF] Request starting HTTP/1.1 GET http://localhost:5003/lib/jquery/dist/jquery.min.js - null null
2024-11-30 20:54:27.515 +01:00 [INF] The file /Images/quy2kjsl.44y638667085033516780.jpg was not modified
2024-11-30 20:54:27.515 +01:00 [INF] The file /Images/243xe4ho.h0i638682324223715764.png was not modified
2024-11-30 20:54:27.515 +01:00 [INF] The file /lib/jquery/dist/jquery.min.js was not modified
2024-11-30 20:54:27.515 +01:00 [INF] Request finished HTTP/1.1 GET http://localhost:5003/Images/243xe4ho.h0i638682324223715764.png - 304 null image/png 0.3593ms
2024-11-30 20:54:27.515 +01:00 [INF] Request finished HTTP/1.1 GET http://localhost:5003/Images/quy2kjsl.44y638667085033516780.jpg - 304 null image/jpeg 0.59ms
2024-11-30 20:54:27.516 +01:00 [INF] Request starting HTTP/1.1 GET http://localhost:5003/js/site.js?v=hRQyftXiu1lLX2P9Ly9xa4gHJgLeR1uGN5qegUobtGo - null null
2024-11-30 20:54:27.516 +01:00 [INF] The file /js/site.js was not modified
2024-11-30 20:54:27.516 +01:00 [INF] Request starting HTTP/1.1 GET http://localhost:5003/lib/bootstrap/dist/js/bootstrap.bundle.min.js - null null
2024-11-30 20:54:27.516 +01:00 [INF] Request finished HTTP/1.1 GET http://localhost:5003/js/site.js?v=hRQyftXiu1lLX2P9Ly9xa4gHJgLeR1uGN5qegUobtGo - 304 null text/javascript 0.3727ms
2024-11-30 20:54:27.518 +01:00 [INF] The file /lib/bootstrap/dist/js/bootstrap.bundle.min.js was not modified
2024-11-30 20:54:27.518 +01:00 [INF] Request finished HTTP/1.1 GET http://localhost:5003/lib/bootstrap/dist/js/bootstrap.bundle.min.js - 304 null text/javascript 2.7704ms
2024-11-30 20:54:27.519 +01:00 [INF] Request finished HTTP/1.1 GET http://localhost:5003/lib/jquery/dist/jquery.min.js - 304 null text/javascript 4.1035ms
2024-11-30 20:54:30.009 +01:00 [INF] Request starting HTTP/1.1 GET http://localhost:5003/Identity/Account/Login - null null
2024-11-30 20:54:30.584 +01:00 [INF] Executing endpoint '/Account/Login'
2024-11-30 20:54:30.593 +01:00 [INF] Route matched with {page = "/Account/Login", area = "Identity", action = "", controller = ""}. Executing page /Account/Login
2024-11-30 20:54:30.599 +01:00 [INF] Executing handler method SubApp1.Areas.Identity.Pages.Account.LoginModel.OnGetAsync - ModelState is "Valid"
2024-11-30 20:54:30.600 +01:00 [INF] AuthenticationScheme: Identity.External signed out.
2024-11-30 20:54:30.601 +01:00 [INF] Executed handler method OnGetAsync, returned result .
2024-11-30 20:54:30.605 +01:00 [INF] Executing an implicit handler method - ModelState is "Valid"
2024-11-30 20:54:30.605 +01:00 [INF] Executed an implicit handler method, returned result Microsoft.AspNetCore.Mvc.RazorPages.PageResult.
2024-11-30 20:54:30.950 +01:00 [INF] Executed page /Account/Login in 356.6321ms
2024-11-30 20:54:30.950 +01:00 [INF] Executed endpoint '/Account/Login'
2024-11-30 20:54:30.951 +01:00 [INF] Request finished HTTP/1.1 GET http://localhost:5003/Identity/Account/Login - 200 null text/html; charset=utf-8 941.3283ms
2024-11-30 20:54:30.961 +01:00 [INF] Request starting HTTP/1.1 GET http://localhost:5003/js/bootstrap.js - null null
2024-11-30 20:54:30.961 +01:00 [INF] Request starting HTTP/1.1 GET http://localhost:5003/js/jquery.min.js - null null
2024-11-30 20:54:30.961 +01:00 [INF] Request starting HTTP/1.1 GET http://localhost:5003/lib/jquery-validation/dist/jquery.validate.min.js - null null
2024-11-30 20:54:30.961 +01:00 [INF] Request starting HTTP/1.1 GET http://localhost:5003/lib/jquery-validation-unobtrusive/jquery.validate.unobtrusive.min.js - null null
2024-11-30 20:54:30.961 +01:00 [INF] Request finished HTTP/1.1 GET http://localhost:5003/js/jquery.min.js - 404 0 null 0.3613ms
2024-11-30 20:54:30.961 +01:00 [INF] Request finished HTTP/1.1 GET http://localhost:5003/js/bootstrap.js - 404 0 null 0.4774ms
2024-11-30 20:54:30.961 +01:00 [INF] Request reached the end of the middleware pipeline without being handled by application code. Request path: GET http://localhost:5003/js/jquery.min.js, Response status code: 404
2024-11-30 20:54:30.962 +01:00 [INF] Request reached the end of the middleware pipeline without being handled by application code. Request path: GET http://localhost:5003/js/bootstrap.js, Response status code: 404
2024-11-30 20:54:30.962 +01:00 [INF] Sending file. Request path: '/lib/jquery-validation-unobtrusive/jquery.validate.unobtrusive.min.js'. Physical path: 'C:\Users\fatta\OneDrive\Dokumenter\Studie\Høst2024\ITPE3200Webapplikasjoner\FinalExam\CodeCraft\SubApp1\wwwroot\lib\jquery-validation-unobtrusive\jquery.validate.unobtrusive.min.js'
2024-11-30 20:54:30.962 +01:00 [INF] Sending file. Request path: '/lib/jquery-validation/dist/jquery.validate.min.js'. Physical path: 'C:\Users\fatta\OneDrive\Dokumenter\Studie\Høst2024\ITPE3200Webapplikasjoner\FinalExam\CodeCraft\SubApp1\wwwroot\lib\jquery-validation\dist\jquery.validate.min.js'
2024-11-30 20:54:30.962 +01:00 [INF] Request finished HTTP/1.1 GET http://localhost:5003/lib/jquery-validation-unobtrusive/jquery.validate.unobtrusive.min.js - 200 5831 text/javascript 0.6212ms
2024-11-30 20:54:30.962 +01:00 [INF] Request finished HTTP/1.1 GET http://localhost:5003/lib/jquery-validation/dist/jquery.validate.min.js - 200 24604 text/javascript 0.7613ms
2024-11-30 20:54:32.870 +01:00 [INF] Request starting HTTP/1.1 POST http://localhost:5003/Identity/Account/Login - application/x-www-form-urlencoded 263
2024-11-30 20:54:32.870 +01:00 [INF] Executing endpoint '/Account/Login'
2024-11-30 20:54:32.871 +01:00 [INF] Route matched with {page = "/Account/Login", area = "Identity", action = "", controller = ""}. Executing page /Account/Login
2024-11-30 20:54:32.885 +01:00 [INF] Executing handler method SubApp1.Areas.Identity.Pages.Account.LoginModel.OnPostAsync - ModelState is "Valid"
2024-11-30 20:54:33.044 +01:00 [INF] AuthenticationScheme: Identity.Application signed in.
2024-11-30 20:54:33.044 +01:00 [INF] User logged in.
2024-11-30 20:54:33.044 +01:00 [INF] Executed handler method OnPostAsync, returned result Microsoft.AspNetCore.Mvc.LocalRedirectResult.
2024-11-30 20:54:33.044 +01:00 [INF] Executing LocalRedirectResult, redirecting to /.
2024-11-30 20:54:33.045 +01:00 [INF] Executed page /Account/Login in 174.0529ms
2024-11-30 20:54:33.045 +01:00 [INF] Executed endpoint '/Account/Login'
2024-11-30 20:54:33.045 +01:00 [INF] Request finished HTTP/1.1 POST http://localhost:5003/Identity/Account/Login - 302 0 null 175.3718ms
2024-11-30 20:54:33.050 +01:00 [INF] Request starting HTTP/1.1 GET http://localhost:5003/ - null null
2024-11-30 20:54:33.053 +01:00 [INF] Executing endpoint 'SubApp1.Controllers.HomeController.Index (SubApp1)'
2024-11-30 20:54:33.053 +01:00 [INF] Route matched with {action = "Index", controller = "Home", page = "", area = ""}. Executing controller action with signature Microsoft.AspNetCore.Mvc.IActionResult Index() on controller SubApp1.Controllers.HomeController (SubApp1).
2024-11-30 20:54:33.057 +01:00 [INF] Executing ViewResult, running view Index.
2024-11-30 20:54:33.059 +01:00 [INF] Executed ViewResult - view Index executed in 2.6567ms.
2024-11-30 20:54:33.059 +01:00 [INF] Executed action SubApp1.Controllers.HomeController.Index (SubApp1) in 6.2657ms
2024-11-30 20:54:33.059 +01:00 [INF] Executed endpoint 'SubApp1.Controllers.HomeController.Index (SubApp1)'
2024-11-30 20:54:33.060 +01:00 [INF] Request finished HTTP/1.1 GET http://localhost:5003/ - 200 null text/html; charset=utf-8 9.7935ms
2024-11-30 20:54:33.069 +01:00 [INF] Request starting HTTP/1.1 GET http://localhost:5003/js/jquery.min.js - null null
2024-11-30 20:54:33.069 +01:00 [INF] Request starting HTTP/1.1 GET http://localhost:5003/js/bootstrap.js - null null
2024-11-30 20:54:33.073 +01:00 [INF] Request finished HTTP/1.1 GET http://localhost:5003/js/bootstrap.js - 404 0 null 3.3308ms
2024-11-30 20:54:33.073 +01:00 [INF] Request finished HTTP/1.1 GET http://localhost:5003/js/jquery.min.js - 404 0 null 3.3152ms
2024-11-30 20:54:33.073 +01:00 [INF] Request reached the end of the middleware pipeline without being handled by application code. Request path: GET http://localhost:5003/js/jquery.min.js, Response status code: 404
2024-11-30 20:54:33.073 +01:00 [INF] Request reached the end of the middleware pipeline without being handled by application code. Request path: GET http://localhost:5003/js/bootstrap.js, Response status code: 404
2024-11-30 20:54:35.870 +01:00 [INF] Request starting HTTP/1.1 GET http://localhost:5003/Home/Profile - null null
2024-11-30 20:54:35.872 +01:00 [INF] Executing endpoint 'SubApp1.Controllers.HomeController.Profile (SubApp1)'
2024-11-30 20:54:35.874 +01:00 [INF] Route matched with {action = "Profile", controller = "Home", page = "", area = ""}. Executing controller action with signature Microsoft.AspNetCore.Mvc.IActionResult Profile() on controller SubApp1.Controllers.HomeController (SubApp1).
2024-11-30 20:54:36.081 +01:00 [INF] Executing ViewResult, running view Profile.
2024-11-30 20:54:36.090 +01:00 [INF] Executed ViewResult - view Profile executed in 179.7823ms.
2024-11-30 20:54:36.090 +01:00 [INF] Executed action SubApp1.Controllers.HomeController.Profile (SubApp1) in 215.4164ms
2024-11-30 20:54:36.090 +01:00 [INF] Executed endpoint 'SubApp1.Controllers.HomeController.Profile (SubApp1)'
2024-11-30 20:54:36.090 +01:00 [INF] Request finished HTTP/1.1 GET http://localhost:5003/Home/Profile - 200 null text/html; charset=utf-8 220.3653ms
2024-11-30 20:54:36.098 +01:00 [INF] Request starting HTTP/1.1 GET http://localhost:5003/js/jquery.min.js - null null
2024-11-30 20:54:36.098 +01:00 [INF] Request starting HTTP/1.1 GET http://localhost:5003/js/bootstrap.js - null null
2024-11-30 20:54:36.098 +01:00 [INF] Request starting HTTP/1.1 GET http://localhost:5003/Images/profile_mbauyjy1.jfz638682454607465969.jpeg - null null
2024-11-30 20:54:36.099 +01:00 [INF] Sending file. Request path: '/Images/profile_mbauyjy1.jfz638682454607465969.jpeg'. Physical path: 'C:\Users\fatta\OneDrive\Dokumenter\Studie\Høst2024\ITPE3200Webapplikasjoner\FinalExam\CodeCraft\SubApp1\wwwroot\Images\profile_mbauyjy1.jfz638682454607465969.jpeg'
2024-11-30 20:54:36.099 +01:00 [INF] Request finished HTTP/1.1 GET http://localhost:5003/Images/profile_mbauyjy1.jfz638682454607465969.jpeg - 200 72428 image/jpeg 0.8472ms
2024-11-30 20:54:36.100 +01:00 [INF] Request finished HTTP/1.1 GET http://localhost:5003/js/jquery.min.js - 404 0 null 2.3335ms
2024-11-30 20:54:36.100 +01:00 [INF] Request reached the end of the middleware pipeline without being handled by application code. Request path: GET http://localhost:5003/js/jquery.min.js, Response status code: 404
2024-11-30 20:54:36.111 +01:00 [INF] Request finished HTTP/1.1 GET http://localhost:5003/js/bootstrap.js - 404 0 null 13.7028ms
2024-11-30 20:54:36.111 +01:00 [INF] Request reached the end of the middleware pipeline without being handled by application code. Request path: GET http://localhost:5003/js/bootstrap.js, Response status code: 404
2024-11-30 20:54:43.869 +01:00 [INF] Request starting HTTP/1.1 GET http://localhost:5003/Identity/Account/Manage - null null
2024-11-30 20:54:44.082 +01:00 [INF] Executing endpoint '/Account/Manage/Index'
2024-11-30 20:54:44.091 +01:00 [INF] Route matched with {page = "/Account/Manage/Index", area = "Identity", action = "", controller = ""}. Executing page /Account/Manage/Index
2024-11-30 20:54:44.091 +01:00 [INF] Executing handler method SubApp1.Areas.Identity.Pages.Account.Manage.IndexModel.OnGetAsync - ModelState is "Valid"
2024-11-30 20:54:44.096 +01:00 [INF] Executed handler method OnGetAsync, returned result Microsoft.AspNetCore.Mvc.RazorPages.PageResult.
2024-11-30 20:54:44.341 +01:00 [INF] Executed page /Account/Manage/Index in 250.4532ms
2024-11-30 20:54:44.341 +01:00 [INF] Executed endpoint '/Account/Manage/Index'
2024-11-30 20:54:44.341 +01:00 [INF] Request finished HTTP/1.1 GET http://localhost:5003/Identity/Account/Manage - 200 null text/html; charset=utf-8 472.8688ms
2024-11-30 20:54:44.352 +01:00 [INF] Request starting HTTP/1.1 GET http://localhost:5003/js/bootstrap.js - null null
2024-11-30 20:54:44.352 +01:00 [INF] Request starting HTTP/1.1 GET http://localhost:5003/js/jquery.min.js - null null
2024-11-30 20:54:44.356 +01:00 [INF] Request finished HTTP/1.1 GET http://localhost:5003/js/bootstrap.js - 404 0 null 3.6624ms
2024-11-30 20:54:44.356 +01:00 [INF] Request reached the end of the middleware pipeline without being handled by application code. Request path: GET http://localhost:5003/js/bootstrap.js, Response status code: 404
2024-11-30 20:54:44.371 +01:00 [INF] Request finished HTTP/1.1 GET http://localhost:5003/js/jquery.min.js - 404 0 null 18.7755ms
2024-11-30 20:54:44.371 +01:00 [INF] Request reached the end of the middleware pipeline without being handled by application code. Request path: GET http://localhost:5003/js/jquery.min.js, Response status code: 404
2024-11-30 20:55:02.232 +01:00 [INF] Request starting HTTP/1.1 POST http://localhost:5003/Identity/Account/Manage - multipart/form-data; boundary=----WebKitFormBoundaryZiYNDG6eFn84RHR3 88491
2024-11-30 20:55:02.235 +01:00 [INF] Executing endpoint '/Account/Manage/Index'
2024-11-30 20:55:02.235 +01:00 [INF] Route matched with {page = "/Account/Manage/Index", area = "Identity", action = "", controller = ""}. Executing page /Account/Manage/Index
2024-11-30 20:55:02.267 +01:00 [INF] Executing handler method SubApp1.Areas.Identity.Pages.Account.Manage.IndexModel.OnPostAsync - ModelState is "Valid"
2024-11-30 20:55:02.456 +01:00 [INF] AuthenticationScheme: Identity.Application signed in.
2024-11-30 20:55:02.458 +01:00 [INF] Executed handler method OnPostAsync, returned result Microsoft.AspNetCore.Mvc.RedirectToPageResult.
2024-11-30 20:55:02.461 +01:00 [INF] Executing RedirectToPageResult, redirecting to null.
2024-11-30 20:55:02.463 +01:00 [INF] Executed page /Account/Manage/Index in 227.5614ms
2024-11-30 20:55:02.464 +01:00 [INF] Executed endpoint '/Account/Manage/Index'
2024-11-30 20:55:02.465 +01:00 [INF] Request finished HTTP/1.1 POST http://localhost:5003/Identity/Account/Manage - 302 0 null 233.2055ms
2024-11-30 20:55:02.470 +01:00 [INF] Request starting HTTP/1.1 GET http://localhost:5003/Identity/Account/Manage - null null
2024-11-30 20:55:02.474 +01:00 [INF] Executing endpoint '/Account/Manage/Index'
2024-11-30 20:55:02.474 +01:00 [INF] Route matched with {page = "/Account/Manage/Index", area = "Identity", action = "", controller = ""}. Executing page /Account/Manage/Index
2024-11-30 20:55:02.475 +01:00 [INF] Executing handler method SubApp1.Areas.Identity.Pages.Account.Manage.IndexModel.OnGetAsync - ModelState is "Valid"
2024-11-30 20:55:02.477 +01:00 [INF] Executed handler method OnGetAsync, returned result Microsoft.AspNetCore.Mvc.RazorPages.PageResult.
2024-11-30 20:55:02.482 +01:00 [INF] Executed page /Account/Manage/Index in 8.3138ms
2024-11-30 20:55:02.482 +01:00 [INF] Executed endpoint '/Account/Manage/Index'
2024-11-30 20:55:02.483 +01:00 [INF] Request finished HTTP/1.1 GET http://localhost:5003/Identity/Account/Manage - 200 null text/html; charset=utf-8 12.5894ms
2024-11-30 20:55:02.495 +01:00 [INF] Request starting HTTP/1.1 GET http://localhost:5003/lib/bootstrap/dist/css/bootstrap.min.css - null null
2024-11-30 20:55:02.495 +01:00 [INF] Request starting HTTP/1.1 GET http://localhost:5003/css/site.css?v=qalJO62tvvTD2L519-hM5orxiTnrtDF5xNK56NB3aQs - null null
2024-11-30 20:55:02.496 +01:00 [INF] The file /lib/bootstrap/dist/css/bootstrap.min.css was not modified
2024-11-30 20:55:02.497 +01:00 [INF] Request finished HTTP/1.1 GET http://localhost:5003/lib/bootstrap/dist/css/bootstrap.min.css - 304 null text/css 1.2439ms
2024-11-30 20:55:02.497 +01:00 [INF] Request starting HTTP/1.1 GET http://localhost:5003/SubApp1.styles.css?v=Sj13-RJCpeuwLSSZn5pveHertSYZb1e9rwkvuFa81K0 - null null
2024-11-30 20:55:02.497 +01:00 [INF] Request starting HTTP/1.1 GET http://localhost:5003/js/bootstrap.js - null null
2024-11-30 20:55:02.497 +01:00 [INF] The file /css/site.css was not modified
2024-11-30 20:55:02.497 +01:00 [INF] Request starting HTTP/1.1 GET http://localhost:5003/js/jquery.min.js - null null
2024-11-30 20:55:02.497 +01:00 [INF] Request finished HTTP/1.1 GET http://localhost:5003/css/site.css?v=qalJO62tvvTD2L519-hM5orxiTnrtDF5xNK56NB3aQs - 304 null text/css 1.5599ms
2024-11-30 20:55:02.497 +01:00 [INF] Request starting HTTP/1.1 GET http://localhost:5003/lib/jquery-validation/dist/jquery.validate.min.js - null null
2024-11-30 20:55:02.497 +01:00 [INF] The file /SubApp1.styles.css was not modified
2024-11-30 20:55:02.497 +01:00 [INF] The file /lib/jquery-validation/dist/jquery.validate.min.js was not modified
2024-11-30 20:55:02.497 +01:00 [INF] Request finished HTTP/1.1 GET http://localhost:5003/SubApp1.styles.css?v=Sj13-RJCpeuwLSSZn5pveHertSYZb1e9rwkvuFa81K0 - 304 null text/css 0.4826ms
2024-11-30 20:55:02.497 +01:00 [INF] Request finished HTTP/1.1 GET http://localhost:5003/lib/jquery-validation/dist/jquery.validate.min.js - 304 null text/javascript 0.2182ms
2024-11-30 20:55:02.500 +01:00 [INF] Request starting HTTP/1.1 GET http://localhost:5003/lib/jquery-validation-unobtrusive/jquery.validate.unobtrusive.min.js - null null
2024-11-30 20:55:02.501 +01:00 [INF] Request finished HTTP/1.1 GET http://localhost:5003/js/bootstrap.js - 404 0 null 3.8862ms
2024-11-30 20:55:02.501 +01:00 [INF] Request starting HTTP/1.1 GET http://localhost:5003/lib/jquery/dist/jquery.min.js - null null
2024-11-30 20:55:02.501 +01:00 [INF] Request reached the end of the middleware pipeline without being handled by application code. Request path: GET http://localhost:5003/js/bootstrap.js, Response status code: 404
2024-11-30 20:55:02.501 +01:00 [INF] Request starting HTTP/1.1 GET http://localhost:5003/lib/bootstrap/dist/js/bootstrap.bundle.min.js - null null
2024-11-30 20:55:02.501 +01:00 [INF] Request starting HTTP/1.1 GET http://localhost:5003/js/site.js?v=hRQyftXiu1lLX2P9Ly9xa4gHJgLeR1uGN5qegUobtGo - null null
2024-11-30 20:55:02.501 +01:00 [INF] The file /lib/bootstrap/dist/js/bootstrap.bundle.min.js was not modified
2024-11-30 20:55:02.501 +01:00 [INF] The file /lib/jquery-validation-unobtrusive/jquery.validate.unobtrusive.min.js was not modified
2024-11-30 20:55:02.501 +01:00 [INF] The file /lib/jquery/dist/jquery.min.js was not modified
2024-11-30 20:55:02.501 +01:00 [INF] Request finished HTTP/1.1 GET http://localhost:5003/lib/bootstrap/dist/js/bootstrap.bundle.min.js - 304 null text/javascript 0.4553ms
2024-11-30 20:55:02.501 +01:00 [INF] Request finished HTTP/1.1 GET http://localhost:5003/lib/jquery/dist/jquery.min.js - 304 null text/javascript 0.9719ms
2024-11-30 20:55:02.501 +01:00 [INF] Request finished HTTP/1.1 GET http://localhost:5003/lib/jquery-validation-unobtrusive/jquery.validate.unobtrusive.min.js - 304 null text/javascript 0.9532ms
2024-11-30 20:55:02.501 +01:00 [INF] The file /js/site.js was not modified
2024-11-30 20:55:02.502 +01:00 [INF] Request finished HTTP/1.1 GET http://localhost:5003/js/site.js?v=hRQyftXiu1lLX2P9Ly9xa4gHJgLeR1uGN5qegUobtGo - 304 null text/javascript 0.5718ms
2024-11-30 20:55:02.508 +01:00 [INF] Request finished HTTP/1.1 GET http://localhost:5003/js/jquery.min.js - 404 0 null 10.7839ms
2024-11-30 20:55:02.508 +01:00 [INF] Request reached the end of the middleware pipeline without being handled by application code. Request path: GET http://localhost:5003/js/jquery.min.js, Response status code: 404
2024-11-30 20:55:04.372 +01:00 [INF] Request starting HTTP/1.1 POST http://localhost:5003/Identity/Account/Manage - multipart/form-data; boundary=----WebKitFormBoundaryl0za9w8EJKejNauq 615
2024-11-30 20:55:04.374 +01:00 [INF] Executing endpoint '/Account/Manage/Index'
2024-11-30 20:55:04.375 +01:00 [INF] Route matched with {page = "/Account/Manage/Index", area = "Identity", action = "", controller = ""}. Executing page /Account/Manage/Index
2024-11-30 20:55:04.376 +01:00 [INF] Executing handler method SubApp1.Areas.Identity.Pages.Account.Manage.IndexModel.OnPostAsync - ModelState is "Valid"
2024-11-30 20:55:04.396 +01:00 [INF] AuthenticationScheme: Identity.Application signed in.
2024-11-30 20:55:04.396 +01:00 [INF] Executed handler method OnPostAsync, returned result Microsoft.AspNetCore.Mvc.RedirectToPageResult.
2024-11-30 20:55:04.398 +01:00 [INF] Executing RedirectToPageResult, redirecting to null.
2024-11-30 20:55:04.399 +01:00 [INF] Executed page /Account/Manage/Index in 24.0302ms
2024-11-30 20:55:04.399 +01:00 [INF] Executed endpoint '/Account/Manage/Index'
2024-11-30 20:55:04.399 +01:00 [INF] Request finished HTTP/1.1 POST http://localhost:5003/Identity/Account/Manage - 302 0 null 27.4916ms
2024-11-30 20:55:04.410 +01:00 [INF] Request starting HTTP/1.1 GET http://localhost:5003/Identity/Account/Manage - null null
2024-11-30 20:55:04.415 +01:00 [INF] Executing endpoint '/Account/Manage/Index'
2024-11-30 20:55:04.416 +01:00 [INF] Route matched with {page = "/Account/Manage/Index", area = "Identity", action = "", controller = ""}. Executing page /Account/Manage/Index
2024-11-30 20:55:04.416 +01:00 [INF] Executing handler method SubApp1.Areas.Identity.Pages.Account.Manage.IndexModel.OnGetAsync - ModelState is "Valid"
2024-11-30 20:55:04.418 +01:00 [INF] Executed handler method OnGetAsync, returned result Microsoft.AspNetCore.Mvc.RazorPages.PageResult.
2024-11-30 20:55:04.422 +01:00 [INF] Executed page /Account/Manage/Index in 5.902ms
2024-11-30 20:55:04.422 +01:00 [INF] Executed endpoint '/Account/Manage/Index'
2024-11-30 20:55:04.422 +01:00 [INF] Request finished HTTP/1.1 GET http://localhost:5003/Identity/Account/Manage - 200 null text/html; charset=utf-8 11.4561ms
2024-11-30 20:55:04.431 +01:00 [INF] Request starting HTTP/1.1 GET http://localhost:5003/js/jquery.min.js - null null
2024-11-30 20:55:04.431 +01:00 [INF] Request starting HTTP/1.1 GET http://localhost:5003/js/bootstrap.js - null null
2024-11-30 20:55:04.435 +01:00 [INF] Request finished HTTP/1.1 GET http://localhost:5003/js/bootstrap.js - 404 0 null 4.053ms
2024-11-30 20:55:04.436 +01:00 [INF] Request reached the end of the middleware pipeline without being handled by application code. Request path: GET http://localhost:5003/js/bootstrap.js, Response status code: 404
2024-11-30 20:55:04.448 +01:00 [INF] Request finished HTTP/1.1 GET http://localhost:5003/js/jquery.min.js - 404 0 null 17.085ms
2024-11-30 20:55:04.449 +01:00 [INF] Request reached the end of the middleware pipeline without being handled by application code. Request path: GET http://localhost:5003/js/jquery.min.js, Response status code: 404
2024-11-30 20:55:11.245 +01:00 [INF] Request starting HTTP/1.1 GET http://localhost:5003/Home/Profile - null null
2024-11-30 20:55:11.248 +01:00 [INF] Executing endpoint 'SubApp1.Controllers.HomeController.Profile (SubApp1)'
2024-11-30 20:55:11.248 +01:00 [INF] Route matched with {action = "Profile", controller = "Home", page = "", area = ""}. Executing controller action with signature Microsoft.AspNetCore.Mvc.IActionResult Profile() on controller SubApp1.Controllers.HomeController (SubApp1).
2024-11-30 20:55:11.251 +01:00 [INF] Executing ViewResult, running view Profile.
2024-11-30 20:55:11.253 +01:00 [INF] Executed ViewResult - view Profile executed in 1.7454ms.
2024-11-30 20:55:11.253 +01:00 [INF] Executed action SubApp1.Controllers.HomeController.Profile (SubApp1) in 4.4758ms
2024-11-30 20:55:11.253 +01:00 [INF] Executed endpoint 'SubApp1.Controllers.HomeController.Profile (SubApp1)'
2024-11-30 20:55:11.253 +01:00 [INF] Request finished HTTP/1.1 GET http://localhost:5003/Home/Profile - 200 null text/html; charset=utf-8 7.9793ms
2024-11-30 20:55:11.269 +01:00 [INF] Request starting HTTP/1.1 GET http://localhost:5003/Images/profile_kal4u0qo.imj638685969022715672.jpg - null null
2024-11-30 20:55:11.274 +01:00 [INF] Request starting HTTP/1.1 GET http://localhost:5003/js/jquery.min.js - null null
2024-11-30 20:55:11.276 +01:00 [INF] Request starting HTTP/1.1 GET http://localhost:5003/js/bootstrap.js - null null
2024-11-30 20:55:11.276 +01:00 [INF] Request finished HTTP/1.1 GET http://localhost:5003/js/jquery.min.js - 404 0 null 2.1376ms
2024-11-30 20:55:11.276 +01:00 [INF] Request reached the end of the middleware pipeline without being handled by application code. Request path: GET http://localhost:5003/js/jquery.min.js, Response status code: 404
2024-11-30 20:55:11.277 +01:00 [INF] Sending file. Request path: '/Images/profile_kal4u0qo.imj638685969022715672.jpg'. Physical path: 'C:\Users\fatta\OneDrive\Dokumenter\Studie\Høst2024\ITPE3200Webapplikasjoner\FinalExam\CodeCraft\SubApp1\wwwroot\Images\profile_kal4u0qo.imj638685969022715672.jpg'
2024-11-30 20:55:11.277 +01:00 [INF] Request finished HTTP/1.1 GET http://localhost:5003/Images/profile_kal4u0qo.imj638685969022715672.jpg - 200 87882 image/jpeg 7.4098ms
2024-11-30 20:55:11.282 +01:00 [INF] Request finished HTTP/1.1 GET http://localhost:5003/js/bootstrap.js - 404 0 null 6.7756ms
2024-11-30 20:55:11.283 +01:00 [INF] Request reached the end of the middleware pipeline without being handled by application code. Request path: GET http://localhost:5003/js/bootstrap.js, Response status code: 404
2024-11-30 20:55:25.383 +01:00 [INF] Request starting HTTP/1.1 POST http://localhost:5003/Post/CreatePostProfile - multipart/form-data; boundary=----WebKitFormBoundary6gsgCY3qEQDJFVd2 396971
2024-11-30 20:55:25.385 +01:00 [INF] Executing endpoint 'SubApp1.Controllers.PostController.CreatePostProfile (SubApp1)'
2024-11-30 20:55:25.391 +01:00 [INF] Route matched with {action = "CreatePostProfile", controller = "Post", page = "", area = ""}. Executing controller action with signature System.Threading.Tasks.Task`1[Microsoft.AspNetCore.Mvc.IActionResult] CreatePostProfile(System.String, Microsoft.AspNetCore.Http.IFormFile) on controller SubApp1.Controllers.PostController (SubApp1).
2024-11-30 20:55:25.487 +01:00 [INF] Executing RedirectResult, redirecting to /Home/Profile.
2024-11-30 20:55:25.487 +01:00 [INF] Executed action SubApp1.Controllers.PostController.CreatePostProfile (SubApp1) in 95.6771ms
2024-11-30 20:55:25.487 +01:00 [INF] Executed endpoint 'SubApp1.Controllers.PostController.CreatePostProfile (SubApp1)'
2024-11-30 20:55:25.487 +01:00 [INF] Request finished HTTP/1.1 POST http://localhost:5003/Post/CreatePostProfile - 302 0 null 104.4124ms
2024-11-30 20:55:25.492 +01:00 [INF] Request starting HTTP/1.1 GET http://localhost:5003/Home/Profile - null null
2024-11-30 20:55:25.494 +01:00 [INF] Executing endpoint 'SubApp1.Controllers.HomeController.Profile (SubApp1)'
2024-11-30 20:55:25.495 +01:00 [INF] Route matched with {action = "Profile", controller = "Home", page = "", area = ""}. Executing controller action with signature Microsoft.AspNetCore.Mvc.IActionResult Profile() on controller SubApp1.Controllers.HomeController (SubApp1).
2024-11-30 20:55:25.497 +01:00 [INF] Executing ViewResult, running view Profile.
2024-11-30 20:55:25.501 +01:00 [INF] Executed ViewResult - view Profile executed in 3.4381ms.
2024-11-30 20:55:25.501 +01:00 [INF] Executed action SubApp1.Controllers.HomeController.Profile (SubApp1) in 5.9579ms
2024-11-30 20:55:25.501 +01:00 [INF] Executed endpoint 'SubApp1.Controllers.HomeController.Profile (SubApp1)'
2024-11-30 20:55:25.501 +01:00 [INF] Request finished HTTP/1.1 GET http://localhost:5003/Home/Profile - 200 null text/html; charset=utf-8 8.8274ms
2024-11-30 20:55:25.508 +01:00 [INF] Request starting HTTP/1.1 GET http://localhost:5003/js/bootstrap.js - null null
2024-11-30 20:55:25.508 +01:00 [INF] Request starting HTTP/1.1 GET http://localhost:5003/Images/l2mv4hja.tte.png - null null
2024-11-30 20:55:25.509 +01:00 [INF] Request starting HTTP/1.1 GET http://localhost:5003/js/jquery.min.js - null null
2024-11-30 20:55:25.509 +01:00 [INF] Request starting HTTP/1.1 GET http://localhost:5003/Images/profile_kal4u0qo.imj638685969022715672.jpg - null null
2024-11-30 20:55:25.509 +01:00 [INF] The file /Images/profile_kal4u0qo.imj638685969022715672.jpg was not modified
2024-11-30 20:55:25.509 +01:00 [INF] Request finished HTTP/1.1 GET http://localhost:5003/Images/profile_kal4u0qo.imj638685969022715672.jpg - 304 null image/jpeg 0.2755ms
2024-11-30 20:55:25.510 +01:00 [INF] Request finished HTTP/1.1 GET http://localhost:5003/js/bootstrap.js - 404 0 null 2.2896ms
2024-11-30 20:55:25.511 +01:00 [INF] Request reached the end of the middleware pipeline without being handled by application code. Request path: GET http://localhost:5003/js/bootstrap.js, Response status code: 404
2024-11-30 20:55:25.512 +01:00 [INF] Sending file. Request path: '/Images/l2mv4hja.tte.png'. Physical path: 'C:\Users\fatta\OneDrive\Dokumenter\Studie\Høst2024\ITPE3200Webapplikasjoner\FinalExam\CodeCraft\SubApp1\wwwroot\Images\l2mv4hja.tte.png'
2024-11-30 20:55:25.512 +01:00 [INF] Request finished HTTP/1.1 GET http://localhost:5003/Images/l2mv4hja.tte.png - 200 396375 image/png 3.2597ms
2024-11-30 20:55:25.516 +01:00 [INF] Request finished HTTP/1.1 GET http://localhost:5003/js/jquery.min.js - 404 0 null 7.3008ms
2024-11-30 20:55:25.516 +01:00 [INF] Request reached the end of the middleware pipeline without being handled by application code. Request path: GET http://localhost:5003/js/jquery.min.js, Response status code: 404
2024-11-30 20:55:55.271 +01:00 [INF] Request starting HTTP/1.1 POST http://localhost:5003/Post/DeletePost - application/x-www-form-urlencoded 231
2024-11-30 20:55:55.281 +01:00 [INF] Executing endpoint 'SubApp1.Controllers.PostController.DeletePost (SubApp1)'
2024-11-30 20:55:55.285 +01:00 [INF] Route matched with {action = "DeletePost", controller = "Post", page = "", area = ""}. Executing controller action with signature System.Threading.Tasks.Task`1[Microsoft.AspNetCore.Mvc.IActionResult] DeletePost(Int32) on controller SubApp1.Controllers.PostController (SubApp1).
2024-11-30 20:55:55.322 +01:00 [INF] Executing RedirectResult, redirecting to /Home/Profile.
2024-11-30 20:55:55.322 +01:00 [INF] Executed action SubApp1.Controllers.PostController.DeletePost (SubApp1) in 36.3544ms
2024-11-30 20:55:55.322 +01:00 [INF] Executed endpoint 'SubApp1.Controllers.PostController.DeletePost (SubApp1)'
2024-11-30 20:55:55.322 +01:00 [INF] Request finished HTTP/1.1 POST http://localhost:5003/Post/DeletePost - 302 0 null 50.75ms
2024-11-30 20:55:55.326 +01:00 [INF] Request starting HTTP/1.1 GET http://localhost:5003/Home/Profile - null null
2024-11-30 20:55:55.328 +01:00 [INF] Executing endpoint 'SubApp1.Controllers.HomeController.Profile (SubApp1)'
2024-11-30 20:55:55.328 +01:00 [INF] Route matched with {action = "Profile", controller = "Home", page = "", area = ""}. Executing controller action with signature Microsoft.AspNetCore.Mvc.IActionResult Profile() on controller SubApp1.Controllers.HomeController (SubApp1).
2024-11-30 20:55:55.330 +01:00 [INF] Executing ViewResult, running view Profile.
2024-11-30 20:55:55.331 +01:00 [INF] Executed ViewResult - view Profile executed in 1.1419ms.
2024-11-30 20:55:55.331 +01:00 [INF] Executed action SubApp1.Controllers.HomeController.Profile (SubApp1) in 3.0054ms
2024-11-30 20:55:55.331 +01:00 [INF] Executed endpoint 'SubApp1.Controllers.HomeController.Profile (SubApp1)'
2024-11-30 20:55:55.331 +01:00 [INF] Request finished HTTP/1.1 GET http://localhost:5003/Home/Profile - 200 null text/html; charset=utf-8 5.567ms
2024-11-30 20:55:55.342 +01:00 [INF] Request starting HTTP/1.1 GET http://localhost:5003/lib/bootstrap/dist/css/bootstrap.min.css - null null
2024-11-30 20:55:55.342 +01:00 [INF] The file /lib/bootstrap/dist/css/bootstrap.min.css was not modified
2024-11-30 20:55:55.342 +01:00 [INF] Request finished HTTP/1.1 GET http://localhost:5003/lib/bootstrap/dist/css/bootstrap.min.css - 304 null text/css 0.3729ms
2024-11-30 20:55:55.343 +01:00 [INF] Request starting HTTP/1.1 GET http://localhost:5003/css/site.css?v=qalJO62tvvTD2L519-hM5orxiTnrtDF5xNK56NB3aQs - null null
2024-11-30 20:55:55.343 +01:00 [INF] The file /css/site.css was not modified
2024-11-30 20:55:55.343 +01:00 [INF] Request finished HTTP/1.1 GET http://localhost:5003/css/site.css?v=qalJO62tvvTD2L519-hM5orxiTnrtDF5xNK56NB3aQs - 304 null text/css 0.2559ms
2024-11-30 20:55:55.343 +01:00 [INF] Request starting HTTP/1.1 GET http://localhost:5003/SubApp1.styles.css?v=Sj13-RJCpeuwLSSZn5pveHertSYZb1e9rwkvuFa81K0 - null null
2024-11-30 20:55:55.343 +01:00 [INF] The file /SubApp1.styles.css was not modified
2024-11-30 20:55:55.343 +01:00 [INF] Request finished HTTP/1.1 GET http://localhost:5003/SubApp1.styles.css?v=Sj13-RJCpeuwLSSZn5pveHertSYZb1e9rwkvuFa81K0 - 304 null text/css 0.2762ms
2024-11-30 20:55:55.344 +01:00 [INF] Request starting HTTP/1.1 GET http://localhost:5003/js/bootstrap.js - null null
2024-11-30 20:55:55.345 +01:00 [INF] Request starting HTTP/1.1 GET http://localhost:5003/js/jquery.min.js - null null
2024-11-30 20:55:55.345 +01:00 [INF] Request finished HTTP/1.1 GET http://localhost:5003/js/bootstrap.js - 404 0 null 1.8565ms
2024-11-30 20:55:55.345 +01:00 [INF] Request reached the end of the middleware pipeline without being handled by application code. Request path: GET http://localhost:5003/js/bootstrap.js, Response status code: 404
2024-11-30 20:55:55.346 +01:00 [INF] Request starting HTTP/1.1 GET http://localhost:5003/Images/profile_kal4u0qo.imj638685969022715672.jpg - null null
2024-11-30 20:55:55.346 +01:00 [INF] The file /Images/profile_kal4u0qo.imj638685969022715672.jpg was not modified
2024-11-30 20:55:55.346 +01:00 [INF] Request finished HTTP/1.1 GET http://localhost:5003/Images/profile_kal4u0qo.imj638685969022715672.jpg - 304 null image/jpeg 0.26ms
2024-11-30 20:55:55.353 +01:00 [INF] Request starting HTTP/1.1 GET http://localhost:5003/lib/jquery/dist/jquery.min.js - null null
2024-11-30 20:55:55.353 +01:00 [INF] The file /lib/jquery/dist/jquery.min.js was not modified
2024-11-30 20:55:55.353 +01:00 [INF] Request finished HTTP/1.1 GET http://localhost:5003/lib/jquery/dist/jquery.min.js - 304 null text/javascript 0.3423ms
2024-11-30 20:55:55.353 +01:00 [INF] Request starting HTTP/1.1 GET http://localhost:5003/lib/bootstrap/dist/js/bootstrap.bundle.min.js - null null
2024-11-30 20:55:55.353 +01:00 [INF] The file /lib/bootstrap/dist/js/bootstrap.bundle.min.js was not modified
2024-11-30 20:55:55.353 +01:00 [INF] Request finished HTTP/1.1 GET http://localhost:5003/lib/bootstrap/dist/js/bootstrap.bundle.min.js - 304 null text/javascript 0.1774ms
2024-11-30 20:55:55.355 +01:00 [INF] Request finished HTTP/1.1 GET http://localhost:5003/js/jquery.min.js - 404 0 null 9.9503ms
2024-11-30 20:55:55.355 +01:00 [INF] Request reached the end of the middleware pipeline without being handled by application code. Request path: GET http://localhost:5003/js/jquery.min.js, Response status code: 404
2024-11-30 20:55:55.356 +01:00 [INF] Request starting HTTP/1.1 GET http://localhost:5003/js/site.js?v=hRQyftXiu1lLX2P9Ly9xa4gHJgLeR1uGN5qegUobtGo - null null
2024-11-30 20:55:55.356 +01:00 [INF] The file /js/site.js was not modified
2024-11-30 20:55:55.356 +01:00 [INF] Request finished HTTP/1.1 GET http://localhost:5003/js/site.js?v=hRQyftXiu1lLX2P9Ly9xa4gHJgLeR1uGN5qegUobtGo - 304 null text/javascript 0.2195ms
2024-11-30 20:56:06.333 +01:00 [INF] Request starting HTTP/1.1 GET http://localhost:5003/ - null null
2024-11-30 20:56:06.336 +01:00 [INF] Executing endpoint 'SubApp1.Controllers.HomeController.Index (SubApp1)'
2024-11-30 20:56:06.337 +01:00 [INF] Route matched with {action = "Index", controller = "Home", page = "", area = ""}. Executing controller action with signature Microsoft.AspNetCore.Mvc.IActionResult Index() on controller SubApp1.Controllers.HomeController (SubApp1).
2024-11-30 20:56:06.340 +01:00 [INF] Executing ViewResult, running view Index.
2024-11-30 20:56:06.342 +01:00 [INF] Executed ViewResult - view Index executed in 1.874ms.
2024-11-30 20:56:06.342 +01:00 [INF] Executed action SubApp1.Controllers.HomeController.Index (SubApp1) in 5.0075ms
2024-11-30 20:56:06.342 +01:00 [INF] Executed endpoint 'SubApp1.Controllers.HomeController.Index (SubApp1)'
2024-11-30 20:56:06.342 +01:00 [INF] Request finished HTTP/1.1 GET http://localhost:5003/ - 200 null text/html; charset=utf-8 8.5459ms
2024-11-30 20:56:06.373 +01:00 [INF] Request starting HTTP/1.1 GET http://localhost:5003/js/bootstrap.js - null null
2024-11-30 20:56:06.373 +01:00 [INF] Request starting HTTP/1.1 GET http://localhost:5003/js/jquery.min.js - null null
2024-11-30 20:56:06.373 +01:00 [INF] Request starting HTTP/1.1 GET http://localhost:5003/Images/profile_zptbn0nj.mhn638685237669650945.png - null null
2024-11-30 20:56:06.374 +01:00 [INF] The file /Images/profile_zptbn0nj.mhn638685237669650945.png was not modified
2024-11-30 20:56:06.374 +01:00 [INF] Request finished HTTP/1.1 GET http://localhost:5003/Images/profile_zptbn0nj.mhn638685237669650945.png - 304 null image/png 0.5821ms
2024-11-30 20:56:06.374 +01:00 [INF] Request starting HTTP/1.1 GET http://localhost:5003/Images/profile_mu1fu0qy.541638682352465422474.png - null null
2024-11-30 20:56:06.374 +01:00 [INF] The file /Images/profile_mu1fu0qy.541638682352465422474.png was not modified
2024-11-30 20:56:06.374 +01:00 [INF] Request finished HTTP/1.1 GET http://localhost:5003/Images/profile_mu1fu0qy.541638682352465422474.png - 304 null image/png 0.2026ms
2024-11-30 20:56:06.376 +01:00 [INF] Request finished HTTP/1.1 GET http://localhost:5003/js/bootstrap.js - 404 0 null 3.399ms
2024-11-30 20:56:06.377 +01:00 [INF] Request reached the end of the middleware pipeline without being handled by application code. Request path: GET http://localhost:5003/js/bootstrap.js, Response status code: 404
2024-11-30 20:56:06.378 +01:00 [INF] Request finished HTTP/1.1 GET http://localhost:5003/js/jquery.min.js - 404 0 null 5.3081ms
2024-11-30 20:56:06.378 +01:00 [INF] Request reached the end of the middleware pipeline without being handled by application code. Request path: GET http://localhost:5003/js/jquery.min.js, Response status code: 404
2024-11-30 20:56:06.380 +01:00 [INF] Request starting HTTP/1.1 GET http://localhost:5003/Images/quy2kjsl.44y638667085033516780.jpg - null null
2024-11-30 20:56:06.380 +01:00 [INF] Request starting HTTP/1.1 GET http://localhost:5003/Images/243xe4ho.h0i638682324223715764.png - null null
2024-11-30 20:56:06.381 +01:00 [INF] The file /Images/quy2kjsl.44y638667085033516780.jpg was not modified
2024-11-30 20:56:06.381 +01:00 [INF] The file /Images/243xe4ho.h0i638682324223715764.png was not modified
2024-11-30 20:56:06.381 +01:00 [INF] Request finished HTTP/1.1 GET http://localhost:5003/Images/quy2kjsl.44y638667085033516780.jpg - 304 null image/jpeg 0.3734ms
2024-11-30 20:56:06.381 +01:00 [INF] Request finished HTTP/1.1 GET http://localhost:5003/Images/243xe4ho.h0i638682324223715764.png - 304 null image/png 0.3747ms
2024-11-30 20:56:29.398 +01:00 [INF] Request starting HTTP/1.1 GET http://localhost:5003/Home/Profile - null null
2024-11-30 20:56:29.400 +01:00 [INF] Executing endpoint 'SubApp1.Controllers.HomeController.Profile (SubApp1)'
2024-11-30 20:56:29.400 +01:00 [INF] Route matched with {action = "Profile", controller = "Home", page = "", area = ""}. Executing controller action with signature Microsoft.AspNetCore.Mvc.IActionResult Profile() on controller SubApp1.Controllers.HomeController (SubApp1).
2024-11-30 20:56:29.402 +01:00 [INF] Executing ViewResult, running view Profile.
2024-11-30 20:56:29.403 +01:00 [INF] Executed ViewResult - view Profile executed in 1.2469ms.
2024-11-30 20:56:29.403 +01:00 [INF] Executed action SubApp1.Controllers.HomeController.Profile (SubApp1) in 3.2565ms
2024-11-30 20:56:29.403 +01:00 [INF] Executed endpoint 'SubApp1.Controllers.HomeController.Profile (SubApp1)'
2024-11-30 20:56:29.403 +01:00 [INF] Request finished HTTP/1.1 GET http://localhost:5003/Home/Profile - 200 null text/html; charset=utf-8 5.1304ms
2024-11-30 20:56:29.413 +01:00 [INF] Request starting HTTP/1.1 GET http://localhost:5003/lib/bootstrap/dist/css/bootstrap.min.css - null null
2024-11-30 20:56:29.413 +01:00 [INF] The file /lib/bootstrap/dist/css/bootstrap.min.css was not modified
2024-11-30 20:56:29.413 +01:00 [INF] Request finished HTTP/1.1 GET http://localhost:5003/lib/bootstrap/dist/css/bootstrap.min.css - 304 null text/css 0.3169ms
2024-11-30 20:56:29.413 +01:00 [INF] Request starting HTTP/1.1 GET http://localhost:5003/css/site.css?v=qalJO62tvvTD2L519-hM5orxiTnrtDF5xNK56NB3aQs - null null
2024-11-30 20:56:29.414 +01:00 [INF] The file /css/site.css was not modified
2024-11-30 20:56:29.414 +01:00 [INF] Request starting HTTP/1.1 GET http://localhost:5003/SubApp1.styles.css?v=Sj13-RJCpeuwLSSZn5pveHertSYZb1e9rwkvuFa81K0 - null null
2024-11-30 20:56:29.414 +01:00 [INF] Request finished HTTP/1.1 GET http://localhost:5003/css/site.css?v=qalJO62tvvTD2L519-hM5orxiTnrtDF5xNK56NB3aQs - 304 null text/css 0.1603ms
2024-11-30 20:56:29.414 +01:00 [INF] Request starting HTTP/1.1 GET http://localhost:5003/js/bootstrap.js - null null
2024-11-30 20:56:29.414 +01:00 [INF] The file /SubApp1.styles.css was not modified
2024-11-30 20:56:29.414 +01:00 [INF] Request finished HTTP/1.1 GET http://localhost:5003/SubApp1.styles.css?v=Sj13-RJCpeuwLSSZn5pveHertSYZb1e9rwkvuFa81K0 - 304 null text/css 0.1665ms
2024-11-30 20:56:29.414 +01:00 [INF] Request starting HTTP/1.1 GET http://localhost:5003/js/jquery.min.js - null null
2024-11-30 20:56:29.415 +01:00 [INF] Request starting HTTP/1.1 GET http://localhost:5003/Images/profile_kal4u0qo.imj638685969022715672.jpg - null null
2024-11-30 20:56:29.415 +01:00 [INF] The file /Images/profile_kal4u0qo.imj638685969022715672.jpg was not modified
2024-11-30 20:56:29.415 +01:00 [INF] Request finished HTTP/1.1 GET http://localhost:5003/Images/profile_kal4u0qo.imj638685969022715672.jpg - 304 null image/jpeg 0.2449ms
2024-11-30 20:56:29.415 +01:00 [INF] Request finished HTTP/1.1 GET http://localhost:5003/js/bootstrap.js - 404 0 null 1.5281ms
2024-11-30 20:56:29.415 +01:00 [INF] Request finished HTTP/1.1 GET http://localhost:5003/js/jquery.min.js - 404 0 null 1.4499ms
2024-11-30 20:56:29.415 +01:00 [INF] Request reached the end of the middleware pipeline without being handled by application code. Request path: GET http://localhost:5003/js/jquery.min.js, Response status code: 404
2024-11-30 20:56:29.415 +01:00 [INF] Request reached the end of the middleware pipeline without being handled by application code. Request path: GET http://localhost:5003/js/bootstrap.js, Response status code: 404
2024-11-30 20:56:29.418 +01:00 [INF] Request starting HTTP/1.1 GET http://localhost:5003/lib/jquery/dist/jquery.min.js - null null
2024-11-30 20:56:29.419 +01:00 [INF] The file /lib/jquery/dist/jquery.min.js was not modified
2024-11-30 20:56:29.419 +01:00 [INF] Request finished HTTP/1.1 GET http://localhost:5003/lib/jquery/dist/jquery.min.js - 304 null text/javascript 0.6956ms
2024-11-30 20:56:29.425 +01:00 [INF] Request starting HTTP/1.1 GET http://localhost:5003/lib/bootstrap/dist/js/bootstrap.bundle.min.js - null null
2024-11-30 20:56:29.425 +01:00 [INF] The file /lib/bootstrap/dist/js/bootstrap.bundle.min.js was not modified
2024-11-30 20:56:29.425 +01:00 [INF] Request finished HTTP/1.1 GET http://localhost:5003/lib/bootstrap/dist/js/bootstrap.bundle.min.js - 304 null text/javascript 0.3103ms
2024-11-30 20:56:29.426 +01:00 [INF] Request starting HTTP/1.1 GET http://localhost:5003/js/site.js?v=hRQyftXiu1lLX2P9Ly9xa4gHJgLeR1uGN5qegUobtGo - null null
2024-11-30 20:56:29.427 +01:00 [INF] The file /js/site.js was not modified
2024-11-30 20:56:29.427 +01:00 [INF] Request finished HTTP/1.1 GET http://localhost:5003/js/site.js?v=hRQyftXiu1lLX2P9Ly9xa4gHJgLeR1uGN5qegUobtGo - 304 null text/javascript 0.2394ms
2024-11-30 20:56:32.075 +01:00 [INF] Request starting HTTP/1.1 GET http://localhost:5003/ - null null
2024-11-30 20:56:32.077 +01:00 [INF] Executing endpoint 'SubApp1.Controllers.HomeController.Index (SubApp1)'
2024-11-30 20:56:32.077 +01:00 [INF] Route matched with {action = "Index", controller = "Home", page = "", area = ""}. Executing controller action with signature Microsoft.AspNetCore.Mvc.IActionResult Index() on controller SubApp1.Controllers.HomeController (SubApp1).
2024-11-30 20:56:32.080 +01:00 [INF] Executing ViewResult, running view Index.
2024-11-30 20:56:32.081 +01:00 [INF] Executed ViewResult - view Index executed in 1.2415ms.
2024-11-30 20:56:32.081 +01:00 [INF] Executed action SubApp1.Controllers.HomeController.Index (SubApp1) in 4.0556ms
2024-11-30 20:56:32.081 +01:00 [INF] Executed endpoint 'SubApp1.Controllers.HomeController.Index (SubApp1)'
2024-11-30 20:56:32.081 +01:00 [INF] Request finished HTTP/1.1 GET http://localhost:5003/ - 200 null text/html; charset=utf-8 5.8097ms
2024-11-30 20:56:32.093 +01:00 [INF] Request starting HTTP/1.1 GET http://localhost:5003/js/bootstrap.js - null null
2024-11-30 20:56:32.093 +01:00 [INF] Request starting HTTP/1.1 GET http://localhost:5003/js/jquery.min.js - null null
2024-11-30 20:56:32.095 +01:00 [INF] Request finished HTTP/1.1 GET http://localhost:5003/js/bootstrap.js - 404 0 null 2.1224ms
2024-11-30 20:56:32.095 +01:00 [INF] Request reached the end of the middleware pipeline without being handled by application code. Request path: GET http://localhost:5003/js/bootstrap.js, Response status code: 404
2024-11-30 20:56:32.095 +01:00 [INF] Request finished HTTP/1.1 GET http://localhost:5003/js/jquery.min.js - 404 0 null 2.0982ms
2024-11-30 20:56:32.095 +01:00 [INF] Request reached the end of the middleware pipeline without being handled by application code. Request path: GET http://localhost:5003/js/jquery.min.js, Response status code: 404
2024-11-30 20:57:33.316 +01:00 [INF] Request starting HTTP/1.1 POST http://localhost:5003/Comment/AddCommentIndex - application/x-www-form-urlencoded 250
2024-11-30 20:57:33.319 +01:00 [INF] Executing endpoint 'SubApp1.Controllers.CommentController.AddCommentIndex (SubApp1)'
2024-11-30 20:57:33.324 +01:00 [INF] Route matched with {action = "AddCommentIndex", controller = "Comment", page = "", area = ""}. Executing controller action with signature System.Threading.Tasks.Task`1[Microsoft.AspNetCore.Mvc.IActionResult] AddCommentIndex(Int32, System.String) on controller SubApp1.Controllers.CommentController (SubApp1).
2024-11-30 20:57:33.374 +01:00 [INF] Executing RedirectResult, redirecting to /.
2024-11-30 20:57:33.374 +01:00 [INF] Executed action SubApp1.Controllers.CommentController.AddCommentIndex (SubApp1) in 50.6193ms
2024-11-30 20:57:33.374 +01:00 [INF] Executed endpoint 'SubApp1.Controllers.CommentController.AddCommentIndex (SubApp1)'
2024-11-30 20:57:33.374 +01:00 [INF] Request finished HTTP/1.1 POST http://localhost:5003/Comment/AddCommentIndex - 302 0 null 58.004ms
2024-11-30 20:57:33.381 +01:00 [INF] Request starting HTTP/1.1 GET http://localhost:5003/ - null null
2024-11-30 20:57:33.384 +01:00 [INF] Executing endpoint 'SubApp1.Controllers.HomeController.Index (SubApp1)'
2024-11-30 20:57:33.384 +01:00 [INF] Route matched with {action = "Index", controller = "Home", page = "", area = ""}. Executing controller action with signature Microsoft.AspNetCore.Mvc.IActionResult Index() on controller SubApp1.Controllers.HomeController (SubApp1).
2024-11-30 20:57:33.386 +01:00 [INF] Executing ViewResult, running view Index.
2024-11-30 20:57:33.390 +01:00 [INF] Executed ViewResult - view Index executed in 3.8202ms.
2024-11-30 20:57:33.390 +01:00 [INF] Executed action SubApp1.Controllers.HomeController.Index (SubApp1) in 6.2653ms
2024-11-30 20:57:33.390 +01:00 [INF] Executed endpoint 'SubApp1.Controllers.HomeController.Index (SubApp1)'
2024-11-30 20:57:33.390 +01:00 [INF] Request finished HTTP/1.1 GET http://localhost:5003/ - 200 null text/html; charset=utf-8 9.6943ms
2024-11-30 20:57:33.406 +01:00 [INF] Request starting HTTP/1.1 GET http://localhost:5003/lib/bootstrap/dist/css/bootstrap.min.css - null null
2024-11-30 20:57:33.407 +01:00 [INF] The file /lib/bootstrap/dist/css/bootstrap.min.css was not modified
2024-11-30 20:57:33.407 +01:00 [INF] Request finished HTTP/1.1 GET http://localhost:5003/lib/bootstrap/dist/css/bootstrap.min.css - 304 null text/css 1.0669ms
2024-11-30 20:57:33.408 +01:00 [INF] Request starting HTTP/1.1 GET http://localhost:5003/css/site.css?v=qalJO62tvvTD2L519-hM5orxiTnrtDF5xNK56NB3aQs - null null
2024-11-30 20:57:33.409 +01:00 [INF] The file /css/site.css was not modified
2024-11-30 20:57:33.409 +01:00 [INF] Request starting HTTP/1.1 GET http://localhost:5003/SubApp1.styles.css?v=Sj13-RJCpeuwLSSZn5pveHertSYZb1e9rwkvuFa81K0 - null null
2024-11-30 20:57:33.409 +01:00 [INF] Request finished HTTP/1.1 GET http://localhost:5003/css/site.css?v=qalJO62tvvTD2L519-hM5orxiTnrtDF5xNK56NB3aQs - 304 null text/css 1.2237ms
2024-11-30 20:57:33.409 +01:00 [INF] Request starting HTTP/1.1 GET http://localhost:5003/js/jquery.min.js - null null
2024-11-30 20:57:33.409 +01:00 [INF] Request starting HTTP/1.1 GET http://localhost:5003/js/bootstrap.js - null null
2024-11-30 20:57:33.409 +01:00 [INF] The file /SubApp1.styles.css was not modified
2024-11-30 20:57:33.409 +01:00 [INF] Request finished HTTP/1.1 GET http://localhost:5003/SubApp1.styles.css?v=Sj13-RJCpeuwLSSZn5pveHertSYZb1e9rwkvuFa81K0 - 304 null text/css 0.3122ms
2024-11-30 20:57:33.410 +01:00 [INF] Request starting HTTP/1.1 GET http://localhost:5003/Images/profile_zptbn0nj.mhn638685237669650945.png - null null
2024-11-30 20:57:33.410 +01:00 [INF] The file /Images/profile_zptbn0nj.mhn638685237669650945.png was not modified
2024-11-30 20:57:33.410 +01:00 [INF] Request finished HTTP/1.1 GET http://localhost:5003/Images/profile_zptbn0nj.mhn638685237669650945.png - 304 null image/png 0.2083ms
2024-11-30 20:57:33.410 +01:00 [INF] Request starting HTTP/1.1 GET http://localhost:5003/Images/profile_mu1fu0qy.541638682352465422474.png - null null
2024-11-30 20:57:33.410 +01:00 [INF] The file /Images/profile_mu1fu0qy.541638682352465422474.png was not modified
2024-11-30 20:57:33.410 +01:00 [INF] Request finished HTTP/1.1 GET http://localhost:5003/Images/profile_mu1fu0qy.541638682352465422474.png - 304 null image/png 0.2139ms
2024-11-30 20:57:33.412 +01:00 [INF] Request finished HTTP/1.1 GET http://localhost:5003/js/jquery.min.js - 404 0 null 2.687ms
2024-11-30 20:57:33.412 +01:00 [INF] Request reached the end of the middleware pipeline without being handled by application code. Request path: GET http://localhost:5003/js/jquery.min.js, Response status code: 404
2024-11-30 20:57:33.415 +01:00 [INF] Request starting HTTP/1.1 GET http://localhost:5003/Images/quy2kjsl.44y638667085033516780.jpg - null null
2024-11-30 20:57:33.415 +01:00 [INF] Request starting HTTP/1.1 GET http://localhost:5003/Images/243xe4ho.h0i638682324223715764.png - null null
2024-11-30 20:57:33.415 +01:00 [INF] The file /Images/quy2kjsl.44y638667085033516780.jpg was not modified
2024-11-30 20:57:33.415 +01:00 [INF] The file /Images/243xe4ho.h0i638682324223715764.png was not modified
2024-11-30 20:57:33.415 +01:00 [INF] Request finished HTTP/1.1 GET http://localhost:5003/Images/243xe4ho.h0i638682324223715764.png - 304 null image/png 0.4607ms
2024-11-30 20:57:33.415 +01:00 [INF] Request finished HTTP/1.1 GET http://localhost:5003/Images/quy2kjsl.44y638667085033516780.jpg - 304 null image/jpeg 0.5343ms
2024-11-30 20:57:33.425 +01:00 [INF] Request finished HTTP/1.1 GET http://localhost:5003/js/bootstrap.js - 404 0 null 15.3941ms
2024-11-30 20:57:33.425 +01:00 [INF] Request reached the end of the middleware pipeline without being handled by application code. Request path: GET http://localhost:5003/js/bootstrap.js, Response status code: 404
2024-11-30 20:57:33.426 +01:00 [INF] Request starting HTTP/1.1 GET http://localhost:5003/lib/jquery/dist/jquery.min.js - null null
2024-11-30 20:57:33.427 +01:00 [INF] Request starting HTTP/1.1 GET http://localhost:5003/lib/bootstrap/dist/js/bootstrap.bundle.min.js - null null
2024-11-30 20:57:33.427 +01:00 [INF] The file /lib/jquery/dist/jquery.min.js was not modified
2024-11-30 20:57:33.427 +01:00 [INF] Request finished HTTP/1.1 GET http://localhost:5003/lib/jquery/dist/jquery.min.js - 304 null text/javascript 0.8905ms
2024-11-30 20:57:33.427 +01:00 [INF] The file /lib/bootstrap/dist/js/bootstrap.bundle.min.js was not modified
2024-11-30 20:57:33.427 +01:00 [INF] Request finished HTTP/1.1 GET http://localhost:5003/lib/bootstrap/dist/js/bootstrap.bundle.min.js - 304 null text/javascript 0.3296ms
2024-11-30 20:57:33.430 +01:00 [INF] Request starting HTTP/1.1 GET http://localhost:5003/js/site.js?v=hRQyftXiu1lLX2P9Ly9xa4gHJgLeR1uGN5qegUobtGo - null null
2024-11-30 20:57:33.430 +01:00 [INF] The file /js/site.js was not modified
2024-11-30 20:57:33.430 +01:00 [INF] Request finished HTTP/1.1 GET http://localhost:5003/js/site.js?v=hRQyftXiu1lLX2P9Ly9xa4gHJgLeR1uGN5qegUobtGo - 304 null text/javascript 0.2903ms
2024-11-30 20:57:45.456 +01:00 [INF] Request starting HTTP/1.1 POST http://localhost:5003/Comment/DeleteCommentIndex - application/x-www-form-urlencoded 238
2024-11-30 20:57:45.459 +01:00 [INF] Executing endpoint 'SubApp1.Controllers.CommentController.DeleteCommentIndex (SubApp1)'
2024-11-30 20:57:45.463 +01:00 [INF] Route matched with {action = "DeleteCommentIndex", controller = "Comment", page = "", area = ""}. Executing controller action with signature System.Threading.Tasks.Task`1[Microsoft.AspNetCore.Mvc.IActionResult] DeleteCommentIndex(Int32) on controller SubApp1.Controllers.CommentController (SubApp1).
2024-11-30 20:57:45.480 +01:00 [INF] Executing RedirectResult, redirecting to /.
2024-11-30 20:57:45.480 +01:00 [INF] Executed action SubApp1.Controllers.CommentController.DeleteCommentIndex (SubApp1) in 17.3542ms
2024-11-30 20:57:45.480 +01:00 [INF] Executed endpoint 'SubApp1.Controllers.CommentController.DeleteCommentIndex (SubApp1)'
2024-11-30 20:57:45.480 +01:00 [INF] Request finished HTTP/1.1 POST http://localhost:5003/Comment/DeleteCommentIndex - 302 0 null 24.1171ms
2024-11-30 20:57:45.485 +01:00 [INF] Request starting HTTP/1.1 GET http://localhost:5003/ - null null
2024-11-30 20:57:45.487 +01:00 [INF] Executing endpoint 'SubApp1.Controllers.HomeController.Index (SubApp1)'
2024-11-30 20:57:45.487 +01:00 [INF] Route matched with {action = "Index", controller = "Home", page = "", area = ""}. Executing controller action with signature Microsoft.AspNetCore.Mvc.IActionResult Index() on controller SubApp1.Controllers.HomeController (SubApp1).
2024-11-30 20:57:45.489 +01:00 [INF] Executing ViewResult, running view Index.
2024-11-30 20:57:45.490 +01:00 [INF] Executed ViewResult - view Index executed in 1.0707ms.
2024-11-30 20:57:45.490 +01:00 [INF] Executed action SubApp1.Controllers.HomeController.Index (SubApp1) in 3.6038ms
2024-11-30 20:57:45.491 +01:00 [INF] Executed endpoint 'SubApp1.Controllers.HomeController.Index (SubApp1)'
2024-11-30 20:57:45.491 +01:00 [INF] Request finished HTTP/1.1 GET http://localhost:5003/ - 200 null text/html; charset=utf-8 5.65ms
2024-11-30 20:57:45.505 +01:00 [INF] Request starting HTTP/1.1 GET http://localhost:5003/js/bootstrap.js - null null
2024-11-30 20:57:45.505 +01:00 [INF] Request starting HTTP/1.1 GET http://localhost:5003/js/jquery.min.js - null null
2024-11-30 20:57:45.506 +01:00 [INF] Request finished HTTP/1.1 GET http://localhost:5003/js/bootstrap.js - 404 0 null 1.97ms
2024-11-30 20:57:45.507 +01:00 [INF] Request reached the end of the middleware pipeline without being handled by application code. Request path: GET http://localhost:5003/js/bootstrap.js, Response status code: 404
2024-11-30 20:57:45.507 +01:00 [INF] Request finished HTTP/1.1 GET http://localhost:5003/js/jquery.min.js - 404 0 null 2.6338ms
2024-11-30 20:57:45.507 +01:00 [INF] Request reached the end of the middleware pipeline without being handled by application code. Request path: GET http://localhost:5003/js/jquery.min.js, Response status code: 404
2024-11-30 20:57:58.545 +01:00 [INF] Request starting HTTP/1.1 GET http://localhost:5003/Identity/Account/Manage - null null
2024-11-30 20:57:58.548 +01:00 [INF] Executing endpoint '/Account/Manage/Index'
2024-11-30 20:57:58.548 +01:00 [INF] Route matched with {page = "/Account/Manage/Index", area = "Identity", action = "", controller = ""}. Executing page /Account/Manage/Index
2024-11-30 20:57:58.549 +01:00 [INF] Executing handler method SubApp1.Areas.Identity.Pages.Account.Manage.IndexModel.OnGetAsync - ModelState is "Valid"
2024-11-30 20:57:58.550 +01:00 [INF] Executed handler method OnGetAsync, returned result Microsoft.AspNetCore.Mvc.RazorPages.PageResult.
2024-11-30 20:57:58.553 +01:00 [INF] Executed page /Account/Manage/Index in 4.6888ms
2024-11-30 20:57:58.553 +01:00 [INF] Executed endpoint '/Account/Manage/Index'
2024-11-30 20:57:58.553 +01:00 [INF] Request finished HTTP/1.1 GET http://localhost:5003/Identity/Account/Manage - 200 null text/html; charset=utf-8 7.7695ms
2024-11-30 20:57:58.565 +01:00 [INF] Request starting HTTP/1.1 GET http://localhost:5003/js/bootstrap.js - null null
2024-11-30 20:57:58.565 +01:00 [INF] Request starting HTTP/1.1 GET http://localhost:5003/js/jquery.min.js - null null
2024-11-30 20:57:58.565 +01:00 [INF] Request starting HTTP/1.1 GET http://localhost:5003/lib/jquery-validation/dist/jquery.validate.min.js - null null
2024-11-30 20:57:58.566 +01:00 [INF] Request starting HTTP/1.1 GET http://localhost:5003/lib/jquery-validation-unobtrusive/jquery.validate.unobtrusive.min.js - null null
2024-11-30 20:57:58.566 +01:00 [INF] The file /lib/jquery-validation/dist/jquery.validate.min.js was not modified
2024-11-30 20:57:58.566 +01:00 [INF] The file /lib/jquery-validation-unobtrusive/jquery.validate.unobtrusive.min.js was not modified
2024-11-30 20:57:58.566 +01:00 [INF] Request finished HTTP/1.1 GET http://localhost:5003/lib/jquery-validation/dist/jquery.validate.min.js - 304 null text/javascript 0.2889ms
2024-11-30 20:57:58.566 +01:00 [INF] Request finished HTTP/1.1 GET http://localhost:5003/lib/jquery-validation-unobtrusive/jquery.validate.unobtrusive.min.js - 304 null text/javascript 0.2001ms
2024-11-30 20:57:58.568 +01:00 [INF] Request finished HTTP/1.1 GET http://localhost:5003/js/jquery.min.js - 404 0 null 2.6834ms
2024-11-30 20:57:58.568 +01:00 [INF] Request reached the end of the middleware pipeline without being handled by application code. Request path: GET http://localhost:5003/js/jquery.min.js, Response status code: 404
2024-11-30 20:57:58.585 +01:00 [INF] Request finished HTTP/1.1 GET http://localhost:5003/js/bootstrap.js - 404 0 null 20.0926ms
2024-11-30 20:57:58.585 +01:00 [INF] Request reached the end of the middleware pipeline without being handled by application code. Request path: GET http://localhost:5003/js/bootstrap.js, Response status code: 404
2024-11-30 20:58:08.239 +01:00 [INF] Request starting HTTP/1.1 POST http://localhost:5003/Identity/Account/Manage - multipart/form-data; boundary=----WebKitFormBoundaryK0Hp3JrwCa5TWBoy 615
2024-11-30 20:58:08.241 +01:00 [INF] Executing endpoint '/Account/Manage/Index'
2024-11-30 20:58:08.242 +01:00 [INF] Route matched with {page = "/Account/Manage/Index", area = "Identity", action = "", controller = ""}. Executing page /Account/Manage/Index
2024-11-30 20:58:08.243 +01:00 [INF] Executing handler method SubApp1.Areas.Identity.Pages.Account.Manage.IndexModel.OnPostAsync - ModelState is "Valid"
2024-11-30 20:58:08.274 +01:00 [INF] AuthenticationScheme: Identity.Application signed in.
2024-11-30 20:58:08.274 +01:00 [INF] Executed handler method OnPostAsync, returned result Microsoft.AspNetCore.Mvc.RedirectToPageResult.
2024-11-30 20:58:08.274 +01:00 [INF] Executing RedirectToPageResult, redirecting to null.
2024-11-30 20:58:08.274 +01:00 [INF] Executed page /Account/Manage/Index in 32.6985ms
2024-11-30 20:58:08.274 +01:00 [INF] Executed endpoint '/Account/Manage/Index'
2024-11-30 20:58:08.274 +01:00 [INF] Request finished HTTP/1.1 POST http://localhost:5003/Identity/Account/Manage - 302 0 null 35.2285ms
2024-11-30 20:58:08.283 +01:00 [INF] Request starting HTTP/1.1 GET http://localhost:5003/Identity/Account/Manage - null null
2024-11-30 20:58:08.296 +01:00 [INF] Executing endpoint '/Account/Manage/Index'
2024-11-30 20:58:08.296 +01:00 [INF] Route matched with {page = "/Account/Manage/Index", area = "Identity", action = "", controller = ""}. Executing page /Account/Manage/Index
2024-11-30 20:58:08.297 +01:00 [INF] Executing handler method SubApp1.Areas.Identity.Pages.Account.Manage.IndexModel.OnGetAsync - ModelState is "Valid"
2024-11-30 20:58:08.298 +01:00 [INF] Executed handler method OnGetAsync, returned result Microsoft.AspNetCore.Mvc.RazorPages.PageResult.
2024-11-30 20:58:08.302 +01:00 [INF] Executed page /Account/Manage/Index in 6.412ms
2024-11-30 20:58:08.303 +01:00 [INF] Executed endpoint '/Account/Manage/Index'
2024-11-30 20:58:08.303 +01:00 [INF] Request finished HTTP/1.1 GET http://localhost:5003/Identity/Account/Manage - 200 null text/html; charset=utf-8 20.3108ms
2024-11-30 20:58:08.318 +01:00 [INF] Request starting HTTP/1.1 GET http://localhost:5003/js/bootstrap.js - null null
2024-11-30 20:58:08.319 +01:00 [INF] Request starting HTTP/1.1 GET http://localhost:5003/js/jquery.min.js - null null
2024-11-30 20:58:08.321 +01:00 [INF] Request finished HTTP/1.1 GET http://localhost:5003/js/bootstrap.js - 404 0 null 2.8235ms
2024-11-30 20:58:08.321 +01:00 [INF] Request reached the end of the middleware pipeline without being handled by application code. Request path: GET http://localhost:5003/js/bootstrap.js, Response status code: 404
2024-11-30 20:58:08.321 +01:00 [INF] Request finished HTTP/1.1 GET http://localhost:5003/js/jquery.min.js - 404 0 null 1.6569ms
2024-11-30 20:58:08.321 +01:00 [INF] Request reached the end of the middleware pipeline without being handled by application code. Request path: GET http://localhost:5003/js/jquery.min.js, Response status code: 404
2024-11-30 20:58:10.065 +01:00 [INF] Request starting HTTP/1.1 GET http://localhost:5003/Home/Profile - null null
2024-11-30 20:58:10.067 +01:00 [INF] Executing endpoint 'SubApp1.Controllers.HomeController.Profile (SubApp1)'
2024-11-30 20:58:10.068 +01:00 [INF] Route matched with {action = "Profile", controller = "Home", page = "", area = ""}. Executing controller action with signature Microsoft.AspNetCore.Mvc.IActionResult Profile() on controller SubApp1.Controllers.HomeController (SubApp1).
2024-11-30 20:58:10.070 +01:00 [INF] Executing ViewResult, running view Profile.
2024-11-30 20:58:10.071 +01:00 [INF] Executed ViewResult - view Profile executed in 1.3309ms.
2024-11-30 20:58:10.071 +01:00 [INF] Executed action SubApp1.Controllers.HomeController.Profile (SubApp1) in 3.6124ms
2024-11-30 20:58:10.071 +01:00 [INF] Executed endpoint 'SubApp1.Controllers.HomeController.Profile (SubApp1)'
2024-11-30 20:58:10.072 +01:00 [INF] Request finished HTTP/1.1 GET http://localhost:5003/Home/Profile - 200 null text/html; charset=utf-8 6.8984ms
2024-11-30 20:58:10.086 +01:00 [INF] Request starting HTTP/1.1 GET http://localhost:5003/js/bootstrap.js - null null
2024-11-30 20:58:10.087 +01:00 [INF] Request starting HTTP/1.1 GET http://localhost:5003/js/jquery.min.js - null null
2024-11-30 20:58:10.087 +01:00 [INF] Request starting HTTP/1.1 GET http://localhost:5003/Images/profile_kal4u0qo.imj638685969022715672.jpg - null null
2024-11-30 20:58:10.087 +01:00 [INF] The file /Images/profile_kal4u0qo.imj638685969022715672.jpg was not modified
2024-11-30 20:58:10.087 +01:00 [INF] Request finished HTTP/1.1 GET http://localhost:5003/Images/profile_kal4u0qo.imj638685969022715672.jpg - 304 null image/jpeg 0.4244ms
2024-11-30 20:58:10.090 +01:00 [INF] Request finished HTTP/1.1 GET http://localhost:5003/js/jquery.min.js - 404 0 null 2.8907ms
2024-11-30 20:58:10.090 +01:00 [INF] Request reached the end of the middleware pipeline without being handled by application code. Request path: GET http://localhost:5003/js/jquery.min.js, Response status code: 404
2024-11-30 20:58:10.090 +01:00 [INF] Request finished HTTP/1.1 GET http://localhost:5003/js/bootstrap.js - 404 0 null 3.8036ms
2024-11-30 20:58:10.090 +01:00 [INF] Request reached the end of the middleware pipeline without being handled by application code. Request path: GET http://localhost:5003/js/bootstrap.js, Response status code: 404
2024-11-30 20:58:18.975 +01:00 [INF] Request starting HTTP/1.1 POST http://localhost:5003/Post/CreatePostProfile - multipart/form-data; boundary=----WebKitFormBoundaryAP90ARylNexaynrz 396971
2024-11-30 20:58:18.978 +01:00 [INF] Executing endpoint 'SubApp1.Controllers.PostController.CreatePostProfile (SubApp1)'
2024-11-30 20:58:18.978 +01:00 [INF] Route matched with {action = "CreatePostProfile", controller = "Post", page = "", area = ""}. Executing controller action with signature System.Threading.Tasks.Task`1[Microsoft.AspNetCore.Mvc.IActionResult] CreatePostProfile(System.String, Microsoft.AspNetCore.Http.IFormFile) on controller SubApp1.Controllers.PostController (SubApp1).
2024-11-30 20:58:18.999 +01:00 [INF] Executing RedirectResult, redirecting to /Home/Profile.
2024-11-30 20:58:18.999 +01:00 [INF] Executed action SubApp1.Controllers.PostController.CreatePostProfile (SubApp1) in 20.5904ms
2024-11-30 20:58:18.999 +01:00 [INF] Executed endpoint 'SubApp1.Controllers.PostController.CreatePostProfile (SubApp1)'
2024-11-30 20:58:19.000 +01:00 [INF] Request finished HTTP/1.1 POST http://localhost:5003/Post/CreatePostProfile - 302 0 null 24.7418ms
2024-11-30 20:58:19.004 +01:00 [INF] Request starting HTTP/1.1 GET http://localhost:5003/Home/Profile - null null
2024-11-30 20:58:19.006 +01:00 [INF] Executing endpoint 'SubApp1.Controllers.HomeController.Profile (SubApp1)'
2024-11-30 20:58:19.006 +01:00 [INF] Route matched with {action = "Profile", controller = "Home", page = "", area = ""}. Executing controller action with signature Microsoft.AspNetCore.Mvc.IActionResult Profile() on controller SubApp1.Controllers.HomeController (SubApp1).
2024-11-30 20:58:19.008 +01:00 [INF] Executing ViewResult, running view Profile.
2024-11-30 20:58:19.010 +01:00 [INF] Executed ViewResult - view Profile executed in 1.8491ms.
2024-11-30 20:58:19.010 +01:00 [INF] Executed action SubApp1.Controllers.HomeController.Profile (SubApp1) in 4.0621ms
2024-11-30 20:58:19.010 +01:00 [INF] Executed endpoint 'SubApp1.Controllers.HomeController.Profile (SubApp1)'
2024-11-30 20:58:19.010 +01:00 [INF] Request finished HTTP/1.1 GET http://localhost:5003/Home/Profile - 200 null text/html; charset=utf-8 6.2561ms
2024-11-30 20:58:19.021 +01:00 [INF] Request starting HTTP/1.1 GET http://localhost:5003/Images/ejs4zjtc.c0s.png - null null
2024-11-30 20:58:19.022 +01:00 [INF] Request starting HTTP/1.1 GET http://localhost:5003/lib/bootstrap/dist/css/bootstrap.min.css - null null
2024-11-30 20:58:19.022 +01:00 [INF] The file /lib/bootstrap/dist/css/bootstrap.min.css was not modified
2024-11-30 20:58:19.022 +01:00 [INF] Request finished HTTP/1.1 GET http://localhost:5003/lib/bootstrap/dist/css/bootstrap.min.css - 304 null text/css 0.2127ms
2024-11-30 20:58:19.022 +01:00 [INF] Request starting HTTP/1.1 GET http://localhost:5003/SubApp1.styles.css?v=Sj13-RJCpeuwLSSZn5pveHertSYZb1e9rwkvuFa81K0 - null null
2024-11-30 20:58:19.022 +01:00 [INF] The file /SubApp1.styles.css was not modified
2024-11-30 20:58:19.022 +01:00 [INF] Request finished HTTP/1.1 GET http://localhost:5003/SubApp1.styles.css?v=Sj13-RJCpeuwLSSZn5pveHertSYZb1e9rwkvuFa81K0 - 304 null text/css 0.1761ms
2024-11-30 20:58:19.022 +01:00 [INF] Request starting HTTP/1.1 GET http://localhost:5003/js/bootstrap.js - null null
2024-11-30 20:58:19.031 +01:00 [INF] Request finished HTTP/1.1 GET http://localhost:5003/js/bootstrap.js - 404 0 null 8.1567ms
2024-11-30 20:58:19.031 +01:00 [INF] Request reached the end of the middleware pipeline without being handled by application code. Request path: GET http://localhost:5003/js/bootstrap.js, Response status code: 404
2024-11-30 20:58:19.031 +01:00 [INF] Request starting HTTP/1.1 GET http://localhost:5003/js/jquery.min.js - null null
2024-11-30 20:58:19.032 +01:00 [INF] Request finished HTTP/1.1 GET http://localhost:5003/js/jquery.min.js - 404 0 null 1.49ms
2024-11-30 20:58:19.032 +01:00 [INF] Request reached the end of the middleware pipeline without being handled by application code. Request path: GET http://localhost:5003/js/jquery.min.js, Response status code: 404
2024-11-30 20:58:19.033 +01:00 [INF] Request starting HTTP/1.1 GET http://localhost:5003/css/site.css?v=qalJO62tvvTD2L519-hM5orxiTnrtDF5xNK56NB3aQs - null null
2024-11-30 20:58:19.033 +01:00 [INF] The file /css/site.css was not modified
2024-11-30 20:58:19.033 +01:00 [INF] Request finished HTTP/1.1 GET http://localhost:5003/css/site.css?v=qalJO62tvvTD2L519-hM5orxiTnrtDF5xNK56NB3aQs - 304 null text/css 0.3042ms
2024-11-30 20:58:19.045 +01:00 [INF] Request starting HTTP/1.1 GET http://localhost:5003/lib/jquery/dist/jquery.min.js - null null
2024-11-30 20:58:19.045 +01:00 [INF] The file /lib/jquery/dist/jquery.min.js was not modified
2024-11-30 20:58:19.046 +01:00 [INF] Request finished HTTP/1.1 GET http://localhost:5003/lib/jquery/dist/jquery.min.js - 304 null text/javascript 0.4494ms
2024-11-30 20:58:19.046 +01:00 [INF] Request starting HTTP/1.1 GET http://localhost:5003/lib/bootstrap/dist/js/bootstrap.bundle.min.js - null null
2024-11-30 20:58:19.048 +01:00 [INF] The file /lib/bootstrap/dist/js/bootstrap.bundle.min.js was not modified
2024-11-30 20:58:19.049 +01:00 [INF] Request starting HTTP/1.1 GET http://localhost:5003/js/site.js?v=hRQyftXiu1lLX2P9Ly9xa4gHJgLeR1uGN5qegUobtGo - null null
2024-11-30 20:58:19.049 +01:00 [INF] Request finished HTTP/1.1 GET http://localhost:5003/lib/bootstrap/dist/js/bootstrap.bundle.min.js - 304 null text/javascript 2.9946ms
2024-11-30 20:58:19.049 +01:00 [INF] The file /js/site.js was not modified
2024-11-30 20:58:19.049 +01:00 [INF] Request finished HTTP/1.1 GET http://localhost:5003/js/site.js?v=hRQyftXiu1lLX2P9Ly9xa4gHJgLeR1uGN5qegUobtGo - 304 null text/javascript 0.2283ms
2024-11-30 20:58:19.058 +01:00 [INF] Sending file. Request path: '/Images/ejs4zjtc.c0s.png'. Physical path: 'C:\Users\fatta\OneDrive\Dokumenter\Studie\Høst2024\ITPE3200Webapplikasjoner\FinalExam\CodeCraft\SubApp1\wwwroot\Images\ejs4zjtc.c0s.png'
2024-11-30 20:58:19.059 +01:00 [INF] Request finished HTTP/1.1 GET http://localhost:5003/Images/ejs4zjtc.c0s.png - 200 396375 image/png 37.3938ms
2024-11-30 20:58:26.355 +01:00 [INF] Request starting HTTP/1.1 GET http://localhost:5003/ - null null
2024-11-30 20:58:26.357 +01:00 [INF] Executing endpoint 'SubApp1.Controllers.HomeController.Index (SubApp1)'
2024-11-30 20:58:26.357 +01:00 [INF] Route matched with {action = "Index", controller = "Home", page = "", area = ""}. Executing controller action with signature Microsoft.AspNetCore.Mvc.IActionResult Index() on controller SubApp1.Controllers.HomeController (SubApp1).
2024-11-30 20:58:26.360 +01:00 [INF] Executing ViewResult, running view Index.
2024-11-30 20:58:26.362 +01:00 [INF] Executed ViewResult - view Index executed in 1.8282ms.
2024-11-30 20:58:26.362 +01:00 [INF] Executed action SubApp1.Controllers.HomeController.Index (SubApp1) in 4.5706ms
2024-11-30 20:58:26.362 +01:00 [INF] Executed endpoint 'SubApp1.Controllers.HomeController.Index (SubApp1)'
2024-11-30 20:58:26.362 +01:00 [INF] Request finished HTTP/1.1 GET http://localhost:5003/ - 200 null text/html; charset=utf-8 7.3845ms
2024-11-30 20:58:26.376 +01:00 [INF] Request starting HTTP/1.1 GET http://localhost:5003/js/jquery.min.js - null null
2024-11-30 20:58:26.376 +01:00 [INF] Request starting HTTP/1.1 GET http://localhost:5003/js/bootstrap.js - null null
2024-11-30 20:58:26.379 +01:00 [INF] Request starting HTTP/1.1 GET http://localhost:5003/Images/ejs4zjtc.c0s.png - null null
2024-11-30 20:58:26.379 +01:00 [INF] Request finished HTTP/1.1 GET http://localhost:5003/js/bootstrap.js - 404 0 null 2.743ms
2024-11-30 20:58:26.379 +01:00 [INF] Request reached the end of the middleware pipeline without being handled by application code. Request path: GET http://localhost:5003/js/bootstrap.js, Response status code: 404
2024-11-30 20:58:26.379 +01:00 [INF] Request starting HTTP/1.1 GET http://localhost:5003/Images/profile_zptbn0nj.mhn638685237669650945.png - null null
2024-11-30 20:58:26.379 +01:00 [INF] The file /Images/profile_zptbn0nj.mhn638685237669650945.png was not modified
2024-11-30 20:58:26.379 +01:00 [INF] Request finished HTTP/1.1 GET http://localhost:5003/Images/profile_zptbn0nj.mhn638685237669650945.png - 304 null image/png 0.2126ms
2024-11-30 20:58:26.380 +01:00 [INF] The file /Images/ejs4zjtc.c0s.png was not modified
2024-11-30 20:58:26.380 +01:00 [INF] Request finished HTTP/1.1 GET http://localhost:5003/Images/ejs4zjtc.c0s.png - 304 null image/png 1.3799ms
2024-11-30 20:58:26.381 +01:00 [INF] Request finished HTTP/1.1 GET http://localhost:5003/js/jquery.min.js - 404 0 null 4.4875ms
2024-11-30 20:58:26.381 +01:00 [INF] Request reached the end of the middleware pipeline without being handled by application code. Request path: GET http://localhost:5003/js/jquery.min.js, Response status code: 404
2024-11-30 20:58:26.391 +01:00 [INF] Request starting HTTP/1.1 GET http://localhost:5003/Images/profile_mu1fu0qy.541638682352465422474.png - null null
2024-11-30 20:58:26.392 +01:00 [INF] The file /Images/profile_mu1fu0qy.541638682352465422474.png was not modified
2024-11-30 20:58:26.392 +01:00 [INF] Request finished HTTP/1.1 GET http://localhost:5003/Images/profile_mu1fu0qy.541638682352465422474.png - 304 null image/png 0.3651ms
2024-11-30 20:58:26.392 +01:00 [INF] Request starting HTTP/1.1 GET http://localhost:5003/Images/quy2kjsl.44y638667085033516780.jpg - null null
2024-11-30 20:58:26.392 +01:00 [INF] Request starting HTTP/1.1 GET http://localhost:5003/Images/243xe4ho.h0i638682324223715764.png - null null
2024-11-30 20:58:26.392 +01:00 [INF] The file /Images/quy2kjsl.44y638667085033516780.jpg was not modified
2024-11-30 20:58:26.392 +01:00 [INF] The file /Images/243xe4ho.h0i638682324223715764.png was not modified
2024-11-30 20:58:26.392 +01:00 [INF] Request finished HTTP/1.1 GET http://localhost:5003/Images/quy2kjsl.44y638667085033516780.jpg - 304 null image/jpeg 0.4266ms
2024-11-30 20:58:26.392 +01:00 [INF] Request finished HTTP/1.1 GET http://localhost:5003/Images/243xe4ho.h0i638682324223715764.png - 304 null image/png 0.4934ms
2024-11-30 21:00:55.517 +01:00 [INF] Request starting HTTP/1.1 POST http://localhost:5003/Identity/Account/Logout?returnUrl=%2F - application/x-www-form-urlencoded 225
2024-11-30 21:00:55.519 +01:00 [INF] Executing endpoint '/Account/Logout'
2024-11-30 21:00:55.519 +01:00 [INF] Route matched with {page = "/Account/Logout", area = "Identity", action = "", controller = ""}. Executing page /Account/Logout
2024-11-30 21:00:55.521 +01:00 [INF] Executing handler method SubApp1.Areas.Identity.Pages.Account.LogoutModel.OnPost - ModelState is "Valid"
2024-11-30 21:00:55.521 +01:00 [INF] AuthenticationScheme: Identity.Application signed out.
2024-11-30 21:00:55.521 +01:00 [INF] AuthenticationScheme: Identity.External signed out.
2024-11-30 21:00:55.521 +01:00 [INF] AuthenticationScheme: Identity.TwoFactorUserId signed out.
2024-11-30 21:00:55.521 +01:00 [INF] User logged out.
2024-11-30 21:00:55.521 +01:00 [INF] Executed handler method OnPost, returned result Microsoft.AspNetCore.Mvc.LocalRedirectResult.
2024-11-30 21:00:55.521 +01:00 [INF] Executing LocalRedirectResult, redirecting to /.
2024-11-30 21:00:55.521 +01:00 [INF] Executed page /Account/Logout in 1.9182ms
2024-11-30 21:00:55.521 +01:00 [INF] Executed endpoint '/Account/Logout'
2024-11-30 21:00:55.521 +01:00 [INF] Request finished HTTP/1.1 POST http://localhost:5003/Identity/Account/Logout?returnUrl=%2F - 302 0 null 4.6475ms
2024-11-30 21:00:55.531 +01:00 [INF] Request starting HTTP/1.1 GET http://localhost:5003/ - null null
2024-11-30 21:00:55.532 +01:00 [INF] Executing endpoint 'SubApp1.Controllers.HomeController.Index (SubApp1)'
2024-11-30 21:00:55.532 +01:00 [INF] Route matched with {action = "Index", controller = "Home", page = "", area = ""}. Executing controller action with signature Microsoft.AspNetCore.Mvc.IActionResult Index() on controller SubApp1.Controllers.HomeController (SubApp1).
2024-11-30 21:00:55.542 +01:00 [INF] Executing ViewResult, running view Index.
2024-11-30 21:00:55.544 +01:00 [INF] Executed ViewResult - view Index executed in 1.789ms.
2024-11-30 21:00:55.544 +01:00 [INF] Executed action SubApp1.Controllers.HomeController.Index (SubApp1) in 11.3308ms
2024-11-30 21:00:55.544 +01:00 [INF] Executed endpoint 'SubApp1.Controllers.HomeController.Index (SubApp1)'
2024-11-30 21:00:55.544 +01:00 [INF] Request finished HTTP/1.1 GET http://localhost:5003/ - 200 null text/html; charset=utf-8 12.3929ms
2024-11-30 21:00:55.562 +01:00 [INF] Request starting HTTP/1.1 GET http://localhost:5003/lib/bootstrap/dist/css/bootstrap.min.css - null null
2024-11-30 21:00:55.562 +01:00 [INF] The file /lib/bootstrap/dist/css/bootstrap.min.css was not modified
2024-11-30 21:00:55.562 +01:00 [INF] Request finished HTTP/1.1 GET http://localhost:5003/lib/bootstrap/dist/css/bootstrap.min.css - 304 null text/css 0.4298ms
2024-11-30 21:00:55.562 +01:00 [INF] Request starting HTTP/1.1 GET http://localhost:5003/css/site.css?v=qalJO62tvvTD2L519-hM5orxiTnrtDF5xNK56NB3aQs - null null
2024-11-30 21:00:55.562 +01:00 [INF] The file /css/site.css was not modified
2024-11-30 21:00:55.562 +01:00 [INF] Request finished HTTP/1.1 GET http://localhost:5003/css/site.css?v=qalJO62tvvTD2L519-hM5orxiTnrtDF5xNK56NB3aQs - 304 null text/css 0.1646ms
2024-11-30 21:00:55.562 +01:00 [INF] Request starting HTTP/1.1 GET http://localhost:5003/SubApp1.styles.css?v=Sj13-RJCpeuwLSSZn5pveHertSYZb1e9rwkvuFa81K0 - null null
2024-11-30 21:00:55.563 +01:00 [INF] The file /SubApp1.styles.css was not modified
2024-11-30 21:00:55.563 +01:00 [INF] Request finished HTTP/1.1 GET http://localhost:5003/SubApp1.styles.css?v=Sj13-RJCpeuwLSSZn5pveHertSYZb1e9rwkvuFa81K0 - 304 null text/css 0.2259ms
2024-11-30 21:00:55.563 +01:00 [INF] Request starting HTTP/1.1 GET http://localhost:5003/js/bootstrap.js - null null
2024-11-30 21:00:55.563 +01:00 [INF] Request finished HTTP/1.1 GET http://localhost:5003/js/bootstrap.js - 404 0 null 0.2565ms
2024-11-30 21:00:55.563 +01:00 [INF] Request reached the end of the middleware pipeline without being handled by application code. Request path: GET http://localhost:5003/js/bootstrap.js, Response status code: 404
2024-11-30 21:00:55.563 +01:00 [INF] Request starting HTTP/1.1 GET http://localhost:5003/js/jquery.min.js - null null
2024-11-30 21:00:55.563 +01:00 [INF] Request finished HTTP/1.1 GET http://localhost:5003/js/jquery.min.js - 404 0 null 0.1588ms
2024-11-30 21:00:55.563 +01:00 [INF] Request reached the end of the middleware pipeline without being handled by application code. Request path: GET http://localhost:5003/js/jquery.min.js, Response status code: 404
2024-11-30 21:00:55.563 +01:00 [INF] Request starting HTTP/1.1 GET http://localhost:5003/Images/profile_kal4u0qo.imj638685969022715672.jpg - null null
2024-11-30 21:00:55.564 +01:00 [INF] The file /Images/profile_kal4u0qo.imj638685969022715672.jpg was not modified
2024-11-30 21:00:55.564 +01:00 [INF] Request finished HTTP/1.1 GET http://localhost:5003/Images/profile_kal4u0qo.imj638685969022715672.jpg - 304 null image/jpeg 0.2939ms
2024-11-30 21:00:55.572 +01:00 [INF] Request starting HTTP/1.1 GET http://localhost:5003/Images/ejs4zjtc.c0s.png - null null
2024-11-30 21:00:55.573 +01:00 [INF] The file /Images/ejs4zjtc.c0s.png was not modified
2024-11-30 21:00:55.573 +01:00 [INF] Request finished HTTP/1.1 GET http://localhost:5003/Images/ejs4zjtc.c0s.png - 304 null image/png 0.6039ms
2024-11-30 21:00:55.581 +01:00 [INF] Request starting HTTP/1.1 GET http://localhost:5003/Images/profile_zptbn0nj.mhn638685237669650945.png - null null
2024-11-30 21:00:55.582 +01:00 [INF] The file /Images/profile_zptbn0nj.mhn638685237669650945.png was not modified
2024-11-30 21:00:55.582 +01:00 [INF] Request finished HTTP/1.1 GET http://localhost:5003/Images/profile_zptbn0nj.mhn638685237669650945.png - 304 null image/png 0.6057ms
2024-11-30 21:00:55.582 +01:00 [INF] Request starting HTTP/1.1 GET http://localhost:5003/Images/profile_mu1fu0qy.541638682352465422474.png - null null
2024-11-30 21:00:55.582 +01:00 [INF] Request starting HTTP/1.1 GET http://localhost:5003/Images/quy2kjsl.44y638667085033516780.jpg - null null
2024-11-30 21:00:55.582 +01:00 [INF] The file /Images/profile_mu1fu0qy.541638682352465422474.png was not modified
2024-11-30 21:00:55.582 +01:00 [INF] Request finished HTTP/1.1 GET http://localhost:5003/Images/profile_mu1fu0qy.541638682352465422474.png - 304 null image/png 0.224ms
2024-11-30 21:00:55.582 +01:00 [INF] Request starting HTTP/1.1 GET http://localhost:5003/lib/jquery/dist/jquery.min.js - null null
2024-11-30 21:00:55.583 +01:00 [INF] The file /Images/quy2kjsl.44y638667085033516780.jpg was not modified
2024-11-30 21:00:55.583 +01:00 [INF] Request finished HTTP/1.1 GET http://localhost:5003/Images/quy2kjsl.44y638667085033516780.jpg - 304 null image/jpeg 0.3561ms
2024-11-30 21:00:55.583 +01:00 [INF] The file /lib/jquery/dist/jquery.min.js was not modified
2024-11-30 21:00:55.583 +01:00 [INF] Request finished HTTP/1.1 GET http://localhost:5003/lib/jquery/dist/jquery.min.js - 304 null text/javascript 0.3834ms
2024-11-30 21:00:55.583 +01:00 [INF] Request starting HTTP/1.1 GET http://localhost:5003/lib/bootstrap/dist/js/bootstrap.bundle.min.js - null null
2024-11-30 21:00:55.583 +01:00 [INF] Request starting HTTP/1.1 GET http://localhost:5003/js/site.js?v=hRQyftXiu1lLX2P9Ly9xa4gHJgLeR1uGN5qegUobtGo - null null
2024-11-30 21:00:55.583 +01:00 [INF] The file /js/site.js was not modified
2024-11-30 21:00:55.583 +01:00 [INF] Request finished HTTP/1.1 GET http://localhost:5003/js/site.js?v=hRQyftXiu1lLX2P9Ly9xa4gHJgLeR1uGN5qegUobtGo - 304 null text/javascript 0.177ms
2024-11-30 21:00:55.583 +01:00 [INF] The file /lib/bootstrap/dist/js/bootstrap.bundle.min.js was not modified
2024-11-30 21:00:55.583 +01:00 [INF] Request finished HTTP/1.1 GET http://localhost:5003/lib/bootstrap/dist/js/bootstrap.bundle.min.js - 304 null text/javascript 0.5997ms
2024-11-30 21:00:55.588 +01:00 [INF] Request starting HTTP/1.1 GET http://localhost:5003/Images/243xe4ho.h0i638682324223715764.png - null null
2024-11-30 21:00:55.588 +01:00 [INF] The file /Images/243xe4ho.h0i638682324223715764.png was not modified
2024-11-30 21:00:55.588 +01:00 [INF] Request finished HTTP/1.1 GET http://localhost:5003/Images/243xe4ho.h0i638682324223715764.png - 304 null image/png 0.4709ms
