2024-11-26 23:34:26.205 +01:00 [INF] User profile is available. Using 'C:\Users\fatta\AppData\Local\ASP.NET\DataProtection-Keys' as key repository and Windows DPAPI to encrypt keys at rest.
2024-11-26 23:34:26.355 +01:00 [INF] Now listening on: http://localhost:5003
2024-11-26 23:34:26.358 +01:00 [INF] Application started. Press Ctrl+C to shut down.
2024-11-26 23:34:26.359 +01:00 [INF] Hosting environment: Development
2024-11-26 23:34:26.359 +01:00 [INF] Content root path: C:\Users\fatta\OneDrive\Dokumenter\Studie\Høst2024\ITPE3200Webapplikasjoner\Eksammen\CodeCraft\SubApp1
2024-11-26 23:34:30.837 +01:00 [INF] Request starting HTTP/1.1 GET http://localhost:5003/ - null null
2024-11-26 23:34:30.845 +01:00 [WRN] Failed to determine the https port for redirect.
2024-11-26 23:34:31.575 +01:00 [INF] Executing endpoint 'SubApp1.Controllers.HomeController.Index (SubApp1)'
2024-11-26 23:34:31.582 +01:00 [INF] Route matched with {action = "Index", controller = "Home", page = "", area = ""}. Executing controller action with signature Microsoft.AspNetCore.Mvc.IActionResult Index() on controller SubApp1.Controllers.HomeController (SubApp1).
2024-11-26 23:34:33.402 +01:00 [INF] Executing ViewResult, running view Index.
2024-11-26 23:34:33.808 +01:00 [INF] Executed ViewResult - view Index executed in 2178.6809ms.
2024-11-26 23:34:33.809 +01:00 [INF] Executed action SubApp1.Controllers.HomeController.Index (SubApp1) in 2226.2234ms
2024-11-26 23:34:33.809 +01:00 [INF] Executed endpoint 'SubApp1.Controllers.HomeController.Index (SubApp1)'
2024-11-26 23:34:33.814 +01:00 [INF] Request finished HTTP/1.1 GET http://localhost:5003/ - 200 null text/html; charset=utf-8 2977.61ms
2024-11-26 23:34:33.814 +01:00 [INF] Request starting HTTP/1.1 GET http://localhost:5003/lib/bootstrap/dist/css/bootstrap.min.css - null null
2024-11-26 23:34:33.814 +01:00 [INF] Request starting HTTP/1.1 GET http://localhost:5003/js/jquery.min.js - null null
2024-11-26 23:34:33.814 +01:00 [INF] Request starting HTTP/1.1 GET http://localhost:5003/SubApp1.styles.css?v=Sj13-RJCpeuwLSSZn5pveHertSYZb1e9rwkvuFa81K0 - null null
2024-11-26 23:34:33.814 +01:00 [INF] Request starting HTTP/1.1 GET http://localhost:5003/js/bootstrap.js - null null
2024-11-26 23:34:33.814 +01:00 [INF] Request starting HTTP/1.1 GET http://localhost:5003/css/site.css?v=IX3HhC0Qb_wvNR76iq6-WPDnaYZOlvu4jaLxaL9WBe8 - null null
2024-11-26 23:34:33.814 +01:00 [INF] Request starting HTTP/1.1 GET http://localhost:5003/Images/profile_mbauyjy1.jfz638682454607465969.jpeg - null null
2024-11-26 23:34:33.817 +01:00 [INF] The file /SubApp1.styles.css was not modified
2024-11-26 23:34:33.817 +01:00 [INF] The file /Images/profile_mbauyjy1.jfz638682454607465969.jpeg was not modified
2024-11-26 23:34:33.817 +01:00 [INF] The file /lib/bootstrap/dist/css/bootstrap.min.css was not modified
2024-11-26 23:34:33.817 +01:00 [INF] The file /css/site.css was not modified
2024-11-26 23:34:33.817 +01:00 [INF] Request finished HTTP/1.1 GET http://localhost:5003/css/site.css?v=IX3HhC0Qb_wvNR76iq6-WPDnaYZOlvu4jaLxaL9WBe8 - 304 null text/css 3.0748ms
2024-11-26 23:34:33.817 +01:00 [INF] Request finished HTTP/1.1 GET http://localhost:5003/lib/bootstrap/dist/css/bootstrap.min.css - 304 null text/css 3.0711ms
2024-11-26 23:34:33.817 +01:00 [INF] Request finished HTTP/1.1 GET http://localhost:5003/Images/profile_mbauyjy1.jfz638682454607465969.jpeg - 304 null image/jpeg 2.8662ms
2024-11-26 23:34:33.817 +01:00 [INF] Request finished HTTP/1.1 GET http://localhost:5003/SubApp1.styles.css?v=Sj13-RJCpeuwLSSZn5pveHertSYZb1e9rwkvuFa81K0 - 304 null text/css 3.0707ms
2024-11-26 23:34:33.820 +01:00 [INF] Request starting HTTP/1.1 GET http://localhost:5003/Images/kpynczpz.cmb638682587972582250.jpeg - null null
2024-11-26 23:34:33.820 +01:00 [INF] The file /Images/kpynczpz.cmb638682587972582250.jpeg was not modified
2024-11-26 23:34:33.820 +01:00 [INF] Request finished HTTP/1.1 GET http://localhost:5003/Images/kpynczpz.cmb638682587972582250.jpeg - 304 null image/jpeg 0.5276ms
2024-11-26 23:34:33.820 +01:00 [INF] Request starting HTTP/1.1 GET http://localhost:5003/Images/profile_mu1fu0qy.541638682352465422474.png - null null
2024-11-26 23:34:33.821 +01:00 [INF] The file /Images/profile_mu1fu0qy.541638682352465422474.png was not modified
2024-11-26 23:34:33.821 +01:00 [INF] Request finished HTTP/1.1 GET http://localhost:5003/Images/profile_mu1fu0qy.541638682352465422474.png - 304 null image/png 0.2989ms
2024-11-26 23:34:33.824 +01:00 [INF] Request starting HTTP/1.1 GET http://localhost:5003/lib/jquery/dist/jquery.min.js - null null
2024-11-26 23:34:33.824 +01:00 [INF] Request starting HTTP/1.1 GET http://localhost:5003/Images/quy2kjsl.44y638667085033516780.jpg - null null
2024-11-26 23:34:33.824 +01:00 [INF] The file /lib/jquery/dist/jquery.min.js was not modified
2024-11-26 23:34:33.824 +01:00 [INF] The file /Images/quy2kjsl.44y638667085033516780.jpg was not modified
2024-11-26 23:34:33.824 +01:00 [INF] Request finished HTTP/1.1 GET http://localhost:5003/lib/jquery/dist/jquery.min.js - 304 null text/javascript 0.3941ms
2024-11-26 23:34:33.824 +01:00 [INF] Request finished HTTP/1.1 GET http://localhost:5003/Images/quy2kjsl.44y638667085033516780.jpg - 304 null image/jpeg 0.42ms
2024-11-26 23:34:33.826 +01:00 [INF] Request starting HTTP/1.1 GET http://localhost:5003/lib/bootstrap/dist/js/bootstrap.bundle.min.js - null null
2024-11-26 23:34:33.826 +01:00 [INF] The file /lib/bootstrap/dist/js/bootstrap.bundle.min.js was not modified
2024-11-26 23:34:33.827 +01:00 [INF] Request finished HTTP/1.1 GET http://localhost:5003/lib/bootstrap/dist/js/bootstrap.bundle.min.js - 304 null text/javascript 0.3631ms
2024-11-26 23:34:33.830 +01:00 [INF] Request finished HTTP/1.1 GET http://localhost:5003/js/bootstrap.js - 404 0 null 16.1996ms
2024-11-26 23:34:33.830 +01:00 [INF] Request finished HTTP/1.1 GET http://localhost:5003/js/jquery.min.js - 404 0 null 16.1003ms
2024-11-26 23:34:33.832 +01:00 [INF] Request reached the end of the middleware pipeline without being handled by application code. Request path: GET http://localhost:5003/js/jquery.min.js, Response status code: 404
2024-11-26 23:34:33.832 +01:00 [INF] Request reached the end of the middleware pipeline without being handled by application code. Request path: GET http://localhost:5003/js/bootstrap.js, Response status code: 404
2024-11-26 23:34:33.833 +01:00 [INF] Request starting HTTP/1.1 GET http://localhost:5003/js/site.js?v=hRQyftXiu1lLX2P9Ly9xa4gHJgLeR1uGN5qegUobtGo - null null
2024-11-26 23:34:33.833 +01:00 [INF] The file /js/site.js was not modified
2024-11-26 23:34:33.833 +01:00 [INF] Request finished HTTP/1.1 GET http://localhost:5003/js/site.js?v=hRQyftXiu1lLX2P9Ly9xa4gHJgLeR1uGN5qegUobtGo - 304 null text/javascript 0.4136ms
2024-11-26 23:34:33.833 +01:00 [INF] Request starting HTTP/1.1 GET http://localhost:5003/Images/243xe4ho.h0i638682324223715764.png - null null
2024-11-26 23:34:33.833 +01:00 [INF] The file /Images/243xe4ho.h0i638682324223715764.png was not modified
2024-11-26 23:34:33.833 +01:00 [INF] Request finished HTTP/1.1 GET http://localhost:5003/Images/243xe4ho.h0i638682324223715764.png - 304 null image/png 0.321ms
2024-11-26 23:34:46.999 +01:00 [INF] Request starting HTTP/1.1 POST http://localhost:5003/Post/CreatePost - multipart/form-data; boundary=----WebKitFormBoundary5DJynyUkKuA5ZcSr 73026
2024-11-26 23:34:47.045 +01:00 [INF] Executing endpoint 'PostController.CreatePost (SubApp1)'
2024-11-26 23:34:47.051 +01:00 [INF] Route matched with {action = "CreatePost", controller = "Post", page = "", area = ""}. Executing controller action with signature Microsoft.AspNetCore.Mvc.IActionResult CreatePost(System.String, Microsoft.AspNetCore.Http.IFormFile) on controller PostController (SubApp1).
2024-11-26 23:34:47.147 +01:00 [INF] Executing RedirectResult, redirecting to /Home/Profile.
2024-11-26 23:34:47.148 +01:00 [INF] Executed action PostController.CreatePost (SubApp1) in 96.8156ms
2024-11-26 23:34:47.148 +01:00 [INF] Executed endpoint 'PostController.CreatePost (SubApp1)'
2024-11-26 23:34:47.149 +01:00 [INF] Request finished HTTP/1.1 POST http://localhost:5003/Post/CreatePost - 302 0 null 150.1815ms
2024-11-26 23:34:47.151 +01:00 [INF] Request starting HTTP/1.1 GET http://localhost:5003/Home/Profile - null null
2024-11-26 23:34:47.154 +01:00 [INF] Executing endpoint 'SubApp1.Controllers.HomeController.Profile (SubApp1)'
2024-11-26 23:34:47.155 +01:00 [INF] Route matched with {action = "Profile", controller = "Home", page = "", area = ""}. Executing controller action with signature Microsoft.AspNetCore.Mvc.IActionResult Profile() on controller SubApp1.Controllers.HomeController (SubApp1).
2024-11-26 23:34:47.385 +01:00 [INF] Executing ViewResult, running view Profile.
2024-11-26 23:34:47.392 +01:00 [INF] Executed ViewResult - view Profile executed in 226.3336ms.
2024-11-26 23:34:47.392 +01:00 [INF] Executed action SubApp1.Controllers.HomeController.Profile (SubApp1) in 237.1073ms
2024-11-26 23:34:47.392 +01:00 [INF] Executed endpoint 'SubApp1.Controllers.HomeController.Profile (SubApp1)'
2024-11-26 23:34:47.392 +01:00 [INF] Request finished HTTP/1.1 GET http://localhost:5003/Home/Profile - 200 null text/html; charset=utf-8 241.1124ms
2024-11-26 23:34:47.398 +01:00 [INF] Request starting HTTP/1.1 GET http://localhost:5003/Images/4il5bdqm.ugy638682608870721039.jpeg - null null
2024-11-26 23:34:47.398 +01:00 [INF] Request starting HTTP/1.1 GET http://localhost:5003/js/bootstrap.js - null null
2024-11-26 23:34:47.398 +01:00 [INF] Request starting HTTP/1.1 GET http://localhost:5003/js/jquery.min.js - null null
2024-11-26 23:34:47.401 +01:00 [INF] Request finished HTTP/1.1 GET http://localhost:5003/js/jquery.min.js - 404 0 null 2.6897ms
2024-11-26 23:34:47.401 +01:00 [INF] Request finished HTTP/1.1 GET http://localhost:5003/js/bootstrap.js - 404 0 null 2.6898ms
2024-11-26 23:34:47.401 +01:00 [INF] Request reached the end of the middleware pipeline without being handled by application code. Request path: GET http://localhost:5003/js/jquery.min.js, Response status code: 404
2024-11-26 23:34:47.401 +01:00 [INF] Request reached the end of the middleware pipeline without being handled by application code. Request path: GET http://localhost:5003/js/bootstrap.js, Response status code: 404
2024-11-26 23:34:47.405 +01:00 [INF] Sending file. Request path: '/Images/4il5bdqm.ugy638682608870721039.jpeg'. Physical path: 'C:\Users\fatta\OneDrive\Dokumenter\Studie\Høst2024\ITPE3200Webapplikasjoner\Eksammen\CodeCraft\SubApp1\wwwroot\Images\4il5bdqm.ugy638682608870721039.jpeg'
2024-11-26 23:34:47.406 +01:00 [INF] Request finished HTTP/1.1 GET http://localhost:5003/Images/4il5bdqm.ugy638682608870721039.jpeg - 200 72428 image/jpeg 7.601ms
2024-11-26 23:34:50.685 +01:00 [INF] Request starting HTTP/1.1 GET http://localhost:5003/Profile/EditPost?id=12 - null null
2024-11-26 23:34:50.692 +01:00 [INF] Executing endpoint 'SubApp1.Controllers.ProfileController.EditPost (SubApp1)'
2024-11-26 23:34:50.694 +01:00 [INF] Route matched with {action = "EditPost", controller = "Profile", page = "", area = ""}. Executing controller action with signature Microsoft.AspNetCore.Mvc.IActionResult EditPost(Int32) on controller SubApp1.Controllers.ProfileController (SubApp1).
2024-11-26 23:34:50.911 +01:00 [INF] Executing ViewResult, running view ~/Views/Home/EditPost.cshtml.
2024-11-26 23:34:50.916 +01:00 [INF] Executed ViewResult - view ~/Views/Home/EditPost.cshtml executed in 211.5383ms.
2024-11-26 23:34:50.916 +01:00 [INF] Executed action SubApp1.Controllers.ProfileController.EditPost (SubApp1) in 221.848ms
2024-11-26 23:34:50.916 +01:00 [INF] Executed endpoint 'SubApp1.Controllers.ProfileController.EditPost (SubApp1)'
2024-11-26 23:34:50.916 +01:00 [INF] Request finished HTTP/1.1 GET http://localhost:5003/Profile/EditPost?id=12 - 200 null text/html; charset=utf-8 231.0309ms
2024-11-26 23:34:50.920 +01:00 [INF] Request starting HTTP/1.1 GET http://localhost:5003/js/jquery.min.js - null null
2024-11-26 23:34:50.920 +01:00 [INF] Request starting HTTP/1.1 GET http://localhost:5003/js/bootstrap.js - null null
2024-11-26 23:34:50.922 +01:00 [INF] Request finished HTTP/1.1 GET http://localhost:5003/js/bootstrap.js - 404 0 null 1.9052ms
2024-11-26 23:34:50.922 +01:00 [INF] Request finished HTTP/1.1 GET http://localhost:5003/js/jquery.min.js - 404 0 null 1.9063ms
2024-11-26 23:34:50.922 +01:00 [INF] Request reached the end of the middleware pipeline without being handled by application code. Request path: GET http://localhost:5003/js/bootstrap.js, Response status code: 404
2024-11-26 23:34:50.922 +01:00 [INF] Request reached the end of the middleware pipeline without being handled by application code. Request path: GET http://localhost:5003/js/jquery.min.js, Response status code: 404
2024-11-26 23:35:33.622 +01:00 [INF] Request starting HTTP/1.1 POST http://localhost:5003/Profile/EditPost - multipart/form-data; boundary=----WebKitFormBoundarycdSS5Y4bEHA1V7v0 702
2024-11-26 23:35:33.626 +01:00 [INF] Executing endpoint 'SubApp1.Controllers.ProfileController.EditPost (SubApp1)'
2024-11-26 23:35:33.627 +01:00 [INF] Route matched with {action = "EditPost", controller = "Profile", page = "", area = ""}. Executing controller action with signature Microsoft.AspNetCore.Mvc.IActionResult EditPost(Int32, System.String, Microsoft.AspNetCore.Http.IFormFile) on controller SubApp1.Controllers.ProfileController (SubApp1).
2024-11-26 23:35:33.640 +01:00 [INF] Executing RedirectResult, redirecting to /Profile.
2024-11-26 23:35:33.640 +01:00 [INF] Executed action SubApp1.Controllers.ProfileController.EditPost (SubApp1) in 13.1017ms
2024-11-26 23:35:33.640 +01:00 [INF] Executed endpoint 'SubApp1.Controllers.ProfileController.EditPost (SubApp1)'
2024-11-26 23:35:33.640 +01:00 [INF] Request finished HTTP/1.1 POST http://localhost:5003/Profile/EditPost - 302 0 null 18.7418ms
2024-11-26 23:35:33.644 +01:00 [INF] Request starting HTTP/1.1 GET http://localhost:5003/Profile - null null
2024-11-26 23:35:33.647 +01:00 [INF] Executing endpoint 'SubApp1.Controllers.ProfileController.Index (SubApp1)'
2024-11-26 23:35:33.648 +01:00 [INF] Route matched with {action = "Index", controller = "Profile", page = "", area = ""}. Executing controller action with signature Microsoft.AspNetCore.Mvc.IActionResult Index() on controller SubApp1.Controllers.ProfileController (SubApp1).
2024-11-26 23:35:33.652 +01:00 [INF] Executing ViewResult, running view Profile.
2024-11-26 23:35:33.657 +01:00 [ERR] The view 'Profile' was not found. Searched locations: ["/Views/Profile/Profile.cshtml","/Views/Shared/Profile.cshtml","/Pages/Shared/Profile.cshtml"]
2024-11-26 23:35:33.659 +01:00 [INF] Executed action SubApp1.Controllers.ProfileController.Index (SubApp1) in 10.9966ms
2024-11-26 23:35:33.659 +01:00 [INF] Executed endpoint 'SubApp1.Controllers.ProfileController.Index (SubApp1)'
2024-11-26 23:35:33.665 +01:00 [ERR] An unhandled exception has occurred while executing the request.
System.InvalidOperationException: The view 'Profile' was not found. The following locations were searched:
/Views/Profile/Profile.cshtml
/Views/Shared/Profile.cshtml
/Pages/Shared/Profile.cshtml
   at Microsoft.AspNetCore.Mvc.ViewEngines.ViewEngineResult.EnsureSuccessful(IEnumerable`1 originalLocations)
   at Microsoft.AspNetCore.Mvc.ViewFeatures.ViewResultExecutor.ExecuteAsync(ActionContext context, ViewResult result)
   at Microsoft.AspNetCore.Mvc.ViewResult.ExecuteResultAsync(ActionContext context)
   at Microsoft.AspNetCore.Mvc.Infrastructure.ResourceInvoker.<InvokeNextResultFilterAsync>g__Awaited|30_0[TFilter,TFilterAsync](ResourceInvoker invoker, Task lastTask, State next, Scope scope, Object state, Boolean isCompleted)
   at Microsoft.AspNetCore.Mvc.Infrastructure.ResourceInvoker.Rethrow(ResultExecutedContextSealed context)
   at Microsoft.AspNetCore.Mvc.Infrastructure.ResourceInvoker.ResultNext[TFilter,TFilterAsync](State& next, Scope& scope, Object& state, Boolean& isCompleted)
   at Microsoft.AspNetCore.Mvc.Infrastructure.ResourceInvoker.InvokeResultFilters()
--- End of stack trace from previous location ---
   at Microsoft.AspNetCore.Mvc.Infrastructure.ResourceInvoker.<InvokeNextResourceFilter>g__Awaited|25_0(ResourceInvoker invoker, Task lastTask, State next, Scope scope, Object state, Boolean isCompleted)
   at Microsoft.AspNetCore.Mvc.Infrastructure.ResourceInvoker.Rethrow(ResourceExecutedContextSealed context)
   at Microsoft.AspNetCore.Mvc.Infrastructure.ResourceInvoker.Next(State& next, Scope& scope, Object& state, Boolean& isCompleted)
   at Microsoft.AspNetCore.Mvc.Infrastructure.ResourceInvoker.InvokeFilterPipelineAsync()
--- End of stack trace from previous location ---
   at Microsoft.AspNetCore.Mvc.Infrastructure.ResourceInvoker.<InvokeAsync>g__Logged|17_1(ResourceInvoker invoker)
   at Microsoft.AspNetCore.Mvc.Infrastructure.ResourceInvoker.<InvokeAsync>g__Logged|17_1(ResourceInvoker invoker)
   at Microsoft.AspNetCore.Routing.EndpointMiddleware.<Invoke>g__AwaitRequestTask|7_0(Endpoint endpoint, Task requestTask, ILogger logger)
   at Microsoft.AspNetCore.Authorization.AuthorizationMiddleware.Invoke(HttpContext context)
   at Microsoft.AspNetCore.Authentication.AuthenticationMiddleware.Invoke(HttpContext context)
   at Microsoft.AspNetCore.Diagnostics.DeveloperExceptionPageMiddlewareImpl.Invoke(HttpContext context)
2024-11-26 23:35:33.674 +01:00 [INF] Request finished HTTP/1.1 GET http://localhost:5003/Profile - 500 null text/html; charset=utf-8 30.7447ms
