2024-11-26 15:19:10.264 +01:00 [INF] User profile is available. Using 'C:\Users\Kevol\AppData\Local\ASP.NET\DataProtection-Keys' as key repository and Windows DPAPI to encrypt keys at rest.
2024-11-26 15:19:10.573 +01:00 [INF] Now listening on: http://localhost:5003
2024-11-26 15:19:10.579 +01:00 [INF] Application started. Press Ctrl+C to shut down.
2024-11-26 15:19:10.581 +01:00 [INF] Hosting environment: Development
2024-11-26 15:19:10.581 +01:00 [INF] Content root path: C:\Users\Kevol\Desktop\github\CodeCraft\SubApp1
2024-11-26 15:19:17.467 +01:00 [INF] Request starting HTTP/1.1 GET http://localhost:5003/ - null null
2024-11-26 15:19:17.481 +01:00 [WRN] Failed to determine the https port for redirect.
2024-11-26 15:19:18.325 +01:00 [INF] Executing endpoint 'SubApp1.Controllers.HomeController.Index (SubApp1)'
2024-11-26 15:19:18.341 +01:00 [INF] Route matched with {action = "Index", controller = "Home", page = "", area = ""}. Executing controller action with signature Microsoft.AspNetCore.Mvc.IActionResult Index() on controller SubApp1.Controllers.HomeController (SubApp1).
2024-11-26 15:19:20.600 +01:00 [INF] Executing ViewResult, running view Index.
2024-11-26 15:19:21.167 +01:00 [INF] Executed ViewResult - view Index executed in 2819.0566ms.
2024-11-26 15:19:21.170 +01:00 [INF] Executed action SubApp1.Controllers.HomeController.Index (SubApp1) in 2828.4357ms
2024-11-26 15:19:21.170 +01:00 [INF] Executed endpoint 'SubApp1.Controllers.HomeController.Index (SubApp1)'
2024-11-26 15:19:21.180 +01:00 [INF] Request finished HTTP/1.1 GET http://localhost:5003/ - 200 null text/html; charset=utf-8 3715.8772ms
2024-11-26 15:19:21.195 +01:00 [INF] Request starting HTTP/1.1 GET http://localhost:5003/lib/bootstrap/dist/css/bootstrap.min.css - null null
2024-11-26 15:19:21.196 +01:00 [INF] Request starting HTTP/1.1 GET http://localhost:5003/css/site.css?v=IX3HhC0Qb_wvNR76iq6-WPDnaYZOlvu4jaLxaL9WBe8 - null null
2024-11-26 15:19:21.196 +01:00 [INF] Request starting HTTP/1.1 GET http://localhost:5003/SubApp1.styles.css?v=Sj13-RJCpeuwLSSZn5pveHertSYZb1e9rwkvuFa81K0 - null null
2024-11-26 15:19:21.197 +01:00 [INF] Request starting HTTP/1.1 GET http://localhost:5003/js/bootstrap.js - null null
2024-11-26 15:19:21.197 +01:00 [INF] Request starting HTTP/1.1 GET http://localhost:5003/js/jquery.min.js - null null
2024-11-26 15:19:21.197 +01:00 [INF] Request starting HTTP/1.1 GET http://localhost:5003/lib/jquery/dist/jquery.min.js - null null
2024-11-26 15:19:21.200 +01:00 [INF] The file /css/site.css was not modified
2024-11-26 15:19:21.200 +01:00 [INF] The file /SubApp1.styles.css was not modified
2024-11-26 15:19:21.200 +01:00 [INF] The file /lib/jquery/dist/jquery.min.js was not modified
2024-11-26 15:19:21.200 +01:00 [INF] The file /lib/bootstrap/dist/css/bootstrap.min.css was not modified
2024-11-26 15:19:21.201 +01:00 [INF] Request finished HTTP/1.1 GET http://localhost:5003/SubApp1.styles.css?v=Sj13-RJCpeuwLSSZn5pveHertSYZb1e9rwkvuFa81K0 - 304 null text/css 4.1893ms
2024-11-26 15:19:21.201 +01:00 [INF] Request finished HTTP/1.1 GET http://localhost:5003/lib/jquery/dist/jquery.min.js - 304 null text/javascript 3.278ms
2024-11-26 15:19:21.201 +01:00 [INF] Request finished HTTP/1.1 GET http://localhost:5003/lib/bootstrap/dist/css/bootstrap.min.css - 304 null text/css 6.4016ms
2024-11-26 15:19:21.201 +01:00 [INF] Request finished HTTP/1.1 GET http://localhost:5003/css/site.css?v=IX3HhC0Qb_wvNR76iq6-WPDnaYZOlvu4jaLxaL9WBe8 - 304 null text/css 5.1256ms
2024-11-26 15:19:21.202 +01:00 [INF] Request starting HTTP/1.1 GET http://localhost:5003/lib/bootstrap/dist/js/bootstrap.bundle.min.js - null null
2024-11-26 15:19:21.202 +01:00 [INF] The file /lib/bootstrap/dist/js/bootstrap.bundle.min.js was not modified
2024-11-26 15:19:21.202 +01:00 [INF] Request finished HTTP/1.1 GET http://localhost:5003/lib/bootstrap/dist/js/bootstrap.bundle.min.js - 304 null text/javascript 0.479ms
2024-11-26 15:19:21.202 +01:00 [INF] Request starting HTTP/1.1 GET http://localhost:5003/js/site.js?v=hRQyftXiu1lLX2P9Ly9xa4gHJgLeR1uGN5qegUobtGo - null null
2024-11-26 15:19:21.202 +01:00 [INF] The file /js/site.js was not modified
2024-11-26 15:19:21.203 +01:00 [INF] Request finished HTTP/1.1 GET http://localhost:5003/js/site.js?v=hRQyftXiu1lLX2P9Ly9xa4gHJgLeR1uGN5qegUobtGo - 304 null text/javascript 0.6072ms
2024-11-26 15:19:21.223 +01:00 [INF] Request finished HTTP/1.1 GET http://localhost:5003/js/jquery.min.js - 404 0 null 25.9694ms
2024-11-26 15:19:21.223 +01:00 [INF] Request finished HTTP/1.1 GET http://localhost:5003/js/bootstrap.js - 404 0 null 26.3384ms
2024-11-26 15:19:21.225 +01:00 [INF] Request reached the end of the middleware pipeline without being handled by application code. Request path: GET http://localhost:5003/js/jquery.min.js, Response status code: 404
2024-11-26 15:19:21.225 +01:00 [INF] Request reached the end of the middleware pipeline without being handled by application code. Request path: GET http://localhost:5003/js/bootstrap.js, Response status code: 404
2024-11-26 15:19:22.691 +01:00 [INF] Request starting HTTP/1.1 GET http://localhost:5003/Home/Profile - null null
2024-11-26 15:19:22.787 +01:00 [INF] Executing endpoint 'SubApp1.Controllers.HomeController.Profile (SubApp1)'
2024-11-26 15:19:22.789 +01:00 [INF] Route matched with {action = "Profile", controller = "Home", page = "", area = ""}. Executing controller action with signature Microsoft.AspNetCore.Mvc.IActionResult Profile() on controller SubApp1.Controllers.HomeController (SubApp1).
2024-11-26 15:19:23.388 +01:00 [INF] Executing ViewResult, running view Profile.
2024-11-26 15:19:23.397 +01:00 [INF] Executed ViewResult - view Profile executed in 315.4298ms.
2024-11-26 15:19:23.398 +01:00 [INF] Executed action SubApp1.Controllers.HomeController.Profile (SubApp1) in 608.6647ms
2024-11-26 15:19:23.398 +01:00 [INF] Executed endpoint 'SubApp1.Controllers.HomeController.Profile (SubApp1)'
2024-11-26 15:19:23.398 +01:00 [INF] Request finished HTTP/1.1 GET http://localhost:5003/Home/Profile - 200 null text/html; charset=utf-8 706.793ms
2024-11-26 15:19:23.431 +01:00 [INF] Request starting HTTP/1.1 GET http://localhost:5003/js/bootstrap.js - null null
2024-11-26 15:19:23.432 +01:00 [INF] Request starting HTTP/1.1 GET http://localhost:5003/js/jquery.min.js - null null
2024-11-26 15:19:23.435 +01:00 [INF] Request finished HTTP/1.1 GET http://localhost:5003/js/bootstrap.js - 404 0 null 4.2539ms
2024-11-26 15:19:23.435 +01:00 [INF] Request finished HTTP/1.1 GET http://localhost:5003/js/jquery.min.js - 404 0 null 3.0358ms
2024-11-26 15:19:23.435 +01:00 [INF] Request reached the end of the middleware pipeline without being handled by application code. Request path: GET http://localhost:5003/js/bootstrap.js, Response status code: 404
2024-11-26 15:19:23.435 +01:00 [INF] Request reached the end of the middleware pipeline without being handled by application code. Request path: GET http://localhost:5003/js/jquery.min.js, Response status code: 404
2024-11-26 15:19:27.342 +01:00 [INF] Request starting HTTP/1.1 POST http://localhost:5003/Post/CreatePost - multipart/form-data; boundary=----WebKitFormBoundaryK7BxPAX1JCZmC6Du 606
2024-11-26 15:19:27.346 +01:00 [INF] Executing endpoint 'PostController.CreatePost (SubApp1)'
2024-11-26 15:19:27.354 +01:00 [INF] Route matched with {action = "CreatePost", controller = "Post", page = "", area = ""}. Executing controller action with signature Microsoft.AspNetCore.Mvc.IActionResult CreatePost(System.String, Microsoft.AspNetCore.Http.IFormFile) on controller PostController (SubApp1).
2024-11-26 15:19:27.523 +01:00 [INF] Executing RedirectResult, redirecting to /Home/Profile.
2024-11-26 15:19:27.524 +01:00 [INF] Executed action PostController.CreatePost (SubApp1) in 169.0748ms
2024-11-26 15:19:27.524 +01:00 [INF] Executed endpoint 'PostController.CreatePost (SubApp1)'
2024-11-26 15:19:27.524 +01:00 [INF] Request finished HTTP/1.1 POST http://localhost:5003/Post/CreatePost - 302 0 null 182.2541ms
2024-11-26 15:19:27.528 +01:00 [INF] Request starting HTTP/1.1 GET http://localhost:5003/Home/Profile - null null
2024-11-26 15:19:27.531 +01:00 [INF] Executing endpoint 'SubApp1.Controllers.HomeController.Profile (SubApp1)'
2024-11-26 15:19:27.532 +01:00 [INF] Route matched with {action = "Profile", controller = "Home", page = "", area = ""}. Executing controller action with signature Microsoft.AspNetCore.Mvc.IActionResult Profile() on controller SubApp1.Controllers.HomeController (SubApp1).
2024-11-26 15:19:27.535 +01:00 [INF] Executing ViewResult, running view Profile.
2024-11-26 15:19:27.539 +01:00 [INF] Executed ViewResult - view Profile executed in 3.6357ms.
2024-11-26 15:19:27.539 +01:00 [INF] Executed action SubApp1.Controllers.HomeController.Profile (SubApp1) in 7.2267ms
2024-11-26 15:19:27.539 +01:00 [INF] Executed endpoint 'SubApp1.Controllers.HomeController.Profile (SubApp1)'
2024-11-26 15:19:27.539 +01:00 [INF] Request finished HTTP/1.1 GET http://localhost:5003/Home/Profile - 200 null text/html; charset=utf-8 11.1698ms
2024-11-26 15:19:27.564 +01:00 [INF] Request starting HTTP/1.1 GET http://localhost:5003/js/bootstrap.js - null null
2024-11-26 15:19:27.566 +01:00 [INF] Request starting HTTP/1.1 GET http://localhost:5003/js/jquery.min.js - null null
2024-11-26 15:19:27.567 +01:00 [INF] Request finished HTTP/1.1 GET http://localhost:5003/js/bootstrap.js - 404 0 null 3.2242ms
2024-11-26 15:19:27.567 +01:00 [INF] Request reached the end of the middleware pipeline without being handled by application code. Request path: GET http://localhost:5003/js/bootstrap.js, Response status code: 404
2024-11-26 15:19:27.570 +01:00 [INF] Request finished HTTP/1.1 GET http://localhost:5003/js/jquery.min.js - 404 0 null 4.005ms
2024-11-26 15:19:27.570 +01:00 [INF] Request reached the end of the middleware pipeline without being handled by application code. Request path: GET http://localhost:5003/js/jquery.min.js, Response status code: 404
2024-11-26 15:19:50.189 +01:00 [INF] Request starting HTTP/1.1 GET http://localhost:5003/Home/Profile - null null
2024-11-26 15:19:50.193 +01:00 [INF] Executing endpoint 'SubApp1.Controllers.HomeController.Profile (SubApp1)'
2024-11-26 15:19:50.193 +01:00 [INF] Route matched with {action = "Profile", controller = "Home", page = "", area = ""}. Executing controller action with signature Microsoft.AspNetCore.Mvc.IActionResult Profile() on controller SubApp1.Controllers.HomeController (SubApp1).
2024-11-26 15:19:50.194 +01:00 [INF] Executing ViewResult, running view Profile.
2024-11-26 15:19:50.197 +01:00 [INF] Executed ViewResult - view Profile executed in 2.5976ms.
2024-11-26 15:19:50.197 +01:00 [INF] Executed action SubApp1.Controllers.HomeController.Profile (SubApp1) in 3.9387ms
2024-11-26 15:19:50.197 +01:00 [INF] Executed endpoint 'SubApp1.Controllers.HomeController.Profile (SubApp1)'
2024-11-26 15:19:50.197 +01:00 [INF] Request finished HTTP/1.1 GET http://localhost:5003/Home/Profile - 200 null text/html; charset=utf-8 8.4946ms
2024-11-26 15:19:50.222 +01:00 [INF] Request starting HTTP/1.1 GET http://localhost:5003/js/bootstrap.js - null null
2024-11-26 15:19:50.224 +01:00 [INF] Request starting HTTP/1.1 GET http://localhost:5003/js/jquery.min.js - null null
2024-11-26 15:19:50.226 +01:00 [INF] Request finished HTTP/1.1 GET http://localhost:5003/js/bootstrap.js - 404 0 null 3.9962ms
2024-11-26 15:19:50.226 +01:00 [INF] Request reached the end of the middleware pipeline without being handled by application code. Request path: GET http://localhost:5003/js/bootstrap.js, Response status code: 404
2024-11-26 15:19:50.228 +01:00 [INF] Request finished HTTP/1.1 GET http://localhost:5003/js/jquery.min.js - 404 0 null 3.3946ms
2024-11-26 15:19:50.228 +01:00 [INF] Request reached the end of the middleware pipeline without being handled by application code. Request path: GET http://localhost:5003/js/jquery.min.js, Response status code: 404
2024-11-26 15:19:50.598 +01:00 [INF] Request starting HTTP/1.1 GET http://localhost:5003/favicon.ico - null null
2024-11-26 15:19:50.599 +01:00 [INF] The file /favicon.ico was not modified
2024-11-26 15:19:50.599 +01:00 [INF] Request finished HTTP/1.1 GET http://localhost:5003/favicon.ico - 304 null image/x-icon 0.6134ms
2024-11-26 15:22:08.018 +01:00 [INF] Request starting HTTP/1.1 POST http://localhost:5003/Post/CreatePost - multipart/form-data; boundary=----WebKitFormBoundaryfaY99RAdwqPTcnSk 605
2024-11-26 15:22:08.063 +01:00 [INF] AuthenticationScheme: Identity.Application signed out.
2024-11-26 15:22:08.064 +01:00 [INF] AuthenticationScheme: Identity.External signed out.
2024-11-26 15:22:08.064 +01:00 [INF] AuthenticationScheme: Identity.TwoFactorUserId signed out.
2024-11-26 15:22:08.064 +01:00 [INF] AuthenticationScheme: Identity.TwoFactorRememberMe signed out.
2024-11-26 15:22:08.067 +01:00 [INF] Identity.Application was not authenticated. Failure message: No principal.
2024-11-26 15:22:08.068 +01:00 [INF] Executing endpoint 'PostController.CreatePost (SubApp1)'
2024-11-26 15:22:08.068 +01:00 [INF] Route matched with {action = "CreatePost", controller = "Post", page = "", area = ""}. Executing controller action with signature Microsoft.AspNetCore.Mvc.IActionResult CreatePost(System.String, Microsoft.AspNetCore.Http.IFormFile) on controller PostController (SubApp1).
2024-11-26 15:22:08.088 +01:00 [INF] Executing RedirectResult, redirecting to /Home/Profile.
2024-11-26 15:22:08.089 +01:00 [INF] Executed action PostController.CreatePost (SubApp1) in 20.8878ms
2024-11-26 15:22:08.089 +01:00 [INF] Executed endpoint 'PostController.CreatePost (SubApp1)'
2024-11-26 15:22:08.089 +01:00 [INF] Request finished HTTP/1.1 POST http://localhost:5003/Post/CreatePost - 302 0 null 70.4746ms
2024-11-26 15:22:08.095 +01:00 [INF] Request starting HTTP/1.1 GET http://localhost:5003/Home/Profile - null null
2024-11-26 15:22:08.095 +01:00 [INF] Executing endpoint 'SubApp1.Controllers.HomeController.Profile (SubApp1)'
2024-11-26 15:22:08.095 +01:00 [INF] Route matched with {action = "Profile", controller = "Home", page = "", area = ""}. Executing controller action with signature Microsoft.AspNetCore.Mvc.IActionResult Profile() on controller SubApp1.Controllers.HomeController (SubApp1).
2024-11-26 15:22:08.098 +01:00 [INF] Executing ViewResult, running view Profile.
2024-11-26 15:22:08.100 +01:00 [INF] Executed ViewResult - view Profile executed in 1.5908ms.
2024-11-26 15:22:08.100 +01:00 [INF] Executed action SubApp1.Controllers.HomeController.Profile (SubApp1) in 4.2421ms
2024-11-26 15:22:08.100 +01:00 [INF] Executed endpoint 'SubApp1.Controllers.HomeController.Profile (SubApp1)'
2024-11-26 15:22:08.100 +01:00 [INF] Request finished HTTP/1.1 GET http://localhost:5003/Home/Profile - 200 null text/html; charset=utf-8 4.7726ms
2024-11-26 15:22:08.130 +01:00 [INF] Request starting HTTP/1.1 GET http://localhost:5003/js/bootstrap.js - null null
2024-11-26 15:22:08.131 +01:00 [INF] Request finished HTTP/1.1 GET http://localhost:5003/js/bootstrap.js - 404 0 null 0.5055ms
2024-11-26 15:22:08.131 +01:00 [INF] Request reached the end of the middleware pipeline without being handled by application code. Request path: GET http://localhost:5003/js/bootstrap.js, Response status code: 404
2024-11-26 15:22:08.133 +01:00 [INF] Request starting HTTP/1.1 GET http://localhost:5003/js/jquery.min.js - null null
2024-11-26 15:22:08.134 +01:00 [INF] Request finished HTTP/1.1 GET http://localhost:5003/js/jquery.min.js - 404 0 null 0.4234ms
2024-11-26 15:22:08.134 +01:00 [INF] Request reached the end of the middleware pipeline without being handled by application code. Request path: GET http://localhost:5003/js/jquery.min.js, Response status code: 404
2024-11-26 15:23:05.740 +01:00 [INF] Application is shutting down...
