2024-11-30 16:04:50.059 +01:00 [INF] User profile is available. Using 'C:\Users\Kevol\AppData\Local\ASP.NET\DataProtection-Keys' as key repository and Windows DPAPI to encrypt keys at rest.
2024-11-30 16:04:50.145 +01:00 [INF] Now listening on: http://localhost:5003
2024-11-30 16:04:50.146 +01:00 [INF] Application started. Press Ctrl+C to shut down.
2024-11-30 16:04:50.147 +01:00 [INF] Hosting environment: Development
2024-11-30 16:04:50.147 +01:00 [INF] Content root path: C:\Users\Kevol\Desktop\GitHub\CodeCraft\SubApp1
2024-11-30 16:04:51.378 +01:00 [INF] Request starting HTTP/1.1 GET http://localhost:5003/Home/Profile - null null
2024-11-30 16:04:51.383 +01:00 [WRN] Failed to determine the https port for redirect.
2024-11-30 16:04:51.706 +01:00 [INF] Executing endpoint 'SubApp1.Controllers.HomeController.Profile (SubApp1)'
2024-11-30 16:04:51.712 +01:00 [INF] Route matched with {action = "Profile", controller = "Home", page = "", area = ""}. Executing controller action with signature Microsoft.AspNetCore.Mvc.IActionResult Profile() on controller SubApp1.Controllers.HomeController (SubApp1).
2024-11-30 16:04:52.998 +01:00 [INF] Executing ViewResult, running view Profile.
2024-11-30 16:04:53.215 +01:00 [INF] Executed ViewResult - view Profile executed in 1336.685ms.
2024-11-30 16:04:53.215 +01:00 [INF] Executed action SubApp1.Controllers.HomeController.Profile (SubApp1) in 1502.4256ms
2024-11-30 16:04:53.215 +01:00 [INF] Executed endpoint 'SubApp1.Controllers.HomeController.Profile (SubApp1)'
2024-11-30 16:04:53.219 +01:00 [INF] Request finished HTTP/1.1 GET http://localhost:5003/Home/Profile - 200 null text/html; charset=utf-8 1841.4599ms
2024-11-30 16:04:53.228 +01:00 [INF] Request starting HTTP/1.1 GET http://localhost:5003/js/bootstrap.js - null null
2024-11-30 16:04:53.228 +01:00 [INF] Request starting HTTP/1.1 GET http://localhost:5003/js/jquery.min.js - null null
2024-11-30 16:04:53.236 +01:00 [INF] Request finished HTTP/1.1 GET http://localhost:5003/js/bootstrap.js - 404 0 null 8.4051ms
2024-11-30 16:04:53.236 +01:00 [INF] Request finished HTTP/1.1 GET http://localhost:5003/js/jquery.min.js - 404 0 null 8.2709ms
2024-11-30 16:04:53.237 +01:00 [INF] Request reached the end of the middleware pipeline without being handled by application code. Request path: GET http://localhost:5003/js/bootstrap.js, Response status code: 404
2024-11-30 16:04:53.237 +01:00 [INF] Request reached the end of the middleware pipeline without being handled by application code. Request path: GET http://localhost:5003/js/jquery.min.js, Response status code: 404
2024-11-30 16:04:55.552 +01:00 [INF] Request starting HTTP/1.1 POST http://localhost:5003/Comment/AddCommentProfile - application/x-www-form-urlencoded 248
2024-11-30 16:04:55.588 +01:00 [INF] Executing endpoint 'SubApp1.Controllers.CommentController.AddCommentProfile (SubApp1)'
2024-11-30 16:04:55.592 +01:00 [INF] Route matched with {action = "AddCommentProfile", controller = "Comment", page = "", area = ""}. Executing controller action with signature Microsoft.AspNetCore.Mvc.IActionResult AddCommentProfile(Int32, System.String) on controller SubApp1.Controllers.CommentController (SubApp1).
2024-11-30 16:04:55.700 +01:00 [INF] Executing RedirectResult, redirecting to /Home/Profile.
2024-11-30 16:04:55.700 +01:00 [INF] Executed action SubApp1.Controllers.CommentController.AddCommentProfile (SubApp1) in 107.8604ms
2024-11-30 16:04:55.700 +01:00 [INF] Executed endpoint 'SubApp1.Controllers.CommentController.AddCommentProfile (SubApp1)'
2024-11-30 16:04:55.700 +01:00 [INF] Request finished HTTP/1.1 POST http://localhost:5003/Comment/AddCommentProfile - 302 0 null 148.3306ms
2024-11-30 16:04:55.702 +01:00 [INF] Request starting HTTP/1.1 GET http://localhost:5003/Home/Profile - null null
2024-11-30 16:04:55.704 +01:00 [INF] Executing endpoint 'SubApp1.Controllers.HomeController.Profile (SubApp1)'
2024-11-30 16:04:55.704 +01:00 [INF] Route matched with {action = "Profile", controller = "Home", page = "", area = ""}. Executing controller action with signature Microsoft.AspNetCore.Mvc.IActionResult Profile() on controller SubApp1.Controllers.HomeController (SubApp1).
2024-11-30 16:04:55.708 +01:00 [INF] Executing ViewResult, running view Profile.
2024-11-30 16:04:55.710 +01:00 [INF] Executed ViewResult - view Profile executed in 2.8774ms.
2024-11-30 16:04:55.710 +01:00 [INF] Executed action SubApp1.Controllers.HomeController.Profile (SubApp1) in 6.2744ms
2024-11-30 16:04:55.710 +01:00 [INF] Executed endpoint 'SubApp1.Controllers.HomeController.Profile (SubApp1)'
2024-11-30 16:04:55.711 +01:00 [INF] Request finished HTTP/1.1 GET http://localhost:5003/Home/Profile - 200 null text/html; charset=utf-8 8.6227ms
2024-11-30 16:04:55.724 +01:00 [INF] Request starting HTTP/1.1 GET http://localhost:5003/js/bootstrap.js - null null
2024-11-30 16:04:55.725 +01:00 [INF] Request starting HTTP/1.1 GET http://localhost:5003/js/jquery.min.js - null null
2024-11-30 16:04:55.726 +01:00 [INF] Request finished HTTP/1.1 GET http://localhost:5003/js/jquery.min.js - 404 0 null 1.6764ms
2024-11-30 16:04:55.726 +01:00 [INF] Request reached the end of the middleware pipeline without being handled by application code. Request path: GET http://localhost:5003/js/jquery.min.js, Response status code: 404
2024-11-30 16:04:55.738 +01:00 [INF] Request finished HTTP/1.1 GET http://localhost:5003/js/bootstrap.js - 404 0 null 13.7647ms
2024-11-30 16:04:55.738 +01:00 [INF] Request reached the end of the middleware pipeline without being handled by application code. Request path: GET http://localhost:5003/js/bootstrap.js, Response status code: 404
2024-11-30 16:05:53.740 +01:00 [INF] Request starting HTTP/1.1 GET http://localhost:5003/Home/Profile - null null
2024-11-30 16:05:53.741 +01:00 [INF] Executing endpoint 'SubApp1.Controllers.HomeController.Profile (SubApp1)'
2024-11-30 16:05:53.742 +01:00 [INF] Route matched with {action = "Profile", controller = "Home", page = "", area = ""}. Executing controller action with signature Microsoft.AspNetCore.Mvc.IActionResult Profile() on controller SubApp1.Controllers.HomeController (SubApp1).
2024-11-30 16:05:53.903 +01:00 [INF] Executing ViewResult, running view Profile.
2024-11-30 16:05:53.908 +01:00 [INF] Executed ViewResult - view Profile executed in 165.2778ms.
2024-11-30 16:05:53.908 +01:00 [INF] Executed action SubApp1.Controllers.HomeController.Profile (SubApp1) in 166.3959ms
2024-11-30 16:05:53.908 +01:00 [INF] Executed endpoint 'SubApp1.Controllers.HomeController.Profile (SubApp1)'
2024-11-30 16:05:53.908 +01:00 [INF] Request finished HTTP/1.1 GET http://localhost:5003/Home/Profile - 200 null text/html; charset=utf-8 168.1196ms
2024-11-30 16:05:53.920 +01:00 [INF] Request starting HTTP/1.1 GET http://localhost:5003/js/bootstrap.js - null null
2024-11-30 16:05:53.921 +01:00 [INF] Request starting HTTP/1.1 GET http://localhost:5003/js/jquery.min.js - null null
2024-11-30 16:05:53.921 +01:00 [INF] Request finished HTTP/1.1 GET http://localhost:5003/js/bootstrap.js - 404 0 null 1.3824ms
2024-11-30 16:05:53.921 +01:00 [INF] Request reached the end of the middleware pipeline without being handled by application code. Request path: GET http://localhost:5003/js/bootstrap.js, Response status code: 404
2024-11-30 16:05:53.922 +01:00 [INF] Request finished HTTP/1.1 GET http://localhost:5003/js/jquery.min.js - 404 0 null 1.2561ms
2024-11-30 16:05:53.922 +01:00 [INF] Request reached the end of the middleware pipeline without being handled by application code. Request path: GET http://localhost:5003/js/jquery.min.js, Response status code: 404
2024-11-30 16:05:55.807 +01:00 [INF] Application is shutting down...
