2024-11-30 21:33:28.766 +01:00 [INF] User profile is available. Using 'C:\Users\fatta\AppData\Local\ASP.NET\DataProtection-Keys' as key repository and Windows DPAPI to encrypt keys at rest.
2024-11-30 21:33:29.038 +01:00 [INF] Now listening on: http://localhost:5003
2024-11-30 21:33:29.043 +01:00 [INF] Application started. Press Ctrl+C to shut down.
2024-11-30 21:33:29.044 +01:00 [INF] Hosting environment: Development
2024-11-30 21:33:29.044 +01:00 [INF] Content root path: C:\Users\fatta\OneDrive\Dokumenter\Studie\Høst2024\ITPE3200Webapplikasjoner\FinalExam\CodeCraft\SubApp1
2024-11-30 21:33:32.993 +01:00 [INF] Request starting HTTP/1.1 GET http://localhost:5003/ - null null
2024-11-30 21:33:33.033 +01:00 [WRN] Failed to determine the https port for redirect.
2024-11-30 21:33:33.970 +01:00 [INF] Executing endpoint 'SubApp1.Controllers.HomeController.Index (SubApp1)'
2024-11-30 21:33:33.986 +01:00 [INF] Route matched with {action = "Index", controller = "Home", page = "", area = ""}. Executing controller action with signature Microsoft.AspNetCore.Mvc.IActionResult Index() on controller SubApp1.Controllers.HomeController (SubApp1).
2024-11-30 21:33:37.570 +01:00 [INF] Executing ViewResult, running view Index.
2024-11-30 21:33:38.241 +01:00 [INF] Executed ViewResult - view Index executed in 3781.7893ms.
2024-11-30 21:33:38.244 +01:00 [INF] Executed action SubApp1.Controllers.HomeController.Index (SubApp1) in 4256.7812ms
2024-11-30 21:33:38.244 +01:00 [INF] Executed endpoint 'SubApp1.Controllers.HomeController.Index (SubApp1)'
2024-11-30 21:33:38.251 +01:00 [INF] Request starting HTTP/1.1 GET http://localhost:5003/lib/bootstrap/dist/css/bootstrap.min.css - null null
2024-11-30 21:33:38.263 +01:00 [INF] Request starting HTTP/1.1 GET http://localhost:5003/SubApp1.styles.css?v=Sj13-RJCpeuwLSSZn5pveHertSYZb1e9rwkvuFa81K0 - null null
2024-11-30 21:33:38.264 +01:00 [INF] The file /SubApp1.styles.css was not modified
2024-11-30 21:33:38.264 +01:00 [INF] Request starting HTTP/1.1 GET http://localhost:5003/js/bootstrap.js - null null
2024-11-30 21:33:38.265 +01:00 [INF] Request finished HTTP/1.1 GET http://localhost:5003/SubApp1.styles.css?v=Sj13-RJCpeuwLSSZn5pveHertSYZb1e9rwkvuFa81K0 - 304 null text/css 1.6126ms
2024-11-30 21:33:38.266 +01:00 [INF] Request starting HTTP/1.1 GET http://localhost:5003/js/jquery.min.js - null null
2024-11-30 21:33:38.264 +01:00 [INF] The file /lib/bootstrap/dist/css/bootstrap.min.css was not modified
2024-11-30 21:33:38.267 +01:00 [INF] Request finished HTTP/1.1 GET http://localhost:5003/lib/bootstrap/dist/css/bootstrap.min.css - 304 null text/css 15.6365ms
2024-11-30 21:33:38.292 +01:00 [INF] Request finished HTTP/1.1 GET http://localhost:5003/ - 200 null text/html; charset=utf-8 5303.0331ms
2024-11-30 21:33:38.293 +01:00 [INF] Request starting HTTP/1.1 GET http://localhost:5003/css/site.css?v=ycKpAIn7uJNT_ONj-0DiU1up3EAn1fFHf8JLWS0Zdic - null null
2024-11-30 21:33:38.300 +01:00 [INF] Request starting HTTP/1.1 GET http://localhost:5003/Images/profile_zptbn0nj.mhn638685237669650945.png - null null
2024-11-30 21:33:38.300 +01:00 [INF] Request starting HTTP/1.1 GET http://localhost:5003/Images/profile_mu1fu0qy.541638682352465422474.png - null null
2024-11-30 21:33:38.301 +01:00 [INF] The file /Images/profile_zptbn0nj.mhn638685237669650945.png was not modified
2024-11-30 21:33:38.301 +01:00 [INF] The file /Images/profile_mu1fu0qy.541638682352465422474.png was not modified
2024-11-30 21:33:38.301 +01:00 [INF] Request finished HTTP/1.1 GET http://localhost:5003/Images/profile_zptbn0nj.mhn638685237669650945.png - 304 null image/png 0.5847ms
2024-11-30 21:33:38.301 +01:00 [INF] Request finished HTTP/1.1 GET http://localhost:5003/Images/profile_mu1fu0qy.541638682352465422474.png - 304 null image/png 0.6303ms
2024-11-30 21:33:38.305 +01:00 [INF] Request starting HTTP/1.1 GET http://localhost:5003/Images/quy2kjsl.44y638667085033516780.jpg - null null
2024-11-30 21:33:38.305 +01:00 [INF] The file /Images/quy2kjsl.44y638667085033516780.jpg was not modified
2024-11-30 21:33:38.305 +01:00 [INF] Request finished HTTP/1.1 GET http://localhost:5003/Images/quy2kjsl.44y638667085033516780.jpg - 304 null image/jpeg 0.7015ms
2024-11-30 21:33:38.306 +01:00 [INF] Request finished HTTP/1.1 GET http://localhost:5003/js/bootstrap.js - 404 0 null 41.2064ms
2024-11-30 21:33:38.306 +01:00 [INF] Request finished HTTP/1.1 GET http://localhost:5003/js/jquery.min.js - 404 0 null 39.7318ms
2024-11-30 21:33:38.307 +01:00 [INF] Request reached the end of the middleware pipeline without being handled by application code. Request path: GET http://localhost:5003/js/bootstrap.js, Response status code: 404
2024-11-30 21:33:38.307 +01:00 [INF] Request reached the end of the middleware pipeline without being handled by application code. Request path: GET http://localhost:5003/js/jquery.min.js, Response status code: 404
2024-11-30 21:33:38.308 +01:00 [INF] Sending file. Request path: '/css/site.css'. Physical path: 'C:\Users\fatta\OneDrive\Dokumenter\Studie\Høst2024\ITPE3200Webapplikasjoner\FinalExam\CodeCraft\SubApp1\wwwroot\css\site.css'
2024-11-30 21:33:38.308 +01:00 [INF] Request finished HTTP/1.1 GET http://localhost:5003/css/site.css?v=ycKpAIn7uJNT_ONj-0DiU1up3EAn1fFHf8JLWS0Zdic - 200 4735 text/css 15.243ms
2024-11-30 21:33:38.308 +01:00 [INF] Request starting HTTP/1.1 GET http://localhost:5003/lib/bootstrap/dist/js/bootstrap.bundle.min.js - null null
2024-11-30 21:33:38.308 +01:00 [INF] Request starting HTTP/1.1 GET http://localhost:5003/lib/jquery/dist/jquery.min.js - null null
2024-11-30 21:33:38.309 +01:00 [INF] The file /lib/jquery/dist/jquery.min.js was not modified
2024-11-30 21:33:38.309 +01:00 [INF] The file /lib/bootstrap/dist/js/bootstrap.bundle.min.js was not modified
2024-11-30 21:33:38.309 +01:00 [INF] Request finished HTTP/1.1 GET http://localhost:5003/lib/bootstrap/dist/js/bootstrap.bundle.min.js - 304 null text/javascript 0.4483ms
2024-11-30 21:33:38.309 +01:00 [INF] Request finished HTTP/1.1 GET http://localhost:5003/lib/jquery/dist/jquery.min.js - 304 null text/javascript 0.3851ms
2024-11-30 21:33:38.309 +01:00 [INF] Request starting HTTP/1.1 GET http://localhost:5003/js/site.js?v=hRQyftXiu1lLX2P9Ly9xa4gHJgLeR1uGN5qegUobtGo - null null
2024-11-30 21:33:38.309 +01:00 [INF] Request starting HTTP/1.1 GET http://localhost:5003/Images/243xe4ho.h0i638682324223715764.png - null null
2024-11-30 21:33:38.309 +01:00 [INF] The file /js/site.js was not modified
2024-11-30 21:33:38.309 +01:00 [INF] The file /Images/243xe4ho.h0i638682324223715764.png was not modified
2024-11-30 21:33:38.309 +01:00 [INF] Request finished HTTP/1.1 GET http://localhost:5003/js/site.js?v=hRQyftXiu1lLX2P9Ly9xa4gHJgLeR1uGN5qegUobtGo - 304 null text/javascript 0.3769ms
2024-11-30 21:33:38.309 +01:00 [INF] Request finished HTTP/1.1 GET http://localhost:5003/Images/243xe4ho.h0i638682324223715764.png - 304 null image/png 0.3445ms
