2024-12-02 07:14:56.078 +01:00 [INF] User profile is available. Using 'C:\Users\Thilo\AppData\Local\ASP.NET\DataProtection-Keys' as key repository and Windows DPAPI to encrypt keys at rest.
2024-12-02 07:14:56.724 +01:00 [INF] Now listening on: http://localhost:5003
2024-12-02 07:14:56.738 +01:00 [INF] Application started. Press Ctrl+C to shut down.
2024-12-02 07:14:56.739 +01:00 [INF] Hosting environment: Development
2024-12-02 07:14:56.740 +01:00 [INF] Content root path: C:\Users\Thilo\OneDrive\Dokumenter\GitHub\CodeCraft\SubApp1
2024-12-02 07:15:00.315 +01:00 [INF] Request starting HTTP/1.1 GET http://localhost:5003/ - null null
2024-12-02 07:15:00.370 +01:00 [WRN] Failed to determine the https port for redirect.
2024-12-02 07:15:02.933 +01:00 [INF] Executing endpoint 'SubApp1.Controllers.HomeController.Index (SubApp1)'
2024-12-02 07:15:02.950 +01:00 [INF] Route matched with {action = "Index", controller = "Home", page = "", area = ""}. Executing controller action with signature Microsoft.AspNetCore.Mvc.IActionResult Index() on controller SubApp1.Controllers.HomeController (SubApp1).
2024-12-02 07:15:08.148 +01:00 [INF] Executing ViewResult, running view Index.
2024-12-02 07:15:08.956 +01:00 [INF] Executed ViewResult - view Index executed in 5804.9843ms.
2024-12-02 07:15:08.960 +01:00 [INF] Executed action SubApp1.Controllers.HomeController.Index (SubApp1) in 6007.9693ms
2024-12-02 07:15:08.960 +01:00 [INF] Executed endpoint 'SubApp1.Controllers.HomeController.Index (SubApp1)'
2024-12-02 07:15:09.031 +01:00 [INF] Request finished HTTP/1.1 GET http://localhost:5003/ - 200 null text/html; charset=utf-8 8705.9227ms
2024-12-02 07:15:09.048 +01:00 [INF] Request starting HTTP/1.1 GET http://localhost:5003/css/site.css?v=pV67Zt3krVG2zUHMn5fk6N80QRMweT6IUpYpfyn4RSw - null null
2024-12-02 07:15:09.188 +01:00 [INF] The file /css/site.css was not modified
2024-12-02 07:15:09.189 +01:00 [INF] Request finished HTTP/1.1 GET http://localhost:5003/css/site.css?v=pV67Zt3krVG2zUHMn5fk6N80QRMweT6IUpYpfyn4RSw - 304 null text/css 141.8541ms
2024-12-02 07:15:13.634 +01:00 [INF] Request starting HTTP/1.1 POST http://localhost:5003/Comment/AddCommentIndex - application/x-www-form-urlencoded 254
2024-12-02 07:15:13.688 +01:00 [INF] Executing endpoint 'SubApp1.Controllers.CommentController.AddCommentIndex (SubApp1)'
2024-12-02 07:15:13.711 +01:00 [INF] Route matched with {action = "AddCommentIndex", controller = "Comment", page = "", area = ""}. Executing controller action with signature System.Threading.Tasks.Task`1[Microsoft.AspNetCore.Mvc.IActionResult] AddCommentIndex(Int32, System.String) on controller SubApp1.Controllers.CommentController (SubApp1).
2024-12-02 07:15:13.967 +01:00 [INF] Comment added successfully by user faa3d159-155d-4915-8e5c-7ccc3823c914 on post 42.
2024-12-02 07:15:13.970 +01:00 [INF] Executing RedirectResult, redirecting to /.
2024-12-02 07:15:13.970 +01:00 [INF] Executed action SubApp1.Controllers.CommentController.AddCommentIndex (SubApp1) in 259.0951ms
2024-12-02 07:15:13.970 +01:00 [INF] Executed endpoint 'SubApp1.Controllers.CommentController.AddCommentIndex (SubApp1)'
2024-12-02 07:15:13.971 +01:00 [INF] Request finished HTTP/1.1 POST http://localhost:5003/Comment/AddCommentIndex - 302 0 null 336.8938ms
2024-12-02 07:15:13.973 +01:00 [INF] Request starting HTTP/1.1 GET http://localhost:5003/ - null null
2024-12-02 07:15:14.141 +01:00 [INF] Executing endpoint 'SubApp1.Controllers.HomeController.Index (SubApp1)'
2024-12-02 07:15:14.142 +01:00 [INF] Route matched with {action = "Index", controller = "Home", page = "", area = ""}. Executing controller action with signature Microsoft.AspNetCore.Mvc.IActionResult Index() on controller SubApp1.Controllers.HomeController (SubApp1).
2024-12-02 07:15:14.159 +01:00 [INF] Executing ViewResult, running view Index.
2024-12-02 07:15:14.176 +01:00 [INF] Executed ViewResult - view Index executed in 16.7272ms.
2024-12-02 07:15:14.176 +01:00 [INF] Executed action SubApp1.Controllers.HomeController.Index (SubApp1) in 34.3644ms
2024-12-02 07:15:14.178 +01:00 [INF] Executed endpoint 'SubApp1.Controllers.HomeController.Index (SubApp1)'
2024-12-02 07:15:14.209 +01:00 [INF] Request finished HTTP/1.1 GET http://localhost:5003/ - 200 null text/html; charset=utf-8 235.2687ms
2024-12-02 07:15:14.215 +01:00 [INF] Request starting HTTP/1.1 GET http://localhost:5003/Images/profile_gc5w33u0.vtg638682783063798019.png - null null
2024-12-02 07:15:14.224 +01:00 [INF] Request finished HTTP/1.1 GET http://localhost:5003/Images/profile_gc5w33u0.vtg638682783063798019.png - 404 0 null 9.084ms
2024-12-02 07:15:14.225 +01:00 [INF] Request reached the end of the middleware pipeline without being handled by application code. Request path: GET http://localhost:5003/Images/profile_gc5w33u0.vtg638682783063798019.png, Response status code: 404
2024-12-02 07:15:26.063 +01:00 [INF] Request starting HTTP/1.1 POST http://localhost:5003/Comment/EditCommentIndex - application/x-www-form-urlencoded 260
2024-12-02 07:15:26.080 +01:00 [INF] Executing endpoint 'SubApp1.Controllers.CommentController.EditCommentIndex (SubApp1)'
2024-12-02 07:15:26.091 +01:00 [INF] Route matched with {action = "EditCommentIndex", controller = "Comment", page = "", area = ""}. Executing controller action with signature System.Threading.Tasks.Task`1[Microsoft.AspNetCore.Mvc.IActionResult] EditCommentIndex(Int32, System.String) on controller SubApp1.Controllers.CommentController (SubApp1).
2024-12-02 07:15:26.150 +01:00 [INF] Comment with ID 34 updated successfully.
2024-12-02 07:15:26.152 +01:00 [INF] Executing RedirectResult, redirecting to /.
2024-12-02 07:15:26.153 +01:00 [INF] Executed action SubApp1.Controllers.CommentController.EditCommentIndex (SubApp1) in 61.257ms
2024-12-02 07:15:26.153 +01:00 [INF] Executed endpoint 'SubApp1.Controllers.CommentController.EditCommentIndex (SubApp1)'
2024-12-02 07:15:26.153 +01:00 [INF] Request finished HTTP/1.1 POST http://localhost:5003/Comment/EditCommentIndex - 302 0 null 90.1986ms
2024-12-02 07:15:26.157 +01:00 [INF] Request starting HTTP/1.1 GET http://localhost:5003/ - null null
2024-12-02 07:15:26.160 +01:00 [INF] Executing endpoint 'SubApp1.Controllers.HomeController.Index (SubApp1)'
2024-12-02 07:15:26.161 +01:00 [INF] Route matched with {action = "Index", controller = "Home", page = "", area = ""}. Executing controller action with signature Microsoft.AspNetCore.Mvc.IActionResult Index() on controller SubApp1.Controllers.HomeController (SubApp1).
2024-12-02 07:15:26.176 +01:00 [INF] Executing ViewResult, running view Index.
2024-12-02 07:15:26.189 +01:00 [INF] Executed ViewResult - view Index executed in 12.648ms.
2024-12-02 07:15:26.190 +01:00 [INF] Executed action SubApp1.Controllers.HomeController.Index (SubApp1) in 29.319ms
2024-12-02 07:15:26.190 +01:00 [INF] Executed endpoint 'SubApp1.Controllers.HomeController.Index (SubApp1)'
2024-12-02 07:15:26.191 +01:00 [INF] Request finished HTTP/1.1 GET http://localhost:5003/ - 200 null text/html; charset=utf-8 33.6502ms
2024-12-02 07:15:26.218 +01:00 [INF] Request starting HTTP/1.1 GET http://localhost:5003/Images/profile_gc5w33u0.vtg638682783063798019.png - null null
2024-12-02 07:15:26.224 +01:00 [INF] Request finished HTTP/1.1 GET http://localhost:5003/Images/profile_gc5w33u0.vtg638682783063798019.png - 404 0 null 5.2735ms
2024-12-02 07:15:26.224 +01:00 [INF] Request reached the end of the middleware pipeline without being handled by application code. Request path: GET http://localhost:5003/Images/profile_gc5w33u0.vtg638682783063798019.png, Response status code: 404
2024-12-02 07:15:33.724 +01:00 [INF] Request starting HTTP/1.1 POST http://localhost:5003/Comment/DeleteCommentIndex - application/x-www-form-urlencoded 238
2024-12-02 07:15:33.730 +01:00 [INF] Executing endpoint 'SubApp1.Controllers.CommentController.DeleteCommentIndex (SubApp1)'
2024-12-02 07:15:33.739 +01:00 [INF] Route matched with {action = "DeleteCommentIndex", controller = "Comment", page = "", area = ""}. Executing controller action with signature System.Threading.Tasks.Task`1[Microsoft.AspNetCore.Mvc.IActionResult] DeleteCommentIndex(Int32) on controller SubApp1.Controllers.CommentController (SubApp1).
2024-12-02 07:15:33.818 +01:00 [INF] Comment with ID 34 deleted successfully.
2024-12-02 07:15:33.819 +01:00 [INF] Executing RedirectResult, redirecting to /.
2024-12-02 07:15:33.819 +01:00 [INF] Executed action SubApp1.Controllers.CommentController.DeleteCommentIndex (SubApp1) in 79.9246ms
2024-12-02 07:15:33.819 +01:00 [INF] Executed endpoint 'SubApp1.Controllers.CommentController.DeleteCommentIndex (SubApp1)'
2024-12-02 07:15:33.820 +01:00 [INF] Request finished HTTP/1.1 POST http://localhost:5003/Comment/DeleteCommentIndex - 302 0 null 95.551ms
2024-12-02 07:15:33.836 +01:00 [INF] Request starting HTTP/1.1 GET http://localhost:5003/ - null null
2024-12-02 07:15:33.848 +01:00 [INF] Executing endpoint 'SubApp1.Controllers.HomeController.Index (SubApp1)'
2024-12-02 07:15:33.849 +01:00 [INF] Route matched with {action = "Index", controller = "Home", page = "", area = ""}. Executing controller action with signature Microsoft.AspNetCore.Mvc.IActionResult Index() on controller SubApp1.Controllers.HomeController (SubApp1).
2024-12-02 07:15:33.864 +01:00 [INF] Executing ViewResult, running view Index.
2024-12-02 07:15:33.869 +01:00 [INF] Executed ViewResult - view Index executed in 4.9009ms.
2024-12-02 07:15:33.869 +01:00 [INF] Executed action SubApp1.Controllers.HomeController.Index (SubApp1) in 20.283ms
2024-12-02 07:15:33.869 +01:00 [INF] Executed endpoint 'SubApp1.Controllers.HomeController.Index (SubApp1)'
2024-12-02 07:15:33.869 +01:00 [INF] Request finished HTTP/1.1 GET http://localhost:5003/ - 200 null text/html; charset=utf-8 33.5247ms
2024-12-02 07:15:38.137 +01:00 [INF] Request starting HTTP/1.1 GET http://localhost:5003/Home/Profile - null null
2024-12-02 07:15:38.142 +01:00 [INF] Executing endpoint 'SubApp1.Controllers.HomeController.Profile (SubApp1)'
2024-12-02 07:15:38.147 +01:00 [INF] Route matched with {action = "Profile", controller = "Home", page = "", area = ""}. Executing controller action with signature Microsoft.AspNetCore.Mvc.IActionResult Profile() on controller SubApp1.Controllers.HomeController (SubApp1).
2024-12-02 07:15:38.204 +01:00 [INF] User with ID faa3d159-155d-4915-8e5c-7ccc3823c914 has no posts.
2024-12-02 07:15:38.813 +01:00 [INF] Executing ViewResult, running view Profile.
2024-12-02 07:15:38.829 +01:00 [INF] Executed ViewResult - view Profile executed in 609.3466ms.
2024-12-02 07:15:38.829 +01:00 [INF] Executed action SubApp1.Controllers.HomeController.Profile (SubApp1) in 682.1647ms
2024-12-02 07:15:38.829 +01:00 [INF] Executed endpoint 'SubApp1.Controllers.HomeController.Profile (SubApp1)'
2024-12-02 07:15:38.829 +01:00 [INF] Request finished HTTP/1.1 GET http://localhost:5003/Home/Profile - 200 null text/html; charset=utf-8 692.8384ms
2024-12-02 07:15:38.852 +01:00 [INF] Request starting HTTP/1.1 GET http://localhost:5003/Images/profile_gc5w33u0.vtg638682783063798019.png - null null
2024-12-02 07:15:38.861 +01:00 [INF] Request finished HTTP/1.1 GET http://localhost:5003/Images/profile_gc5w33u0.vtg638682783063798019.png - 404 0 null 9.1524ms
2024-12-02 07:15:38.861 +01:00 [INF] Request reached the end of the middleware pipeline without being handled by application code. Request path: GET http://localhost:5003/Images/profile_gc5w33u0.vtg638682783063798019.png, Response status code: 404
2024-12-02 07:15:43.316 +01:00 [INF] Request starting HTTP/1.1 GET http://localhost:5003/Identity/Account/Manage - null null
2024-12-02 07:15:43.844 +01:00 [INF] Executing endpoint '/Account/Manage/Index'
2024-12-02 07:15:44.115 +01:00 [INF] Route matched with {page = "/Account/Manage/Index", area = "Identity", action = "", controller = ""}. Executing page /Account/Manage/Index
2024-12-02 07:15:44.125 +01:00 [INF] Executing handler method SubApp1.Areas.Identity.Pages.Account.Manage.IndexModel.OnGetAsync - ModelState is "Valid"
2024-12-02 07:15:44.136 +01:00 [INF] Executed handler method OnGetAsync, returned result Microsoft.AspNetCore.Mvc.RazorPages.PageResult.
2024-12-02 07:15:44.819 +01:00 [INF] Executed page /Account/Manage/Index in 704.1385ms
2024-12-02 07:15:44.819 +01:00 [INF] Executed endpoint '/Account/Manage/Index'
2024-12-02 07:15:44.820 +01:00 [INF] Request finished HTTP/1.1 GET http://localhost:5003/Identity/Account/Manage - 200 null text/html; charset=utf-8 1503.6674ms
2024-12-02 07:15:52.383 +01:00 [INF] Request starting HTTP/1.1 POST http://localhost:5003/Identity/Account/Manage - multipart/form-data; boundary=----WebKitFormBoundary2Hd8wGHzteTcIF8B 619
2024-12-02 07:15:52.395 +01:00 [INF] Executing endpoint '/Account/Manage/Index'
2024-12-02 07:15:52.404 +01:00 [INF] Route matched with {page = "/Account/Manage/Index", area = "Identity", action = "", controller = ""}. Executing page /Account/Manage/Index
2024-12-02 07:15:52.486 +01:00 [INF] Executing handler method SubApp1.Areas.Identity.Pages.Account.Manage.IndexModel.OnPostAsync - ModelState is "Invalid"
2024-12-02 07:15:52.489 +01:00 [INF] Executed handler method OnPostAsync, returned result Microsoft.AspNetCore.Mvc.RazorPages.PageResult.
2024-12-02 07:15:52.493 +01:00 [INF] Executed page /Account/Manage/Index in 88.8067ms
2024-12-02 07:15:52.493 +01:00 [INF] Executed endpoint '/Account/Manage/Index'
2024-12-02 07:15:52.493 +01:00 [INF] Request finished HTTP/1.1 POST http://localhost:5003/Identity/Account/Manage - 200 null text/html; charset=utf-8 110.4118ms
2024-12-02 07:16:01.506 +01:00 [INF] Request starting HTTP/1.1 POST http://localhost:5003/Identity/Account/Manage - multipart/form-data; boundary=----WebKitFormBoundaryb5KaoEbyYy9ZfVAk 619
2024-12-02 07:16:01.508 +01:00 [INF] Executing endpoint '/Account/Manage/Index'
2024-12-02 07:16:01.509 +01:00 [INF] Route matched with {page = "/Account/Manage/Index", area = "Identity", action = "", controller = ""}. Executing page /Account/Manage/Index
2024-12-02 07:16:01.512 +01:00 [INF] Executing handler method SubApp1.Areas.Identity.Pages.Account.Manage.IndexModel.OnPostAsync - ModelState is "Valid"
2024-12-02 07:16:01.632 +01:00 [INF] AuthenticationScheme: Identity.Application signed in.
2024-12-02 07:16:01.633 +01:00 [INF] Executed handler method OnPostAsync, returned result Microsoft.AspNetCore.Mvc.RedirectToPageResult.
2024-12-02 07:16:01.638 +01:00 [INF] Executing RedirectToPageResult, redirecting to null.
2024-12-02 07:16:01.640 +01:00 [INF] Executed page /Account/Manage/Index in 130.6334ms
2024-12-02 07:16:01.640 +01:00 [INF] Executed endpoint '/Account/Manage/Index'
2024-12-02 07:16:01.640 +01:00 [INF] Request finished HTTP/1.1 POST http://localhost:5003/Identity/Account/Manage - 302 0 null 134.4682ms
2024-12-02 07:16:01.646 +01:00 [INF] Request starting HTTP/1.1 GET http://localhost:5003/Identity/Account/Manage - null null
2024-12-02 07:16:01.653 +01:00 [INF] Executing endpoint '/Account/Manage/Index'
2024-12-02 07:16:01.655 +01:00 [INF] Route matched with {page = "/Account/Manage/Index", area = "Identity", action = "", controller = ""}. Executing page /Account/Manage/Index
2024-12-02 07:16:01.657 +01:00 [INF] Executing handler method SubApp1.Areas.Identity.Pages.Account.Manage.IndexModel.OnGetAsync - ModelState is "Valid"
2024-12-02 07:16:01.659 +01:00 [INF] Executed handler method OnGetAsync, returned result Microsoft.AspNetCore.Mvc.RazorPages.PageResult.
2024-12-02 07:16:01.663 +01:00 [INF] Executed page /Account/Manage/Index in 7.252ms
2024-12-02 07:16:01.663 +01:00 [INF] Executed endpoint '/Account/Manage/Index'
2024-12-02 07:16:01.663 +01:00 [INF] Request finished HTTP/1.1 GET http://localhost:5003/Identity/Account/Manage - 200 null text/html; charset=utf-8 17.5108ms
2024-12-02 07:16:11.483 +01:00 [INF] Request starting HTTP/1.1 POST http://localhost:5003/Identity/Account/Manage - multipart/form-data; boundary=----WebKitFormBoundaryLMahmS2RqDhBB3B7 1377183
2024-12-02 07:16:11.488 +01:00 [INF] Executing endpoint '/Account/Manage/Index'
2024-12-02 07:16:11.490 +01:00 [INF] Route matched with {page = "/Account/Manage/Index", area = "Identity", action = "", controller = ""}. Executing page /Account/Manage/Index
2024-12-02 07:16:11.536 +01:00 [INF] Executing handler method SubApp1.Areas.Identity.Pages.Account.Manage.IndexModel.OnPostAsync - ModelState is "Valid"
2024-12-02 07:16:11.581 +01:00 [INF] AuthenticationScheme: Identity.Application signed in.
2024-12-02 07:16:11.584 +01:00 [INF] Executed handler method OnPostAsync, returned result Microsoft.AspNetCore.Mvc.RedirectToPageResult.
2024-12-02 07:16:11.592 +01:00 [INF] Executing RedirectToPageResult, redirecting to null.
2024-12-02 07:16:11.593 +01:00 [INF] Executed page /Account/Manage/Index in 102.9065ms
2024-12-02 07:16:11.594 +01:00 [INF] Executed endpoint '/Account/Manage/Index'
2024-12-02 07:16:11.598 +01:00 [INF] Request finished HTTP/1.1 POST http://localhost:5003/Identity/Account/Manage - 302 0 null 114.4925ms
2024-12-02 07:16:11.608 +01:00 [INF] Request starting HTTP/1.1 GET http://localhost:5003/Identity/Account/Manage - null null
2024-12-02 07:16:11.611 +01:00 [INF] Executing endpoint '/Account/Manage/Index'
2024-12-02 07:16:11.611 +01:00 [INF] Route matched with {page = "/Account/Manage/Index", area = "Identity", action = "", controller = ""}. Executing page /Account/Manage/Index
2024-12-02 07:16:11.612 +01:00 [INF] Executing handler method SubApp1.Areas.Identity.Pages.Account.Manage.IndexModel.OnGetAsync - ModelState is "Valid"
2024-12-02 07:16:11.619 +01:00 [INF] Executed handler method OnGetAsync, returned result Microsoft.AspNetCore.Mvc.RazorPages.PageResult.
2024-12-02 07:16:11.623 +01:00 [INF] Executed page /Account/Manage/Index in 11.855ms
2024-12-02 07:16:11.623 +01:00 [INF] Executed endpoint '/Account/Manage/Index'
2024-12-02 07:16:11.624 +01:00 [INF] Request finished HTTP/1.1 GET http://localhost:5003/Identity/Account/Manage - 200 null text/html; charset=utf-8 16.0736ms
2024-12-02 07:16:17.286 +01:00 [INF] Request starting HTTP/1.1 GET http://localhost:5003/ - null null
2024-12-02 07:16:17.289 +01:00 [INF] Executing endpoint 'SubApp1.Controllers.HomeController.Index (SubApp1)'
2024-12-02 07:16:17.289 +01:00 [INF] Route matched with {action = "Index", controller = "Home", page = "", area = ""}. Executing controller action with signature Microsoft.AspNetCore.Mvc.IActionResult Index() on controller SubApp1.Controllers.HomeController (SubApp1).
2024-12-02 07:16:17.303 +01:00 [INF] Executing ViewResult, running view Index.
2024-12-02 07:16:17.306 +01:00 [INF] Executed ViewResult - view Index executed in 2.2437ms.
2024-12-02 07:16:17.306 +01:00 [INF] Executed action SubApp1.Controllers.HomeController.Index (SubApp1) in 16.1424ms
2024-12-02 07:16:17.306 +01:00 [INF] Executed endpoint 'SubApp1.Controllers.HomeController.Index (SubApp1)'
2024-12-02 07:16:17.306 +01:00 [INF] Request finished HTTP/1.1 GET http://localhost:5003/ - 200 null text/html; charset=utf-8 20.0642ms
2024-12-02 07:16:22.436 +01:00 [INF] Request starting HTTP/1.1 GET http://localhost:5003/Home/Profile - null null
2024-12-02 07:16:22.440 +01:00 [INF] Executing endpoint 'SubApp1.Controllers.HomeController.Profile (SubApp1)'
2024-12-02 07:16:22.440 +01:00 [INF] Route matched with {action = "Profile", controller = "Home", page = "", area = ""}. Executing controller action with signature Microsoft.AspNetCore.Mvc.IActionResult Profile() on controller SubApp1.Controllers.HomeController (SubApp1).
2024-12-02 07:16:22.447 +01:00 [INF] User with ID faa3d159-155d-4915-8e5c-7ccc3823c914 has no posts.
2024-12-02 07:16:22.451 +01:00 [INF] Executing ViewResult, running view Profile.
2024-12-02 07:16:22.453 +01:00 [INF] Executed ViewResult - view Profile executed in 1.3375ms.
2024-12-02 07:16:22.453 +01:00 [INF] Executed action SubApp1.Controllers.HomeController.Profile (SubApp1) in 12.2175ms
2024-12-02 07:16:22.453 +01:00 [INF] Executed endpoint 'SubApp1.Controllers.HomeController.Profile (SubApp1)'
2024-12-02 07:16:22.453 +01:00 [INF] Request finished HTTP/1.1 GET http://localhost:5003/Home/Profile - 200 null text/html; charset=utf-8 16.8105ms
2024-12-02 07:16:22.494 +01:00 [INF] Request starting HTTP/1.1 GET http://localhost:5003/Images/profile_sjfsw30b.2jx638687205715419883.png - null null
2024-12-02 07:16:22.557 +01:00 [INF] Sending file. Request path: '/Images/profile_sjfsw30b.2jx638687205715419883.png'. Physical path: 'C:\Users\Thilo\OneDrive\Dokumenter\GitHub\CodeCraft\SubApp1\wwwroot\Images\profile_sjfsw30b.2jx638687205715419883.png'
2024-12-02 07:16:22.557 +01:00 [INF] Request finished HTTP/1.1 GET http://localhost:5003/Images/profile_sjfsw30b.2jx638687205715419883.png - 200 1376561 image/png 62.848ms
2024-12-02 07:16:25.627 +01:00 [INF] Request starting HTTP/1.1 GET http://localhost:5003/Identity/Account/Manage - null null
2024-12-02 07:16:25.630 +01:00 [INF] Executing endpoint '/Account/Manage/Index'
2024-12-02 07:16:25.630 +01:00 [INF] Route matched with {page = "/Account/Manage/Index", area = "Identity", action = "", controller = ""}. Executing page /Account/Manage/Index
2024-12-02 07:16:25.630 +01:00 [INF] Executing handler method SubApp1.Areas.Identity.Pages.Account.Manage.IndexModel.OnGetAsync - ModelState is "Valid"
2024-12-02 07:16:25.632 +01:00 [INF] Executed handler method OnGetAsync, returned result Microsoft.AspNetCore.Mvc.RazorPages.PageResult.
2024-12-02 07:16:25.635 +01:00 [INF] Executed page /Account/Manage/Index in 5.0093ms
2024-12-02 07:16:25.635 +01:00 [INF] Executed endpoint '/Account/Manage/Index'
2024-12-02 07:16:25.635 +01:00 [INF] Request finished HTTP/1.1 GET http://localhost:5003/Identity/Account/Manage - 200 null text/html; charset=utf-8 8.1351ms
2024-12-02 07:16:27.986 +01:00 [INF] Request starting HTTP/1.1 GET http://localhost:5003/Home/Profile - null null
2024-12-02 07:16:27.989 +01:00 [INF] Executing endpoint 'SubApp1.Controllers.HomeController.Profile (SubApp1)'
2024-12-02 07:16:27.989 +01:00 [INF] Route matched with {action = "Profile", controller = "Home", page = "", area = ""}. Executing controller action with signature Microsoft.AspNetCore.Mvc.IActionResult Profile() on controller SubApp1.Controllers.HomeController (SubApp1).
2024-12-02 07:16:27.991 +01:00 [INF] User with ID faa3d159-155d-4915-8e5c-7ccc3823c914 has no posts.
2024-12-02 07:16:27.993 +01:00 [INF] Executing ViewResult, running view Profile.
2024-12-02 07:16:27.994 +01:00 [INF] Executed ViewResult - view Profile executed in 1.5923ms.
2024-12-02 07:16:27.995 +01:00 [INF] Executed action SubApp1.Controllers.HomeController.Profile (SubApp1) in 5.0395ms
2024-12-02 07:16:27.995 +01:00 [INF] Executed endpoint 'SubApp1.Controllers.HomeController.Profile (SubApp1)'
2024-12-02 07:16:27.995 +01:00 [INF] Request finished HTTP/1.1 GET http://localhost:5003/Home/Profile - 200 null text/html; charset=utf-8 8.3877ms
2024-12-02 07:16:28.040 +01:00 [INF] Request starting HTTP/1.1 GET http://localhost:5003/Images/profile_sjfsw30b.2jx638687205715419883.png - null null
2024-12-02 07:16:28.041 +01:00 [INF] The file /Images/profile_sjfsw30b.2jx638687205715419883.png was not modified
2024-12-02 07:16:28.041 +01:00 [INF] Request finished HTTP/1.1 GET http://localhost:5003/Images/profile_sjfsw30b.2jx638687205715419883.png - 304 null image/png 0.7472ms
2024-12-02 07:16:32.086 +01:00 [INF] Request starting HTTP/1.1 POST http://localhost:5003/Post/CreatePostProfile - multipart/form-data; boundary=----WebKitFormBoundaryBCzwkGBhenAuVKAB 607
2024-12-02 07:16:32.089 +01:00 [INF] Executing endpoint 'SubApp1.Controllers.PostController.CreatePostProfile (SubApp1)'
2024-12-02 07:16:32.096 +01:00 [INF] Route matched with {action = "CreatePostProfile", controller = "Post", page = "", area = ""}. Executing controller action with signature System.Threading.Tasks.Task`1[Microsoft.AspNetCore.Mvc.IActionResult] CreatePostProfile(System.String, Microsoft.AspNetCore.Http.IFormFile) on controller SubApp1.Controllers.PostController (SubApp1).
2024-12-02 07:16:32.105 +01:00 [INF] Executed action SubApp1.Controllers.PostController.CreatePostProfile (SubApp1) in 9.1234ms
2024-12-02 07:16:32.106 +01:00 [INF] Executed endpoint 'SubApp1.Controllers.PostController.CreatePostProfile (SubApp1)'
2024-12-02 07:16:32.130 +01:00 [ERR] An unhandled exception has occurred while executing the request.
System.NullReferenceException: Object reference not set to an instance of an object.
   at SubApp1.Controllers.PostController.CreatePostProfile(String PostContent, IFormFile PostImage) in C:\Users\Thilo\OneDrive\Dokumenter\GitHub\CodeCraft\SubApp1\Controllers\PostController.cs:line 44
   at Microsoft.AspNetCore.Mvc.Infrastructure.ActionMethodExecutor.TaskOfIActionResultExecutor.Execute(ActionContext actionContext, IActionResultTypeMapper mapper, ObjectMethodExecutor executor, Object controller, Object[] arguments)
   at Microsoft.AspNetCore.Mvc.Infrastructure.ControllerActionInvoker.<InvokeActionMethodAsync>g__Awaited|12_0(ControllerActionInvoker invoker, ValueTask`1 actionResultValueTask)
   at Microsoft.AspNetCore.Mvc.Infrastructure.ControllerActionInvoker.<InvokeNextActionFilterAsync>g__Awaited|10_0(ControllerActionInvoker invoker, Task lastTask, State next, Scope scope, Object state, Boolean isCompleted)
   at Microsoft.AspNetCore.Mvc.Infrastructure.ControllerActionInvoker.Rethrow(ActionExecutedContextSealed context)
   at Microsoft.AspNetCore.Mvc.Infrastructure.ControllerActionInvoker.Next(State& next, Scope& scope, Object& state, Boolean& isCompleted)
   at Microsoft.AspNetCore.Mvc.Infrastructure.ControllerActionInvoker.InvokeInnerFilterAsync()
--- End of stack trace from previous location ---
   at Microsoft.AspNetCore.Mvc.Infrastructure.ResourceInvoker.<InvokeNextResourceFilter>g__Awaited|25_0(ResourceInvoker invoker, Task lastTask, State next, Scope scope, Object state, Boolean isCompleted)
   at Microsoft.AspNetCore.Mvc.Infrastructure.ResourceInvoker.Rethrow(ResourceExecutedContextSealed context)
   at Microsoft.AspNetCore.Mvc.Infrastructure.ResourceInvoker.Next(State& next, Scope& scope, Object& state, Boolean& isCompleted)
   at Microsoft.AspNetCore.Mvc.Infrastructure.ResourceInvoker.InvokeFilterPipelineAsync()
--- End of stack trace from previous location ---
   at Microsoft.AspNetCore.Mvc.Infrastructure.ResourceInvoker.<InvokeAsync>g__Logged|17_1(ResourceInvoker invoker)
   at Microsoft.AspNetCore.Mvc.Infrastructure.ResourceInvoker.<InvokeAsync>g__Logged|17_1(ResourceInvoker invoker)
   at Microsoft.AspNetCore.Routing.EndpointMiddleware.<Invoke>g__AwaitRequestTask|7_0(Endpoint endpoint, Task requestTask, ILogger logger)
   at Microsoft.AspNetCore.Authorization.AuthorizationMiddleware.Invoke(HttpContext context)
   at Microsoft.AspNetCore.Authentication.AuthenticationMiddleware.Invoke(HttpContext context)
   at Microsoft.AspNetCore.Diagnostics.DeveloperExceptionPageMiddlewareImpl.Invoke(HttpContext context)
2024-12-02 07:16:32.170 +01:00 [INF] Request finished HTTP/1.1 POST http://localhost:5003/Post/CreatePostProfile - 500 null text/html; charset=utf-8 84.3729ms
2024-12-02 07:18:53.257 +01:00 [INF] Request starting HTTP/1.1 GET http://localhost:5003/Home/Profile - null null
2024-12-02 07:18:53.259 +01:00 [INF] Executing endpoint 'SubApp1.Controllers.HomeController.Profile (SubApp1)'
2024-12-02 07:18:53.259 +01:00 [INF] Route matched with {action = "Profile", controller = "Home", page = "", area = ""}. Executing controller action with signature Microsoft.AspNetCore.Mvc.IActionResult Profile() on controller SubApp1.Controllers.HomeController (SubApp1).
2024-12-02 07:18:53.262 +01:00 [INF] User with ID faa3d159-155d-4915-8e5c-7ccc3823c914 has no posts.
2024-12-02 07:18:53.263 +01:00 [INF] Executing ViewResult, running view Profile.
2024-12-02 07:18:53.267 +01:00 [INF] Executed ViewResult - view Profile executed in 3.5972ms.
2024-12-02 07:18:53.267 +01:00 [INF] Executed action SubApp1.Controllers.HomeController.Profile (SubApp1) in 7.4786ms
2024-12-02 07:18:53.267 +01:00 [INF] Executed endpoint 'SubApp1.Controllers.HomeController.Profile (SubApp1)'
2024-12-02 07:18:53.267 +01:00 [INF] Request finished HTTP/1.1 GET http://localhost:5003/Home/Profile - 200 null text/html; charset=utf-8 10.6705ms
2024-12-02 07:18:55.473 +01:00 [INF] Request starting HTTP/1.1 POST http://localhost:5003/Post/CreatePostProfile - multipart/form-data; boundary=----WebKitFormBoundarypqRlUeZIfosujRb7 607
2024-12-02 07:18:55.483 +01:00 [INF] Executing endpoint 'SubApp1.Controllers.PostController.CreatePostProfile (SubApp1)'
2024-12-02 07:18:55.483 +01:00 [INF] Route matched with {action = "CreatePostProfile", controller = "Post", page = "", area = ""}. Executing controller action with signature System.Threading.Tasks.Task`1[Microsoft.AspNetCore.Mvc.IActionResult] CreatePostProfile(System.String, Microsoft.AspNetCore.Http.IFormFile) on controller SubApp1.Controllers.PostController (SubApp1).
2024-12-02 07:18:55.487 +01:00 [INF] Executed action SubApp1.Controllers.PostController.CreatePostProfile (SubApp1) in 3.6701ms
2024-12-02 07:18:55.487 +01:00 [INF] Executed endpoint 'SubApp1.Controllers.PostController.CreatePostProfile (SubApp1)'
2024-12-02 07:18:55.491 +01:00 [ERR] An unhandled exception has occurred while executing the request.
System.NullReferenceException: Object reference not set to an instance of an object.
   at SubApp1.Controllers.PostController.CreatePostProfile(String PostContent, IFormFile PostImage) in C:\Users\Thilo\OneDrive\Dokumenter\GitHub\CodeCraft\SubApp1\Controllers\PostController.cs:line 44
   at Microsoft.AspNetCore.Mvc.Infrastructure.ActionMethodExecutor.TaskOfIActionResultExecutor.Execute(ActionContext actionContext, IActionResultTypeMapper mapper, ObjectMethodExecutor executor, Object controller, Object[] arguments)
   at Microsoft.AspNetCore.Mvc.Infrastructure.ControllerActionInvoker.<InvokeActionMethodAsync>g__Awaited|12_0(ControllerActionInvoker invoker, ValueTask`1 actionResultValueTask)
   at Microsoft.AspNetCore.Mvc.Infrastructure.ControllerActionInvoker.<InvokeNextActionFilterAsync>g__Awaited|10_0(ControllerActionInvoker invoker, Task lastTask, State next, Scope scope, Object state, Boolean isCompleted)
   at Microsoft.AspNetCore.Mvc.Infrastructure.ControllerActionInvoker.Rethrow(ActionExecutedContextSealed context)
   at Microsoft.AspNetCore.Mvc.Infrastructure.ControllerActionInvoker.Next(State& next, Scope& scope, Object& state, Boolean& isCompleted)
   at Microsoft.AspNetCore.Mvc.Infrastructure.ControllerActionInvoker.InvokeInnerFilterAsync()
--- End of stack trace from previous location ---
   at Microsoft.AspNetCore.Mvc.Infrastructure.ResourceInvoker.<InvokeNextResourceFilter>g__Awaited|25_0(ResourceInvoker invoker, Task lastTask, State next, Scope scope, Object state, Boolean isCompleted)
   at Microsoft.AspNetCore.Mvc.Infrastructure.ResourceInvoker.Rethrow(ResourceExecutedContextSealed context)
   at Microsoft.AspNetCore.Mvc.Infrastructure.ResourceInvoker.Next(State& next, Scope& scope, Object& state, Boolean& isCompleted)
   at Microsoft.AspNetCore.Mvc.Infrastructure.ResourceInvoker.InvokeFilterPipelineAsync()
--- End of stack trace from previous location ---
   at Microsoft.AspNetCore.Mvc.Infrastructure.ResourceInvoker.<InvokeAsync>g__Logged|17_1(ResourceInvoker invoker)
   at Microsoft.AspNetCore.Mvc.Infrastructure.ResourceInvoker.<InvokeAsync>g__Logged|17_1(ResourceInvoker invoker)
   at Microsoft.AspNetCore.Routing.EndpointMiddleware.<Invoke>g__AwaitRequestTask|7_0(Endpoint endpoint, Task requestTask, ILogger logger)
   at Microsoft.AspNetCore.Authorization.AuthorizationMiddleware.Invoke(HttpContext context)
   at Microsoft.AspNetCore.Authentication.AuthenticationMiddleware.Invoke(HttpContext context)
   at Microsoft.AspNetCore.Diagnostics.DeveloperExceptionPageMiddlewareImpl.Invoke(HttpContext context)
2024-12-02 07:18:55.501 +01:00 [INF] Request finished HTTP/1.1 POST http://localhost:5003/Post/CreatePostProfile - 500 null text/html; charset=utf-8 28.7405ms
2024-12-02 07:19:59.674 +01:00 [INF] Request starting HTTP/1.1 GET http://localhost:5003/Home/Profile - null null
2024-12-02 07:19:59.680 +01:00 [INF] Executing endpoint 'SubApp1.Controllers.HomeController.Profile (SubApp1)'
2024-12-02 07:19:59.680 +01:00 [INF] Route matched with {action = "Profile", controller = "Home", page = "", area = ""}. Executing controller action with signature Microsoft.AspNetCore.Mvc.IActionResult Profile() on controller SubApp1.Controllers.HomeController (SubApp1).
2024-12-02 07:19:59.681 +01:00 [INF] User with ID faa3d159-155d-4915-8e5c-7ccc3823c914 has no posts.
2024-12-02 07:19:59.684 +01:00 [INF] Executing ViewResult, running view Profile.
2024-12-02 07:19:59.687 +01:00 [INF] Executed ViewResult - view Profile executed in 2.8311ms.
2024-12-02 07:19:59.687 +01:00 [INF] Executed action SubApp1.Controllers.HomeController.Profile (SubApp1) in 6.9915ms
2024-12-02 07:19:59.687 +01:00 [INF] Executed endpoint 'SubApp1.Controllers.HomeController.Profile (SubApp1)'
2024-12-02 07:19:59.688 +01:00 [INF] Request finished HTTP/1.1 GET http://localhost:5003/Home/Profile - 200 null text/html; charset=utf-8 13.4424ms
2024-12-02 07:20:05.364 +01:00 [INF] Request starting HTTP/1.1 POST http://localhost:5003/Post/CreatePostProfile - multipart/form-data; boundary=----WebKitFormBoundaryNzYihUXrl2KpFf77 1377171
2024-12-02 07:20:05.370 +01:00 [INF] Executing endpoint 'SubApp1.Controllers.PostController.CreatePostProfile (SubApp1)'
2024-12-02 07:20:05.370 +01:00 [INF] Route matched with {action = "CreatePostProfile", controller = "Post", page = "", area = ""}. Executing controller action with signature System.Threading.Tasks.Task`1[Microsoft.AspNetCore.Mvc.IActionResult] CreatePostProfile(System.String, Microsoft.AspNetCore.Http.IFormFile) on controller SubApp1.Controllers.PostController (SubApp1).
2024-12-02 07:20:05.430 +01:00 [INF] Post created successfully by user faa3d159-155d-4915-8e5c-7ccc3823c914.
2024-12-02 07:20:05.433 +01:00 [INF] Executing RedirectResult, redirecting to /Home/Profile.
2024-12-02 07:20:05.433 +01:00 [INF] Executed action SubApp1.Controllers.PostController.CreatePostProfile (SubApp1) in 62.8567ms
2024-12-02 07:20:05.433 +01:00 [INF] Executed endpoint 'SubApp1.Controllers.PostController.CreatePostProfile (SubApp1)'
2024-12-02 07:20:05.434 +01:00 [INF] Request finished HTTP/1.1 POST http://localhost:5003/Post/CreatePostProfile - 302 0 null 70.4675ms
2024-12-02 07:20:05.436 +01:00 [INF] Request starting HTTP/1.1 GET http://localhost:5003/Home/Profile - null null
2024-12-02 07:20:05.438 +01:00 [INF] Executing endpoint 'SubApp1.Controllers.HomeController.Profile (SubApp1)'
2024-12-02 07:20:05.438 +01:00 [INF] Route matched with {action = "Profile", controller = "Home", page = "", area = ""}. Executing controller action with signature Microsoft.AspNetCore.Mvc.IActionResult Profile() on controller SubApp1.Controllers.HomeController (SubApp1).
2024-12-02 07:20:05.441 +01:00 [INF] Executing ViewResult, running view Profile.
2024-12-02 07:20:05.452 +01:00 [INF] Executed ViewResult - view Profile executed in 10.6592ms.
2024-12-02 07:20:05.452 +01:00 [INF] Executed action SubApp1.Controllers.HomeController.Profile (SubApp1) in 13.0947ms
2024-12-02 07:20:05.452 +01:00 [INF] Executed endpoint 'SubApp1.Controllers.HomeController.Profile (SubApp1)'
2024-12-02 07:20:05.452 +01:00 [INF] Request finished HTTP/1.1 GET http://localhost:5003/Home/Profile - 200 null text/html; charset=utf-8 15.649ms
2024-12-02 07:20:05.491 +01:00 [INF] Request starting HTTP/1.1 GET http://localhost:5003/Images/h3uovd0t.1tf.png - null null
2024-12-02 07:20:05.491 +01:00 [INF] Request starting HTTP/1.1 GET http://localhost:5003/Images/profile_sjfsw30b.2jx638687205715419883.png - null null
2024-12-02 07:20:05.492 +01:00 [INF] The file /Images/profile_sjfsw30b.2jx638687205715419883.png was not modified
2024-12-02 07:20:05.492 +01:00 [INF] Request finished HTTP/1.1 GET http://localhost:5003/Images/profile_sjfsw30b.2jx638687205715419883.png - 304 null image/png 1.6065ms
2024-12-02 07:20:05.504 +01:00 [INF] Sending file. Request path: '/Images/h3uovd0t.1tf.png'. Physical path: 'C:\Users\Thilo\OneDrive\Dokumenter\GitHub\CodeCraft\SubApp1\wwwroot\Images\h3uovd0t.1tf.png'
2024-12-02 07:20:05.504 +01:00 [INF] Request finished HTTP/1.1 GET http://localhost:5003/Images/h3uovd0t.1tf.png - 200 1376561 image/png 12.9966ms
2024-12-02 07:20:11.674 +01:00 [INF] Request starting HTTP/1.1 POST http://localhost:5003/Post/CreatePostProfile - multipart/form-data; boundary=----WebKitFormBoundaryBzMwRO7DMssDP75b 605
2024-12-02 07:20:11.677 +01:00 [INF] Executing endpoint 'SubApp1.Controllers.PostController.CreatePostProfile (SubApp1)'
2024-12-02 07:20:11.677 +01:00 [INF] Route matched with {action = "CreatePostProfile", controller = "Post", page = "", area = ""}. Executing controller action with signature System.Threading.Tasks.Task`1[Microsoft.AspNetCore.Mvc.IActionResult] CreatePostProfile(System.String, Microsoft.AspNetCore.Http.IFormFile) on controller SubApp1.Controllers.PostController (SubApp1).
2024-12-02 07:20:11.679 +01:00 [INF] Executed action SubApp1.Controllers.PostController.CreatePostProfile (SubApp1) in 1.9079ms
2024-12-02 07:20:11.679 +01:00 [INF] Executed endpoint 'SubApp1.Controllers.PostController.CreatePostProfile (SubApp1)'
2024-12-02 07:20:11.684 +01:00 [ERR] An unhandled exception has occurred while executing the request.
System.NullReferenceException: Object reference not set to an instance of an object.
   at SubApp1.Controllers.PostController.CreatePostProfile(String PostContent, IFormFile PostImage) in C:\Users\Thilo\OneDrive\Dokumenter\GitHub\CodeCraft\SubApp1\Controllers\PostController.cs:line 44
   at Microsoft.AspNetCore.Mvc.Infrastructure.ActionMethodExecutor.TaskOfIActionResultExecutor.Execute(ActionContext actionContext, IActionResultTypeMapper mapper, ObjectMethodExecutor executor, Object controller, Object[] arguments)
   at Microsoft.AspNetCore.Mvc.Infrastructure.ControllerActionInvoker.<InvokeActionMethodAsync>g__Awaited|12_0(ControllerActionInvoker invoker, ValueTask`1 actionResultValueTask)
   at Microsoft.AspNetCore.Mvc.Infrastructure.ControllerActionInvoker.<InvokeNextActionFilterAsync>g__Awaited|10_0(ControllerActionInvoker invoker, Task lastTask, State next, Scope scope, Object state, Boolean isCompleted)
   at Microsoft.AspNetCore.Mvc.Infrastructure.ControllerActionInvoker.Rethrow(ActionExecutedContextSealed context)
   at Microsoft.AspNetCore.Mvc.Infrastructure.ControllerActionInvoker.Next(State& next, Scope& scope, Object& state, Boolean& isCompleted)
   at Microsoft.AspNetCore.Mvc.Infrastructure.ControllerActionInvoker.InvokeInnerFilterAsync()
--- End of stack trace from previous location ---
   at Microsoft.AspNetCore.Mvc.Infrastructure.ResourceInvoker.<InvokeNextResourceFilter>g__Awaited|25_0(ResourceInvoker invoker, Task lastTask, State next, Scope scope, Object state, Boolean isCompleted)
   at Microsoft.AspNetCore.Mvc.Infrastructure.ResourceInvoker.Rethrow(ResourceExecutedContextSealed context)
   at Microsoft.AspNetCore.Mvc.Infrastructure.ResourceInvoker.Next(State& next, Scope& scope, Object& state, Boolean& isCompleted)
   at Microsoft.AspNetCore.Mvc.Infrastructure.ResourceInvoker.InvokeFilterPipelineAsync()
--- End of stack trace from previous location ---
   at Microsoft.AspNetCore.Mvc.Infrastructure.ResourceInvoker.<InvokeAsync>g__Logged|17_1(ResourceInvoker invoker)
   at Microsoft.AspNetCore.Mvc.Infrastructure.ResourceInvoker.<InvokeAsync>g__Logged|17_1(ResourceInvoker invoker)
   at Microsoft.AspNetCore.Routing.EndpointMiddleware.<Invoke>g__AwaitRequestTask|7_0(Endpoint endpoint, Task requestTask, ILogger logger)
   at Microsoft.AspNetCore.Authorization.AuthorizationMiddleware.Invoke(HttpContext context)
   at Microsoft.AspNetCore.Authentication.AuthenticationMiddleware.Invoke(HttpContext context)
   at Microsoft.AspNetCore.Diagnostics.DeveloperExceptionPageMiddlewareImpl.Invoke(HttpContext context)
2024-12-02 07:20:11.691 +01:00 [INF] Request finished HTTP/1.1 POST http://localhost:5003/Post/CreatePostProfile - 500 null text/html; charset=utf-8 16.9684ms
2024-12-02 07:20:13.676 +01:00 [INF] Request starting HTTP/1.1 GET http://localhost:5003/Home/Profile - null null
2024-12-02 07:20:13.678 +01:00 [INF] Executing endpoint 'SubApp1.Controllers.HomeController.Profile (SubApp1)'
2024-12-02 07:20:13.678 +01:00 [INF] Route matched with {action = "Profile", controller = "Home", page = "", area = ""}. Executing controller action with signature Microsoft.AspNetCore.Mvc.IActionResult Profile() on controller SubApp1.Controllers.HomeController (SubApp1).
2024-12-02 07:20:13.682 +01:00 [INF] Executing ViewResult, running view Profile.
2024-12-02 07:20:13.685 +01:00 [INF] Executed ViewResult - view Profile executed in 3.3292ms.
2024-12-02 07:20:13.685 +01:00 [INF] Executed action SubApp1.Controllers.HomeController.Profile (SubApp1) in 6.7401ms
2024-12-02 07:20:13.685 +01:00 [INF] Executed endpoint 'SubApp1.Controllers.HomeController.Profile (SubApp1)'
2024-12-02 07:20:13.685 +01:00 [INF] Request finished HTTP/1.1 GET http://localhost:5003/Home/Profile - 200 null text/html; charset=utf-8 9.0374ms
2024-12-02 07:27:10.182 +01:00 [INF] Request starting HTTP/1.1 POST http://localhost:5003/Post/CreatePostProfile - multipart/form-data; boundary=----WebKitFormBoundaryKgw535EzRPOzqDBj 605
2024-12-02 07:27:10.191 +01:00 [INF] Executing endpoint 'SubApp1.Controllers.PostController.CreatePostProfile (SubApp1)'
2024-12-02 07:27:10.192 +01:00 [INF] Route matched with {action = "CreatePostProfile", controller = "Post", page = "", area = ""}. Executing controller action with signature System.Threading.Tasks.Task`1[Microsoft.AspNetCore.Mvc.IActionResult] CreatePostProfile(System.String, Microsoft.AspNetCore.Http.IFormFile) on controller SubApp1.Controllers.PostController (SubApp1).
2024-12-02 07:27:10.193 +01:00 [INF] Executed action SubApp1.Controllers.PostController.CreatePostProfile (SubApp1) in 1.1904ms
2024-12-02 07:27:10.193 +01:00 [INF] Executed endpoint 'SubApp1.Controllers.PostController.CreatePostProfile (SubApp1)'
2024-12-02 07:27:10.200 +01:00 [ERR] An unhandled exception has occurred while executing the request.
System.NullReferenceException: Object reference not set to an instance of an object.
   at SubApp1.Controllers.PostController.CreatePostProfile(String PostContent, IFormFile PostImage) in C:\Users\Thilo\OneDrive\Dokumenter\GitHub\CodeCraft\SubApp1\Controllers\PostController.cs:line 44
   at Microsoft.AspNetCore.Mvc.Infrastructure.ActionMethodExecutor.TaskOfIActionResultExecutor.Execute(ActionContext actionContext, IActionResultTypeMapper mapper, ObjectMethodExecutor executor, Object controller, Object[] arguments)
   at Microsoft.AspNetCore.Mvc.Infrastructure.ControllerActionInvoker.<InvokeActionMethodAsync>g__Awaited|12_0(ControllerActionInvoker invoker, ValueTask`1 actionResultValueTask)
   at Microsoft.AspNetCore.Mvc.Infrastructure.ControllerActionInvoker.<InvokeNextActionFilterAsync>g__Awaited|10_0(ControllerActionInvoker invoker, Task lastTask, State next, Scope scope, Object state, Boolean isCompleted)
   at Microsoft.AspNetCore.Mvc.Infrastructure.ControllerActionInvoker.Rethrow(ActionExecutedContextSealed context)
   at Microsoft.AspNetCore.Mvc.Infrastructure.ControllerActionInvoker.Next(State& next, Scope& scope, Object& state, Boolean& isCompleted)
   at Microsoft.AspNetCore.Mvc.Infrastructure.ControllerActionInvoker.InvokeInnerFilterAsync()
--- End of stack trace from previous location ---
   at Microsoft.AspNetCore.Mvc.Infrastructure.ResourceInvoker.<InvokeNextResourceFilter>g__Awaited|25_0(ResourceInvoker invoker, Task lastTask, State next, Scope scope, Object state, Boolean isCompleted)
   at Microsoft.AspNetCore.Mvc.Infrastructure.ResourceInvoker.Rethrow(ResourceExecutedContextSealed context)
   at Microsoft.AspNetCore.Mvc.Infrastructure.ResourceInvoker.Next(State& next, Scope& scope, Object& state, Boolean& isCompleted)
   at Microsoft.AspNetCore.Mvc.Infrastructure.ResourceInvoker.InvokeFilterPipelineAsync()
--- End of stack trace from previous location ---
   at Microsoft.AspNetCore.Mvc.Infrastructure.ResourceInvoker.<InvokeAsync>g__Logged|17_1(ResourceInvoker invoker)
   at Microsoft.AspNetCore.Mvc.Infrastructure.ResourceInvoker.<InvokeAsync>g__Logged|17_1(ResourceInvoker invoker)
   at Microsoft.AspNetCore.Routing.EndpointMiddleware.<Invoke>g__AwaitRequestTask|7_0(Endpoint endpoint, Task requestTask, ILogger logger)
   at Microsoft.AspNetCore.Authorization.AuthorizationMiddleware.Invoke(HttpContext context)
   at Microsoft.AspNetCore.Authentication.AuthenticationMiddleware.Invoke(HttpContext context)
   at Microsoft.AspNetCore.Diagnostics.DeveloperExceptionPageMiddlewareImpl.Invoke(HttpContext context)
2024-12-02 07:27:10.209 +01:00 [INF] Request finished HTTP/1.1 POST http://localhost:5003/Post/CreatePostProfile - 500 null text/html; charset=utf-8 27.8837ms
2024-12-02 07:27:13.228 +01:00 [INF] Request starting HTTP/1.1 GET http://localhost:5003/Home/Profile - null null
2024-12-02 07:27:13.231 +01:00 [INF] Executing endpoint 'SubApp1.Controllers.HomeController.Profile (SubApp1)'
2024-12-02 07:27:13.231 +01:00 [INF] Route matched with {action = "Profile", controller = "Home", page = "", area = ""}. Executing controller action with signature Microsoft.AspNetCore.Mvc.IActionResult Profile() on controller SubApp1.Controllers.HomeController (SubApp1).
2024-12-02 07:27:13.423 +01:00 [INF] Executing ViewResult, running view Profile.
2024-12-02 07:27:13.443 +01:00 [INF] Executed ViewResult - view Profile executed in 209.4218ms.
2024-12-02 07:27:13.443 +01:00 [INF] Executed action SubApp1.Controllers.HomeController.Profile (SubApp1) in 211.7023ms
2024-12-02 07:27:13.443 +01:00 [INF] Executed endpoint 'SubApp1.Controllers.HomeController.Profile (SubApp1)'
2024-12-02 07:27:13.443 +01:00 [INF] Request finished HTTP/1.1 GET http://localhost:5003/Home/Profile - 200 null text/html; charset=utf-8 215.5884ms
2024-12-02 07:28:46.926 +01:00 [INF] Request starting HTTP/1.1 GET http://localhost:5003/Home/Profile - null null
2024-12-02 07:28:46.929 +01:00 [INF] Executing endpoint 'SubApp1.Controllers.HomeController.Profile (SubApp1)'
2024-12-02 07:28:46.930 +01:00 [INF] Route matched with {action = "Profile", controller = "Home", page = "", area = ""}. Executing controller action with signature Microsoft.AspNetCore.Mvc.IActionResult Profile() on controller SubApp1.Controllers.HomeController (SubApp1).
2024-12-02 07:28:46.932 +01:00 [INF] Executing ViewResult, running view Profile.
2024-12-02 07:28:46.934 +01:00 [INF] Executed ViewResult - view Profile executed in 2.3433ms.
2024-12-02 07:28:46.934 +01:00 [INF] Executed action SubApp1.Controllers.HomeController.Profile (SubApp1) in 4.4985ms
2024-12-02 07:28:46.934 +01:00 [INF] Executed endpoint 'SubApp1.Controllers.HomeController.Profile (SubApp1)'
2024-12-02 07:28:46.934 +01:00 [INF] Request finished HTTP/1.1 GET http://localhost:5003/Home/Profile - 200 null text/html; charset=utf-8 8.4106ms
2024-12-02 07:28:46.983 +01:00 [INF] Request starting HTTP/1.1 GET http://localhost:5003/Images/profile_sjfsw30b.2jx638687205715419883.png - null null
2024-12-02 07:28:46.986 +01:00 [INF] Request starting HTTP/1.1 GET http://localhost:5003/Images/h3uovd0t.1tf.png - null null
2024-12-02 07:28:46.987 +01:00 [INF] The file /Images/h3uovd0t.1tf.png was not modified
2024-12-02 07:28:46.987 +01:00 [INF] Request finished HTTP/1.1 GET http://localhost:5003/Images/h3uovd0t.1tf.png - 304 null image/png 0.7516ms
2024-12-02 07:28:46.987 +01:00 [INF] The file /Images/profile_sjfsw30b.2jx638687205715419883.png was not modified
2024-12-02 07:28:46.988 +01:00 [INF] Request finished HTTP/1.1 GET http://localhost:5003/Images/profile_sjfsw30b.2jx638687205715419883.png - 304 null image/png 4.8126ms
2024-12-02 07:28:47.402 +01:00 [INF] Request starting HTTP/1.1 GET http://localhost:5003/favicon.ico - null null
2024-12-02 07:28:47.468 +01:00 [INF] The file /favicon.ico was not modified
2024-12-02 07:28:47.468 +01:00 [INF] Request finished HTTP/1.1 GET http://localhost:5003/favicon.ico - 304 null image/x-icon 66.4814ms
2024-12-02 07:28:49.799 +01:00 [INF] Request starting HTTP/1.1 POST http://localhost:5003/Post/CreatePostProfile - multipart/form-data; boundary=----WebKitFormBoundarytdpue8nG11qBTgov 605
2024-12-02 07:28:49.801 +01:00 [INF] Executing endpoint 'SubApp1.Controllers.PostController.CreatePostProfile (SubApp1)'
2024-12-02 07:28:49.801 +01:00 [INF] Route matched with {action = "CreatePostProfile", controller = "Post", page = "", area = ""}. Executing controller action with signature System.Threading.Tasks.Task`1[Microsoft.AspNetCore.Mvc.IActionResult] CreatePostProfile(System.String, Microsoft.AspNetCore.Http.IFormFile) on controller SubApp1.Controllers.PostController (SubApp1).
2024-12-02 07:28:49.802 +01:00 [INF] Executed action SubApp1.Controllers.PostController.CreatePostProfile (SubApp1) in 0.9415ms
2024-12-02 07:28:49.803 +01:00 [INF] Executed endpoint 'SubApp1.Controllers.PostController.CreatePostProfile (SubApp1)'
2024-12-02 07:28:49.811 +01:00 [ERR] An unhandled exception has occurred while executing the request.
System.NullReferenceException: Object reference not set to an instance of an object.
   at SubApp1.Controllers.PostController.CreatePostProfile(String PostContent, IFormFile PostImage) in C:\Users\Thilo\OneDrive\Dokumenter\GitHub\CodeCraft\SubApp1\Controllers\PostController.cs:line 44
   at Microsoft.AspNetCore.Mvc.Infrastructure.ActionMethodExecutor.TaskOfIActionResultExecutor.Execute(ActionContext actionContext, IActionResultTypeMapper mapper, ObjectMethodExecutor executor, Object controller, Object[] arguments)
   at Microsoft.AspNetCore.Mvc.Infrastructure.ControllerActionInvoker.<InvokeActionMethodAsync>g__Awaited|12_0(ControllerActionInvoker invoker, ValueTask`1 actionResultValueTask)
   at Microsoft.AspNetCore.Mvc.Infrastructure.ControllerActionInvoker.<InvokeNextActionFilterAsync>g__Awaited|10_0(ControllerActionInvoker invoker, Task lastTask, State next, Scope scope, Object state, Boolean isCompleted)
   at Microsoft.AspNetCore.Mvc.Infrastructure.ControllerActionInvoker.Rethrow(ActionExecutedContextSealed context)
   at Microsoft.AspNetCore.Mvc.Infrastructure.ControllerActionInvoker.Next(State& next, Scope& scope, Object& state, Boolean& isCompleted)
   at Microsoft.AspNetCore.Mvc.Infrastructure.ControllerActionInvoker.InvokeInnerFilterAsync()
--- End of stack trace from previous location ---
   at Microsoft.AspNetCore.Mvc.Infrastructure.ResourceInvoker.<InvokeNextResourceFilter>g__Awaited|25_0(ResourceInvoker invoker, Task lastTask, State next, Scope scope, Object state, Boolean isCompleted)
   at Microsoft.AspNetCore.Mvc.Infrastructure.ResourceInvoker.Rethrow(ResourceExecutedContextSealed context)
   at Microsoft.AspNetCore.Mvc.Infrastructure.ResourceInvoker.Next(State& next, Scope& scope, Object& state, Boolean& isCompleted)
   at Microsoft.AspNetCore.Mvc.Infrastructure.ResourceInvoker.InvokeFilterPipelineAsync()
--- End of stack trace from previous location ---
   at Microsoft.AspNetCore.Mvc.Infrastructure.ResourceInvoker.<InvokeAsync>g__Logged|17_1(ResourceInvoker invoker)
   at Microsoft.AspNetCore.Mvc.Infrastructure.ResourceInvoker.<InvokeAsync>g__Logged|17_1(ResourceInvoker invoker)
   at Microsoft.AspNetCore.Routing.EndpointMiddleware.<Invoke>g__AwaitRequestTask|7_0(Endpoint endpoint, Task requestTask, ILogger logger)
   at Microsoft.AspNetCore.Authorization.AuthorizationMiddleware.Invoke(HttpContext context)
   at Microsoft.AspNetCore.Authentication.AuthenticationMiddleware.Invoke(HttpContext context)
   at Microsoft.AspNetCore.Diagnostics.DeveloperExceptionPageMiddlewareImpl.Invoke(HttpContext context)
2024-12-02 07:28:49.821 +01:00 [INF] Request finished HTTP/1.1 POST http://localhost:5003/Post/CreatePostProfile - 500 null text/html; charset=utf-8 21.671ms
2024-12-02 07:28:51.611 +01:00 [INF] Request starting HTTP/1.1 GET http://localhost:5003/Home/Profile - null null
2024-12-02 07:28:51.613 +01:00 [INF] Executing endpoint 'SubApp1.Controllers.HomeController.Profile (SubApp1)'
2024-12-02 07:28:51.613 +01:00 [INF] Route matched with {action = "Profile", controller = "Home", page = "", area = ""}. Executing controller action with signature Microsoft.AspNetCore.Mvc.IActionResult Profile() on controller SubApp1.Controllers.HomeController (SubApp1).
2024-12-02 07:28:51.615 +01:00 [INF] Executing ViewResult, running view Profile.
2024-12-02 07:28:51.617 +01:00 [INF] Executed ViewResult - view Profile executed in 1.7525ms.
2024-12-02 07:28:51.617 +01:00 [INF] Executed action SubApp1.Controllers.HomeController.Profile (SubApp1) in 3.994ms
2024-12-02 07:28:51.617 +01:00 [INF] Executed endpoint 'SubApp1.Controllers.HomeController.Profile (SubApp1)'
2024-12-02 07:28:51.617 +01:00 [INF] Request finished HTTP/1.1 GET http://localhost:5003/Home/Profile - 200 null text/html; charset=utf-8 5.8509ms
2024-12-02 07:31:22.816 +01:00 [INF] Request starting HTTP/1.1 POST http://localhost:5003/Post/CreatePostProfile - multipart/form-data; boundary=----WebKitFormBoundary4vgGaF56zCYaeKsc 605
2024-12-02 07:31:22.820 +01:00 [INF] Executing endpoint 'SubApp1.Controllers.PostController.CreatePostProfile (SubApp1)'
2024-12-02 07:31:22.820 +01:00 [INF] Route matched with {action = "CreatePostProfile", controller = "Post", page = "", area = ""}. Executing controller action with signature System.Threading.Tasks.Task`1[Microsoft.AspNetCore.Mvc.IActionResult] CreatePostProfile(System.String, Microsoft.AspNetCore.Http.IFormFile) on controller SubApp1.Controllers.PostController (SubApp1).
2024-12-02 07:31:22.823 +01:00 [INF] Executed action SubApp1.Controllers.PostController.CreatePostProfile (SubApp1) in 3.016ms
2024-12-02 07:31:22.824 +01:00 [INF] Executed endpoint 'SubApp1.Controllers.PostController.CreatePostProfile (SubApp1)'
2024-12-02 07:31:22.837 +01:00 [ERR] An unhandled exception has occurred while executing the request.
System.NullReferenceException: Object reference not set to an instance of an object.
   at SubApp1.Controllers.PostController.CreatePostProfile(String PostContent, IFormFile PostImage) in C:\Users\Thilo\OneDrive\Dokumenter\GitHub\CodeCraft\SubApp1\Controllers\PostController.cs:line 44
   at Microsoft.AspNetCore.Mvc.Infrastructure.ActionMethodExecutor.TaskOfIActionResultExecutor.Execute(ActionContext actionContext, IActionResultTypeMapper mapper, ObjectMethodExecutor executor, Object controller, Object[] arguments)
   at Microsoft.AspNetCore.Mvc.Infrastructure.ControllerActionInvoker.<InvokeActionMethodAsync>g__Awaited|12_0(ControllerActionInvoker invoker, ValueTask`1 actionResultValueTask)
   at Microsoft.AspNetCore.Mvc.Infrastructure.ControllerActionInvoker.<InvokeNextActionFilterAsync>g__Awaited|10_0(ControllerActionInvoker invoker, Task lastTask, State next, Scope scope, Object state, Boolean isCompleted)
   at Microsoft.AspNetCore.Mvc.Infrastructure.ControllerActionInvoker.Rethrow(ActionExecutedContextSealed context)
   at Microsoft.AspNetCore.Mvc.Infrastructure.ControllerActionInvoker.Next(State& next, Scope& scope, Object& state, Boolean& isCompleted)
   at Microsoft.AspNetCore.Mvc.Infrastructure.ControllerActionInvoker.InvokeInnerFilterAsync()
--- End of stack trace from previous location ---
   at Microsoft.AspNetCore.Mvc.Infrastructure.ResourceInvoker.<InvokeNextResourceFilter>g__Awaited|25_0(ResourceInvoker invoker, Task lastTask, State next, Scope scope, Object state, Boolean isCompleted)
   at Microsoft.AspNetCore.Mvc.Infrastructure.ResourceInvoker.Rethrow(ResourceExecutedContextSealed context)
   at Microsoft.AspNetCore.Mvc.Infrastructure.ResourceInvoker.Next(State& next, Scope& scope, Object& state, Boolean& isCompleted)
   at Microsoft.AspNetCore.Mvc.Infrastructure.ResourceInvoker.InvokeFilterPipelineAsync()
--- End of stack trace from previous location ---
   at Microsoft.AspNetCore.Mvc.Infrastructure.ResourceInvoker.<InvokeAsync>g__Logged|17_1(ResourceInvoker invoker)
   at Microsoft.AspNetCore.Mvc.Infrastructure.ResourceInvoker.<InvokeAsync>g__Logged|17_1(ResourceInvoker invoker)
   at Microsoft.AspNetCore.Routing.EndpointMiddleware.<Invoke>g__AwaitRequestTask|7_0(Endpoint endpoint, Task requestTask, ILogger logger)
   at Microsoft.AspNetCore.Authorization.AuthorizationMiddleware.Invoke(HttpContext context)
   at Microsoft.AspNetCore.Authentication.AuthenticationMiddleware.Invoke(HttpContext context)
   at Microsoft.AspNetCore.Diagnostics.DeveloperExceptionPageMiddlewareImpl.Invoke(HttpContext context)
2024-12-02 07:31:22.842 +01:00 [INF] Request finished HTTP/1.1 POST http://localhost:5003/Post/CreatePostProfile - 500 null text/html; charset=utf-8 26.3592ms
2024-12-02 07:31:25.170 +01:00 [INF] Request starting HTTP/1.1 GET http://localhost:5003/Home/Profile - null null
2024-12-02 07:31:25.173 +01:00 [INF] Executing endpoint 'SubApp1.Controllers.HomeController.Profile (SubApp1)'
2024-12-02 07:31:25.173 +01:00 [INF] Route matched with {action = "Profile", controller = "Home", page = "", area = ""}. Executing controller action with signature Microsoft.AspNetCore.Mvc.IActionResult Profile() on controller SubApp1.Controllers.HomeController (SubApp1).
2024-12-02 07:31:25.175 +01:00 [INF] Executing ViewResult, running view Profile.
2024-12-02 07:31:25.178 +01:00 [INF] Executed ViewResult - view Profile executed in 3.8155ms.
2024-12-02 07:31:25.179 +01:00 [INF] Executed action SubApp1.Controllers.HomeController.Profile (SubApp1) in 5.5157ms
2024-12-02 07:31:25.179 +01:00 [INF] Executed endpoint 'SubApp1.Controllers.HomeController.Profile (SubApp1)'
2024-12-02 07:31:25.179 +01:00 [INF] Request finished HTTP/1.1 GET http://localhost:5003/Home/Profile - 200 null text/html; charset=utf-8 8.3934ms
2024-12-02 07:31:57.025 +01:00 [INF] Request starting HTTP/1.1 POST http://localhost:5003/Post/CreatePostProfile - multipart/form-data; boundary=----WebKitFormBoundaryy6xDc36rpBazWulL 605
2024-12-02 07:31:57.027 +01:00 [INF] Executing endpoint 'SubApp1.Controllers.PostController.CreatePostProfile (SubApp1)'
2024-12-02 07:31:57.028 +01:00 [INF] Route matched with {action = "CreatePostProfile", controller = "Post", page = "", area = ""}. Executing controller action with signature System.Threading.Tasks.Task`1[Microsoft.AspNetCore.Mvc.IActionResult] CreatePostProfile(System.String, Microsoft.AspNetCore.Http.IFormFile) on controller SubApp1.Controllers.PostController (SubApp1).
2024-12-02 07:31:57.029 +01:00 [INF] Executed action SubApp1.Controllers.PostController.CreatePostProfile (SubApp1) in 0.844ms
2024-12-02 07:31:57.029 +01:00 [INF] Executed endpoint 'SubApp1.Controllers.PostController.CreatePostProfile (SubApp1)'
2024-12-02 07:31:57.031 +01:00 [ERR] An unhandled exception has occurred while executing the request.
System.NullReferenceException: Object reference not set to an instance of an object.
   at SubApp1.Controllers.PostController.CreatePostProfile(String PostContent, IFormFile PostImage) in C:\Users\Thilo\OneDrive\Dokumenter\GitHub\CodeCraft\SubApp1\Controllers\PostController.cs:line 44
   at Microsoft.AspNetCore.Mvc.Infrastructure.ActionMethodExecutor.TaskOfIActionResultExecutor.Execute(ActionContext actionContext, IActionResultTypeMapper mapper, ObjectMethodExecutor executor, Object controller, Object[] arguments)
   at Microsoft.AspNetCore.Mvc.Infrastructure.ControllerActionInvoker.<InvokeActionMethodAsync>g__Awaited|12_0(ControllerActionInvoker invoker, ValueTask`1 actionResultValueTask)
   at Microsoft.AspNetCore.Mvc.Infrastructure.ControllerActionInvoker.<InvokeNextActionFilterAsync>g__Awaited|10_0(ControllerActionInvoker invoker, Task lastTask, State next, Scope scope, Object state, Boolean isCompleted)
   at Microsoft.AspNetCore.Mvc.Infrastructure.ControllerActionInvoker.Rethrow(ActionExecutedContextSealed context)
   at Microsoft.AspNetCore.Mvc.Infrastructure.ControllerActionInvoker.Next(State& next, Scope& scope, Object& state, Boolean& isCompleted)
   at Microsoft.AspNetCore.Mvc.Infrastructure.ControllerActionInvoker.InvokeInnerFilterAsync()
--- End of stack trace from previous location ---
   at Microsoft.AspNetCore.Mvc.Infrastructure.ResourceInvoker.<InvokeNextResourceFilter>g__Awaited|25_0(ResourceInvoker invoker, Task lastTask, State next, Scope scope, Object state, Boolean isCompleted)
   at Microsoft.AspNetCore.Mvc.Infrastructure.ResourceInvoker.Rethrow(ResourceExecutedContextSealed context)
   at Microsoft.AspNetCore.Mvc.Infrastructure.ResourceInvoker.Next(State& next, Scope& scope, Object& state, Boolean& isCompleted)
   at Microsoft.AspNetCore.Mvc.Infrastructure.ResourceInvoker.InvokeFilterPipelineAsync()
--- End of stack trace from previous location ---
   at Microsoft.AspNetCore.Mvc.Infrastructure.ResourceInvoker.<InvokeAsync>g__Logged|17_1(ResourceInvoker invoker)
   at Microsoft.AspNetCore.Mvc.Infrastructure.ResourceInvoker.<InvokeAsync>g__Logged|17_1(ResourceInvoker invoker)
   at Microsoft.AspNetCore.Routing.EndpointMiddleware.<Invoke>g__AwaitRequestTask|7_0(Endpoint endpoint, Task requestTask, ILogger logger)
   at Microsoft.AspNetCore.Authorization.AuthorizationMiddleware.Invoke(HttpContext context)
   at Microsoft.AspNetCore.Authentication.AuthenticationMiddleware.Invoke(HttpContext context)
   at Microsoft.AspNetCore.Diagnostics.DeveloperExceptionPageMiddlewareImpl.Invoke(HttpContext context)
2024-12-02 07:31:57.042 +01:00 [INF] Request finished HTTP/1.1 POST http://localhost:5003/Post/CreatePostProfile - 500 null text/html; charset=utf-8 17.0245ms
2024-12-02 07:31:59.363 +01:00 [INF] Request starting HTTP/1.1 GET http://localhost:5003/Home/Profile - null null
2024-12-02 07:31:59.365 +01:00 [INF] Executing endpoint 'SubApp1.Controllers.HomeController.Profile (SubApp1)'
2024-12-02 07:31:59.365 +01:00 [INF] Route matched with {action = "Profile", controller = "Home", page = "", area = ""}. Executing controller action with signature Microsoft.AspNetCore.Mvc.IActionResult Profile() on controller SubApp1.Controllers.HomeController (SubApp1).
2024-12-02 07:31:59.368 +01:00 [INF] Executing ViewResult, running view Profile.
2024-12-02 07:31:59.369 +01:00 [INF] Executed ViewResult - view Profile executed in 1.1079ms.
2024-12-02 07:31:59.370 +01:00 [INF] Executed action SubApp1.Controllers.HomeController.Profile (SubApp1) in 4.5154ms
2024-12-02 07:31:59.370 +01:00 [INF] Executed endpoint 'SubApp1.Controllers.HomeController.Profile (SubApp1)'
2024-12-02 07:31:59.370 +01:00 [INF] Request finished HTTP/1.1 GET http://localhost:5003/Home/Profile - 200 null text/html; charset=utf-8 6.9524ms
2024-12-02 07:32:11.120 +01:00 [INF] Application is shutting down...
