2024-11-13 13:32:07.469 +01:00 [INF] User profile is available. Using 'C:\Users\Kevol\AppData\Local\ASP.NET\DataProtection-Keys' as key repository and Windows DPAPI to encrypt keys at rest.
2024-11-13 13:32:07.645 +01:00 [INF] Now listening on: http://localhost:5003
2024-11-13 13:32:07.646 +01:00 [INF] Application started. Press Ctrl+C to shut down.
2024-11-13 13:32:07.647 +01:00 [INF] Hosting environment: Development
2024-11-13 13:32:07.647 +01:00 [INF] Content root path: C:\Users\Kevol\Desktop\GitHub\CodeCraft1\CodeCraft\SubApp1
2024-11-13 13:32:10.063 +01:00 [INF] Request starting HTTP/1.1 GET http://localhost:5003/ - null null
2024-11-13 13:32:10.068 +01:00 [WRN] Failed to determine the https port for redirect.
2024-11-13 13:32:10.082 +01:00 [INF] Executing endpoint 'SubApp1.Controllers.HomeController.Index (SubApp1)'
2024-11-13 13:32:10.092 +01:00 [INF] Route matched with {action = "Index", controller = "Home", page = "", area = ""}. Executing controller action with signature Microsoft.AspNetCore.Mvc.IActionResult Index() on controller SubApp1.Controllers.HomeController (SubApp1).
2024-11-13 13:32:12.512 +01:00 [INF] Executing ViewResult, running view Index.
2024-11-13 13:32:12.706 +01:00 [INF] Executed ViewResult - view Index executed in 2156.6576ms.
2024-11-13 13:32:12.707 +01:00 [INF] Executed action SubApp1.Controllers.HomeController.Index (SubApp1) in 2614.1696ms
2024-11-13 13:32:12.707 +01:00 [INF] Executed endpoint 'SubApp1.Controllers.HomeController.Index (SubApp1)'
2024-11-13 13:32:12.710 +01:00 [INF] Request finished HTTP/1.1 GET http://localhost:5003/ - 200 null text/html; charset=utf-8 2647.848ms
2024-11-13 13:32:12.718 +01:00 [INF] Request starting HTTP/1.1 GET http://localhost:5003/lib/bootstrap/dist/css/bootstrap.min.css - null null
2024-11-13 13:32:12.718 +01:00 [INF] Request starting HTTP/1.1 GET http://localhost:5003/css/site.css?v=IX3HhC0Qb_wvNR76iq6-WPDnaYZOlvu4jaLxaL9WBe8 - null null
2024-11-13 13:32:12.718 +01:00 [INF] Request starting HTTP/1.1 GET http://localhost:5003/SubApp1.styles.css?v=Sj13-RJCpeuwLSSZn5pveHertSYZb1e9rwkvuFa81K0 - null null
2024-11-13 13:32:12.720 +01:00 [INF] Request starting HTTP/1.1 GET http://localhost:5003/js/jquery.min.js - null null
2024-11-13 13:32:12.720 +01:00 [INF] Request starting HTTP/1.1 GET http://localhost:5003/lib/jquery/dist/jquery.min.js - null null
2024-11-13 13:32:12.720 +01:00 [INF] Request starting HTTP/1.1 GET http://localhost:5003/js/bootstrap.js - null null
2024-11-13 13:32:12.721 +01:00 [INF] Request finished HTTP/1.1 GET http://localhost:5003/js/bootstrap.js - 404 0 null 1.0492ms
2024-11-13 13:32:12.721 +01:00 [INF] Request finished HTTP/1.1 GET http://localhost:5003/js/jquery.min.js - 404 0 null 1.0854ms
2024-11-13 13:32:12.722 +01:00 [INF] Request reached the end of the middleware pipeline without being handled by application code. Request path: GET http://localhost:5003/js/jquery.min.js, Response status code: 404
2024-11-13 13:32:12.722 +01:00 [INF] Request reached the end of the middleware pipeline without being handled by application code. Request path: GET http://localhost:5003/js/bootstrap.js, Response status code: 404
2024-11-13 13:32:12.723 +01:00 [INF] Sending file. Request path: '/SubApp1.styles.css'. Physical path: 'C:\Users\Kevol\Desktop\GitHub\CodeCraft1\CodeCraft\SubApp1\obj\Debug\net8.0\scopedcss\bundle\SubApp1.styles.css'
2024-11-13 13:32:12.723 +01:00 [INF] Sending file. Request path: '/css/site.css'. Physical path: 'C:\Users\Kevol\Desktop\GitHub\CodeCraft1\CodeCraft\SubApp1\wwwroot\css\site.css'
2024-11-13 13:32:12.723 +01:00 [INF] Request finished HTTP/1.1 GET http://localhost:5003/SubApp1.styles.css?v=Sj13-RJCpeuwLSSZn5pveHertSYZb1e9rwkvuFa81K0 - 200 1758 text/css 4.2001ms
2024-11-13 13:32:12.723 +01:00 [INF] Request finished HTTP/1.1 GET http://localhost:5003/css/site.css?v=IX3HhC0Qb_wvNR76iq6-WPDnaYZOlvu4jaLxaL9WBe8 - 200 2788 text/css 4.2179ms
2024-11-13 13:32:12.723 +01:00 [INF] Request starting HTTP/1.1 GET http://localhost:5003/lib/bootstrap/dist/js/bootstrap.bundle.min.js - null null
2024-11-13 13:32:12.723 +01:00 [INF] Request starting HTTP/1.1 GET http://localhost:5003/js/site.js?v=hRQyftXiu1lLX2P9Ly9xa4gHJgLeR1uGN5qegUobtGo - null null
2024-11-13 13:32:12.725 +01:00 [INF] Sending file. Request path: '/js/site.js'. Physical path: 'C:\Users\Kevol\Desktop\GitHub\CodeCraft1\CodeCraft\SubApp1\wwwroot\js\site.js'
2024-11-13 13:32:12.725 +01:00 [INF] Request finished HTTP/1.1 GET http://localhost:5003/js/site.js?v=hRQyftXiu1lLX2P9Ly9xa4gHJgLeR1uGN5qegUobtGo - 200 231 text/javascript 2.2675ms
2024-11-13 13:32:12.730 +01:00 [INF] Sending file. Request path: '/lib/bootstrap/dist/css/bootstrap.min.css'. Physical path: 'C:\Users\Kevol\Desktop\GitHub\CodeCraft1\CodeCraft\SubApp1\wwwroot\lib\bootstrap\dist\css\bootstrap.min.css'
2024-11-13 13:32:12.730 +01:00 [INF] Request finished HTTP/1.1 GET http://localhost:5003/lib/bootstrap/dist/css/bootstrap.min.css - 200 162726 text/css 11.9424ms
2024-11-13 13:32:12.738 +01:00 [INF] Sending file. Request path: '/lib/bootstrap/dist/js/bootstrap.bundle.min.js'. Physical path: 'C:\Users\Kevol\Desktop\GitHub\CodeCraft1\CodeCraft\SubApp1\wwwroot\lib\bootstrap\dist\js\bootstrap.bundle.min.js'
2024-11-13 13:32:12.739 +01:00 [INF] Request finished HTTP/1.1 GET http://localhost:5003/lib/bootstrap/dist/js/bootstrap.bundle.min.js - 200 78474 text/javascript 15.7782ms
2024-11-13 13:32:12.781 +01:00 [INF] Sending file. Request path: '/lib/jquery/dist/jquery.min.js'. Physical path: 'C:\Users\Kevol\Desktop\GitHub\CodeCraft1\CodeCraft\SubApp1\wwwroot\lib\jquery\dist\jquery.min.js'
2024-11-13 13:32:12.781 +01:00 [INF] Request finished HTTP/1.1 GET http://localhost:5003/lib/jquery/dist/jquery.min.js - 200 89503 text/javascript 61.0804ms
2024-11-13 13:32:14.389 +01:00 [INF] Request starting HTTP/1.1 GET http://localhost:5003/Home/Profile - null null
2024-11-13 13:32:14.390 +01:00 [INF] Executing endpoint 'SubApp1.Controllers.HomeController.Profile (SubApp1)'
2024-11-13 13:32:14.391 +01:00 [INF] Route matched with {action = "Profile", controller = "Home", page = "", area = ""}. Executing controller action with signature Microsoft.AspNetCore.Mvc.IActionResult Profile() on controller SubApp1.Controllers.HomeController (SubApp1).
2024-11-13 13:32:14.659 +01:00 [INF] Executing ViewResult, running view Profile.
2024-11-13 13:32:14.665 +01:00 [INF] Executed ViewResult - view Profile executed in 136.4998ms.
2024-11-13 13:32:14.665 +01:00 [INF] Executed action SubApp1.Controllers.HomeController.Profile (SubApp1) in 274.0459ms
2024-11-13 13:32:14.665 +01:00 [INF] Executed endpoint 'SubApp1.Controllers.HomeController.Profile (SubApp1)'
2024-11-13 13:32:14.665 +01:00 [INF] Request finished HTTP/1.1 GET http://localhost:5003/Home/Profile - 200 null text/html; charset=utf-8 276.0727ms
2024-11-13 13:32:14.683 +01:00 [INF] Request starting HTTP/1.1 GET http://localhost:5003/js/bootstrap.js - null null
2024-11-13 13:32:14.683 +01:00 [INF] Request finished HTTP/1.1 GET http://localhost:5003/js/bootstrap.js - 404 0 null 0.2903ms
2024-11-13 13:32:14.683 +01:00 [INF] Request reached the end of the middleware pipeline without being handled by application code. Request path: GET http://localhost:5003/js/bootstrap.js, Response status code: 404
2024-11-13 13:32:14.685 +01:00 [INF] Request starting HTTP/1.1 GET http://localhost:5003/Images/crleu1db.f4x638667573705030264.png - null null
2024-11-13 13:32:14.685 +01:00 [INF] Request starting HTTP/1.1 GET http://localhost:5003/js/jquery.min.js - null null
2024-11-13 13:32:14.686 +01:00 [INF] Request finished HTTP/1.1 GET http://localhost:5003/js/jquery.min.js - 404 0 null 0.2659ms
2024-11-13 13:32:14.686 +01:00 [INF] Request reached the end of the middleware pipeline without being handled by application code. Request path: GET http://localhost:5003/js/jquery.min.js, Response status code: 404
2024-11-13 13:32:14.686 +01:00 [INF] Sending file. Request path: '/Images/crleu1db.f4x638667573705030264.png'. Physical path: 'C:\Users\Kevol\Desktop\GitHub\CodeCraft1\CodeCraft\SubApp1\wwwroot\Images\crleu1db.f4x638667573705030264.png'
2024-11-13 13:32:14.686 +01:00 [INF] Request finished HTTP/1.1 GET http://localhost:5003/Images/crleu1db.f4x638667573705030264.png - 200 64097 image/png 0.6511ms
2024-11-13 13:32:14.693 +01:00 [INF] Request starting HTTP/1.1 GET http://localhost:5003/Images/kl4goilz.dtn638667087453104065.jpg - null null
2024-11-13 13:32:14.694 +01:00 [INF] Sending file. Request path: '/Images/kl4goilz.dtn638667087453104065.jpg'. Physical path: 'C:\Users\Kevol\Desktop\GitHub\CodeCraft1\CodeCraft\SubApp1\wwwroot\Images\kl4goilz.dtn638667087453104065.jpg'
2024-11-13 13:32:14.694 +01:00 [INF] Request finished HTTP/1.1 GET http://localhost:5003/Images/kl4goilz.dtn638667087453104065.jpg - 200 118763 image/jpeg 0.7939ms
2024-11-13 13:32:23.802 +01:00 [INF] Request starting HTTP/1.1 POST http://localhost:5003/Post/CreatePost - multipart/form-data; boundary=----WebKitFormBoundaryjAAEXRAHGkA4AnNs 563
2024-11-13 13:32:23.802 +01:00 [INF] Executing endpoint 'PostController.CreatePost (SubApp1)'
2024-11-13 13:32:23.806 +01:00 [INF] Route matched with {action = "CreatePost", controller = "Post", page = "", area = ""}. Executing controller action with signature Microsoft.AspNetCore.Mvc.IActionResult CreatePost(System.String, Microsoft.AspNetCore.Http.IFormFile) on controller PostController (SubApp1).
2024-11-13 13:32:23.892 +01:00 [INF] Executing RedirectResult, redirecting to /Home/Profile.
2024-11-13 13:32:23.892 +01:00 [INF] Executed action PostController.CreatePost (SubApp1) in 86.8415ms
2024-11-13 13:32:23.892 +01:00 [INF] Executed endpoint 'PostController.CreatePost (SubApp1)'
2024-11-13 13:32:23.893 +01:00 [INF] Request finished HTTP/1.1 POST http://localhost:5003/Post/CreatePost - 302 0 null 90.5535ms
2024-11-13 13:32:23.895 +01:00 [INF] Request starting HTTP/1.1 GET http://localhost:5003/Home/Profile - null null
2024-11-13 13:32:23.895 +01:00 [INF] Executing endpoint 'SubApp1.Controllers.HomeController.Profile (SubApp1)'
2024-11-13 13:32:23.895 +01:00 [INF] Route matched with {action = "Profile", controller = "Home", page = "", area = ""}. Executing controller action with signature Microsoft.AspNetCore.Mvc.IActionResult Profile() on controller SubApp1.Controllers.HomeController (SubApp1).
2024-11-13 13:32:23.899 +01:00 [INF] Executing ViewResult, running view Profile.
2024-11-13 13:32:23.900 +01:00 [INF] Executed ViewResult - view Profile executed in 1.4129ms.
2024-11-13 13:32:23.900 +01:00 [INF] Executed action SubApp1.Controllers.HomeController.Profile (SubApp1) in 5.0494ms
2024-11-13 13:32:23.900 +01:00 [INF] Executed endpoint 'SubApp1.Controllers.HomeController.Profile (SubApp1)'
2024-11-13 13:32:23.901 +01:00 [INF] Request finished HTTP/1.1 GET http://localhost:5003/Home/Profile - 200 null text/html; charset=utf-8 5.7707ms
2024-11-13 13:32:23.916 +01:00 [INF] Request starting HTTP/1.1 GET http://localhost:5003/css/site.css?v=IX3HhC0Qb_wvNR76iq6-WPDnaYZOlvu4jaLxaL9WBe8 - null null
2024-11-13 13:32:23.917 +01:00 [INF] Request starting HTTP/1.1 GET http://localhost:5003/js/bootstrap.js - null null
2024-11-13 13:32:23.917 +01:00 [INF] Request starting HTTP/1.1 GET http://localhost:5003/Images/crleu1db.f4x638667573705030264.png - null null
2024-11-13 13:32:23.917 +01:00 [INF] Request starting HTTP/1.1 GET http://localhost:5003/js/jquery.min.js - null null
2024-11-13 13:32:23.917 +01:00 [INF] Request starting HTTP/1.1 GET http://localhost:5003/Images/kl4goilz.dtn638667087453104065.jpg - null null
2024-11-13 13:32:23.917 +01:00 [INF] The file /css/site.css was not modified
2024-11-13 13:32:23.917 +01:00 [INF] The file /Images/crleu1db.f4x638667573705030264.png was not modified
2024-11-13 13:32:23.917 +01:00 [INF] The file /Images/kl4goilz.dtn638667087453104065.jpg was not modified
2024-11-13 13:32:23.917 +01:00 [INF] Request finished HTTP/1.1 GET http://localhost:5003/js/bootstrap.js - 404 0 null 0.3001ms
2024-11-13 13:32:23.917 +01:00 [INF] Request finished HTTP/1.1 GET http://localhost:5003/js/jquery.min.js - 404 0 null 0.2404ms
2024-11-13 13:32:23.917 +01:00 [INF] Request finished HTTP/1.1 GET http://localhost:5003/Images/crleu1db.f4x638667573705030264.png - 304 null image/png 0.1856ms
2024-11-13 13:32:23.917 +01:00 [INF] Request finished HTTP/1.1 GET http://localhost:5003/css/site.css?v=IX3HhC0Qb_wvNR76iq6-WPDnaYZOlvu4jaLxaL9WBe8 - 304 null text/css 0.9689ms
2024-11-13 13:32:23.917 +01:00 [INF] Request finished HTTP/1.1 GET http://localhost:5003/Images/kl4goilz.dtn638667087453104065.jpg - 304 null image/jpeg 0.2344ms
2024-11-13 13:32:23.917 +01:00 [INF] Request reached the end of the middleware pipeline without being handled by application code. Request path: GET http://localhost:5003/js/bootstrap.js, Response status code: 404
2024-11-13 13:32:23.917 +01:00 [INF] Request reached the end of the middleware pipeline without being handled by application code. Request path: GET http://localhost:5003/js/jquery.min.js, Response status code: 404
