2024-11-08 21:38:28.340 +01:00 [INF] User profile is available. Using 'C:\Users\Kevol\AppData\Local\ASP.NET\DataProtection-Keys' as key repository and Windows DPAPI to encrypt keys at rest.
2024-11-08 21:38:28.465 +01:00 [INF] Now listening on: http://localhost:5003
2024-11-08 21:38:28.468 +01:00 [INF] Application started. Press Ctrl+C to shut down.
2024-11-08 21:38:28.469 +01:00 [INF] Hosting environment: Development
2024-11-08 21:38:28.470 +01:00 [INF] Content root path: C:\Users\Kevol\Desktop\GitHub\CodeCraft1\CodeCraft\SubApp1
2024-11-08 21:38:28.555 +01:00 [INF] Request starting HTTP/1.1 GET http://localhost:5003/ - null null
2024-11-08 21:38:28.570 +01:00 [WRN] Failed to determine the https port for redirect.
2024-11-08 21:38:28.585 +01:00 [INF] Executing endpoint 'SubApp1.Controllers.HomeController.Index (SubApp1)'
2024-11-08 21:38:28.600 +01:00 [INF] Route matched with {action = "Index", controller = "Home", page = "", area = ""}. Executing controller action with signature Microsoft.AspNetCore.Mvc.IActionResult Index() on controller SubApp1.Controllers.HomeController (SubApp1).
2024-11-08 21:38:29.278 +01:00 [INF] Request starting HTTP/1.1 GET http://localhost:5003/Home/Profile - null null
2024-11-08 21:38:29.279 +01:00 [INF] Executing endpoint 'SubApp1.Controllers.HomeController.Profile (SubApp1)'
2024-11-08 21:38:29.282 +01:00 [INF] Route matched with {action = "Profile", controller = "Home", page = "", area = ""}. Executing controller action with signature Microsoft.AspNetCore.Mvc.IActionResult Profile() on controller SubApp1.Controllers.HomeController (SubApp1).
2024-11-08 21:38:30.184 +01:00 [INF] Executing ViewResult, running view Profile.
2024-11-08 21:38:30.184 +01:00 [INF] Executing ViewResult, running view Index.
2024-11-08 21:38:30.337 +01:00 [INF] Executed ViewResult - view Profile executed in 943.3131ms.
2024-11-08 21:38:30.337 +01:00 [INF] Executed ViewResult - view Index executed in 1384.7674ms.
2024-11-08 21:38:30.338 +01:00 [INF] Executed action SubApp1.Controllers.HomeController.Profile (SubApp1) in 1056.2226ms
2024-11-08 21:38:30.338 +01:00 [INF] Executed action SubApp1.Controllers.HomeController.Index (SubApp1) in 1738.5352ms
2024-11-08 21:38:30.338 +01:00 [INF] Executed endpoint 'SubApp1.Controllers.HomeController.Profile (SubApp1)'
2024-11-08 21:38:30.339 +01:00 [INF] Executed endpoint 'SubApp1.Controllers.HomeController.Index (SubApp1)'
2024-11-08 21:38:30.343 +01:00 [INF] Request finished HTTP/1.1 GET http://localhost:5003/ - 200 null text/html; charset=utf-8 1789.1885ms
2024-11-08 21:38:30.343 +01:00 [INF] Request finished HTTP/1.1 GET http://localhost:5003/Home/Profile - 200 null text/html; charset=utf-8 1064.8697ms
2024-11-08 21:38:30.350 +01:00 [INF] Request starting HTTP/1.1 GET http://localhost:5003/js/jquery.min.js - null null
2024-11-08 21:38:30.351 +01:00 [INF] Request starting HTTP/1.1 GET http://localhost:5003/js/bootstrap.js - null null
2024-11-08 21:38:30.351 +01:00 [INF] Request starting HTTP/1.1 GET http://localhost:5003/css/site.css?v=nbjlA8EYlJrZwKiYpWmR4KZzZVLgvL5nQXASMPv5CIA - null null
2024-11-08 21:38:30.353 +01:00 [INF] Request finished HTTP/1.1 GET http://localhost:5003/js/jquery.min.js - 404 0 null 2.4891ms
2024-11-08 21:38:30.353 +01:00 [INF] Request finished HTTP/1.1 GET http://localhost:5003/js/bootstrap.js - 404 0 null 2.2991ms
2024-11-08 21:38:30.354 +01:00 [INF] Request reached the end of the middleware pipeline without being handled by application code. Request path: GET http://localhost:5003/js/jquery.min.js, Response status code: 404
2024-11-08 21:38:30.354 +01:00 [INF] Request reached the end of the middleware pipeline without being handled by application code. Request path: GET http://localhost:5003/js/bootstrap.js, Response status code: 404
2024-11-08 21:38:30.358 +01:00 [INF] Sending file. Request path: '/css/site.css'. Physical path: 'c:\Users\Kevol\Desktop\GitHub\CodeCraft1\CodeCraft\SubApp1\wwwroot\css\site.css'
2024-11-08 21:38:30.358 +01:00 [INF] Request finished HTTP/1.1 GET http://localhost:5003/css/site.css?v=nbjlA8EYlJrZwKiYpWmR4KZzZVLgvL5nQXASMPv5CIA - 200 2829 text/css 7.3074ms
