2024-11-08 21:36:00.678 +01:00 [INF] User profile is available. Using 'C:\Users\Kevol\AppData\Local\ASP.NET\DataProtection-Keys' as key repository and Windows DPAPI to encrypt keys at rest.
2024-11-08 21:36:00.811 +01:00 [INF] Now listening on: http://localhost:5003
2024-11-08 21:36:00.814 +01:00 [INF] Application started. Press Ctrl+C to shut down.
2024-11-08 21:36:00.815 +01:00 [INF] Hosting environment: Development
2024-11-08 21:36:00.816 +01:00 [INF] Content root path: C:\Users\Kevol\Desktop\GitHub\CodeCraft1\CodeCraft\SubApp1
2024-11-08 21:36:00.901 +01:00 [INF] Request starting HTTP/1.1 GET http://localhost:5003/ - null null
2024-11-08 21:36:00.908 +01:00 [WRN] Failed to determine the https port for redirect.
2024-11-08 21:36:00.923 +01:00 [INF] Executing endpoint 'SubApp1.Controllers.HomeController.Index (SubApp1)'
2024-11-08 21:36:00.939 +01:00 [INF] Route matched with {action = "Index", controller = "Home", page = "", area = ""}. Executing controller action with signature Microsoft.AspNetCore.Mvc.IActionResult Index() on controller SubApp1.Controllers.HomeController (SubApp1).
2024-11-08 21:36:02.074 +01:00 [INF] Request starting HTTP/1.1 GET http://localhost:5003/Home/Profile - null null
2024-11-08 21:36:02.075 +01:00 [INF] Executing endpoint 'SubApp1.Controllers.HomeController.Profile (SubApp1)'
2024-11-08 21:36:02.076 +01:00 [INF] Route matched with {action = "Profile", controller = "Home", page = "", area = ""}. Executing controller action with signature Microsoft.AspNetCore.Mvc.IActionResult Profile() on controller SubApp1.Controllers.HomeController (SubApp1).
2024-11-08 21:36:02.543 +01:00 [INF] Executing ViewResult, running view Index.
2024-11-08 21:36:02.543 +01:00 [INF] Executing ViewResult, running view Profile.
2024-11-08 21:36:02.695 +01:00 [INF] Executed ViewResult - view Profile executed in 504.9869ms.
2024-11-08 21:36:02.695 +01:00 [INF] Executed ViewResult - view Index executed in 1395.8442ms.
2024-11-08 21:36:02.696 +01:00 [INF] Executed action SubApp1.Controllers.HomeController.Profile (SubApp1) in 620.0213ms
2024-11-08 21:36:02.696 +01:00 [INF] Executed action SubApp1.Controllers.HomeController.Index (SubApp1) in 1756.9626ms
2024-11-08 21:36:02.697 +01:00 [INF] Executed endpoint 'SubApp1.Controllers.HomeController.Profile (SubApp1)'
2024-11-08 21:36:02.697 +01:00 [INF] Executed endpoint 'SubApp1.Controllers.HomeController.Index (SubApp1)'
2024-11-08 21:36:02.700 +01:00 [INF] Request finished HTTP/1.1 GET http://localhost:5003/Home/Profile - 200 null text/html; charset=utf-8 625.7615ms
2024-11-08 21:36:02.700 +01:00 [INF] Request finished HTTP/1.1 GET http://localhost:5003/ - 200 null text/html; charset=utf-8 1801.0209ms
2024-11-08 21:36:02.710 +01:00 [INF] Request starting HTTP/1.1 GET http://localhost:5003/css/site.css?v=XDHUJAD6Pr_Zu4WLmNevZxkHZwHat8-SrXTtKtIdQi0 - null null
2024-11-08 21:36:02.710 +01:00 [INF] Request starting HTTP/1.1 GET http://localhost:5003/js/bootstrap.js - null null
2024-11-08 21:36:02.710 +01:00 [INF] Request starting HTTP/1.1 GET http://localhost:5003/js/jquery.min.js - null null
2024-11-08 21:36:02.712 +01:00 [INF] Request finished HTTP/1.1 GET http://localhost:5003/js/bootstrap.js - 404 0 null 2.2567ms
2024-11-08 21:36:02.712 +01:00 [INF] Request finished HTTP/1.1 GET http://localhost:5003/js/jquery.min.js - 404 0 null 2.2483ms
2024-11-08 21:36:02.713 +01:00 [INF] Request reached the end of the middleware pipeline without being handled by application code. Request path: GET http://localhost:5003/js/jquery.min.js, Response status code: 404
2024-11-08 21:36:02.713 +01:00 [INF] Request reached the end of the middleware pipeline without being handled by application code. Request path: GET http://localhost:5003/js/bootstrap.js, Response status code: 404
2024-11-08 21:36:02.714 +01:00 [INF] The file /css/site.css was not modified
2024-11-08 21:36:02.714 +01:00 [INF] Request finished HTTP/1.1 GET http://localhost:5003/css/site.css?v=XDHUJAD6Pr_Zu4WLmNevZxkHZwHat8-SrXTtKtIdQi0 - 304 null text/css 4.5781ms
