2024-11-23 19:38:20.725 +01:00 [INF] User profile is available. Using 'C:\Users\Thilo\AppData\Local\ASP.NET\DataProtection-Keys' as key repository and Windows DPAPI to encrypt keys at rest.
2024-11-23 19:38:21.353 +01:00 [INF] Now listening on: http://localhost:5003
2024-11-23 19:38:21.362 +01:00 [INF] Application started. Press Ctrl+C to shut down.
2024-11-23 19:38:21.363 +01:00 [INF] Hosting environment: Development
2024-11-23 19:38:21.364 +01:00 [INF] Content root path: C:\Users\Thilo\OneDrive\Dokumenter\GitHub\CodeCraft\SubApp1
2024-11-23 19:38:24.215 +01:00 [INF] Request starting HTTP/1.1 GET http://localhost:5003/ - null null
2024-11-23 19:38:24.238 +01:00 [WRN] Failed to determine the https port for redirect.
2024-11-23 19:38:24.310 +01:00 [INF] Executing endpoint 'SubApp1.Controllers.HomeController.Index (SubApp1)'
2024-11-23 19:38:24.346 +01:00 [INF] Route matched with {action = "Index", controller = "Home", page = "", area = ""}. Executing controller action with signature Microsoft.AspNetCore.Mvc.IActionResult Index() on controller SubApp1.Controllers.HomeController (SubApp1).
2024-11-23 19:38:25.339 +01:00 [WRN] The foreign key property 'Post.UserId1' was created in shadow state because a conflicting property with the simple name 'UserId' exists in the entity type, but is either not mapped, is already used for another relationship, or is incompatible with the associated primary key type. See https://aka.ms/efcore-relationships for information on mapping relationships in EF Core.
2024-11-23 19:38:32.605 +01:00 [INF] Executing ViewResult, running view Index.
2024-11-23 19:38:33.526 +01:00 [INF] Executed ViewResult - view Index executed in 7855.596ms.
2024-11-23 19:38:33.531 +01:00 [INF] Executed action SubApp1.Controllers.HomeController.Index (SubApp1) in 9182.2555ms
2024-11-23 19:38:33.534 +01:00 [INF] Executed endpoint 'SubApp1.Controllers.HomeController.Index (SubApp1)'
2024-11-23 19:38:33.552 +01:00 [INF] Request starting HTTP/1.1 GET http://localhost:5003/css/site.css?v=IX3HhC0Qb_wvNR76iq6-WPDnaYZOlvu4jaLxaL9WBe8 - null null
2024-11-23 19:38:33.552 +01:00 [INF] Request starting HTTP/1.1 GET http://localhost:5003/js/bootstrap.js - null null
2024-11-23 19:38:33.554 +01:00 [INF] Request starting HTTP/1.1 GET http://localhost:5003/js/jquery.min.js - null null
2024-11-23 19:38:33.562 +01:00 [INF] The file /css/site.css was not modified
2024-11-23 19:38:33.574 +01:00 [INF] Request finished HTTP/1.1 GET http://localhost:5003/js/bootstrap.js - 404 0 null 14.6276ms
2024-11-23 19:38:33.574 +01:00 [INF] Request finished HTTP/1.1 GET http://localhost:5003/ - 200 null text/html; charset=utf-8 9349.0196ms
2024-11-23 19:38:33.576 +01:00 [INF] Request reached the end of the middleware pipeline without being handled by application code. Request path: GET http://localhost:5003/js/bootstrap.js, Response status code: 404
2024-11-23 19:38:33.574 +01:00 [INF] Request finished HTTP/1.1 GET http://localhost:5003/css/site.css?v=IX3HhC0Qb_wvNR76iq6-WPDnaYZOlvu4jaLxaL9WBe8 - 304 null text/css 13.5931ms
2024-11-23 19:38:33.576 +01:00 [INF] Request finished HTTP/1.1 GET http://localhost:5003/js/jquery.min.js - 404 0 null 14.5998ms
2024-11-23 19:38:33.576 +01:00 [INF] Request reached the end of the middleware pipeline without being handled by application code. Request path: GET http://localhost:5003/js/jquery.min.js, Response status code: 404
2024-11-23 19:38:39.466 +01:00 [INF] Request starting HTTP/1.1 GET http://localhost:5003/Identity/Account/Register - null null
2024-11-23 19:38:40.030 +01:00 [INF] Executing endpoint '/Account/Register'
2024-11-23 19:38:40.256 +01:00 [INF] Route matched with {page = "/Account/Register", area = "Identity", action = "", controller = ""}. Executing page /Account/Register
2024-11-23 19:38:40.285 +01:00 [INF] Executed page /Account/Register in 28.3543ms
2024-11-23 19:38:40.286 +01:00 [INF] Executed endpoint '/Account/Register'
2024-11-23 19:38:40.304 +01:00 [ERR] An unhandled exception has occurred while executing the request.
System.InvalidOperationException: Unable to resolve service for type 'Microsoft.AspNetCore.Identity.UI.Services.IEmailSender' while attempting to activate 'SubApp1.Areas.Identity.Pages.Account.RegisterModel'.
   at Microsoft.Extensions.DependencyInjection.ActivatorUtilities.ThrowHelperUnableToResolveService(Type type, Type requiredBy)
   at lambda_method36(Closure, IServiceProvider, Object[])
   at Microsoft.AspNetCore.Mvc.RazorPages.Infrastructure.DefaultPageModelFactoryProvider.<>c__DisplayClass3_0.<CreateModelFactory>b__0(PageContext pageContext)
   at Microsoft.AspNetCore.Mvc.RazorPages.Infrastructure.PageActionInvoker.CreateInstance()
   at Microsoft.AspNetCore.Mvc.RazorPages.Infrastructure.PageActionInvoker.Next(State& next, Scope& scope, Object& state, Boolean& isCompleted)
   at Microsoft.AspNetCore.Mvc.RazorPages.Infrastructure.PageActionInvoker.InvokeInnerFilterAsync()
   at Microsoft.AspNetCore.Mvc.Infrastructure.ResourceInvoker.<InvokeNextResourceFilter>g__Awaited|25_0(ResourceInvoker invoker, Task lastTask, State next, Scope scope, Object state, Boolean isCompleted)
   at Microsoft.AspNetCore.Mvc.Infrastructure.ResourceInvoker.Rethrow(ResourceExecutedContextSealed context)
   at Microsoft.AspNetCore.Mvc.Infrastructure.ResourceInvoker.Next(State& next, Scope& scope, Object& state, Boolean& isCompleted)
   at Microsoft.AspNetCore.Mvc.Infrastructure.ResourceInvoker.InvokeFilterPipelineAsync()
--- End of stack trace from previous location ---
   at Microsoft.AspNetCore.Mvc.Infrastructure.ResourceInvoker.<InvokeAsync>g__Logged|17_1(ResourceInvoker invoker)
   at Microsoft.AspNetCore.Mvc.Infrastructure.ResourceInvoker.<InvokeAsync>g__Logged|17_1(ResourceInvoker invoker)
   at Microsoft.AspNetCore.Routing.EndpointMiddleware.<Invoke>g__AwaitRequestTask|7_0(Endpoint endpoint, Task requestTask, ILogger logger)
   at Microsoft.AspNetCore.Authorization.AuthorizationMiddleware.Invoke(HttpContext context)
   at Microsoft.AspNetCore.Authentication.AuthenticationMiddleware.Invoke(HttpContext context)
   at Microsoft.AspNetCore.Diagnostics.DeveloperExceptionPageMiddlewareImpl.Invoke(HttpContext context)
2024-11-23 19:38:40.339 +01:00 [INF] Request finished HTTP/1.1 GET http://localhost:5003/Identity/Account/Register - 500 null text/html; charset=utf-8 873.3767ms
2024-11-23 19:38:42.771 +01:00 [INF] Request starting HTTP/1.1 GET http://localhost:5003/Identity/Account/Login - null null
2024-11-23 19:38:43.138 +01:00 [INF] Executing endpoint '/Account/Login'
2024-11-23 19:38:43.142 +01:00 [INF] Route matched with {page = "/Account/Login", area = "Identity", action = "", controller = ""}. Executing page /Account/Login
2024-11-23 19:38:43.231 +01:00 [INF] Executing handler method SubApp1.Areas.Identity.Pages.Account.LoginModel.OnGetAsync - ModelState is "Valid"
2024-11-23 19:38:43.239 +01:00 [INF] AuthenticationScheme: Identity.External signed out.
2024-11-23 19:38:43.239 +01:00 [INF] Executed handler method OnGetAsync, returned result .
2024-11-23 19:38:43.242 +01:00 [INF] Executing an implicit handler method - ModelState is "Valid"
2024-11-23 19:38:43.242 +01:00 [INF] Executed an implicit handler method, returned result Microsoft.AspNetCore.Mvc.RazorPages.PageResult.
2024-11-23 19:38:43.389 +01:00 [INF] Executed page /Account/Login in 246.8643ms
2024-11-23 19:38:43.390 +01:00 [INF] Executed endpoint '/Account/Login'
2024-11-23 19:38:43.396 +01:00 [ERR] An unhandled exception has occurred while executing the request.
System.InvalidOperationException: RenderSectionAsync invocation in '/Views/Shared/_Layout.cshtml' is invalid. The section 'Scripts' has already been rendered.
   at Microsoft.AspNetCore.Mvc.Razor.RazorPage.RenderSectionAsyncCore(String sectionName, Boolean required)
   at AspNetCore.Views_Shared__Layout.<ExecuteAsync>b__22_1() in C:\Users\Thilo\OneDrive\Dokumenter\GitHub\CodeCraft\SubApp1\Views\Shared\_Layout.cshtml:line 31
   at Microsoft.AspNetCore.Razor.Runtime.TagHelpers.TagHelperExecutionContext.SetOutputContentAsync()
   at AspNetCore.Views_Shared__Layout.ExecuteAsync()
   at Microsoft.AspNetCore.Mvc.Razor.RazorView.RenderPageCoreAsync(IRazorPage page, ViewContext context)
   at Microsoft.AspNetCore.Mvc.Razor.RazorView.RenderPageAsync(IRazorPage page, ViewContext context, Boolean invokeViewStarts)
   at Microsoft.AspNetCore.Mvc.Razor.RazorView.RenderLayoutAsync(ViewContext context, ViewBufferTextWriter bodyWriter)
   at Microsoft.AspNetCore.Mvc.Razor.RazorView.RenderAsync(ViewContext context)
   at Microsoft.AspNetCore.Mvc.ViewFeatures.ViewExecutor.ExecuteAsync(ViewContext viewContext, String contentType, Nullable`1 statusCode)
   at Microsoft.AspNetCore.Mvc.ViewFeatures.ViewExecutor.ExecuteAsync(ViewContext viewContext, String contentType, Nullable`1 statusCode)
   at Microsoft.AspNetCore.Mvc.Infrastructure.ResourceInvoker.<InvokeNextResultFilterAsync>g__Awaited|30_0[TFilter,TFilterAsync](ResourceInvoker invoker, Task lastTask, State next, Scope scope, Object state, Boolean isCompleted)
   at Microsoft.AspNetCore.Mvc.Infrastructure.ResourceInvoker.Rethrow(ResultExecutedContextSealed context)
   at Microsoft.AspNetCore.Mvc.Infrastructure.ResourceInvoker.ResultNext[TFilter,TFilterAsync](State& next, Scope& scope, Object& state, Boolean& isCompleted)
   at Microsoft.AspNetCore.Mvc.Infrastructure.ResourceInvoker.InvokeResultFilters()
--- End of stack trace from previous location ---
   at Microsoft.AspNetCore.Mvc.Infrastructure.ResourceInvoker.<InvokeNextResourceFilter>g__Awaited|25_0(ResourceInvoker invoker, Task lastTask, State next, Scope scope, Object state, Boolean isCompleted)
   at Microsoft.AspNetCore.Mvc.Infrastructure.ResourceInvoker.Rethrow(ResourceExecutedContextSealed context)
   at Microsoft.AspNetCore.Mvc.Infrastructure.ResourceInvoker.Next(State& next, Scope& scope, Object& state, Boolean& isCompleted)
   at Microsoft.AspNetCore.Mvc.Infrastructure.ResourceInvoker.InvokeFilterPipelineAsync()
--- End of stack trace from previous location ---
   at Microsoft.AspNetCore.Mvc.Infrastructure.ResourceInvoker.<InvokeAsync>g__Logged|17_1(ResourceInvoker invoker)
   at Microsoft.AspNetCore.Mvc.Infrastructure.ResourceInvoker.<InvokeAsync>g__Logged|17_1(ResourceInvoker invoker)
   at Microsoft.AspNetCore.Routing.EndpointMiddleware.<Invoke>g__AwaitRequestTask|7_0(Endpoint endpoint, Task requestTask, ILogger logger)
   at Microsoft.AspNetCore.Authorization.AuthorizationMiddleware.Invoke(HttpContext context)
   at Microsoft.AspNetCore.Authentication.AuthenticationMiddleware.Invoke(HttpContext context)
   at Microsoft.AspNetCore.Diagnostics.DeveloperExceptionPageMiddlewareImpl.Invoke(HttpContext context)
2024-11-23 19:38:43.407 +01:00 [INF] Request finished HTTP/1.1 GET http://localhost:5003/Identity/Account/Login - 500 null text/html; charset=utf-8 635.6887ms
2024-11-23 19:40:47.332 +01:00 [INF] Application is shutting down...
