2024-11-30 00:30:47.236 +01:00 [INF] User profile is available. Using 'C:\Users\Kevol\AppData\Local\ASP.NET\DataProtection-Keys' as key repository and Windows DPAPI to encrypt keys at rest.
2024-11-30 00:30:47.325 +01:00 [INF] Now listening on: http://localhost:5003
2024-11-30 00:30:47.327 +01:00 [INF] Application started. Press Ctrl+C to shut down.
2024-11-30 00:30:47.327 +01:00 [INF] Hosting environment: Development
2024-11-30 00:30:47.328 +01:00 [INF] Content root path: C:\Users\Kevol\Desktop\GitHub\CodeCraft\SubApp1
2024-11-30 00:30:50.095 +01:00 [INF] Request starting HTTP/1.1 GET http://localhost:5003/Home/Profile - null null
2024-11-30 00:30:50.107 +01:00 [WRN] Failed to determine the https port for redirect.
2024-11-30 00:30:50.421 +01:00 [INF] Executing endpoint 'SubApp1.Controllers.HomeController.Profile (SubApp1)'
2024-11-30 00:30:50.427 +01:00 [INF] Route matched with {action = "Profile", controller = "Home", page = "", area = ""}. Executing controller action with signature Microsoft.AspNetCore.Mvc.IActionResult Profile() on controller SubApp1.Controllers.HomeController (SubApp1).
2024-11-30 00:30:51.723 +01:00 [INF] Executing ViewResult, running view Profile.
2024-11-30 00:30:51.946 +01:00 [INF] Executed ViewResult - view Profile executed in 1349.9639ms.
2024-11-30 00:30:51.947 +01:00 [INF] Executed action SubApp1.Controllers.HomeController.Profile (SubApp1) in 1519.1799ms
2024-11-30 00:30:51.947 +01:00 [INF] Executed endpoint 'SubApp1.Controllers.HomeController.Profile (SubApp1)'
2024-11-30 00:30:51.950 +01:00 [INF] Request finished HTTP/1.1 GET http://localhost:5003/Home/Profile - 200 null text/html; charset=utf-8 1855.8576ms
2024-11-30 00:30:51.964 +01:00 [INF] Request starting HTTP/1.1 GET http://localhost:5003/css/site.css?v=PwXCO7S-VoK5vIcK-q_mHBjT7x4T-LN9UtVGx_M86EA - null null
2024-11-30 00:30:51.964 +01:00 [INF] Request starting HTTP/1.1 GET http://localhost:5003/Images/default-profile.jpg - null null
2024-11-30 00:30:51.964 +01:00 [INF] Request starting HTTP/1.1 GET http://localhost:5003/js/jquery.min.js - null null
2024-11-30 00:30:51.964 +01:00 [INF] Request starting HTTP/1.1 GET http://localhost:5003/js/bootstrap.js - null null
2024-11-30 00:30:51.966 +01:00 [INF] The file /Images/default-profile.jpg was not modified
2024-11-30 00:30:51.966 +01:00 [INF] Request finished HTTP/1.1 GET http://localhost:5003/Images/default-profile.jpg - 304 null image/jpeg 1.5045ms
2024-11-30 00:30:51.968 +01:00 [INF] Sending file. Request path: '/css/site.css'. Physical path: 'C:\Users\Kevol\Desktop\GitHub\CodeCraft\SubApp1\wwwroot\css\site.css'
2024-11-30 00:30:51.969 +01:00 [INF] Request finished HTTP/1.1 GET http://localhost:5003/css/site.css?v=PwXCO7S-VoK5vIcK-q_mHBjT7x4T-LN9UtVGx_M86EA - 200 3033 text/css 4.1607ms
2024-11-30 00:30:51.972 +01:00 [INF] Request finished HTTP/1.1 GET http://localhost:5003/js/jquery.min.js - 404 0 null 8.0077ms
2024-11-30 00:30:51.972 +01:00 [INF] Request finished HTTP/1.1 GET http://localhost:5003/js/bootstrap.js - 404 0 null 8.0617ms
2024-11-30 00:30:51.973 +01:00 [INF] Request reached the end of the middleware pipeline without being handled by application code. Request path: GET http://localhost:5003/js/bootstrap.js, Response status code: 404
2024-11-30 00:30:51.973 +01:00 [INF] Request reached the end of the middleware pipeline without being handled by application code. Request path: GET http://localhost:5003/js/jquery.min.js, Response status code: 404
2024-11-30 00:31:00.946 +01:00 [INF] Request starting HTTP/1.1 GET http://localhost:5003/ - null null
2024-11-30 00:31:00.983 +01:00 [INF] Executing endpoint 'SubApp1.Controllers.HomeController.Index (SubApp1)'
2024-11-30 00:31:00.984 +01:00 [INF] Route matched with {action = "Index", controller = "Home", page = "", area = ""}. Executing controller action with signature Microsoft.AspNetCore.Mvc.IActionResult Index() on controller SubApp1.Controllers.HomeController (SubApp1).
2024-11-30 00:31:01.134 +01:00 [INF] Executing ViewResult, running view Index.
2024-11-30 00:31:01.141 +01:00 [INF] Executed ViewResult - view Index executed in 145.2428ms.
2024-11-30 00:31:01.141 +01:00 [INF] Executed action SubApp1.Controllers.HomeController.Index (SubApp1) in 156.7517ms
2024-11-30 00:31:01.141 +01:00 [INF] Executed endpoint 'SubApp1.Controllers.HomeController.Index (SubApp1)'
2024-11-30 00:31:01.141 +01:00 [INF] Request finished HTTP/1.1 GET http://localhost:5003/ - 200 null text/html; charset=utf-8 195.4861ms
2024-11-30 00:31:01.157 +01:00 [INF] Request starting HTTP/1.1 GET http://localhost:5003/css/site.css?v=PwXCO7S-VoK5vIcK-q_mHBjT7x4T-LN9UtVGx_M86EA - null null
2024-11-30 00:31:01.158 +01:00 [INF] Request starting HTTP/1.1 GET http://localhost:5003/js/bootstrap.js - null null
2024-11-30 00:31:01.158 +01:00 [INF] Request starting HTTP/1.1 GET http://localhost:5003/js/jquery.min.js - null null
2024-11-30 00:31:01.158 +01:00 [INF] The file /css/site.css was not modified
2024-11-30 00:31:01.158 +01:00 [INF] Request finished HTTP/1.1 GET http://localhost:5003/css/site.css?v=PwXCO7S-VoK5vIcK-q_mHBjT7x4T-LN9UtVGx_M86EA - 304 null text/css 0.7444ms
2024-11-30 00:31:01.159 +01:00 [INF] Request finished HTTP/1.1 GET http://localhost:5003/js/bootstrap.js - 404 0 null 1.6346ms
2024-11-30 00:31:01.159 +01:00 [INF] Request finished HTTP/1.1 GET http://localhost:5003/js/jquery.min.js - 404 0 null 1.5919ms
2024-11-30 00:31:01.159 +01:00 [INF] Request reached the end of the middleware pipeline without being handled by application code. Request path: GET http://localhost:5003/js/bootstrap.js, Response status code: 404
2024-11-30 00:31:01.159 +01:00 [INF] Request reached the end of the middleware pipeline without being handled by application code. Request path: GET http://localhost:5003/js/jquery.min.js, Response status code: 404
2024-11-30 00:31:03.784 +01:00 [INF] Request starting HTTP/1.1 GET http://localhost:5003/Home/Profile - null null
2024-11-30 00:31:03.786 +01:00 [INF] Executing endpoint 'SubApp1.Controllers.HomeController.Profile (SubApp1)'
2024-11-30 00:31:03.786 +01:00 [INF] Route matched with {action = "Profile", controller = "Home", page = "", area = ""}. Executing controller action with signature Microsoft.AspNetCore.Mvc.IActionResult Profile() on controller SubApp1.Controllers.HomeController (SubApp1).
2024-11-30 00:31:03.789 +01:00 [INF] Executing ViewResult, running view Profile.
2024-11-30 00:31:03.790 +01:00 [INF] Executed ViewResult - view Profile executed in 1.1264ms.
2024-11-30 00:31:03.790 +01:00 [INF] Executed action SubApp1.Controllers.HomeController.Profile (SubApp1) in 3.6893ms
2024-11-30 00:31:03.790 +01:00 [INF] Executed endpoint 'SubApp1.Controllers.HomeController.Profile (SubApp1)'
2024-11-30 00:31:03.790 +01:00 [INF] Request finished HTTP/1.1 GET http://localhost:5003/Home/Profile - 200 null text/html; charset=utf-8 5.821ms
2024-11-30 00:31:12.552 +01:00 [INF] Request starting HTTP/1.1 GET http://localhost:5003/Identity/Account/Manage - null null
2024-11-30 00:31:12.730 +01:00 [INF] Executing endpoint '/Account/Manage/Index'
2024-11-30 00:31:12.824 +01:00 [INF] Route matched with {page = "/Account/Manage/Index", area = "Identity", action = "", controller = ""}. Executing page /Account/Manage/Index
2024-11-30 00:31:12.829 +01:00 [INF] Executing handler method SubApp1.Areas.Identity.Pages.Account.Manage.IndexModel.OnGetAsync - ModelState is "Valid"
2024-11-30 00:31:12.843 +01:00 [INF] Executed handler method OnGetAsync, returned result Microsoft.AspNetCore.Mvc.RazorPages.PageResult.
2024-11-30 00:31:13.056 +01:00 [INF] Executed page /Account/Manage/Index in 231.7164ms
2024-11-30 00:31:13.056 +01:00 [INF] Executed endpoint '/Account/Manage/Index'
2024-11-30 00:31:13.056 +01:00 [INF] Request finished HTTP/1.1 GET http://localhost:5003/Identity/Account/Manage - 200 null text/html; charset=utf-8 503.7549ms
2024-11-30 00:31:13.073 +01:00 [INF] Request starting HTTP/1.1 GET http://localhost:5003/css/site.css?v=PwXCO7S-VoK5vIcK-q_mHBjT7x4T-LN9UtVGx_M86EA - null null
2024-11-30 00:31:13.074 +01:00 [INF] Request starting HTTP/1.1 GET http://localhost:5003/js/bootstrap.js - null null
2024-11-30 00:31:13.074 +01:00 [INF] Request starting HTTP/1.1 GET http://localhost:5003/js/jquery.min.js - null null
2024-11-30 00:31:13.074 +01:00 [INF] The file /css/site.css was not modified
2024-11-30 00:31:13.074 +01:00 [INF] Request finished HTTP/1.1 GET http://localhost:5003/css/site.css?v=PwXCO7S-VoK5vIcK-q_mHBjT7x4T-LN9UtVGx_M86EA - 304 null text/css 0.554ms
2024-11-30 00:31:13.075 +01:00 [INF] Request finished HTTP/1.1 GET http://localhost:5003/js/bootstrap.js - 404 0 null 1.1565ms
2024-11-30 00:31:13.075 +01:00 [INF] Request reached the end of the middleware pipeline without being handled by application code. Request path: GET http://localhost:5003/js/bootstrap.js, Response status code: 404
2024-11-30 00:31:13.081 +01:00 [INF] Request finished HTTP/1.1 GET http://localhost:5003/js/jquery.min.js - 404 0 null 7.7438ms
2024-11-30 00:31:13.081 +01:00 [INF] Request reached the end of the middleware pipeline without being handled by application code. Request path: GET http://localhost:5003/js/jquery.min.js, Response status code: 404
2024-11-30 00:31:18.006 +01:00 [INF] Request starting HTTP/1.1 POST http://localhost:5003/Identity/Account/Manage - multipart/form-data; boundary=----WebKitFormBoundaryDlHoLZtZ8dvdWEQ5 894
2024-11-30 00:31:18.008 +01:00 [INF] Executing endpoint '/Account/Manage/Index'
2024-11-30 00:31:18.008 +01:00 [INF] Route matched with {page = "/Account/Manage/Index", area = "Identity", action = "", controller = ""}. Executing page /Account/Manage/Index
2024-11-30 00:31:18.017 +01:00 [INF] Executing handler method SubApp1.Areas.Identity.Pages.Account.Manage.IndexModel.OnPostAsync - ModelState is "Valid"
2024-11-30 00:31:18.104 +01:00 [INF] AuthenticationScheme: Identity.Application signed in.
2024-11-30 00:31:18.105 +01:00 [INF] Executed handler method OnPostAsync, returned result Microsoft.AspNetCore.Mvc.RedirectToPageResult.
2024-11-30 00:31:18.105 +01:00 [INF] Executing RedirectToPageResult, redirecting to null.
2024-11-30 00:31:18.106 +01:00 [INF] Executed page /Account/Manage/Index in 97.6478ms
2024-11-30 00:31:18.106 +01:00 [INF] Executed endpoint '/Account/Manage/Index'
2024-11-30 00:31:18.106 +01:00 [INF] Request finished HTTP/1.1 POST http://localhost:5003/Identity/Account/Manage - 302 0 null 100.1959ms
2024-11-30 00:31:18.108 +01:00 [INF] Request starting HTTP/1.1 GET http://localhost:5003/Identity/Account/Manage - null null
2024-11-30 00:31:18.109 +01:00 [INF] Executing endpoint '/Account/Manage/Index'
2024-11-30 00:31:18.110 +01:00 [INF] Route matched with {page = "/Account/Manage/Index", area = "Identity", action = "", controller = ""}. Executing page /Account/Manage/Index
2024-11-30 00:31:18.110 +01:00 [INF] Executing handler method SubApp1.Areas.Identity.Pages.Account.Manage.IndexModel.OnGetAsync - ModelState is "Valid"
2024-11-30 00:31:18.111 +01:00 [INF] Executed handler method OnGetAsync, returned result Microsoft.AspNetCore.Mvc.RazorPages.PageResult.
2024-11-30 00:31:18.112 +01:00 [INF] Executed page /Account/Manage/Index in 2.6087ms
2024-11-30 00:31:18.112 +01:00 [INF] Executed endpoint '/Account/Manage/Index'
2024-11-30 00:31:18.112 +01:00 [INF] Request finished HTTP/1.1 GET http://localhost:5003/Identity/Account/Manage - 200 null text/html; charset=utf-8 4.8411ms
2024-11-30 00:31:18.128 +01:00 [INF] Request starting HTTP/1.1 GET http://localhost:5003/css/site.css?v=PwXCO7S-VoK5vIcK-q_mHBjT7x4T-LN9UtVGx_M86EA - null null
2024-11-30 00:31:18.128 +01:00 [INF] The file /css/site.css was not modified
2024-11-30 00:31:18.128 +01:00 [INF] Request finished HTTP/1.1 GET http://localhost:5003/css/site.css?v=PwXCO7S-VoK5vIcK-q_mHBjT7x4T-LN9UtVGx_M86EA - 304 null text/css 0.2582ms
2024-11-30 00:31:18.128 +01:00 [INF] Request starting HTTP/1.1 GET http://localhost:5003/js/jquery.min.js - null null
2024-11-30 00:31:18.128 +01:00 [INF] Request starting HTTP/1.1 GET http://localhost:5003/js/bootstrap.js - null null
2024-11-30 00:31:18.130 +01:00 [INF] Request finished HTTP/1.1 GET http://localhost:5003/js/jquery.min.js - 404 0 null 1.3566ms
2024-11-30 00:31:18.130 +01:00 [INF] Request reached the end of the middleware pipeline without being handled by application code. Request path: GET http://localhost:5003/js/jquery.min.js, Response status code: 404
2024-11-30 00:31:18.142 +01:00 [INF] Request finished HTTP/1.1 GET http://localhost:5003/js/bootstrap.js - 404 0 null 13.3294ms
2024-11-30 00:31:18.142 +01:00 [INF] Request reached the end of the middleware pipeline without being handled by application code. Request path: GET http://localhost:5003/js/bootstrap.js, Response status code: 404
2024-11-30 00:31:19.237 +01:00 [INF] Request starting HTTP/1.1 GET http://localhost:5003/Home/Profile - null null
2024-11-30 00:31:19.238 +01:00 [INF] Executing endpoint 'SubApp1.Controllers.HomeController.Profile (SubApp1)'
2024-11-30 00:31:19.238 +01:00 [INF] Route matched with {action = "Profile", controller = "Home", page = "", area = ""}. Executing controller action with signature Microsoft.AspNetCore.Mvc.IActionResult Profile() on controller SubApp1.Controllers.HomeController (SubApp1).
2024-11-30 00:31:19.239 +01:00 [INF] Executing ViewResult, running view Profile.
2024-11-30 00:31:19.240 +01:00 [INF] Executed ViewResult - view Profile executed in 0.6415ms.
2024-11-30 00:31:19.240 +01:00 [INF] Executed action SubApp1.Controllers.HomeController.Profile (SubApp1) in 1.5507ms
2024-11-30 00:31:19.240 +01:00 [INF] Executed endpoint 'SubApp1.Controllers.HomeController.Profile (SubApp1)'
2024-11-30 00:31:19.240 +01:00 [INF] Request finished HTTP/1.1 GET http://localhost:5003/Home/Profile - 200 null text/html; charset=utf-8 2.9189ms
2024-11-30 00:31:19.254 +01:00 [INF] Request starting HTTP/1.1 GET http://localhost:5003/js/bootstrap.js - null null
2024-11-30 00:31:19.255 +01:00 [INF] Request finished HTTP/1.1 GET http://localhost:5003/js/bootstrap.js - 404 0 null 1.2137ms
2024-11-30 00:31:19.255 +01:00 [INF] Request reached the end of the middleware pipeline without being handled by application code. Request path: GET http://localhost:5003/js/bootstrap.js, Response status code: 404
2024-11-30 00:31:19.255 +01:00 [INF] Request starting HTTP/1.1 GET http://localhost:5003/js/jquery.min.js - null null
2024-11-30 00:31:19.256 +01:00 [INF] Request starting HTTP/1.1 GET http://localhost:5003/Images/profile_trdj0qvw.t0y638685234780193273.png - null null
2024-11-30 00:31:19.256 +01:00 [INF] Request finished HTTP/1.1 GET http://localhost:5003/js/jquery.min.js - 404 0 null 1.0473ms
2024-11-30 00:31:19.256 +01:00 [INF] Request reached the end of the middleware pipeline without being handled by application code. Request path: GET http://localhost:5003/js/jquery.min.js, Response status code: 404
2024-11-30 00:31:19.257 +01:00 [INF] Sending file. Request path: '/Images/profile_trdj0qvw.t0y638685234780193273.png'. Physical path: 'C:\Users\Kevol\Desktop\GitHub\CodeCraft\SubApp1\wwwroot\Images\profile_trdj0qvw.t0y638685234780193273.png'
2024-11-30 00:31:19.257 +01:00 [INF] Request finished HTTP/1.1 GET http://localhost:5003/Images/profile_trdj0qvw.t0y638685234780193273.png - 200 262 image/png 1.0291ms
2024-11-30 00:31:25.447 +01:00 [INF] Request starting HTTP/1.1 GET http://localhost:5003/css/site.css?v=PwXCO7S-VoK5vIcK-q_mHBjT7x4T-LN9UtVGx_M86EA - null null
2024-11-30 00:31:25.447 +01:00 [INF] The file /css/site.css was not modified
2024-11-30 00:31:25.448 +01:00 [INF] Request finished HTTP/1.1 GET http://localhost:5003/css/site.css?v=PwXCO7S-VoK5vIcK-q_mHBjT7x4T-LN9UtVGx_M86EA - 304 null text/css 0.4269ms
2024-11-30 00:33:32.675 +01:00 [INF] Application is shutting down...
