2024-11-22 18:32:55.629 +01:00 [INF] User profile is available. Using 'C:\Users\Thilo\AppData\Local\ASP.NET\DataProtection-Keys' as key repository and Windows DPAPI to encrypt keys at rest.
2024-11-22 18:32:56.097 +01:00 [INF] Now listening on: http://localhost:5003
2024-11-22 18:32:56.103 +01:00 [INF] Application started. Press Ctrl+C to shut down.
2024-11-22 18:32:56.105 +01:00 [INF] Hosting environment: Development
2024-11-22 18:32:56.105 +01:00 [INF] Content root path: C:\Users\Thilo\OneDrive\Dokumenter\GitHub\CodeCraft\SubApp1
2024-11-22 18:33:46.074 +01:00 [INF] Request starting HTTP/1.1 GET http://localhost:5003/ - null null
2024-11-22 18:33:46.111 +01:00 [WRN] Failed to determine the https port for redirect.
2024-11-22 18:33:46.187 +01:00 [INF] Executing endpoint 'SubApp1.Controllers.HomeController.Index (SubApp1)'
2024-11-22 18:33:46.214 +01:00 [INF] Route matched with {action = "Index", controller = "Home", page = "", area = ""}. Executing controller action with signature Microsoft.AspNetCore.Mvc.IActionResult Index() on controller SubApp1.Controllers.HomeController (SubApp1).
2024-11-22 18:33:51.525 +01:00 [INF] Executing ViewResult, running view Index.
2024-11-22 18:33:52.550 +01:00 [INF] Executed ViewResult - view Index executed in 5592.2371ms.
2024-11-22 18:33:52.553 +01:00 [INF] Executed action SubApp1.Controllers.HomeController.Index (SubApp1) in 6337.7504ms
2024-11-22 18:33:52.553 +01:00 [INF] Executed endpoint 'SubApp1.Controllers.HomeController.Index (SubApp1)'
2024-11-22 18:33:52.572 +01:00 [INF] Request finished HTTP/1.1 GET http://localhost:5003/ - 200 null text/html; charset=utf-8 6499.6117ms
2024-11-22 18:33:52.582 +01:00 [INF] Request starting HTTP/1.1 GET http://localhost:5003/css/site.css?v=IX3HhC0Qb_wvNR76iq6-WPDnaYZOlvu4jaLxaL9WBe8 - null null
2024-11-22 18:33:52.583 +01:00 [INF] Request starting HTTP/1.1 GET http://localhost:5003/js/bootstrap.js - null null
2024-11-22 18:33:52.587 +01:00 [INF] Request finished HTTP/1.1 GET http://localhost:5003/js/bootstrap.js - 404 0 null 3.2159ms
2024-11-22 18:33:52.587 +01:00 [INF] The file /css/site.css was not modified
2024-11-22 18:33:52.589 +01:00 [INF] Request reached the end of the middleware pipeline without being handled by application code. Request path: GET http://localhost:5003/js/bootstrap.js, Response status code: 404
2024-11-22 18:33:52.589 +01:00 [INF] Request finished HTTP/1.1 GET http://localhost:5003/css/site.css?v=IX3HhC0Qb_wvNR76iq6-WPDnaYZOlvu4jaLxaL9WBe8 - 304 null text/css 7.3795ms
2024-11-22 18:33:52.598 +01:00 [INF] Request starting HTTP/1.1 GET http://localhost:5003/js/jquery.min.js - null null
2024-11-22 18:33:52.600 +01:00 [INF] Request finished HTTP/1.1 GET http://localhost:5003/js/jquery.min.js - 404 0 null 1.9298ms
2024-11-22 18:33:52.601 +01:00 [INF] Request reached the end of the middleware pipeline without being handled by application code. Request path: GET http://localhost:5003/js/jquery.min.js, Response status code: 404
2024-11-22 18:34:05.282 +01:00 [INF] Request starting HTTP/1.1 GET http://localhost:5003/Home/Signup - null null
2024-11-22 18:34:05.286 +01:00 [INF] Executing endpoint 'SubApp1.Controllers.HomeController.signup (SubApp1)'
2024-11-22 18:34:05.294 +01:00 [INF] Route matched with {action = "signup", controller = "Home", page = "", area = ""}. Executing controller action with signature Microsoft.AspNetCore.Mvc.IActionResult signup() on controller SubApp1.Controllers.HomeController (SubApp1).
2024-11-22 18:34:05.597 +01:00 [INF] Executing ViewResult, running view signup.
2024-11-22 18:34:05.607 +01:00 [INF] Executed ViewResult - view signup executed in 274.4843ms.
2024-11-22 18:34:05.607 +01:00 [INF] Executed action SubApp1.Controllers.HomeController.signup (SubApp1) in 313.1579ms
2024-11-22 18:34:05.608 +01:00 [INF] Executed endpoint 'SubApp1.Controllers.HomeController.signup (SubApp1)'
2024-11-22 18:34:05.608 +01:00 [INF] Request finished HTTP/1.1 GET http://localhost:5003/Home/Signup - 200 null text/html; charset=utf-8 325.8302ms
2024-11-22 18:34:05.622 +01:00 [INF] Request starting HTTP/1.1 GET http://localhost:5003/js/bootstrap.js - null null
2024-11-22 18:34:05.622 +01:00 [INF] Request finished HTTP/1.1 GET http://localhost:5003/js/bootstrap.js - 404 0 null 0.5731ms
2024-11-22 18:34:05.623 +01:00 [INF] Request reached the end of the middleware pipeline without being handled by application code. Request path: GET http://localhost:5003/js/bootstrap.js, Response status code: 404
2024-11-22 18:34:05.627 +01:00 [INF] Request starting HTTP/1.1 GET http://localhost:5003/Home/Signup.css - null null
2024-11-22 18:34:05.627 +01:00 [INF] Request starting HTTP/1.1 GET http://localhost:5003/js/jquery.min.js - null null
2024-11-22 18:34:05.627 +01:00 [INF] Request finished HTTP/1.1 GET http://localhost:5003/js/jquery.min.js - 404 0 null 0.6131ms
2024-11-22 18:34:05.628 +01:00 [INF] Request reached the end of the middleware pipeline without being handled by application code. Request path: GET http://localhost:5003/js/jquery.min.js, Response status code: 404
2024-11-22 18:34:05.629 +01:00 [INF] Request finished HTTP/1.1 GET http://localhost:5003/Home/Signup.css - 404 0 null 2.4817ms
2024-11-22 18:34:05.630 +01:00 [INF] Request reached the end of the middleware pipeline without being handled by application code. Request path: GET http://localhost:5003/Home/Signup.css, Response status code: 404
2024-11-22 18:35:18.832 +01:00 [INF] Request starting HTTP/1.1 POST http://localhost:5003/User/Login - application/x-www-form-urlencoded 230
2024-11-22 18:35:18.832 +01:00 [INF] Executing endpoint 'SubApp1.Controllers.UserController.Login (SubApp1)'
2024-11-22 18:35:18.873 +01:00 [INF] Route matched with {action = "Login", controller = "User", page = "", area = ""}. Executing controller action with signature System.Threading.Tasks.Task`1[Microsoft.AspNetCore.Mvc.IActionResult] Login(System.String, System.String) on controller SubApp1.Controllers.UserController (SubApp1).
2024-11-22 18:35:19.250 +01:00 [INF] Executing ViewResult, running view Login.
2024-11-22 18:35:19.259 +01:00 [ERR] The view 'Login' was not found. Searched locations: ["/Views/User/Login.cshtml","/Views/Shared/Login.cshtml","/Pages/Shared/Login.cshtml"]
2024-11-22 18:35:19.263 +01:00 [INF] Executed action SubApp1.Controllers.UserController.Login (SubApp1) in 389.9295ms
2024-11-22 18:35:19.264 +01:00 [INF] Executed endpoint 'SubApp1.Controllers.UserController.Login (SubApp1)'
2024-11-22 18:35:19.274 +01:00 [ERR] An unhandled exception has occurred while executing the request.
System.InvalidOperationException: The view 'Login' was not found. The following locations were searched:
/Views/User/Login.cshtml
/Views/Shared/Login.cshtml
/Pages/Shared/Login.cshtml
   at Microsoft.AspNetCore.Mvc.ViewEngines.ViewEngineResult.EnsureSuccessful(IEnumerable`1 originalLocations)
   at Microsoft.AspNetCore.Mvc.ViewFeatures.ViewResultExecutor.ExecuteAsync(ActionContext context, ViewResult result)
   at Microsoft.AspNetCore.Mvc.ViewResult.ExecuteResultAsync(ActionContext context)
   at Microsoft.AspNetCore.Mvc.Infrastructure.ResourceInvoker.<InvokeNextResultFilterAsync>g__Awaited|30_0[TFilter,TFilterAsync](ResourceInvoker invoker, Task lastTask, State next, Scope scope, Object state, Boolean isCompleted)
   at Microsoft.AspNetCore.Mvc.Infrastructure.ResourceInvoker.Rethrow(ResultExecutedContextSealed context)
   at Microsoft.AspNetCore.Mvc.Infrastructure.ResourceInvoker.ResultNext[TFilter,TFilterAsync](State& next, Scope& scope, Object& state, Boolean& isCompleted)
   at Microsoft.AspNetCore.Mvc.Infrastructure.ResourceInvoker.InvokeResultFilters()
--- End of stack trace from previous location ---
   at Microsoft.AspNetCore.Mvc.Infrastructure.ResourceInvoker.<InvokeNextResourceFilter>g__Awaited|25_0(ResourceInvoker invoker, Task lastTask, State next, Scope scope, Object state, Boolean isCompleted)
   at Microsoft.AspNetCore.Mvc.Infrastructure.ResourceInvoker.Rethrow(ResourceExecutedContextSealed context)
   at Microsoft.AspNetCore.Mvc.Infrastructure.ResourceInvoker.Next(State& next, Scope& scope, Object& state, Boolean& isCompleted)
   at Microsoft.AspNetCore.Mvc.Infrastructure.ResourceInvoker.InvokeFilterPipelineAsync()
--- End of stack trace from previous location ---
   at Microsoft.AspNetCore.Mvc.Infrastructure.ResourceInvoker.<InvokeAsync>g__Logged|17_1(ResourceInvoker invoker)
   at Microsoft.AspNetCore.Mvc.Infrastructure.ResourceInvoker.<InvokeAsync>g__Logged|17_1(ResourceInvoker invoker)
   at Microsoft.AspNetCore.Routing.EndpointMiddleware.<Invoke>g__AwaitRequestTask|7_0(Endpoint endpoint, Task requestTask, ILogger logger)
   at Microsoft.AspNetCore.Authorization.AuthorizationMiddleware.Invoke(HttpContext context)
   at Microsoft.AspNetCore.Authentication.AuthenticationMiddleware.Invoke(HttpContext context)
   at Microsoft.AspNetCore.Diagnostics.DeveloperExceptionPageMiddlewareImpl.Invoke(HttpContext context)
2024-11-22 18:35:19.300 +01:00 [INF] Request finished HTTP/1.1 POST http://localhost:5003/User/Login - 500 null text/html; charset=utf-8 467.8416ms
2024-11-22 18:35:21.925 +01:00 [INF] Request starting HTTP/1.1 GET http://localhost:5003/Home/Signup - null null
2024-11-22 18:35:21.925 +01:00 [INF] Executing endpoint 'SubApp1.Controllers.HomeController.signup (SubApp1)'
2024-11-22 18:35:21.925 +01:00 [INF] Route matched with {action = "signup", controller = "Home", page = "", area = ""}. Executing controller action with signature Microsoft.AspNetCore.Mvc.IActionResult signup() on controller SubApp1.Controllers.HomeController (SubApp1).
2024-11-22 18:35:21.928 +01:00 [INF] Executing ViewResult, running view signup.
2024-11-22 18:35:21.932 +01:00 [INF] Executed ViewResult - view signup executed in 3.9642ms.
2024-11-22 18:35:21.932 +01:00 [INF] Executed action SubApp1.Controllers.HomeController.signup (SubApp1) in 6.629ms
2024-11-22 18:35:21.932 +01:00 [INF] Executed endpoint 'SubApp1.Controllers.HomeController.signup (SubApp1)'
2024-11-22 18:35:21.933 +01:00 [INF] Request finished HTTP/1.1 GET http://localhost:5003/Home/Signup - 200 null text/html; charset=utf-8 8.191ms
2024-11-22 18:35:24.359 +01:00 [INF] Request starting HTTP/1.1 GET http://localhost:5003/ - null null
2024-11-22 18:35:24.359 +01:00 [INF] Executing endpoint 'SubApp1.Controllers.HomeController.Index (SubApp1)'
2024-11-22 18:35:24.359 +01:00 [INF] Route matched with {action = "Index", controller = "Home", page = "", area = ""}. Executing controller action with signature Microsoft.AspNetCore.Mvc.IActionResult Index() on controller SubApp1.Controllers.HomeController (SubApp1).
2024-11-22 18:35:24.362 +01:00 [INF] Executing ViewResult, running view Index.
2024-11-22 18:35:24.367 +01:00 [INF] Executed ViewResult - view Index executed in 4.8092ms.
2024-11-22 18:35:24.367 +01:00 [INF] Executed action SubApp1.Controllers.HomeController.Index (SubApp1) in 7.7688ms
2024-11-22 18:35:24.367 +01:00 [INF] Executed endpoint 'SubApp1.Controllers.HomeController.Index (SubApp1)'
2024-11-22 18:35:24.368 +01:00 [INF] Request finished HTTP/1.1 GET http://localhost:5003/ - 200 null text/html; charset=utf-8 8.9409ms
2024-11-22 18:35:38.722 +01:00 [INF] Request starting HTTP/1.1 POST http://localhost:5003/User/Login - application/x-www-form-urlencoded 217
2024-11-22 18:35:38.724 +01:00 [INF] Executing endpoint 'SubApp1.Controllers.UserController.Login (SubApp1)'
2024-11-22 18:35:38.724 +01:00 [INF] Route matched with {action = "Login", controller = "User", page = "", area = ""}. Executing controller action with signature System.Threading.Tasks.Task`1[Microsoft.AspNetCore.Mvc.IActionResult] Login(System.String, System.String) on controller SubApp1.Controllers.UserController (SubApp1).
2024-11-22 18:35:38.753 +01:00 [INF] Executing ViewResult, running view Login.
2024-11-22 18:35:38.754 +01:00 [ERR] The view 'Login' was not found. Searched locations: ["/Views/User/Login.cshtml","/Views/Shared/Login.cshtml","/Pages/Shared/Login.cshtml"]
2024-11-22 18:35:38.755 +01:00 [INF] Executed action SubApp1.Controllers.UserController.Login (SubApp1) in 31.0488ms
2024-11-22 18:35:38.755 +01:00 [INF] Executed endpoint 'SubApp1.Controllers.UserController.Login (SubApp1)'
2024-11-22 18:35:38.763 +01:00 [ERR] An unhandled exception has occurred while executing the request.
System.InvalidOperationException: The view 'Login' was not found. The following locations were searched:
/Views/User/Login.cshtml
/Views/Shared/Login.cshtml
/Pages/Shared/Login.cshtml
   at Microsoft.AspNetCore.Mvc.ViewEngines.ViewEngineResult.EnsureSuccessful(IEnumerable`1 originalLocations)
   at Microsoft.AspNetCore.Mvc.ViewFeatures.ViewResultExecutor.ExecuteAsync(ActionContext context, ViewResult result)
   at Microsoft.AspNetCore.Mvc.ViewResult.ExecuteResultAsync(ActionContext context)
   at Microsoft.AspNetCore.Mvc.Infrastructure.ResourceInvoker.<InvokeNextResultFilterAsync>g__Awaited|30_0[TFilter,TFilterAsync](ResourceInvoker invoker, Task lastTask, State next, Scope scope, Object state, Boolean isCompleted)
   at Microsoft.AspNetCore.Mvc.Infrastructure.ResourceInvoker.Rethrow(ResultExecutedContextSealed context)
   at Microsoft.AspNetCore.Mvc.Infrastructure.ResourceInvoker.ResultNext[TFilter,TFilterAsync](State& next, Scope& scope, Object& state, Boolean& isCompleted)
   at Microsoft.AspNetCore.Mvc.Infrastructure.ResourceInvoker.InvokeResultFilters()
--- End of stack trace from previous location ---
   at Microsoft.AspNetCore.Mvc.Infrastructure.ResourceInvoker.<InvokeNextResourceFilter>g__Awaited|25_0(ResourceInvoker invoker, Task lastTask, State next, Scope scope, Object state, Boolean isCompleted)
   at Microsoft.AspNetCore.Mvc.Infrastructure.ResourceInvoker.Rethrow(ResourceExecutedContextSealed context)
   at Microsoft.AspNetCore.Mvc.Infrastructure.ResourceInvoker.Next(State& next, Scope& scope, Object& state, Boolean& isCompleted)
   at Microsoft.AspNetCore.Mvc.Infrastructure.ResourceInvoker.InvokeFilterPipelineAsync()
--- End of stack trace from previous location ---
   at Microsoft.AspNetCore.Mvc.Infrastructure.ResourceInvoker.<InvokeAsync>g__Logged|17_1(ResourceInvoker invoker)
   at Microsoft.AspNetCore.Mvc.Infrastructure.ResourceInvoker.<InvokeAsync>g__Logged|17_1(ResourceInvoker invoker)
   at Microsoft.AspNetCore.Routing.EndpointMiddleware.<Invoke>g__AwaitRequestTask|7_0(Endpoint endpoint, Task requestTask, ILogger logger)
   at Microsoft.AspNetCore.Authorization.AuthorizationMiddleware.Invoke(HttpContext context)
   at Microsoft.AspNetCore.Authentication.AuthenticationMiddleware.Invoke(HttpContext context)
   at Microsoft.AspNetCore.Diagnostics.DeveloperExceptionPageMiddlewareImpl.Invoke(HttpContext context)
2024-11-22 18:35:38.772 +01:00 [INF] Request finished HTTP/1.1 POST http://localhost:5003/User/Login - 500 null text/html; charset=utf-8 50.4098ms
2024-11-22 18:35:40.995 +01:00 [INF] Request starting HTTP/1.1 GET http://localhost:5003/ - null null
2024-11-22 18:35:40.996 +01:00 [INF] Executing endpoint 'SubApp1.Controllers.HomeController.Index (SubApp1)'
2024-11-22 18:35:40.996 +01:00 [INF] Route matched with {action = "Index", controller = "Home", page = "", area = ""}. Executing controller action with signature Microsoft.AspNetCore.Mvc.IActionResult Index() on controller SubApp1.Controllers.HomeController (SubApp1).
2024-11-22 18:35:40.999 +01:00 [INF] Executing ViewResult, running view Index.
2024-11-22 18:35:41.003 +01:00 [INF] Executed ViewResult - view Index executed in 3.4138ms.
2024-11-22 18:35:41.003 +01:00 [INF] Executed action SubApp1.Controllers.HomeController.Index (SubApp1) in 7.1016ms
2024-11-22 18:35:41.003 +01:00 [INF] Executed endpoint 'SubApp1.Controllers.HomeController.Index (SubApp1)'
2024-11-22 18:35:41.003 +01:00 [INF] Request finished HTTP/1.1 GET http://localhost:5003/ - 200 null text/html; charset=utf-8 7.9161ms
2024-11-22 18:36:32.268 +01:00 [INF] Application is shutting down...
