2024-11-09 00:20:22.656 +01:00 [INF] User profile is available. Using 'C:\Users\Kevol\AppData\Local\ASP.NET\DataProtection-Keys' as key repository and Windows DPAPI to encrypt keys at rest.
2024-11-09 00:20:22.782 +01:00 [INF] Now listening on: http://localhost:5003
2024-11-09 00:20:22.784 +01:00 [INF] Application started. Press Ctrl+C to shut down.
2024-11-09 00:20:22.786 +01:00 [INF] Hosting environment: Development
2024-11-09 00:20:22.787 +01:00 [INF] Content root path: C:\Users\Kevol\Desktop\GitHub\CodeCraft1\CodeCraft\SubApp1
2024-11-09 00:20:22.880 +01:00 [INF] Request starting HTTP/1.1 GET http://localhost:5003/ - null null
2024-11-09 00:20:22.887 +01:00 [WRN] Failed to determine the https port for redirect.
2024-11-09 00:20:22.902 +01:00 [INF] Executing endpoint 'SubApp1.Controllers.HomeController.Index (SubApp1)'
2024-11-09 00:20:22.917 +01:00 [INF] Route matched with {action = "Index", controller = "Home", page = "", area = ""}. Executing controller action with signature Microsoft.AspNetCore.Mvc.IActionResult Index() on controller SubApp1.Controllers.HomeController (SubApp1).
2024-11-09 00:20:24.506 +01:00 [INF] Executing ViewResult, running view Index.
2024-11-09 00:20:24.679 +01:00 [INF] Executed ViewResult - view Index executed in 1393.2187ms.
2024-11-09 00:20:24.680 +01:00 [INF] Executed action SubApp1.Controllers.HomeController.Index (SubApp1) in 1763.2072ms
2024-11-09 00:20:24.680 +01:00 [INF] Executed endpoint 'SubApp1.Controllers.HomeController.Index (SubApp1)'
2024-11-09 00:20:24.685 +01:00 [INF] Request finished HTTP/1.1 GET http://localhost:5003/ - 200 null text/html; charset=utf-8 1806.2719ms
2024-11-09 00:20:24.694 +01:00 [INF] Request starting HTTP/1.1 GET http://localhost:5003/js/bootstrap.js - null null
2024-11-09 00:20:24.694 +01:00 [INF] Request starting HTTP/1.1 GET http://localhost:5003/js/jquery.min.js - null null
2024-11-09 00:20:24.696 +01:00 [INF] Request finished HTTP/1.1 GET http://localhost:5003/js/bootstrap.js - 404 0 null 2.2138ms
2024-11-09 00:20:24.696 +01:00 [INF] Request finished HTTP/1.1 GET http://localhost:5003/js/jquery.min.js - 404 0 null 2.2145ms
2024-11-09 00:20:24.697 +01:00 [INF] Request reached the end of the middleware pipeline without being handled by application code. Request path: GET http://localhost:5003/js/jquery.min.js, Response status code: 404
2024-11-09 00:20:24.697 +01:00 [INF] Request reached the end of the middleware pipeline without being handled by application code. Request path: GET http://localhost:5003/js/bootstrap.js, Response status code: 404
2024-11-09 00:20:26.354 +01:00 [INF] Request starting HTTP/1.1 GET http://localhost:5003/Home/Profile - null null
2024-11-09 00:20:26.355 +01:00 [INF] Executing endpoint 'SubApp1.Controllers.HomeController.Profile (SubApp1)'
2024-11-09 00:20:26.356 +01:00 [INF] Route matched with {action = "Profile", controller = "Home", page = "", area = ""}. Executing controller action with signature Microsoft.AspNetCore.Mvc.IActionResult Profile() on controller SubApp1.Controllers.HomeController (SubApp1).
2024-11-09 00:20:26.643 +01:00 [INF] Executing ViewResult, running view Profile.
2024-11-09 00:20:26.650 +01:00 [INF] Executed ViewResult - view Profile executed in 133.4953ms.
2024-11-09 00:20:26.651 +01:00 [INF] Executed action SubApp1.Controllers.HomeController.Profile (SubApp1) in 294.8027ms
2024-11-09 00:20:26.651 +01:00 [INF] Executed endpoint 'SubApp1.Controllers.HomeController.Profile (SubApp1)'
2024-11-09 00:20:26.651 +01:00 [INF] Request finished HTTP/1.1 GET http://localhost:5003/Home/Profile - 200 null text/html; charset=utf-8 297.0972ms
2024-11-09 00:20:26.666 +01:00 [INF] Request starting HTTP/1.1 GET http://localhost:5003/js/jquery.min.js - null null
2024-11-09 00:20:26.666 +01:00 [INF] Request starting HTTP/1.1 GET http://localhost:5003/js/bootstrap.js - null null
2024-11-09 00:20:26.666 +01:00 [INF] Request finished HTTP/1.1 GET http://localhost:5003/js/jquery.min.js - 404 0 null 0.3877ms
2024-11-09 00:20:26.666 +01:00 [INF] Request reached the end of the middleware pipeline without being handled by application code. Request path: GET http://localhost:5003/js/jquery.min.js, Response status code: 404
2024-11-09 00:20:26.666 +01:00 [INF] Request finished HTTP/1.1 GET http://localhost:5003/js/bootstrap.js - 404 0 null 0.5143ms
2024-11-09 00:20:26.666 +01:00 [INF] Request reached the end of the middleware pipeline without being handled by application code. Request path: GET http://localhost:5003/js/bootstrap.js, Response status code: 404
2024-11-09 00:21:43.295 +01:00 [INF] Request starting HTTP/1.1 POST http://localhost:5003/Post/CreatePost - multipart/form-data; boundary=----WebKitFormBoundaryTdx2jqgE8x2D02cZ 55172
2024-11-09 00:21:43.296 +01:00 [INF] Executing endpoint 'PostController.CreatePost (SubApp1)'
2024-11-09 00:21:43.304 +01:00 [INF] Route matched with {action = "CreatePost", controller = "Post", page = "", area = ""}. Executing controller action with signature Microsoft.AspNetCore.Mvc.IActionResult CreatePost(System.String, Microsoft.AspNetCore.Http.IFormFile) on controller PostController (SubApp1).
2024-11-09 00:21:43.416 +01:00 [INF] Executing RedirectResult, redirecting to /Home/Profile.
2024-11-09 00:21:43.416 +01:00 [INF] Executed action PostController.CreatePost (SubApp1) in 112.4709ms
2024-11-09 00:21:43.416 +01:00 [INF] Executed endpoint 'PostController.CreatePost (SubApp1)'
2024-11-09 00:21:43.417 +01:00 [INF] Request finished HTTP/1.1 POST http://localhost:5003/Post/CreatePost - 302 0 null 121.8972ms
2024-11-09 00:21:43.420 +01:00 [INF] Request starting HTTP/1.1 GET http://localhost:5003/Home/Profile - null null
2024-11-09 00:21:43.421 +01:00 [INF] Executing endpoint 'SubApp1.Controllers.HomeController.Profile (SubApp1)'
2024-11-09 00:21:43.421 +01:00 [INF] Route matched with {action = "Profile", controller = "Home", page = "", area = ""}. Executing controller action with signature Microsoft.AspNetCore.Mvc.IActionResult Profile() on controller SubApp1.Controllers.HomeController (SubApp1).
2024-11-09 00:21:43.427 +01:00 [INF] Executing ViewResult, running view Profile.
2024-11-09 00:21:43.428 +01:00 [INF] Executed ViewResult - view Profile executed in 1.4245ms.
2024-11-09 00:21:43.428 +01:00 [INF] Executed action SubApp1.Controllers.HomeController.Profile (SubApp1) in 7.3356ms
2024-11-09 00:21:43.428 +01:00 [INF] Executed endpoint 'SubApp1.Controllers.HomeController.Profile (SubApp1)'
2024-11-09 00:21:43.428 +01:00 [INF] Request finished HTTP/1.1 GET http://localhost:5003/Home/Profile - 200 null text/html; charset=utf-8 8.2594ms
2024-11-09 00:21:43.440 +01:00 [INF] Request starting HTTP/1.1 GET http://localhost:5003/css/site.css?v=IX3HhC0Qb_wvNR76iq6-WPDnaYZOlvu4jaLxaL9WBe8 - null null
2024-11-09 00:21:43.440 +01:00 [INF] Request starting HTTP/1.1 GET http://localhost:5003/js/bootstrap.js - null null
2024-11-09 00:21:43.441 +01:00 [INF] Request starting HTTP/1.1 GET http://localhost:5003/js/jquery.min.js - null null
2024-11-09 00:21:43.441 +01:00 [INF] Request finished HTTP/1.1 GET http://localhost:5003/js/bootstrap.js - 404 0 null 0.7703ms
2024-11-09 00:21:43.443 +01:00 [INF] Request reached the end of the middleware pipeline without being handled by application code. Request path: GET http://localhost:5003/js/bootstrap.js, Response status code: 404
2024-11-09 00:21:43.443 +01:00 [INF] Request finished HTTP/1.1 GET http://localhost:5003/js/jquery.min.js - 404 0 null 1.7265ms
2024-11-09 00:21:43.443 +01:00 [INF] Request starting HTTP/1.1 GET http://localhost:5003/Images/gsk0uwuk.moc638667081436071170.jpg - null null
2024-11-09 00:21:43.443 +01:00 [INF] Request reached the end of the middleware pipeline without being handled by application code. Request path: GET http://localhost:5003/js/jquery.min.js, Response status code: 404
2024-11-09 00:21:43.444 +01:00 [INF] Request starting HTTP/1.1 GET http://localhost:5003/Images/g4ncs33t.ski638667081950176237.jpg - null null
2024-11-09 00:21:43.450 +01:00 [INF] The file /Images/gsk0uwuk.moc638667081436071170.jpg was not modified
2024-11-09 00:21:43.450 +01:00 [INF] The file /Images/g4ncs33t.ski638667081950176237.jpg was not modified
2024-11-09 00:21:43.450 +01:00 [INF] The file /css/site.css was not modified
2024-11-09 00:21:43.450 +01:00 [INF] Request finished HTTP/1.1 GET http://localhost:5003/Images/gsk0uwuk.moc638667081436071170.jpg - 304 null image/jpeg 7.3264ms
2024-11-09 00:21:43.450 +01:00 [INF] Request finished HTTP/1.1 GET http://localhost:5003/css/site.css?v=IX3HhC0Qb_wvNR76iq6-WPDnaYZOlvu4jaLxaL9WBe8 - 304 null text/css 10.3488ms
2024-11-09 00:21:43.450 +01:00 [INF] Request finished HTTP/1.1 GET http://localhost:5003/Images/g4ncs33t.ski638667081950176237.jpg - 304 null image/jpeg 6.368ms
2024-11-09 00:21:43.453 +01:00 [INF] Request starting HTTP/1.1 GET http://localhost:5003/Images/quy2kjsl.44y638667085033516780.jpg - null null
2024-11-09 00:21:43.463 +01:00 [INF] Sending file. Request path: '/Images/quy2kjsl.44y638667085033516780.jpg'. Physical path: 'c:\Users\Kevol\Desktop\GitHub\CodeCraft1\CodeCraft\SubApp1\wwwroot\Images\quy2kjsl.44y638667085033516780.jpg'
2024-11-09 00:21:43.463 +01:00 [INF] Request finished HTTP/1.1 GET http://localhost:5003/Images/quy2kjsl.44y638667085033516780.jpg - 200 54606 image/jpeg 10.2702ms
2024-11-09 00:21:57.154 +01:00 [INF] Request starting HTTP/1.1 GET http://localhost:5003/Home/Profile - null null
2024-11-09 00:21:57.154 +01:00 [INF] Executing endpoint 'SubApp1.Controllers.HomeController.Profile (SubApp1)'
2024-11-09 00:21:57.155 +01:00 [INF] Route matched with {action = "Profile", controller = "Home", page = "", area = ""}. Executing controller action with signature Microsoft.AspNetCore.Mvc.IActionResult Profile() on controller SubApp1.Controllers.HomeController (SubApp1).
2024-11-09 00:21:57.158 +01:00 [INF] Executing ViewResult, running view Profile.
2024-11-09 00:21:57.160 +01:00 [INF] Executed ViewResult - view Profile executed in 1.0703ms.
2024-11-09 00:21:57.160 +01:00 [INF] Executed action SubApp1.Controllers.HomeController.Profile (SubApp1) in 4.9943ms
2024-11-09 00:21:57.160 +01:00 [INF] Executed endpoint 'SubApp1.Controllers.HomeController.Profile (SubApp1)'
2024-11-09 00:21:57.160 +01:00 [INF] Request finished HTTP/1.1 GET http://localhost:5003/Home/Profile - 200 null text/html; charset=utf-8 5.8505ms
2024-11-09 00:21:57.171 +01:00 [INF] Request starting HTTP/1.1 GET http://localhost:5003/js/bootstrap.js - null null
2024-11-09 00:21:57.172 +01:00 [INF] Request starting HTTP/1.1 GET http://localhost:5003/js/jquery.min.js - null null
2024-11-09 00:21:57.172 +01:00 [INF] Request finished HTTP/1.1 GET http://localhost:5003/js/bootstrap.js - 404 0 null 0.3145ms
2024-11-09 00:21:57.172 +01:00 [INF] Request reached the end of the middleware pipeline without being handled by application code. Request path: GET http://localhost:5003/js/bootstrap.js, Response status code: 404
2024-11-09 00:21:57.172 +01:00 [INF] Request finished HTTP/1.1 GET http://localhost:5003/js/jquery.min.js - 404 0 null 0.1796ms
2024-11-09 00:21:57.172 +01:00 [INF] Request reached the end of the middleware pipeline without being handled by application code. Request path: GET http://localhost:5003/js/jquery.min.js, Response status code: 404
2024-11-09 00:21:57.180 +01:00 [INF] Request starting HTTP/1.1 GET http://localhost:5003/Images/quy2kjsl.44y638667085033516780.jpg - null null
2024-11-09 00:21:57.180 +01:00 [INF] The file /Images/quy2kjsl.44y638667085033516780.jpg was not modified
2024-11-09 00:21:57.180 +01:00 [INF] Request finished HTTP/1.1 GET http://localhost:5003/Images/quy2kjsl.44y638667085033516780.jpg - 304 null image/jpeg 0.4115ms
