2024-11-30 16:10:53.057 +01:00 [INF] User profile is available. Using 'C:\Users\Kevol\AppData\Local\ASP.NET\DataProtection-Keys' as key repository and Windows DPAPI to encrypt keys at rest.
2024-11-30 16:10:53.145 +01:00 [INF] Now listening on: http://localhost:5003
2024-11-30 16:10:53.146 +01:00 [INF] Application started. Press Ctrl+C to shut down.
2024-11-30 16:10:53.147 +01:00 [INF] Hosting environment: Development
2024-11-30 16:10:53.147 +01:00 [INF] Content root path: C:\Users\Kevol\Desktop\GitHub\CodeCraft\SubApp1
2024-11-30 16:10:53.556 +01:00 [INF] Request starting HTTP/1.1 GET http://localhost:5003/Home/Profile - null null
2024-11-30 16:10:53.564 +01:00 [WRN] Failed to determine the https port for redirect.
2024-11-30 16:10:53.878 +01:00 [INF] Executing endpoint 'SubApp1.Controllers.HomeController.Profile (SubApp1)'
2024-11-30 16:10:53.884 +01:00 [INF] Route matched with {action = "Profile", controller = "Home", page = "", area = ""}. Executing controller action with signature Microsoft.AspNetCore.Mvc.IActionResult Profile() on controller SubApp1.Controllers.HomeController (SubApp1).
2024-11-30 16:10:55.160 +01:00 [INF] Executing ViewResult, running view Profile.
2024-11-30 16:10:55.375 +01:00 [INF] Executed ViewResult - view Profile executed in 1321.7797ms.
2024-11-30 16:10:55.375 +01:00 [INF] Executed action SubApp1.Controllers.HomeController.Profile (SubApp1) in 1490.5806ms
2024-11-30 16:10:55.375 +01:00 [INF] Executed endpoint 'SubApp1.Controllers.HomeController.Profile (SubApp1)'
2024-11-30 16:10:55.379 +01:00 [INF] Request finished HTTP/1.1 GET http://localhost:5003/Home/Profile - 200 null text/html; charset=utf-8 1823.1595ms
2024-11-30 16:10:55.389 +01:00 [INF] Request starting HTTP/1.1 GET http://localhost:5003/js/bootstrap.js - null null
2024-11-30 16:10:55.389 +01:00 [INF] Request starting HTTP/1.1 GET http://localhost:5003/js/jquery.min.js - null null
2024-11-30 16:10:55.397 +01:00 [INF] Request finished HTTP/1.1 GET http://localhost:5003/js/jquery.min.js - 404 0 null 7.6622ms
2024-11-30 16:10:55.397 +01:00 [INF] Request finished HTTP/1.1 GET http://localhost:5003/js/bootstrap.js - 404 0 null 7.8778ms
2024-11-30 16:10:55.397 +01:00 [INF] Request reached the end of the middleware pipeline without being handled by application code. Request path: GET http://localhost:5003/js/bootstrap.js, Response status code: 404
2024-11-30 16:10:55.397 +01:00 [INF] Request reached the end of the middleware pipeline without being handled by application code. Request path: GET http://localhost:5003/js/jquery.min.js, Response status code: 404
2024-11-30 16:13:20.034 +01:00 [INF] Request starting HTTP/1.1 GET http://localhost:5003/Home/Profile - null null
2024-11-30 16:13:20.073 +01:00 [INF] Executing endpoint 'SubApp1.Controllers.HomeController.Profile (SubApp1)'
2024-11-30 16:13:20.074 +01:00 [INF] Route matched with {action = "Profile", controller = "Home", page = "", area = ""}. Executing controller action with signature Microsoft.AspNetCore.Mvc.IActionResult Profile() on controller SubApp1.Controllers.HomeController (SubApp1).
2024-11-30 16:13:20.231 +01:00 [INF] Executing ViewResult, running view Profile.
2024-11-30 16:13:20.238 +01:00 [INF] Executed ViewResult - view Profile executed in 161.503ms.
2024-11-30 16:13:20.238 +01:00 [INF] Executed action SubApp1.Controllers.HomeController.Profile (SubApp1) in 164.5349ms
2024-11-30 16:13:20.238 +01:00 [INF] Executed endpoint 'SubApp1.Controllers.HomeController.Profile (SubApp1)'
2024-11-30 16:13:20.238 +01:00 [INF] Request finished HTTP/1.1 GET http://localhost:5003/Home/Profile - 200 null text/html; charset=utf-8 203.9412ms
2024-11-30 16:13:20.253 +01:00 [INF] Request starting HTTP/1.1 GET http://localhost:5003/js/bootstrap.js - null null
2024-11-30 16:13:20.254 +01:00 [INF] Request starting HTTP/1.1 GET http://localhost:5003/js/jquery.min.js - null null
2024-11-30 16:13:20.255 +01:00 [INF] Request finished HTTP/1.1 GET http://localhost:5003/js/jquery.min.js - 404 0 null 1.0757ms
2024-11-30 16:13:20.255 +01:00 [INF] Request finished HTTP/1.1 GET http://localhost:5003/js/bootstrap.js - 404 0 null 1.8386ms
2024-11-30 16:13:20.255 +01:00 [INF] Request reached the end of the middleware pipeline without being handled by application code. Request path: GET http://localhost:5003/js/jquery.min.js, Response status code: 404
2024-11-30 16:13:20.255 +01:00 [INF] Request reached the end of the middleware pipeline without being handled by application code. Request path: GET http://localhost:5003/js/bootstrap.js, Response status code: 404
2024-11-30 16:13:23.643 +01:00 [INF] Request starting HTTP/1.1 POST http://localhost:5003/Comment/EditCommentProfile - application/x-www-form-urlencoded 255
2024-11-30 16:13:23.645 +01:00 [INF] Executing endpoint 'SubApp1.Controllers.CommentController.EditCommentProfile (SubApp1)'
2024-11-30 16:13:23.648 +01:00 [INF] Route matched with {action = "EditCommentProfile", controller = "Comment", page = "", area = ""}. Executing controller action with signature Microsoft.AspNetCore.Mvc.IActionResult EditCommentProfile(Int32, System.String) on controller SubApp1.Controllers.CommentController (SubApp1).
2024-11-30 16:13:23.732 +01:00 [INF] Executing RedirectResult, redirecting to /Home/Profile.
2024-11-30 16:13:23.732 +01:00 [INF] Executed action SubApp1.Controllers.CommentController.EditCommentProfile (SubApp1) in 83.5466ms
2024-11-30 16:13:23.732 +01:00 [INF] Executed endpoint 'SubApp1.Controllers.CommentController.EditCommentProfile (SubApp1)'
2024-11-30 16:13:23.732 +01:00 [INF] Request finished HTTP/1.1 POST http://localhost:5003/Comment/EditCommentProfile - 302 0 null 88.9144ms
2024-11-30 16:13:23.734 +01:00 [INF] Request starting HTTP/1.1 GET http://localhost:5003/Home/Profile - null null
2024-11-30 16:13:23.736 +01:00 [INF] Executing endpoint 'SubApp1.Controllers.HomeController.Profile (SubApp1)'
2024-11-30 16:13:23.736 +01:00 [INF] Route matched with {action = "Profile", controller = "Home", page = "", area = ""}. Executing controller action with signature Microsoft.AspNetCore.Mvc.IActionResult Profile() on controller SubApp1.Controllers.HomeController (SubApp1).
2024-11-30 16:13:23.737 +01:00 [INF] Executing ViewResult, running view Profile.
2024-11-30 16:13:23.738 +01:00 [INF] Executed ViewResult - view Profile executed in 1.1997ms.
2024-11-30 16:13:23.738 +01:00 [INF] Executed action SubApp1.Controllers.HomeController.Profile (SubApp1) in 2.1065ms
2024-11-30 16:13:23.738 +01:00 [INF] Executed endpoint 'SubApp1.Controllers.HomeController.Profile (SubApp1)'
2024-11-30 16:13:23.738 +01:00 [INF] Request finished HTTP/1.1 GET http://localhost:5003/Home/Profile - 200 null text/html; charset=utf-8 3.9248ms
2024-11-30 16:13:23.749 +01:00 [INF] Request starting HTTP/1.1 GET http://localhost:5003/js/bootstrap.js - null null
2024-11-30 16:13:23.750 +01:00 [INF] Request starting HTTP/1.1 GET http://localhost:5003/js/jquery.min.js - null null
2024-11-30 16:13:23.750 +01:00 [INF] Request finished HTTP/1.1 GET http://localhost:5003/js/bootstrap.js - 404 0 null 1.4266ms
2024-11-30 16:13:23.750 +01:00 [INF] Request reached the end of the middleware pipeline without being handled by application code. Request path: GET http://localhost:5003/js/bootstrap.js, Response status code: 404
2024-11-30 16:13:23.751 +01:00 [INF] Request finished HTTP/1.1 GET http://localhost:5003/js/jquery.min.js - 404 0 null 0.9786ms
2024-11-30 16:13:23.751 +01:00 [INF] Request reached the end of the middleware pipeline without being handled by application code. Request path: GET http://localhost:5003/js/jquery.min.js, Response status code: 404
2024-11-30 16:13:27.561 +01:00 [INF] Request starting HTTP/1.1 POST http://localhost:5003/Comment/AddCommentProfile - application/x-www-form-urlencoded 249
2024-11-30 16:13:27.563 +01:00 [INF] Executing endpoint 'SubApp1.Controllers.CommentController.AddCommentProfile (SubApp1)'
2024-11-30 16:13:27.564 +01:00 [INF] Route matched with {action = "AddCommentProfile", controller = "Comment", page = "", area = ""}. Executing controller action with signature Microsoft.AspNetCore.Mvc.IActionResult AddCommentProfile(Int32, System.String) on controller SubApp1.Controllers.CommentController (SubApp1).
2024-11-30 16:13:27.591 +01:00 [INF] Executing RedirectResult, redirecting to /Home/Profile.
2024-11-30 16:13:27.592 +01:00 [INF] Executed action SubApp1.Controllers.CommentController.AddCommentProfile (SubApp1) in 27.2768ms
2024-11-30 16:13:27.592 +01:00 [INF] Executed endpoint 'SubApp1.Controllers.CommentController.AddCommentProfile (SubApp1)'
2024-11-30 16:13:27.592 +01:00 [INF] Request finished HTTP/1.1 POST http://localhost:5003/Comment/AddCommentProfile - 302 0 null 30.3529ms
2024-11-30 16:13:27.594 +01:00 [INF] Request starting HTTP/1.1 GET http://localhost:5003/Home/Profile - null null
2024-11-30 16:13:27.595 +01:00 [INF] Executing endpoint 'SubApp1.Controllers.HomeController.Profile (SubApp1)'
2024-11-30 16:13:27.595 +01:00 [INF] Route matched with {action = "Profile", controller = "Home", page = "", area = ""}. Executing controller action with signature Microsoft.AspNetCore.Mvc.IActionResult Profile() on controller SubApp1.Controllers.HomeController (SubApp1).
2024-11-30 16:13:27.596 +01:00 [INF] Executing ViewResult, running view Profile.
2024-11-30 16:13:27.597 +01:00 [INF] Executed ViewResult - view Profile executed in 0.7792ms.
2024-11-30 16:13:27.597 +01:00 [INF] Executed action SubApp1.Controllers.HomeController.Profile (SubApp1) in 1.6931ms
2024-11-30 16:13:27.597 +01:00 [INF] Executed endpoint 'SubApp1.Controllers.HomeController.Profile (SubApp1)'
2024-11-30 16:13:27.597 +01:00 [INF] Request finished HTTP/1.1 GET http://localhost:5003/Home/Profile - 200 null text/html; charset=utf-8 3.6062ms
2024-11-30 16:13:27.612 +01:00 [INF] Request starting HTTP/1.1 GET http://localhost:5003/js/bootstrap.js - null null
2024-11-30 16:13:27.613 +01:00 [INF] Request starting HTTP/1.1 GET http://localhost:5003/js/jquery.min.js - null null
2024-11-30 16:13:27.613 +01:00 [INF] Request finished HTTP/1.1 GET http://localhost:5003/js/bootstrap.js - 404 0 null 1.2826ms
2024-11-30 16:13:27.613 +01:00 [INF] Request reached the end of the middleware pipeline without being handled by application code. Request path: GET http://localhost:5003/js/bootstrap.js, Response status code: 404
2024-11-30 16:13:27.614 +01:00 [INF] Request finished HTTP/1.1 GET http://localhost:5003/js/jquery.min.js - 404 0 null 0.7812ms
2024-11-30 16:13:27.614 +01:00 [INF] Request reached the end of the middleware pipeline without being handled by application code. Request path: GET http://localhost:5003/js/jquery.min.js, Response status code: 404
2024-11-30 16:13:29.084 +01:00 [INF] Application is shutting down...
