2024-12-02 04:52:31.276 +01:00 [INF] User profile is available. Using 'C:\Users\Thilo\AppData\Local\ASP.NET\DataProtection-Keys' as key repository and Windows DPAPI to encrypt keys at rest.
2024-12-02 04:52:31.873 +01:00 [INF] Now listening on: http://localhost:5003
2024-12-02 04:52:31.885 +01:00 [INF] Application started. Press Ctrl+C to shut down.
2024-12-02 04:52:31.887 +01:00 [INF] Hosting environment: Development
2024-12-02 04:52:31.887 +01:00 [INF] Content root path: C:\Users\Thilo\OneDrive\Dokumenter\GitHub\CodeCraft\SubApp1
2024-12-02 04:52:34.715 +01:00 [INF] Request starting HTTP/1.1 GET http://localhost:5003/ - null null
2024-12-02 04:52:34.769 +01:00 [WRN] Failed to determine the https port for redirect.
2024-12-02 04:52:37.900 +01:00 [INF] Executing endpoint 'SubApp1.Controllers.HomeController.Index (SubApp1)'
2024-12-02 04:52:37.921 +01:00 [INF] Route matched with {action = "Index", controller = "Home", page = "", area = ""}. Executing controller action with signature Microsoft.AspNetCore.Mvc.IActionResult Index() on controller SubApp1.Controllers.HomeController (SubApp1).
2024-12-02 04:52:46.768 +01:00 [INF] Executing ViewResult, running view Index.
2024-12-02 04:52:47.815 +01:00 [INF] Executed ViewResult - view Index executed in 9597.9984ms.
2024-12-02 04:52:47.817 +01:00 [INF] Executed action SubApp1.Controllers.HomeController.Index (SubApp1) in 9894.8395ms
2024-12-02 04:52:47.818 +01:00 [INF] Executed endpoint 'SubApp1.Controllers.HomeController.Index (SubApp1)'
2024-12-02 04:52:47.830 +01:00 [INF] Request finished HTTP/1.1 GET http://localhost:5003/ - 200 null text/html; charset=utf-8 13118.446ms
2024-12-02 04:52:47.882 +01:00 [INF] Request starting HTTP/1.1 GET http://localhost:5003/SubApp1.styles.css?v=Sj13-RJCpeuwLSSZn5pveHertSYZb1e9rwkvuFa81K0 - null null
2024-12-02 04:52:47.885 +01:00 [INF] Request starting HTTP/1.1 GET http://localhost:5003/css/site.css?v=pV67Zt3krVG2zUHMn5fk6N80QRMweT6IUpYpfyn4RSw - null null
2024-12-02 04:52:47.889 +01:00 [INF] The file /SubApp1.styles.css was not modified
2024-12-02 04:52:47.890 +01:00 [INF] Request finished HTTP/1.1 GET http://localhost:5003/SubApp1.styles.css?v=Sj13-RJCpeuwLSSZn5pveHertSYZb1e9rwkvuFa81K0 - 304 null text/css 7.877ms
2024-12-02 04:52:47.901 +01:00 [INF] Request starting HTTP/1.1 GET http://localhost:5003/Images/profile_zptbn0nj.mhn638685237669650945.png - null null
2024-12-02 04:52:47.902 +01:00 [INF] The file /Images/profile_zptbn0nj.mhn638685237669650945.png was not modified
2024-12-02 04:52:47.902 +01:00 [INF] Request finished HTTP/1.1 GET http://localhost:5003/Images/profile_zptbn0nj.mhn638685237669650945.png - 304 null image/png 1.0324ms
2024-12-02 04:52:47.903 +01:00 [INF] Request starting HTTP/1.1 GET http://localhost:5003/Images/profile_kal4u0qo.imj638685969022715672.jpg - null null
2024-12-02 04:52:47.903 +01:00 [INF] The file /Images/profile_kal4u0qo.imj638685969022715672.jpg was not modified
2024-12-02 04:52:47.904 +01:00 [INF] Request finished HTTP/1.1 GET http://localhost:5003/Images/profile_kal4u0qo.imj638685969022715672.jpg - 304 null image/jpeg 0.9241ms
2024-12-02 04:52:47.911 +01:00 [INF] Sending file. Request path: '/css/site.css'. Physical path: 'C:\Users\Thilo\OneDrive\Dokumenter\GitHub\CodeCraft\SubApp1\wwwroot\css\site.css'
2024-12-02 04:52:47.912 +01:00 [INF] Request finished HTTP/1.1 GET http://localhost:5003/css/site.css?v=pV67Zt3krVG2zUHMn5fk6N80QRMweT6IUpYpfyn4RSw - 200 4578 text/css 26.704ms
2024-12-02 04:52:48.749 +01:00 [INF] Request starting HTTP/1.1 GET http://localhost:5003/Images/profile_mu1fu0qy.541638682352465422474.png - null null
2024-12-02 04:52:48.752 +01:00 [INF] The file /Images/profile_mu1fu0qy.541638682352465422474.png was not modified
2024-12-02 04:52:48.752 +01:00 [INF] Request finished HTTP/1.1 GET http://localhost:5003/Images/profile_mu1fu0qy.541638682352465422474.png - 304 null image/png 3.4902ms
2024-12-02 04:52:48.753 +01:00 [INF] Request starting HTTP/1.1 GET http://localhost:5003/Images/quy2kjsl.44y638667085033516780.jpg - null null
2024-12-02 04:52:48.753 +01:00 [INF] The file /Images/quy2kjsl.44y638667085033516780.jpg was not modified
2024-12-02 04:52:48.754 +01:00 [INF] Request finished HTTP/1.1 GET http://localhost:5003/Images/quy2kjsl.44y638667085033516780.jpg - 304 null image/jpeg 1.0484ms
2024-12-02 04:52:48.754 +01:00 [INF] Request starting HTTP/1.1 GET http://localhost:5003/Images/243xe4ho.h0i638682324223715764.png - null null
2024-12-02 04:52:48.756 +01:00 [INF] The file /Images/243xe4ho.h0i638682324223715764.png was not modified
2024-12-02 04:52:48.757 +01:00 [INF] Request finished HTTP/1.1 GET http://localhost:5003/Images/243xe4ho.h0i638682324223715764.png - 304 null image/png 2.3473ms
2024-12-02 04:52:48.758 +01:00 [INF] Request starting HTTP/1.1 GET http://localhost:5003/Images/ejs4zjtc.c0s.png - null null
2024-12-02 04:52:48.758 +01:00 [INF] The file /Images/ejs4zjtc.c0s.png was not modified
2024-12-02 04:52:48.758 +01:00 [INF] Request finished HTTP/1.1 GET http://localhost:5003/Images/ejs4zjtc.c0s.png - 304 null image/png 0.5476ms
2024-12-02 04:52:55.172 +01:00 [INF] Request starting HTTP/1.1 GET http://localhost:5003/Home/Profile - null null
2024-12-02 04:52:55.210 +01:00 [INF] Executing endpoint 'SubApp1.Controllers.HomeController.Profile (SubApp1)'
2024-12-02 04:52:55.212 +01:00 [INF] Route matched with {action = "Profile", controller = "Home", page = "", area = ""}. Executing controller action with signature Microsoft.AspNetCore.Mvc.IActionResult Profile() on controller SubApp1.Controllers.HomeController (SubApp1).
2024-12-02 04:52:55.989 +01:00 [INF] Executing ViewResult, running view Profile.
2024-12-02 04:52:56.006 +01:00 [INF] Executed ViewResult - view Profile executed in 720.497ms.
2024-12-02 04:52:56.006 +01:00 [INF] Executed action SubApp1.Controllers.HomeController.Profile (SubApp1) in 794.137ms
2024-12-02 04:52:56.007 +01:00 [INF] Executed endpoint 'SubApp1.Controllers.HomeController.Profile (SubApp1)'
2024-12-02 04:52:56.007 +01:00 [INF] Request finished HTTP/1.1 GET http://localhost:5003/Home/Profile - 200 null text/html; charset=utf-8 834.7393ms
2024-12-02 04:52:56.027 +01:00 [INF] Request starting HTTP/1.1 GET http://localhost:5003/Images/profile_gc5w33u0.vtg638682783063798019.png - null null
2024-12-02 04:52:56.230 +01:00 [INF] Request finished HTTP/1.1 GET http://localhost:5003/Images/profile_gc5w33u0.vtg638682783063798019.png - 404 0 null 202.4926ms
2024-12-02 04:52:56.231 +01:00 [INF] Request reached the end of the middleware pipeline without being handled by application code. Request path: GET http://localhost:5003/Images/profile_gc5w33u0.vtg638682783063798019.png, Response status code: 404
2024-12-02 04:53:01.535 +01:00 [INF] Request starting HTTP/1.1 POST http://localhost:5003/Post/CreatePostProfile - multipart/form-data; boundary=----WebKitFormBoundaryySIB8WmHrj3XVbLc 608
2024-12-02 04:53:01.539 +01:00 [INF] Executing endpoint 'SubApp1.Controllers.PostController.CreatePostProfile (SubApp1)'
2024-12-02 04:53:01.564 +01:00 [INF] Route matched with {action = "CreatePostProfile", controller = "Post", page = "", area = ""}. Executing controller action with signature System.Threading.Tasks.Task`1[Microsoft.AspNetCore.Mvc.IActionResult] CreatePostProfile(System.String, Microsoft.AspNetCore.Http.IFormFile) on controller SubApp1.Controllers.PostController (SubApp1).
2024-12-02 04:53:01.858 +01:00 [INF] Executing RedirectResult, redirecting to /Home/Profile.
2024-12-02 04:53:01.858 +01:00 [INF] Executed action SubApp1.Controllers.PostController.CreatePostProfile (SubApp1) in 293.9335ms
2024-12-02 04:53:01.858 +01:00 [INF] Executed endpoint 'SubApp1.Controllers.PostController.CreatePostProfile (SubApp1)'
2024-12-02 04:53:01.858 +01:00 [INF] Request finished HTTP/1.1 POST http://localhost:5003/Post/CreatePostProfile - 302 0 null 324.2784ms
2024-12-02 04:53:01.869 +01:00 [INF] Request starting HTTP/1.1 GET http://localhost:5003/Home/Profile - null null
2024-12-02 04:53:01.876 +01:00 [INF] Executing endpoint 'SubApp1.Controllers.HomeController.Profile (SubApp1)'
2024-12-02 04:53:01.876 +01:00 [INF] Route matched with {action = "Profile", controller = "Home", page = "", area = ""}. Executing controller action with signature Microsoft.AspNetCore.Mvc.IActionResult Profile() on controller SubApp1.Controllers.HomeController (SubApp1).
2024-12-02 04:53:01.894 +01:00 [INF] Executing ViewResult, running view Profile.
2024-12-02 04:53:01.908 +01:00 [INF] Executed ViewResult - view Profile executed in 14.7423ms.
2024-12-02 04:53:01.908 +01:00 [INF] Executed action SubApp1.Controllers.HomeController.Profile (SubApp1) in 31.9595ms
2024-12-02 04:53:01.908 +01:00 [INF] Executed endpoint 'SubApp1.Controllers.HomeController.Profile (SubApp1)'
2024-12-02 04:53:01.909 +01:00 [INF] Request finished HTTP/1.1 GET http://localhost:5003/Home/Profile - 200 null text/html; charset=utf-8 40.1567ms
2024-12-02 04:53:01.960 +01:00 [INF] Request starting HTTP/1.1 GET http://localhost:5003/Images/profile_gc5w33u0.vtg638682783063798019.png - null null
2024-12-02 04:53:01.976 +01:00 [INF] Request finished HTTP/1.1 GET http://localhost:5003/Images/profile_gc5w33u0.vtg638682783063798019.png - 404 0 null 16.8999ms
2024-12-02 04:53:01.976 +01:00 [INF] Request reached the end of the middleware pipeline without being handled by application code. Request path: GET http://localhost:5003/Images/profile_gc5w33u0.vtg638682783063798019.png, Response status code: 404
2024-12-02 04:53:02.185 +01:00 [INF] Request starting HTTP/1.1 GET http://localhost:5003/Images/profile_gc5w33u0.vtg638682783063798019.png - null null
2024-12-02 04:53:02.190 +01:00 [INF] Request finished HTTP/1.1 GET http://localhost:5003/Images/profile_gc5w33u0.vtg638682783063798019.png - 404 0 null 5.6415ms
2024-12-02 04:53:02.190 +01:00 [INF] Request reached the end of the middleware pipeline without being handled by application code. Request path: GET http://localhost:5003/Images/profile_gc5w33u0.vtg638682783063798019.png, Response status code: 404
