2024-11-08 21:34:05.333 +01:00 [INF] User profile is available. Using 'C:\Users\Kevol\AppData\Local\ASP.NET\DataProtection-Keys' as key repository and Windows DPAPI to encrypt keys at rest.
2024-11-08 21:34:05.458 +01:00 [INF] Now listening on: http://localhost:5003
2024-11-08 21:34:05.461 +01:00 [INF] Application started. Press Ctrl+C to shut down.
2024-11-08 21:34:05.462 +01:00 [INF] Hosting environment: Development
2024-11-08 21:34:05.463 +01:00 [INF] Content root path: C:\Users\Kevol\Desktop\GitHub\CodeCraft1\CodeCraft\SubApp1
2024-11-08 21:34:05.542 +01:00 [INF] Request starting HTTP/1.1 GET http://localhost:5003/ - null null
2024-11-08 21:34:05.557 +01:00 [WRN] Failed to determine the https port for redirect.
2024-11-08 21:34:05.572 +01:00 [INF] Executing endpoint 'SubApp1.Controllers.HomeController.Index (SubApp1)'
2024-11-08 21:34:05.587 +01:00 [INF] Route matched with {action = "Index", controller = "Home", page = "", area = ""}. Executing controller action with signature Microsoft.AspNetCore.Mvc.IActionResult Index() on controller SubApp1.Controllers.HomeController (SubApp1).
2024-11-08 21:34:07.135 +01:00 [INF] Executing ViewResult, running view Index.
2024-11-08 21:34:07.140 +01:00 [INF] Request starting HTTP/1.1 GET http://localhost:5003/Home/Profile - null null
2024-11-08 21:34:07.142 +01:00 [INF] Executing endpoint 'SubApp1.Controllers.HomeController.Profile (SubApp1)'
2024-11-08 21:34:07.142 +01:00 [INF] Route matched with {action = "Profile", controller = "Home", page = "", area = ""}. Executing controller action with signature Microsoft.AspNetCore.Mvc.IActionResult Profile() on controller SubApp1.Controllers.HomeController (SubApp1).
2024-11-08 21:34:07.323 +01:00 [INF] Executed ViewResult - view Index executed in 1382.2006ms.
2024-11-08 21:34:07.325 +01:00 [INF] Executed action SubApp1.Controllers.HomeController.Index (SubApp1) in 1737.4542ms
2024-11-08 21:34:07.325 +01:00 [INF] Executed endpoint 'SubApp1.Controllers.HomeController.Index (SubApp1)'
2024-11-08 21:34:07.328 +01:00 [INF] Request finished HTTP/1.1 GET http://localhost:5003/ - 200 null text/html; charset=utf-8 1786.9549ms
2024-11-08 21:34:07.373 +01:00 [INF] Executing ViewResult, running view Profile.
2024-11-08 21:34:07.381 +01:00 [INF] Executed ViewResult - view Profile executed in 117.0806ms.
2024-11-08 21:34:07.381 +01:00 [INF] Executed action SubApp1.Controllers.HomeController.Profile (SubApp1) in 238.6716ms
2024-11-08 21:34:07.381 +01:00 [INF] Executed endpoint 'SubApp1.Controllers.HomeController.Profile (SubApp1)'
2024-11-08 21:34:07.381 +01:00 [INF] Request finished HTTP/1.1 GET http://localhost:5003/Home/Profile - 200 null text/html; charset=utf-8 241.0009ms
2024-11-08 21:34:07.396 +01:00 [INF] Request starting HTTP/1.1 GET http://localhost:5003/js/bootstrap.js - null null
2024-11-08 21:34:07.396 +01:00 [INF] Request starting HTTP/1.1 GET http://localhost:5003/js/jquery.min.js - null null
2024-11-08 21:34:07.396 +01:00 [INF] Request starting HTTP/1.1 GET http://localhost:5003/css/site.css?v=XDHUJAD6Pr_Zu4WLmNevZxkHZwHat8-SrXTtKtIdQi0 - null null
2024-11-08 21:34:07.398 +01:00 [INF] Request finished HTTP/1.1 GET http://localhost:5003/js/bootstrap.js - 404 0 null 2.1767ms
2024-11-08 21:34:07.398 +01:00 [INF] Request finished HTTP/1.1 GET http://localhost:5003/js/jquery.min.js - 404 0 null 2.1815ms
2024-11-08 21:34:07.399 +01:00 [INF] Request reached the end of the middleware pipeline without being handled by application code. Request path: GET http://localhost:5003/js/bootstrap.js, Response status code: 404
2024-11-08 21:34:07.399 +01:00 [INF] Request reached the end of the middleware pipeline without being handled by application code. Request path: GET http://localhost:5003/js/jquery.min.js, Response status code: 404
2024-11-08 21:34:07.400 +01:00 [INF] The file /css/site.css was not modified
2024-11-08 21:34:07.400 +01:00 [INF] Request finished HTTP/1.1 GET http://localhost:5003/css/site.css?v=XDHUJAD6Pr_Zu4WLmNevZxkHZwHat8-SrXTtKtIdQi0 - 304 null text/css 4.1926ms
