2024-11-30 00:04:57.139 +01:00 [INF] User profile is available. Using 'C:\Users\Kevol\AppData\Local\ASP.NET\DataProtection-Keys' as key repository and Windows DPAPI to encrypt keys at rest.
2024-11-30 00:04:57.227 +01:00 [INF] Now listening on: http://localhost:5003
2024-11-30 00:04:57.229 +01:00 [INF] Application started. Press Ctrl+C to shut down.
2024-11-30 00:04:57.230 +01:00 [INF] Hosting environment: Development
2024-11-30 00:04:57.230 +01:00 [INF] Content root path: C:\Users\Kevol\Desktop\GitHub\CodeCraft\SubApp1
2024-11-30 00:04:58.109 +01:00 [INF] Request starting HTTP/1.1 GET http://localhost:5003/Home/Profile - null null
2024-11-30 00:04:58.115 +01:00 [WRN] Failed to determine the https port for redirect.
2024-11-30 00:04:58.433 +01:00 [INF] Executing endpoint 'SubApp1.Controllers.HomeController.Profile (SubApp1)'
2024-11-30 00:04:58.439 +01:00 [INF] Route matched with {action = "Profile", controller = "Home", page = "", area = ""}. Executing controller action with signature Microsoft.AspNetCore.Mvc.IActionResult Profile() on controller SubApp1.Controllers.HomeController (SubApp1).
2024-11-30 00:04:59.744 +01:00 [INF] Executing ViewResult, running view Profile.
2024-11-30 00:04:59.967 +01:00 [INF] Executed ViewResult - view Profile executed in 1359.6215ms.
2024-11-30 00:04:59.968 +01:00 [INF] Executed action SubApp1.Controllers.HomeController.Profile (SubApp1) in 1528.8236ms
2024-11-30 00:04:59.968 +01:00 [INF] Executed endpoint 'SubApp1.Controllers.HomeController.Profile (SubApp1)'
2024-11-30 00:04:59.972 +01:00 [INF] Request finished HTTP/1.1 GET http://localhost:5003/Home/Profile - 200 null text/html; charset=utf-8 1863.17ms
2024-11-30 00:04:59.980 +01:00 [INF] Request starting HTTP/1.1 GET http://localhost:5003/js/bootstrap.js - null null
2024-11-30 00:04:59.980 +01:00 [INF] Request starting HTTP/1.1 GET http://localhost:5003/js/jquery.min.js - null null
2024-11-30 00:04:59.989 +01:00 [INF] Request finished HTTP/1.1 GET http://localhost:5003/js/jquery.min.js - 404 0 null 8.3278ms
2024-11-30 00:04:59.989 +01:00 [INF] Request finished HTTP/1.1 GET http://localhost:5003/js/bootstrap.js - 404 0 null 8.4092ms
2024-11-30 00:04:59.989 +01:00 [INF] Request reached the end of the middleware pipeline without being handled by application code. Request path: GET http://localhost:5003/js/jquery.min.js, Response status code: 404
2024-11-30 00:04:59.989 +01:00 [INF] Request reached the end of the middleware pipeline without being handled by application code. Request path: GET http://localhost:5003/js/bootstrap.js, Response status code: 404
2024-11-30 00:05:14.013 +01:00 [INF] Request starting HTTP/1.1 GET http://localhost:5003/ - null null
2024-11-30 00:05:14.049 +01:00 [INF] Executing endpoint 'SubApp1.Controllers.HomeController.Index (SubApp1)'
2024-11-30 00:05:14.050 +01:00 [INF] Route matched with {action = "Index", controller = "Home", page = "", area = ""}. Executing controller action with signature Microsoft.AspNetCore.Mvc.IActionResult Index() on controller SubApp1.Controllers.HomeController (SubApp1).
2024-11-30 00:05:14.208 +01:00 [INF] Executing ViewResult, running view Index.
2024-11-30 00:05:14.213 +01:00 [INF] Executed ViewResult - view Index executed in 144.7704ms.
2024-11-30 00:05:14.213 +01:00 [INF] Executed action SubApp1.Controllers.HomeController.Index (SubApp1) in 163.3661ms
2024-11-30 00:05:14.213 +01:00 [INF] Executed endpoint 'SubApp1.Controllers.HomeController.Index (SubApp1)'
2024-11-30 00:05:14.214 +01:00 [INF] Request finished HTTP/1.1 GET http://localhost:5003/ - 200 null text/html; charset=utf-8 201.0267ms
2024-11-30 00:05:14.230 +01:00 [INF] Request starting HTTP/1.1 GET http://localhost:5003/js/bootstrap.js - null null
2024-11-30 00:05:14.230 +01:00 [INF] Request starting HTTP/1.1 GET http://localhost:5003/js/jquery.min.js - null null
2024-11-30 00:05:14.232 +01:00 [INF] Request finished HTTP/1.1 GET http://localhost:5003/js/bootstrap.js - 404 0 null 1.8575ms
2024-11-30 00:05:14.232 +01:00 [INF] Request reached the end of the middleware pipeline without being handled by application code. Request path: GET http://localhost:5003/js/bootstrap.js, Response status code: 404
2024-11-30 00:05:14.232 +01:00 [INF] Request finished HTTP/1.1 GET http://localhost:5003/js/jquery.min.js - 404 0 null 1.5529ms
2024-11-30 00:05:14.232 +01:00 [INF] Request reached the end of the middleware pipeline without being handled by application code. Request path: GET http://localhost:5003/js/jquery.min.js, Response status code: 404
2024-11-30 00:06:11.180 +01:00 [INF] Request starting HTTP/1.1 GET http://localhost:5003/ - null null
2024-11-30 00:06:11.183 +01:00 [INF] Executing endpoint 'SubApp1.Controllers.HomeController.Index (SubApp1)'
2024-11-30 00:06:11.183 +01:00 [INF] Route matched with {action = "Index", controller = "Home", page = "", area = ""}. Executing controller action with signature Microsoft.AspNetCore.Mvc.IActionResult Index() on controller SubApp1.Controllers.HomeController (SubApp1).
2024-11-30 00:06:11.186 +01:00 [INF] Executing ViewResult, running view Index.
2024-11-30 00:06:11.187 +01:00 [INF] Executed ViewResult - view Index executed in 1.0145ms.
2024-11-30 00:06:11.187 +01:00 [INF] Executed action SubApp1.Controllers.HomeController.Index (SubApp1) in 3.8679ms
2024-11-30 00:06:11.187 +01:00 [INF] Executed endpoint 'SubApp1.Controllers.HomeController.Index (SubApp1)'
2024-11-30 00:06:11.187 +01:00 [INF] Request finished HTTP/1.1 GET http://localhost:5003/ - 200 null text/html; charset=utf-8 7.0738ms
2024-11-30 00:06:11.199 +01:00 [INF] Request starting HTTP/1.1 GET http://localhost:5003/js/bootstrap.js - null null
2024-11-30 00:06:11.201 +01:00 [INF] Request starting HTTP/1.1 GET http://localhost:5003/js/jquery.min.js - null null
2024-11-30 00:06:11.201 +01:00 [INF] Request finished HTTP/1.1 GET http://localhost:5003/js/bootstrap.js - 404 0 null 1.6058ms
2024-11-30 00:06:11.201 +01:00 [INF] Request reached the end of the middleware pipeline without being handled by application code. Request path: GET http://localhost:5003/js/bootstrap.js, Response status code: 404
2024-11-30 00:06:11.202 +01:00 [INF] Request starting HTTP/1.1 GET http://localhost:5003/Images/default-profile.jpg - null null
2024-11-30 00:06:11.202 +01:00 [INF] Request finished HTTP/1.1 GET http://localhost:5003/js/jquery.min.js - 404 0 null 1.5052ms
2024-11-30 00:06:11.202 +01:00 [INF] Request reached the end of the middleware pipeline without being handled by application code. Request path: GET http://localhost:5003/js/jquery.min.js, Response status code: 404
2024-11-30 00:06:11.204 +01:00 [INF] The file /Images/default-profile.jpg was not modified
2024-11-30 00:06:11.204 +01:00 [INF] Request finished HTTP/1.1 GET http://localhost:5003/Images/default-profile.jpg - 304 null image/jpeg 2.1835ms
2024-11-30 00:06:19.002 +01:00 [INF] Request starting HTTP/1.1 POST http://localhost:5003/Comment/AddComment - application/x-www-form-urlencoded 251
2024-11-30 00:06:19.003 +01:00 [INF] Executing endpoint 'SubApp1.Controllers.CommentController.AddComment (SubApp1)'
2024-11-30 00:06:19.006 +01:00 [INF] Route matched with {action = "AddComment", controller = "Comment", page = "", area = ""}. Executing controller action with signature Microsoft.AspNetCore.Mvc.IActionResult AddComment(Int32, System.String) on controller SubApp1.Controllers.CommentController (SubApp1).
2024-11-30 00:06:19.091 +01:00 [INF] Executing RedirectResult, redirecting to /.
2024-11-30 00:06:19.091 +01:00 [INF] Executed action SubApp1.Controllers.CommentController.AddComment (SubApp1) in 84.9019ms
2024-11-30 00:06:19.091 +01:00 [INF] Executed endpoint 'SubApp1.Controllers.CommentController.AddComment (SubApp1)'
2024-11-30 00:06:19.091 +01:00 [INF] Request finished HTTP/1.1 POST http://localhost:5003/Comment/AddComment - 302 0 null 89.2901ms
2024-11-30 00:06:19.093 +01:00 [INF] Request starting HTTP/1.1 GET http://localhost:5003/ - null null
2024-11-30 00:06:19.095 +01:00 [INF] Executing endpoint 'SubApp1.Controllers.HomeController.Index (SubApp1)'
2024-11-30 00:06:19.095 +01:00 [INF] Route matched with {action = "Index", controller = "Home", page = "", area = ""}. Executing controller action with signature Microsoft.AspNetCore.Mvc.IActionResult Index() on controller SubApp1.Controllers.HomeController (SubApp1).
2024-11-30 00:06:19.096 +01:00 [INF] Executing ViewResult, running view Index.
2024-11-30 00:06:19.098 +01:00 [INF] Executed ViewResult - view Index executed in 1.7326ms.
2024-11-30 00:06:19.098 +01:00 [INF] Executed action SubApp1.Controllers.HomeController.Index (SubApp1) in 2.6558ms
2024-11-30 00:06:19.098 +01:00 [INF] Executed endpoint 'SubApp1.Controllers.HomeController.Index (SubApp1)'
2024-11-30 00:06:19.098 +01:00 [INF] Request finished HTTP/1.1 GET http://localhost:5003/ - 200 null text/html; charset=utf-8 4.4052ms
2024-11-30 00:06:19.113 +01:00 [INF] Request starting HTTP/1.1 GET http://localhost:5003/js/bootstrap.js - null null
2024-11-30 00:06:19.114 +01:00 [INF] Request starting HTTP/1.1 GET http://localhost:5003/js/jquery.min.js - null null
2024-11-30 00:06:19.115 +01:00 [INF] Request finished HTTP/1.1 GET http://localhost:5003/js/jquery.min.js - 404 0 null 1.0891ms
2024-11-30 00:06:19.115 +01:00 [INF] Request reached the end of the middleware pipeline without being handled by application code. Request path: GET http://localhost:5003/js/jquery.min.js, Response status code: 404
2024-11-30 00:06:19.120 +01:00 [INF] Request finished HTTP/1.1 GET http://localhost:5003/js/bootstrap.js - 404 0 null 6.3571ms
2024-11-30 00:06:19.120 +01:00 [INF] Request reached the end of the middleware pipeline without being handled by application code. Request path: GET http://localhost:5003/js/bootstrap.js, Response status code: 404
2024-11-30 00:06:21.159 +01:00 [INF] Request starting HTTP/1.1 POST http://localhost:5003/Comment/AddComment - application/x-www-form-urlencoded 250
2024-11-30 00:06:21.161 +01:00 [INF] Executing endpoint 'SubApp1.Controllers.CommentController.AddComment (SubApp1)'
2024-11-30 00:06:21.161 +01:00 [INF] Route matched with {action = "AddComment", controller = "Comment", page = "", area = ""}. Executing controller action with signature Microsoft.AspNetCore.Mvc.IActionResult AddComment(Int32, System.String) on controller SubApp1.Controllers.CommentController (SubApp1).
2024-11-30 00:06:21.197 +01:00 [INF] Executing RedirectResult, redirecting to /.
2024-11-30 00:06:21.197 +01:00 [INF] Executed action SubApp1.Controllers.CommentController.AddComment (SubApp1) in 36.5945ms
2024-11-30 00:06:21.197 +01:00 [INF] Executed endpoint 'SubApp1.Controllers.CommentController.AddComment (SubApp1)'
2024-11-30 00:06:21.197 +01:00 [INF] Request finished HTTP/1.1 POST http://localhost:5003/Comment/AddComment - 302 0 null 38.6721ms
2024-11-30 00:06:21.199 +01:00 [INF] Request starting HTTP/1.1 GET http://localhost:5003/ - null null
2024-11-30 00:06:21.201 +01:00 [INF] Executing endpoint 'SubApp1.Controllers.HomeController.Index (SubApp1)'
2024-11-30 00:06:21.201 +01:00 [INF] Route matched with {action = "Index", controller = "Home", page = "", area = ""}. Executing controller action with signature Microsoft.AspNetCore.Mvc.IActionResult Index() on controller SubApp1.Controllers.HomeController (SubApp1).
2024-11-30 00:06:21.202 +01:00 [INF] Executing ViewResult, running view Index.
2024-11-30 00:06:21.203 +01:00 [INF] Executed ViewResult - view Index executed in 0.7588ms.
2024-11-30 00:06:21.203 +01:00 [INF] Executed action SubApp1.Controllers.HomeController.Index (SubApp1) in 1.5892ms
2024-11-30 00:06:21.203 +01:00 [INF] Executed endpoint 'SubApp1.Controllers.HomeController.Index (SubApp1)'
2024-11-30 00:06:21.203 +01:00 [INF] Request finished HTTP/1.1 GET http://localhost:5003/ - 200 null text/html; charset=utf-8 3.4942ms
2024-11-30 00:06:21.213 +01:00 [INF] Request starting HTTP/1.1 GET http://localhost:5003/js/bootstrap.js - null null
2024-11-30 00:06:21.214 +01:00 [INF] Request starting HTTP/1.1 GET http://localhost:5003/js/jquery.min.js - null null
2024-11-30 00:06:21.215 +01:00 [INF] Request finished HTTP/1.1 GET http://localhost:5003/js/bootstrap.js - 404 0 null 1.2545ms
2024-11-30 00:06:21.215 +01:00 [INF] Request reached the end of the middleware pipeline without being handled by application code. Request path: GET http://localhost:5003/js/bootstrap.js, Response status code: 404
2024-11-30 00:06:21.228 +01:00 [INF] Request finished HTTP/1.1 GET http://localhost:5003/js/jquery.min.js - 404 0 null 13.9541ms
2024-11-30 00:06:21.228 +01:00 [INF] Request reached the end of the middleware pipeline without being handled by application code. Request path: GET http://localhost:5003/js/jquery.min.js, Response status code: 404
2024-11-30 00:06:24.946 +01:00 [INF] Request starting HTTP/1.1 POST http://localhost:5003/Comment/AddComment - application/x-www-form-urlencoded 250
2024-11-30 00:06:24.947 +01:00 [INF] Executing endpoint 'SubApp1.Controllers.CommentController.AddComment (SubApp1)'
2024-11-30 00:06:24.947 +01:00 [INF] Route matched with {action = "AddComment", controller = "Comment", page = "", area = ""}. Executing controller action with signature Microsoft.AspNetCore.Mvc.IActionResult AddComment(Int32, System.String) on controller SubApp1.Controllers.CommentController (SubApp1).
2024-11-30 00:06:24.964 +01:00 [INF] Executing RedirectResult, redirecting to /.
2024-11-30 00:06:24.964 +01:00 [INF] Executed action SubApp1.Controllers.CommentController.AddComment (SubApp1) in 16.9034ms
2024-11-30 00:06:24.964 +01:00 [INF] Executed endpoint 'SubApp1.Controllers.CommentController.AddComment (SubApp1)'
2024-11-30 00:06:24.964 +01:00 [INF] Request finished HTTP/1.1 POST http://localhost:5003/Comment/AddComment - 302 0 null 18.5577ms
2024-11-30 00:06:24.966 +01:00 [INF] Request starting HTTP/1.1 GET http://localhost:5003/ - null null
2024-11-30 00:06:24.968 +01:00 [INF] Executing endpoint 'SubApp1.Controllers.HomeController.Index (SubApp1)'
2024-11-30 00:06:24.968 +01:00 [INF] Route matched with {action = "Index", controller = "Home", page = "", area = ""}. Executing controller action with signature Microsoft.AspNetCore.Mvc.IActionResult Index() on controller SubApp1.Controllers.HomeController (SubApp1).
2024-11-30 00:06:24.969 +01:00 [INF] Executing ViewResult, running view Index.
2024-11-30 00:06:24.970 +01:00 [INF] Executed ViewResult - view Index executed in 0.8184ms.
2024-11-30 00:06:24.970 +01:00 [INF] Executed action SubApp1.Controllers.HomeController.Index (SubApp1) in 1.6299ms
2024-11-30 00:06:24.970 +01:00 [INF] Executed endpoint 'SubApp1.Controllers.HomeController.Index (SubApp1)'
2024-11-30 00:06:24.970 +01:00 [INF] Request finished HTTP/1.1 GET http://localhost:5003/ - 200 null text/html; charset=utf-8 3.4394ms
2024-11-30 00:06:24.984 +01:00 [INF] Request starting HTTP/1.1 GET http://localhost:5003/js/bootstrap.js - null null
2024-11-30 00:06:24.986 +01:00 [INF] Request finished HTTP/1.1 GET http://localhost:5003/js/bootstrap.js - 404 0 null 1.0585ms
2024-11-30 00:06:24.986 +01:00 [INF] Request reached the end of the middleware pipeline without being handled by application code. Request path: GET http://localhost:5003/js/bootstrap.js, Response status code: 404
2024-11-30 00:06:24.986 +01:00 [INF] Request starting HTTP/1.1 GET http://localhost:5003/js/jquery.min.js - null null
2024-11-30 00:06:24.987 +01:00 [INF] Request finished HTTP/1.1 GET http://localhost:5003/js/jquery.min.js - 404 0 null 0.8693ms
2024-11-30 00:06:24.987 +01:00 [INF] Request reached the end of the middleware pipeline without being handled by application code. Request path: GET http://localhost:5003/js/jquery.min.js, Response status code: 404
2024-11-30 00:06:28.035 +01:00 [INF] Request starting HTTP/1.1 POST http://localhost:5003/Identity/Account/Logout?returnUrl=%2F - application/x-www-form-urlencoded 225
2024-11-30 00:06:28.159 +01:00 [INF] Executing endpoint '/Account/Logout'
2024-11-30 00:06:28.251 +01:00 [INF] Route matched with {page = "/Account/Logout", area = "Identity", action = "", controller = ""}. Executing page /Account/Logout
2024-11-30 00:06:28.255 +01:00 [INF] Executing handler method SubApp1.Areas.Identity.Pages.Account.LogoutModel.OnPost - ModelState is "Valid"
2024-11-30 00:06:28.257 +01:00 [INF] AuthenticationScheme: Identity.Application signed out.
2024-11-30 00:06:28.257 +01:00 [INF] AuthenticationScheme: Identity.External signed out.
2024-11-30 00:06:28.257 +01:00 [INF] AuthenticationScheme: Identity.TwoFactorUserId signed out.
2024-11-30 00:06:28.257 +01:00 [INF] User logged out.
2024-11-30 00:06:28.258 +01:00 [INF] Executed handler method OnPost, returned result Microsoft.AspNetCore.Mvc.LocalRedirectResult.
2024-11-30 00:06:28.258 +01:00 [INF] Executing LocalRedirectResult, redirecting to /.
2024-11-30 00:06:28.258 +01:00 [INF] Executed page /Account/Logout in 7.3712ms
2024-11-30 00:06:28.258 +01:00 [INF] Executed endpoint '/Account/Logout'
2024-11-30 00:06:28.258 +01:00 [INF] Request finished HTTP/1.1 POST http://localhost:5003/Identity/Account/Logout?returnUrl=%2F - 302 0 null 222.9753ms
2024-11-30 00:06:28.261 +01:00 [INF] Request starting HTTP/1.1 GET http://localhost:5003/ - null null
2024-11-30 00:06:28.261 +01:00 [INF] Executing endpoint 'SubApp1.Controllers.HomeController.Index (SubApp1)'
2024-11-30 00:06:28.261 +01:00 [INF] Route matched with {action = "Index", controller = "Home", page = "", area = ""}. Executing controller action with signature Microsoft.AspNetCore.Mvc.IActionResult Index() on controller SubApp1.Controllers.HomeController (SubApp1).
2024-11-30 00:06:28.263 +01:00 [INF] Executing ViewResult, running view Index.
2024-11-30 00:06:28.264 +01:00 [INF] Executed ViewResult - view Index executed in 1.1344ms.
2024-11-30 00:06:28.264 +01:00 [INF] Executed action SubApp1.Controllers.HomeController.Index (SubApp1) in 2.9978ms
2024-11-30 00:06:28.264 +01:00 [INF] Executed endpoint 'SubApp1.Controllers.HomeController.Index (SubApp1)'
2024-11-30 00:06:28.264 +01:00 [INF] Request finished HTTP/1.1 GET http://localhost:5003/ - 200 null text/html; charset=utf-8 3.2374ms
2024-11-30 00:06:28.279 +01:00 [INF] Request starting HTTP/1.1 GET http://localhost:5003/js/bootstrap.js - null null
2024-11-30 00:06:28.279 +01:00 [INF] Request finished HTTP/1.1 GET http://localhost:5003/js/bootstrap.js - 404 0 null 0.3716ms
2024-11-30 00:06:28.279 +01:00 [INF] Request reached the end of the middleware pipeline without being handled by application code. Request path: GET http://localhost:5003/js/bootstrap.js, Response status code: 404
2024-11-30 00:06:28.280 +01:00 [INF] Request starting HTTP/1.1 GET http://localhost:5003/js/jquery.min.js - null null
2024-11-30 00:06:28.280 +01:00 [INF] Request finished HTTP/1.1 GET http://localhost:5003/js/jquery.min.js - 404 0 null 0.3309ms
2024-11-30 00:06:28.280 +01:00 [INF] Request reached the end of the middleware pipeline without being handled by application code. Request path: GET http://localhost:5003/js/jquery.min.js, Response status code: 404
2024-11-30 00:06:29.300 +01:00 [INF] Request starting HTTP/1.1 GET http://localhost:5003/ - null null
2024-11-30 00:06:29.300 +01:00 [INF] Executing endpoint 'SubApp1.Controllers.HomeController.Index (SubApp1)'
2024-11-30 00:06:29.300 +01:00 [INF] Route matched with {action = "Index", controller = "Home", page = "", area = ""}. Executing controller action with signature Microsoft.AspNetCore.Mvc.IActionResult Index() on controller SubApp1.Controllers.HomeController (SubApp1).
2024-11-30 00:06:29.302 +01:00 [INF] Executing ViewResult, running view Index.
2024-11-30 00:06:29.302 +01:00 [INF] Executed ViewResult - view Index executed in 0.6014ms.
2024-11-30 00:06:29.302 +01:00 [INF] Executed action SubApp1.Controllers.HomeController.Index (SubApp1) in 2.6089ms
2024-11-30 00:06:29.302 +01:00 [INF] Executed endpoint 'SubApp1.Controllers.HomeController.Index (SubApp1)'
2024-11-30 00:06:29.302 +01:00 [INF] Request finished HTTP/1.1 GET http://localhost:5003/ - 200 null text/html; charset=utf-8 2.8911ms
2024-11-30 00:06:29.316 +01:00 [INF] Request starting HTTP/1.1 GET http://localhost:5003/js/bootstrap.js - null null
2024-11-30 00:06:29.316 +01:00 [INF] Request starting HTTP/1.1 GET http://localhost:5003/js/jquery.min.js - null null
2024-11-30 00:06:29.316 +01:00 [INF] Request finished HTTP/1.1 GET http://localhost:5003/js/jquery.min.js - 404 0 null 0.1389ms
2024-11-30 00:06:29.316 +01:00 [INF] Request finished HTTP/1.1 GET http://localhost:5003/js/bootstrap.js - 404 0 null 0.2843ms
2024-11-30 00:06:29.316 +01:00 [INF] Request reached the end of the middleware pipeline without being handled by application code. Request path: GET http://localhost:5003/js/jquery.min.js, Response status code: 404
2024-11-30 00:06:29.316 +01:00 [INF] Request reached the end of the middleware pipeline without being handled by application code. Request path: GET http://localhost:5003/js/bootstrap.js, Response status code: 404
2024-11-30 00:12:06.928 +01:00 [INF] Request starting HTTP/1.1 GET http://localhost:5003/Identity/Account/Login - null null
2024-11-30 00:12:07.016 +01:00 [INF] Executing endpoint '/Account/Login'
2024-11-30 00:12:07.020 +01:00 [INF] Route matched with {page = "/Account/Login", area = "Identity", action = "", controller = ""}. Executing page /Account/Login
2024-11-30 00:12:07.022 +01:00 [INF] Executing handler method SubApp1.Areas.Identity.Pages.Account.LoginModel.OnGetAsync - ModelState is "Valid"
2024-11-30 00:12:07.023 +01:00 [INF] AuthenticationScheme: Identity.External signed out.
2024-11-30 00:12:07.023 +01:00 [INF] Executed handler method OnGetAsync, returned result .
2024-11-30 00:12:07.024 +01:00 [INF] Executing an implicit handler method - ModelState is "Valid"
2024-11-30 00:12:07.024 +01:00 [INF] Executed an implicit handler method, returned result Microsoft.AspNetCore.Mvc.RazorPages.PageResult.
2024-11-30 00:12:07.078 +01:00 [INF] Executed page /Account/Login in 57.9564ms
2024-11-30 00:12:07.078 +01:00 [INF] Executed endpoint '/Account/Login'
2024-11-30 00:12:07.078 +01:00 [INF] Request finished HTTP/1.1 GET http://localhost:5003/Identity/Account/Login - 200 null text/html; charset=utf-8 150.2574ms
2024-11-30 00:12:07.097 +01:00 [INF] Request starting HTTP/1.1 GET http://localhost:5003/js/bootstrap.js - null null
2024-11-30 00:12:07.097 +01:00 [INF] Request finished HTTP/1.1 GET http://localhost:5003/js/bootstrap.js - 404 0 null 0.374ms
2024-11-30 00:12:07.097 +01:00 [INF] Request reached the end of the middleware pipeline without being handled by application code. Request path: GET http://localhost:5003/js/bootstrap.js, Response status code: 404
2024-11-30 00:12:07.098 +01:00 [INF] Request starting HTTP/1.1 GET http://localhost:5003/js/jquery.min.js - null null
2024-11-30 00:12:07.099 +01:00 [INF] Request finished HTTP/1.1 GET http://localhost:5003/js/jquery.min.js - 404 0 null 0.3145ms
2024-11-30 00:12:07.099 +01:00 [INF] Request reached the end of the middleware pipeline without being handled by application code. Request path: GET http://localhost:5003/js/jquery.min.js, Response status code: 404
2024-11-30 00:12:07.886 +01:00 [INF] Request starting HTTP/1.1 POST http://localhost:5003/Identity/Account/Login - application/x-www-form-urlencoded 272
2024-11-30 00:12:07.886 +01:00 [INF] Executing endpoint '/Account/Login'
2024-11-30 00:12:07.888 +01:00 [INF] Route matched with {page = "/Account/Login", area = "Identity", action = "", controller = ""}. Executing page /Account/Login
2024-11-30 00:12:07.900 +01:00 [INF] Executing handler method SubApp1.Areas.Identity.Pages.Account.LoginModel.OnPostAsync - ModelState is "Valid"
2024-11-30 00:12:07.967 +01:00 [INF] AuthenticationScheme: Identity.Application signed in.
2024-11-30 00:12:07.967 +01:00 [INF] User logged in.
2024-11-30 00:12:07.967 +01:00 [INF] Executed handler method OnPostAsync, returned result Microsoft.AspNetCore.Mvc.LocalRedirectResult.
2024-11-30 00:12:07.968 +01:00 [INF] Executing LocalRedirectResult, redirecting to /.
2024-11-30 00:12:07.968 +01:00 [INF] Executed page /Account/Login in 79.5898ms
2024-11-30 00:12:07.968 +01:00 [INF] Executed endpoint '/Account/Login'
2024-11-30 00:12:07.968 +01:00 [INF] Request finished HTTP/1.1 POST http://localhost:5003/Identity/Account/Login - 302 0 null 81.7549ms
2024-11-30 00:12:07.970 +01:00 [INF] Request starting HTTP/1.1 GET http://localhost:5003/ - null null
2024-11-30 00:12:07.971 +01:00 [INF] Executing endpoint 'SubApp1.Controllers.HomeController.Index (SubApp1)'
2024-11-30 00:12:07.971 +01:00 [INF] Route matched with {action = "Index", controller = "Home", page = "", area = ""}. Executing controller action with signature Microsoft.AspNetCore.Mvc.IActionResult Index() on controller SubApp1.Controllers.HomeController (SubApp1).
2024-11-30 00:12:08.023 +01:00 [INF] Executing ViewResult, running view Index.
2024-11-30 00:12:08.027 +01:00 [INF] Executed ViewResult - view Index executed in 54.8441ms.
2024-11-30 00:12:08.027 +01:00 [INF] Executed action SubApp1.Controllers.HomeController.Index (SubApp1) in 55.622ms
2024-11-30 00:12:08.027 +01:00 [INF] Executed endpoint 'SubApp1.Controllers.HomeController.Index (SubApp1)'
2024-11-30 00:12:08.027 +01:00 [INF] Request finished HTTP/1.1 GET http://localhost:5003/ - 200 null text/html; charset=utf-8 56.6654ms
2024-11-30 00:12:08.045 +01:00 [INF] Request starting HTTP/1.1 GET http://localhost:5003/js/bootstrap.js - null null
2024-11-30 00:12:08.046 +01:00 [INF] Request starting HTTP/1.1 GET http://localhost:5003/js/jquery.min.js - null null
2024-11-30 00:12:08.047 +01:00 [INF] Request finished HTTP/1.1 GET http://localhost:5003/js/bootstrap.js - 404 0 null 1.3346ms
2024-11-30 00:12:08.047 +01:00 [INF] Request reached the end of the middleware pipeline without being handled by application code. Request path: GET http://localhost:5003/js/bootstrap.js, Response status code: 404
2024-11-30 00:12:08.047 +01:00 [INF] Request finished HTTP/1.1 GET http://localhost:5003/js/jquery.min.js - 404 0 null 1.1036ms
2024-11-30 00:12:08.047 +01:00 [INF] Request reached the end of the middleware pipeline without being handled by application code. Request path: GET http://localhost:5003/js/jquery.min.js, Response status code: 404
2024-11-30 00:12:08.047 +01:00 [INF] Request starting HTTP/1.1 GET http://localhost:5003/Images/default-profile.jpg - null null
2024-11-30 00:12:08.048 +01:00 [INF] The file /Images/default-profile.jpg was not modified
2024-11-30 00:12:08.048 +01:00 [INF] Request finished HTTP/1.1 GET http://localhost:5003/Images/default-profile.jpg - 304 null image/jpeg 0.2725ms
2024-11-30 00:12:09.072 +01:00 [INF] Request starting HTTP/1.1 GET http://localhost:5003/Home/Profile - null null
2024-11-30 00:12:09.074 +01:00 [INF] Executing endpoint 'SubApp1.Controllers.HomeController.Profile (SubApp1)'
2024-11-30 00:12:09.074 +01:00 [INF] Route matched with {action = "Profile", controller = "Home", page = "", area = ""}. Executing controller action with signature Microsoft.AspNetCore.Mvc.IActionResult Profile() on controller SubApp1.Controllers.HomeController (SubApp1).
2024-11-30 00:12:09.131 +01:00 [INF] Executing ViewResult, running view Profile.
2024-11-30 00:12:09.136 +01:00 [INF] Executed ViewResult - view Profile executed in 61.2962ms.
2024-11-30 00:12:09.136 +01:00 [INF] Executed action SubApp1.Controllers.HomeController.Profile (SubApp1) in 62.1121ms
2024-11-30 00:12:09.136 +01:00 [INF] Executed endpoint 'SubApp1.Controllers.HomeController.Profile (SubApp1)'
2024-11-30 00:12:09.136 +01:00 [INF] Request finished HTTP/1.1 GET http://localhost:5003/Home/Profile - 200 null text/html; charset=utf-8 63.6393ms
2024-11-30 00:12:09.157 +01:00 [INF] Request starting HTTP/1.1 GET http://localhost:5003/js/bootstrap.js - null null
2024-11-30 00:12:09.158 +01:00 [INF] Request finished HTTP/1.1 GET http://localhost:5003/js/bootstrap.js - 404 0 null 1.0518ms
2024-11-30 00:12:09.158 +01:00 [INF] Request reached the end of the middleware pipeline without being handled by application code. Request path: GET http://localhost:5003/js/bootstrap.js, Response status code: 404
2024-11-30 00:12:09.158 +01:00 [INF] Request starting HTTP/1.1 GET http://localhost:5003/js/jquery.min.js - null null
2024-11-30 00:12:09.159 +01:00 [INF] Request finished HTTP/1.1 GET http://localhost:5003/js/jquery.min.js - 404 0 null 0.8778ms
2024-11-30 00:12:09.159 +01:00 [INF] Request reached the end of the middleware pipeline without being handled by application code. Request path: GET http://localhost:5003/js/jquery.min.js, Response status code: 404
2024-11-30 00:18:50.712 +01:00 [INF] Application is shutting down...
