2024-12-02 01:45:33.112 +01:00 [INF] User profile is available. Using 'C:\Users\Kevol\AppData\Local\ASP.NET\DataProtection-Keys' as key repository and Windows DPAPI to encrypt keys at rest.
2024-12-02 01:45:33.197 +01:00 [INF] Now listening on: http://localhost:5003
2024-12-02 01:45:33.199 +01:00 [INF] Application started. Press Ctrl+C to shut down.
2024-12-02 01:45:33.199 +01:00 [INF] Hosting environment: Development
2024-12-02 01:45:33.199 +01:00 [INF] Content root path: C:\Users\Kevol\Desktop\GitHub\CodeCraft\SubApp1
2024-12-02 01:46:49.747 +01:00 [INF] Request starting HTTP/1.1 GET http://localhost:5003/Home/Profile - null null
2024-12-02 01:46:49.753 +01:00 [WRN] Failed to determine the https port for redirect.
2024-12-02 01:46:50.060 +01:00 [INF] Executing endpoint 'SubApp1.Controllers.HomeController.Profile (SubApp1)'
2024-12-02 01:46:50.066 +01:00 [INF] Route matched with {action = "Profile", controller = "Home", page = "", area = ""}. Executing controller action with signature Microsoft.AspNetCore.Mvc.IActionResult Profile() on controller SubApp1.Controllers.HomeController (SubApp1).
2024-12-02 01:46:51.388 +01:00 [INF] Executing ViewResult, running view Profile.
2024-12-02 01:46:51.609 +01:00 [INF] Executed ViewResult - view Profile executed in 1376.3039ms.
2024-12-02 01:46:51.610 +01:00 [INF] Executed action SubApp1.Controllers.HomeController.Profile (SubApp1) in 1543.4212ms
2024-12-02 01:46:51.610 +01:00 [INF] Executed endpoint 'SubApp1.Controllers.HomeController.Profile (SubApp1)'
2024-12-02 01:46:51.614 +01:00 [INF] Request finished HTTP/1.1 GET http://localhost:5003/Home/Profile - 200 null text/html; charset=utf-8 1867.8742ms
2024-12-02 01:46:51.624 +01:00 [INF] Request starting HTTP/1.1 GET http://localhost:5003/lib/bootstrap/dist/css/bootstrap.min.css - null null
2024-12-02 01:46:51.625 +01:00 [INF] Request starting HTTP/1.1 GET http://localhost:5003/css/site.css?v=pV67Zt3krVG2zUHMn5fk6N80QRMweT6IUpYpfyn4RSw - null null
2024-12-02 01:46:51.626 +01:00 [INF] The file /css/site.css was not modified
2024-12-02 01:46:51.626 +01:00 [INF] The file /lib/bootstrap/dist/css/bootstrap.min.css was not modified
2024-12-02 01:46:51.627 +01:00 [INF] Request finished HTTP/1.1 GET http://localhost:5003/css/site.css?v=pV67Zt3krVG2zUHMn5fk6N80QRMweT6IUpYpfyn4RSw - 304 null text/css 1.6487ms
2024-12-02 01:46:51.627 +01:00 [INF] Request finished HTTP/1.1 GET http://localhost:5003/lib/bootstrap/dist/css/bootstrap.min.css - 304 null text/css 3.2202ms
2024-12-02 01:46:51.627 +01:00 [INF] Request starting HTTP/1.1 GET http://localhost:5003/SubApp1.styles.css?v=Sj13-RJCpeuwLSSZn5pveHertSYZb1e9rwkvuFa81K0 - null null
2024-12-02 01:46:51.628 +01:00 [INF] The file /SubApp1.styles.css was not modified
2024-12-02 01:46:51.628 +01:00 [INF] Request finished HTTP/1.1 GET http://localhost:5003/SubApp1.styles.css?v=Sj13-RJCpeuwLSSZn5pveHertSYZb1e9rwkvuFa81K0 - 304 null text/css 0.2188ms
2024-12-02 01:46:51.628 +01:00 [INF] Request starting HTTP/1.1 GET http://localhost:5003/Images/profile_zptbn0nj.mhn638685237669650945.png - null null
2024-12-02 01:46:51.628 +01:00 [INF] The file /Images/profile_zptbn0nj.mhn638685237669650945.png was not modified
2024-12-02 01:46:51.628 +01:00 [INF] Request finished HTTP/1.1 GET http://localhost:5003/Images/profile_zptbn0nj.mhn638685237669650945.png - 304 null image/png 0.2646ms
2024-12-02 01:46:51.628 +01:00 [INF] Request starting HTTP/1.1 GET http://localhost:5003/lib/jquery/dist/jquery.min.js - null null
2024-12-02 01:46:51.628 +01:00 [INF] The file /lib/jquery/dist/jquery.min.js was not modified
2024-12-02 01:46:51.628 +01:00 [INF] Request finished HTTP/1.1 GET http://localhost:5003/lib/jquery/dist/jquery.min.js - 304 null text/javascript 0.1724ms
2024-12-02 01:46:51.634 +01:00 [INF] Request starting HTTP/1.1 GET http://localhost:5003/lib/bootstrap/dist/js/bootstrap.bundle.min.js - null null
2024-12-02 01:46:51.634 +01:00 [INF] The file /lib/bootstrap/dist/js/bootstrap.bundle.min.js was not modified
2024-12-02 01:46:51.634 +01:00 [INF] Request finished HTTP/1.1 GET http://localhost:5003/lib/bootstrap/dist/js/bootstrap.bundle.min.js - 304 null text/javascript 0.2468ms
2024-12-02 01:46:51.636 +01:00 [INF] Request starting HTTP/1.1 GET http://localhost:5003/js/site.js?v=hRQyftXiu1lLX2P9Ly9xa4gHJgLeR1uGN5qegUobtGo - null null
2024-12-02 01:46:51.636 +01:00 [INF] The file /js/site.js was not modified
2024-12-02 01:46:51.636 +01:00 [INF] Request finished HTTP/1.1 GET http://localhost:5003/js/site.js?v=hRQyftXiu1lLX2P9Ly9xa4gHJgLeR1uGN5qegUobtGo - 304 null text/javascript 0.1917ms
2024-12-02 01:46:51.736 +01:00 [INF] Request starting HTTP/1.1 GET http://localhost:5003/favicon.ico - null null
2024-12-02 01:46:51.736 +01:00 [INF] The file /favicon.ico was not modified
2024-12-02 01:46:51.736 +01:00 [INF] Request finished HTTP/1.1 GET http://localhost:5003/favicon.ico - 304 null image/x-icon 0.4495ms
2024-12-02 01:46:53.752 +01:00 [INF] Request starting HTTP/1.1 POST http://localhost:5003/Comment/AddCommentProfile - application/x-www-form-urlencoded 249
2024-12-02 01:46:53.761 +01:00 [INF] Executing endpoint 'SubApp1.Controllers.CommentController.AddCommentProfile (SubApp1)'
2024-12-02 01:46:53.765 +01:00 [INF] Route matched with {action = "AddCommentProfile", controller = "Comment", page = "", area = ""}. Executing controller action with signature System.Threading.Tasks.Task`1[Microsoft.AspNetCore.Mvc.IActionResult] AddCommentProfile(Int32, System.String) on controller SubApp1.Controllers.CommentController (SubApp1).
2024-12-02 01:46:53.843 +01:00 [INF] Executing RedirectResult, redirecting to /Home/Profile.
2024-12-02 01:46:53.843 +01:00 [INF] Executed action SubApp1.Controllers.CommentController.AddCommentProfile (SubApp1) in 77.9484ms
2024-12-02 01:46:53.843 +01:00 [INF] Executed endpoint 'SubApp1.Controllers.CommentController.AddCommentProfile (SubApp1)'
2024-12-02 01:46:53.843 +01:00 [INF] Request finished HTTP/1.1 POST http://localhost:5003/Comment/AddCommentProfile - 302 0 null 91.5337ms
2024-12-02 01:46:53.845 +01:00 [INF] Request starting HTTP/1.1 GET http://localhost:5003/Home/Profile - null null
2024-12-02 01:46:53.883 +01:00 [INF] Executing endpoint 'SubApp1.Controllers.HomeController.Profile (SubApp1)'
2024-12-02 01:46:53.883 +01:00 [INF] Route matched with {action = "Profile", controller = "Home", page = "", area = ""}. Executing controller action with signature Microsoft.AspNetCore.Mvc.IActionResult Profile() on controller SubApp1.Controllers.HomeController (SubApp1).
2024-12-02 01:46:53.888 +01:00 [INF] Executing ViewResult, running view Profile.
2024-12-02 01:46:53.891 +01:00 [INF] Executed ViewResult - view Profile executed in 3.2346ms.
2024-12-02 01:46:53.891 +01:00 [INF] Executed action SubApp1.Controllers.HomeController.Profile (SubApp1) in 8.3396ms
2024-12-02 01:46:53.891 +01:00 [INF] Executed endpoint 'SubApp1.Controllers.HomeController.Profile (SubApp1)'
2024-12-02 01:46:53.891 +01:00 [INF] Request finished HTTP/1.1 GET http://localhost:5003/Home/Profile - 200 null text/html; charset=utf-8 46.0534ms
2024-12-02 01:46:55.570 +01:00 [INF] Request starting HTTP/1.1 POST http://localhost:5003/Post/CreatePostProfile - multipart/form-data; boundary=----WebKitFormBoundaryUfWntwY6OK8eozLt 606
2024-12-02 01:46:55.572 +01:00 [INF] Executing endpoint 'SubApp1.Controllers.PostController.CreatePostProfile (SubApp1)'
2024-12-02 01:46:55.574 +01:00 [INF] Route matched with {action = "CreatePostProfile", controller = "Post", page = "", area = ""}. Executing controller action with signature System.Threading.Tasks.Task`1[Microsoft.AspNetCore.Mvc.IActionResult] CreatePostProfile(System.String, Microsoft.AspNetCore.Http.IFormFile) on controller SubApp1.Controllers.PostController (SubApp1).
2024-12-02 01:46:55.590 +01:00 [INF] Executing RedirectResult, redirecting to /Home/Profile.
2024-12-02 01:46:55.590 +01:00 [INF] Executed action SubApp1.Controllers.PostController.CreatePostProfile (SubApp1) in 15.8922ms
2024-12-02 01:46:55.590 +01:00 [INF] Executed endpoint 'SubApp1.Controllers.PostController.CreatePostProfile (SubApp1)'
2024-12-02 01:46:55.590 +01:00 [INF] Request finished HTTP/1.1 POST http://localhost:5003/Post/CreatePostProfile - 302 0 null 20.4204ms
2024-12-02 01:46:55.592 +01:00 [INF] Request starting HTTP/1.1 GET http://localhost:5003/Home/Profile - null null
2024-12-02 01:46:55.594 +01:00 [INF] Executing endpoint 'SubApp1.Controllers.HomeController.Profile (SubApp1)'
2024-12-02 01:46:55.594 +01:00 [INF] Route matched with {action = "Profile", controller = "Home", page = "", area = ""}. Executing controller action with signature Microsoft.AspNetCore.Mvc.IActionResult Profile() on controller SubApp1.Controllers.HomeController (SubApp1).
2024-12-02 01:46:55.595 +01:00 [INF] Executing ViewResult, running view Profile.
2024-12-02 01:46:55.597 +01:00 [INF] Executed ViewResult - view Profile executed in 1.3823ms.
2024-12-02 01:46:55.597 +01:00 [INF] Executed action SubApp1.Controllers.HomeController.Profile (SubApp1) in 2.5974ms
2024-12-02 01:46:55.597 +01:00 [INF] Executed endpoint 'SubApp1.Controllers.HomeController.Profile (SubApp1)'
2024-12-02 01:46:55.597 +01:00 [INF] Request finished HTTP/1.1 GET http://localhost:5003/Home/Profile - 200 null text/html; charset=utf-8 4.3469ms
2024-12-02 01:46:57.621 +01:00 [INF] Request starting HTTP/1.1 POST http://localhost:5003/Post/DeletePost - application/x-www-form-urlencoded 231
2024-12-02 01:46:57.624 +01:00 [INF] Executing endpoint 'SubApp1.Controllers.PostController.DeletePost (SubApp1)'
2024-12-02 01:46:57.626 +01:00 [INF] Route matched with {action = "DeletePost", controller = "Post", page = "", area = ""}. Executing controller action with signature System.Threading.Tasks.Task`1[Microsoft.AspNetCore.Mvc.IActionResult] DeletePost(Int32) on controller SubApp1.Controllers.PostController (SubApp1).
2024-12-02 01:46:57.671 +01:00 [INF] Executing RedirectResult, redirecting to /Home/Profile.
2024-12-02 01:46:57.671 +01:00 [INF] Executed action SubApp1.Controllers.PostController.DeletePost (SubApp1) in 45.6823ms
2024-12-02 01:46:57.671 +01:00 [INF] Executed endpoint 'SubApp1.Controllers.PostController.DeletePost (SubApp1)'
2024-12-02 01:46:57.672 +01:00 [INF] Request finished HTTP/1.1 POST http://localhost:5003/Post/DeletePost - 302 0 null 50.7963ms
2024-12-02 01:46:57.673 +01:00 [INF] Request starting HTTP/1.1 GET http://localhost:5003/Home/Profile - null null
2024-12-02 01:46:57.675 +01:00 [INF] Executing endpoint 'SubApp1.Controllers.HomeController.Profile (SubApp1)'
2024-12-02 01:46:57.675 +01:00 [INF] Route matched with {action = "Profile", controller = "Home", page = "", area = ""}. Executing controller action with signature Microsoft.AspNetCore.Mvc.IActionResult Profile() on controller SubApp1.Controllers.HomeController (SubApp1).
2024-12-02 01:46:57.676 +01:00 [INF] Executing ViewResult, running view Profile.
2024-12-02 01:46:57.677 +01:00 [INF] Executed ViewResult - view Profile executed in 0.8551ms.
2024-12-02 01:46:57.677 +01:00 [INF] Executed action SubApp1.Controllers.HomeController.Profile (SubApp1) in 1.7092ms
2024-12-02 01:46:57.677 +01:00 [INF] Executed endpoint 'SubApp1.Controllers.HomeController.Profile (SubApp1)'
2024-12-02 01:46:57.677 +01:00 [INF] Request finished HTTP/1.1 GET http://localhost:5003/Home/Profile - 200 null text/html; charset=utf-8 3.5254ms
2024-12-02 01:46:59.922 +01:00 [INF] Application is shutting down...
