2024-12-02 01:56:43.196 +01:00 [INF] User profile is available. Using 'C:\Users\Kevol\AppData\Local\ASP.NET\DataProtection-Keys' as key repository and Windows DPAPI to encrypt keys at rest.
2024-12-02 01:56:43.285 +01:00 [INF] Now listening on: http://localhost:5003
2024-12-02 01:56:43.287 +01:00 [INF] Application started. Press Ctrl+C to shut down.
2024-12-02 01:56:43.287 +01:00 [INF] Hosting environment: Development
2024-12-02 01:56:43.287 +01:00 [INF] Content root path: C:\Users\Kevol\Desktop\GitHub\CodeCraft\SubApp1
2024-12-02 01:56:44.581 +01:00 [INF] Request starting HTTP/1.1 GET http://localhost:5003/ - null null
2024-12-02 01:56:44.586 +01:00 [WRN] Failed to determine the https port for redirect.
2024-12-02 01:56:45.043 +01:00 [INF] Executing endpoint 'SubApp1.Controllers.HomeController.Index (SubApp1)'
2024-12-02 01:56:45.048 +01:00 [INF] Route matched with {action = "Index", controller = "Home", page = "", area = ""}. Executing controller action with signature Microsoft.AspNetCore.Mvc.IActionResult Index() on controller SubApp1.Controllers.HomeController (SubApp1).
2024-12-02 01:56:46.960 +01:00 [INF] Executing ViewResult, running view Index.
2024-12-02 01:56:47.197 +01:00 [INF] Executed ViewResult - view Index executed in 1981.6571ms.
2024-12-02 01:56:47.198 +01:00 [INF] Executed action SubApp1.Controllers.HomeController.Index (SubApp1) in 2149.3571ms
2024-12-02 01:56:47.198 +01:00 [INF] Executed endpoint 'SubApp1.Controllers.HomeController.Index (SubApp1)'
2024-12-02 01:56:47.202 +01:00 [INF] Request finished HTTP/1.1 GET http://localhost:5003/ - 200 null text/html; charset=utf-8 2621.1589ms
2024-12-02 01:56:54.775 +01:00 [INF] Request starting HTTP/1.1 POST http://localhost:5003/Comment/EditCommentProfile - application/x-www-form-urlencoded 252
2024-12-02 01:56:54.783 +01:00 [INF] Executing endpoint 'SubApp1.Controllers.CommentController.EditCommentProfile (SubApp1)'
2024-12-02 01:56:54.787 +01:00 [INF] Route matched with {action = "EditCommentProfile", controller = "Comment", page = "", area = ""}. Executing controller action with signature System.Threading.Tasks.Task`1[Microsoft.AspNetCore.Mvc.IActionResult] EditCommentProfile(Int32, System.String) on controller SubApp1.Controllers.CommentController (SubApp1).
2024-12-02 01:56:54.847 +01:00 [INF] Executing RedirectResult, redirecting to /Home/Profile.
2024-12-02 01:56:54.848 +01:00 [INF] Executed action SubApp1.Controllers.CommentController.EditCommentProfile (SubApp1) in 60.6484ms
2024-12-02 01:56:54.848 +01:00 [INF] Executed endpoint 'SubApp1.Controllers.CommentController.EditCommentProfile (SubApp1)'
2024-12-02 01:56:54.848 +01:00 [INF] Request finished HTTP/1.1 POST http://localhost:5003/Comment/EditCommentProfile - 302 0 null 73.0851ms
2024-12-02 01:56:54.850 +01:00 [INF] Request starting HTTP/1.1 GET http://localhost:5003/Home/Profile - null null
2024-12-02 01:56:54.887 +01:00 [INF] Executing endpoint 'SubApp1.Controllers.HomeController.Profile (SubApp1)'
2024-12-02 01:56:54.888 +01:00 [INF] Route matched with {action = "Profile", controller = "Home", page = "", area = ""}. Executing controller action with signature Microsoft.AspNetCore.Mvc.IActionResult Profile() on controller SubApp1.Controllers.HomeController (SubApp1).
2024-12-02 01:56:55.040 +01:00 [INF] Executing ViewResult, running view Profile.
2024-12-02 01:56:55.047 +01:00 [INF] Executed ViewResult - view Profile executed in 148.0132ms.
2024-12-02 01:56:55.047 +01:00 [INF] Executed action SubApp1.Controllers.HomeController.Profile (SubApp1) in 159.1748ms
2024-12-02 01:56:55.047 +01:00 [INF] Executed endpoint 'SubApp1.Controllers.HomeController.Profile (SubApp1)'
2024-12-02 01:56:55.047 +01:00 [INF] Request finished HTTP/1.1 GET http://localhost:5003/Home/Profile - 200 null text/html; charset=utf-8 196.9544ms
2024-12-02 01:57:10.422 +01:00 [INF] Application is shutting down...
