2024-11-26 15:38:15.196 +01:00 [INF] User profile is available. Using 'C:\Users\Kevol\AppData\Local\ASP.NET\DataProtection-Keys' as key repository and Windows DPAPI to encrypt keys at rest.
2024-11-26 15:38:15.445 +01:00 [INF] Now listening on: http://localhost:5003
2024-11-26 15:38:15.450 +01:00 [INF] Application started. Press Ctrl+C to shut down.
2024-11-26 15:38:15.451 +01:00 [INF] Hosting environment: Development
2024-11-26 15:38:15.451 +01:00 [INF] Content root path: C:\Users\Kevol\Desktop\github\CodeCraft\SubApp1
2024-11-26 15:38:16.402 +01:00 [INF] Request starting HTTP/1.1 GET http://localhost:5003/Home/Profile - null null
2024-11-26 15:38:16.413 +01:00 [WRN] Failed to determine the https port for redirect.
2024-11-26 15:38:17.129 +01:00 [INF] Executing endpoint 'SubApp1.Controllers.HomeController.Profile (SubApp1)'
2024-11-26 15:38:17.146 +01:00 [INF] Route matched with {action = "Profile", controller = "Home", page = "", area = ""}. Executing controller action with signature Microsoft.AspNetCore.Mvc.IActionResult Profile() on controller SubApp1.Controllers.HomeController (SubApp1).
2024-11-26 15:38:19.694 +01:00 [INF] Executing ViewResult, running view Profile.
2024-11-26 15:38:20.141 +01:00 [INF] Executed ViewResult - view Profile executed in 2673.3693ms.
2024-11-26 15:38:20.144 +01:00 [INF] Executed action SubApp1.Controllers.HomeController.Profile (SubApp1) in 2997.6161ms
2024-11-26 15:38:20.145 +01:00 [INF] Executed endpoint 'SubApp1.Controllers.HomeController.Profile (SubApp1)'
2024-11-26 15:38:20.155 +01:00 [INF] Request finished HTTP/1.1 GET http://localhost:5003/Home/Profile - 200 null text/html; charset=utf-8 3753.5394ms
2024-11-26 15:38:20.177 +01:00 [INF] Request starting HTTP/1.1 GET http://localhost:5003/js/bootstrap.js - null null
2024-11-26 15:38:20.179 +01:00 [INF] Request starting HTTP/1.1 GET http://localhost:5003/js/jquery.min.js - null null
2024-11-26 15:38:20.182 +01:00 [INF] Request starting HTTP/1.1 GET http://localhost:5003/Home/Images/quy2kjsl.44y638667085033516780.jpg - null null
2024-11-26 15:38:20.211 +01:00 [INF] Request finished HTTP/1.1 GET http://localhost:5003/Home/Images/quy2kjsl.44y638667085033516780.jpg - 404 0 null 29.2631ms
2024-11-26 15:38:20.213 +01:00 [INF] Request finished HTTP/1.1 GET http://localhost:5003/js/bootstrap.js - 404 0 null 35.8613ms
2024-11-26 15:38:20.211 +01:00 [INF] Request finished HTTP/1.1 GET http://localhost:5003/js/jquery.min.js - 404 0 null 31.6688ms
2024-11-26 15:38:20.214 +01:00 [INF] Request reached the end of the middleware pipeline without being handled by application code. Request path: GET http://localhost:5003/js/jquery.min.js, Response status code: 404
2024-11-26 15:38:20.214 +01:00 [INF] Request reached the end of the middleware pipeline without being handled by application code. Request path: GET http://localhost:5003/Home/Images/quy2kjsl.44y638667085033516780.jpg, Response status code: 404
2024-11-26 15:38:20.214 +01:00 [INF] Request reached the end of the middleware pipeline without being handled by application code. Request path: GET http://localhost:5003/js/bootstrap.js, Response status code: 404
2024-11-26 15:38:25.824 +01:00 [INF] Request starting HTTP/1.1 GET http://localhost:5003/Home/Images/quy2kjsl.44y638667085033516780.jpg - null null
2024-11-26 15:38:25.911 +01:00 [INF] Request finished HTTP/1.1 GET http://localhost:5003/Home/Images/quy2kjsl.44y638667085033516780.jpg - 404 0 null 86.8512ms
2024-11-26 15:38:25.911 +01:00 [INF] Request reached the end of the middleware pipeline without being handled by application code. Request path: GET http://localhost:5003/Home/Images/quy2kjsl.44y638667085033516780.jpg, Response status code: 404
2024-11-26 15:38:36.519 +01:00 [INF] Request starting HTTP/1.1 GET http://localhost:5003/Images/quy2kjsl.44y638667085033516780.jpg - null null
2024-11-26 15:38:36.536 +01:00 [INF] Sending file. Request path: '/Images/quy2kjsl.44y638667085033516780.jpg'. Physical path: 'C:\Users\Kevol\Desktop\github\CodeCraft\SubApp1\wwwroot\Images\quy2kjsl.44y638667085033516780.jpg'
2024-11-26 15:38:36.536 +01:00 [INF] Request finished HTTP/1.1 GET http://localhost:5003/Images/quy2kjsl.44y638667085033516780.jpg - 200 54606 image/jpeg 17.973ms
2024-11-26 15:38:47.614 +01:00 [INF] Request starting HTTP/1.1 GET http://localhost:5003/Home/Profile - null null
2024-11-26 15:38:47.618 +01:00 [INF] Executing endpoint 'SubApp1.Controllers.HomeController.Profile (SubApp1)'
2024-11-26 15:38:47.618 +01:00 [INF] Route matched with {action = "Profile", controller = "Home", page = "", area = ""}. Executing controller action with signature Microsoft.AspNetCore.Mvc.IActionResult Profile() on controller SubApp1.Controllers.HomeController (SubApp1).
2024-11-26 15:38:47.624 +01:00 [INF] Executing ViewResult, running view Profile.
2024-11-26 15:38:47.631 +01:00 [INF] Executed ViewResult - view Profile executed in 6.9386ms.
2024-11-26 15:38:47.631 +01:00 [INF] Executed action SubApp1.Controllers.HomeController.Profile (SubApp1) in 12.3053ms
2024-11-26 15:38:47.631 +01:00 [INF] Executed endpoint 'SubApp1.Controllers.HomeController.Profile (SubApp1)'
2024-11-26 15:38:47.631 +01:00 [INF] Request finished HTTP/1.1 GET http://localhost:5003/Home/Profile - 200 null text/html; charset=utf-8 17.0462ms
2024-11-26 15:38:47.657 +01:00 [INF] Request starting HTTP/1.1 GET http://localhost:5003/js/bootstrap.js - null null
2024-11-26 15:38:47.664 +01:00 [INF] Request starting HTTP/1.1 GET http://localhost:5003/js/jquery.min.js - null null
2024-11-26 15:38:47.666 +01:00 [INF] Request finished HTTP/1.1 GET http://localhost:5003/js/bootstrap.js - 404 0 null 9.3183ms
2024-11-26 15:38:47.666 +01:00 [INF] Request reached the end of the middleware pipeline without being handled by application code. Request path: GET http://localhost:5003/js/bootstrap.js, Response status code: 404
2024-11-26 15:38:47.670 +01:00 [INF] Request finished HTTP/1.1 GET http://localhost:5003/js/jquery.min.js - 404 0 null 6.7527ms
2024-11-26 15:38:47.671 +01:00 [INF] Request reached the end of the middleware pipeline without being handled by application code. Request path: GET http://localhost:5003/js/jquery.min.js, Response status code: 404
2024-11-26 15:39:00.926 +01:00 [INF] Application is shutting down...
