2024-11-28 14:52:14.774 +01:00 [INF] User profile is available. Using 'C:\Users\Kevol\AppData\Local\ASP.NET\DataProtection-Keys' as key repository and Windows DPAPI to encrypt keys at rest.
2024-11-28 14:52:14.861 +01:00 [INF] Now listening on: http://localhost:5003
2024-11-28 14:52:14.863 +01:00 [INF] Application started. Press Ctrl+C to shut down.
2024-11-28 14:52:14.863 +01:00 [INF] Hosting environment: Development
2024-11-28 14:52:14.863 +01:00 [INF] Content root path: C:\Users\Kevol\Desktop\GitHub\CodeCraft\SubApp1
2024-11-28 14:52:16.602 +01:00 [INF] Request starting HTTP/1.1 GET http://localhost:5003/ - null null
2024-11-28 14:52:16.607 +01:00 [WRN] Failed to determine the https port for redirect.
2024-11-28 14:52:16.931 +01:00 [INF] Executing endpoint 'SubApp1.Controllers.HomeController.Index (SubApp1)'
2024-11-28 14:52:16.937 +01:00 [INF] Route matched with {action = "Index", controller = "Home", page = "", area = ""}. Executing controller action with signature Microsoft.AspNetCore.Mvc.IActionResult Index() on controller SubApp1.Controllers.HomeController (SubApp1).
2024-11-28 14:52:18.244 +01:00 [INF] Executing ViewResult, running view Index.
2024-11-28 14:52:18.473 +01:00 [INF] Executed ViewResult - view Index executed in 1366.5003ms.
2024-11-28 14:52:18.474 +01:00 [INF] Executed action SubApp1.Controllers.HomeController.Index (SubApp1) in 1535.9092ms
2024-11-28 14:52:18.474 +01:00 [INF] Executed endpoint 'SubApp1.Controllers.HomeController.Index (SubApp1)'
2024-11-28 14:52:18.477 +01:00 [INF] Request finished HTTP/1.1 GET http://localhost:5003/ - 200 null text/html; charset=utf-8 1876.0261ms
2024-11-28 14:52:18.490 +01:00 [INF] Request starting HTTP/1.1 GET http://localhost:5003/images/default-profile.png - null null
2024-11-28 14:52:18.490 +01:00 [INF] Request starting HTTP/1.1 GET http://localhost:5003/Images/nsmd5fi2.thl638682508897864419.jpeg - null null
2024-11-28 14:52:18.490 +01:00 [INF] Request starting HTTP/1.1 GET http://localhost:5003/js/jquery.min.js - null null
2024-11-28 14:52:18.490 +01:00 [INF] Request starting HTTP/1.1 GET http://localhost:5003/js/bootstrap.js - null null
2024-11-28 14:52:18.492 +01:00 [INF] The file /Images/nsmd5fi2.thl638682508897864419.jpeg was not modified
2024-11-28 14:52:18.492 +01:00 [INF] Request finished HTTP/1.1 GET http://localhost:5003/Images/nsmd5fi2.thl638682508897864419.jpeg - 304 null image/jpeg 1.9174ms
2024-11-28 14:52:18.500 +01:00 [INF] Request finished HTTP/1.1 GET http://localhost:5003/js/jquery.min.js - 404 0 null 10.1794ms
2024-11-28 14:52:18.500 +01:00 [INF] Request finished HTTP/1.1 GET http://localhost:5003/images/default-profile.png - 404 0 null 10.1781ms
2024-11-28 14:52:18.500 +01:00 [INF] Request finished HTTP/1.1 GET http://localhost:5003/js/bootstrap.js - 404 0 null 10.1926ms
2024-11-28 14:52:18.501 +01:00 [INF] Request reached the end of the middleware pipeline without being handled by application code. Request path: GET http://localhost:5003/js/jquery.min.js, Response status code: 404
2024-11-28 14:52:18.501 +01:00 [INF] Request reached the end of the middleware pipeline without being handled by application code. Request path: GET http://localhost:5003/js/bootstrap.js, Response status code: 404
2024-11-28 14:52:18.501 +01:00 [INF] Request reached the end of the middleware pipeline without being handled by application code. Request path: GET http://localhost:5003/images/default-profile.png, Response status code: 404
2024-11-28 14:52:18.532 +01:00 [INF] Request starting HTTP/1.1 GET http://localhost:5003/Images/profile_mu1fu0qy.541638682352465422474.png - null null
2024-11-28 14:52:18.533 +01:00 [INF] The file /Images/profile_mu1fu0qy.541638682352465422474.png was not modified
2024-11-28 14:52:18.533 +01:00 [INF] Request finished HTTP/1.1 GET http://localhost:5003/Images/profile_mu1fu0qy.541638682352465422474.png - 304 null image/png 0.5038ms
2024-11-28 14:52:23.786 +01:00 [INF] Request starting HTTP/1.1 POST http://localhost:5003/Comment/AddComment - application/x-www-form-urlencoded 248
2024-11-28 14:52:23.823 +01:00 [INF] Executing endpoint 'SubApp1.Controllers.CommentController.AddComment (SubApp1)'
2024-11-28 14:52:23.827 +01:00 [INF] Route matched with {action = "AddComment", controller = "Comment", page = "", area = ""}. Executing controller action with signature Microsoft.AspNetCore.Mvc.IActionResult AddComment(Int32, System.String) on controller SubApp1.Controllers.CommentController (SubApp1).
2024-11-28 14:52:23.932 +01:00 [INF] Executing RedirectResult, redirecting to /.
2024-11-28 14:52:23.932 +01:00 [INF] Executed action SubApp1.Controllers.CommentController.AddComment (SubApp1) in 104.8408ms
2024-11-28 14:52:23.932 +01:00 [INF] Executed endpoint 'SubApp1.Controllers.CommentController.AddComment (SubApp1)'
2024-11-28 14:52:23.932 +01:00 [INF] Request finished HTTP/1.1 POST http://localhost:5003/Comment/AddComment - 302 0 null 146.5606ms
2024-11-28 14:52:23.934 +01:00 [INF] Request starting HTTP/1.1 GET http://localhost:5003/ - null null
2024-11-28 14:52:23.936 +01:00 [INF] Executing endpoint 'SubApp1.Controllers.HomeController.Index (SubApp1)'
2024-11-28 14:52:23.936 +01:00 [INF] Route matched with {action = "Index", controller = "Home", page = "", area = ""}. Executing controller action with signature Microsoft.AspNetCore.Mvc.IActionResult Index() on controller SubApp1.Controllers.HomeController (SubApp1).
2024-11-28 14:52:23.939 +01:00 [INF] Executing ViewResult, running view Index.
2024-11-28 14:52:23.942 +01:00 [INF] Executed ViewResult - view Index executed in 2.2684ms.
2024-11-28 14:52:23.942 +01:00 [INF] Executed action SubApp1.Controllers.HomeController.Index (SubApp1) in 5.7193ms
2024-11-28 14:52:23.942 +01:00 [INF] Executed endpoint 'SubApp1.Controllers.HomeController.Index (SubApp1)'
2024-11-28 14:52:23.942 +01:00 [INF] Request finished HTTP/1.1 GET http://localhost:5003/ - 200 null text/html; charset=utf-8 7.6118ms
2024-11-28 14:52:23.958 +01:00 [INF] Request starting HTTP/1.1 GET http://localhost:5003/js/bootstrap.js - null null
2024-11-28 14:52:23.960 +01:00 [INF] Request starting HTTP/1.1 GET http://localhost:5003/js/jquery.min.js - null null
2024-11-28 14:52:23.960 +01:00 [INF] Request finished HTTP/1.1 GET http://localhost:5003/js/bootstrap.js - 404 0 null 2.5195ms
2024-11-28 14:52:23.960 +01:00 [INF] Request reached the end of the middleware pipeline without being handled by application code. Request path: GET http://localhost:5003/js/bootstrap.js, Response status code: 404
2024-11-28 14:52:23.961 +01:00 [INF] Request starting HTTP/1.1 GET http://localhost:5003/images/default-profile.png - null null
2024-11-28 14:52:23.961 +01:00 [INF] Request finished HTTP/1.1 GET http://localhost:5003/js/jquery.min.js - 404 0 null 1.1496ms
2024-11-28 14:52:23.961 +01:00 [INF] Request reached the end of the middleware pipeline without being handled by application code. Request path: GET http://localhost:5003/js/jquery.min.js, Response status code: 404
2024-11-28 14:52:23.962 +01:00 [INF] Request finished HTTP/1.1 GET http://localhost:5003/images/default-profile.png - 404 0 null 1.2105ms
2024-11-28 14:52:23.962 +01:00 [INF] Request reached the end of the middleware pipeline without being handled by application code. Request path: GET http://localhost:5003/images/default-profile.png, Response status code: 404
2024-11-28 14:52:27.341 +01:00 [INF] Request starting HTTP/1.1 POST http://localhost:5003/Comment/AddComment - application/x-www-form-urlencoded 249
2024-11-28 14:52:27.343 +01:00 [INF] Executing endpoint 'SubApp1.Controllers.CommentController.AddComment (SubApp1)'
2024-11-28 14:52:27.343 +01:00 [INF] Route matched with {action = "AddComment", controller = "Comment", page = "", area = ""}. Executing controller action with signature Microsoft.AspNetCore.Mvc.IActionResult AddComment(Int32, System.String) on controller SubApp1.Controllers.CommentController (SubApp1).
2024-11-28 14:52:27.384 +01:00 [INF] Executing RedirectResult, redirecting to /.
2024-11-28 14:52:27.384 +01:00 [INF] Executed action SubApp1.Controllers.CommentController.AddComment (SubApp1) in 40.7922ms
2024-11-28 14:52:27.384 +01:00 [INF] Executed endpoint 'SubApp1.Controllers.CommentController.AddComment (SubApp1)'
2024-11-28 14:52:27.384 +01:00 [INF] Request finished HTTP/1.1 POST http://localhost:5003/Comment/AddComment - 302 0 null 43.4362ms
2024-11-28 14:52:27.386 +01:00 [INF] Request starting HTTP/1.1 GET http://localhost:5003/ - null null
2024-11-28 14:52:27.388 +01:00 [INF] Executing endpoint 'SubApp1.Controllers.HomeController.Index (SubApp1)'
2024-11-28 14:52:27.388 +01:00 [INF] Route matched with {action = "Index", controller = "Home", page = "", area = ""}. Executing controller action with signature Microsoft.AspNetCore.Mvc.IActionResult Index() on controller SubApp1.Controllers.HomeController (SubApp1).
2024-11-28 14:52:27.389 +01:00 [INF] Executing ViewResult, running view Index.
2024-11-28 14:52:27.390 +01:00 [INF] Executed ViewResult - view Index executed in 0.9642ms.
2024-11-28 14:52:27.390 +01:00 [INF] Executed action SubApp1.Controllers.HomeController.Index (SubApp1) in 2.0695ms
2024-11-28 14:52:27.390 +01:00 [INF] Executed endpoint 'SubApp1.Controllers.HomeController.Index (SubApp1)'
2024-11-28 14:52:27.390 +01:00 [INF] Request finished HTTP/1.1 GET http://localhost:5003/ - 200 null text/html; charset=utf-8 3.8414ms
2024-11-28 14:52:27.408 +01:00 [INF] Request starting HTTP/1.1 GET http://localhost:5003/js/bootstrap.js - null null
2024-11-28 14:52:27.410 +01:00 [INF] Request finished HTTP/1.1 GET http://localhost:5003/js/bootstrap.js - 404 0 null 1.5847ms
2024-11-28 14:52:27.410 +01:00 [INF] Request reached the end of the middleware pipeline without being handled by application code. Request path: GET http://localhost:5003/js/bootstrap.js, Response status code: 404
2024-11-28 14:52:27.410 +01:00 [INF] Request starting HTTP/1.1 GET http://localhost:5003/js/jquery.min.js - null null
2024-11-28 14:52:27.410 +01:00 [INF] Request starting HTTP/1.1 GET http://localhost:5003/images/default-profile.png - null null
2024-11-28 14:52:27.411 +01:00 [INF] Request finished HTTP/1.1 GET http://localhost:5003/js/jquery.min.js - 404 0 null 1.0881ms
2024-11-28 14:52:27.411 +01:00 [INF] Request reached the end of the middleware pipeline without being handled by application code. Request path: GET http://localhost:5003/js/jquery.min.js, Response status code: 404
2024-11-28 14:52:27.413 +01:00 [INF] Request finished HTTP/1.1 GET http://localhost:5003/images/default-profile.png - 404 0 null 3.065ms
2024-11-28 14:52:27.413 +01:00 [INF] Request reached the end of the middleware pipeline without being handled by application code. Request path: GET http://localhost:5003/images/default-profile.png, Response status code: 404
2024-11-28 14:54:04.358 +01:00 [INF] Request starting HTTP/1.1 GET http://localhost:5003/ - null null
2024-11-28 14:54:04.359 +01:00 [INF] Executing endpoint 'SubApp1.Controllers.HomeController.Index (SubApp1)'
2024-11-28 14:54:04.360 +01:00 [INF] Route matched with {action = "Index", controller = "Home", page = "", area = ""}. Executing controller action with signature Microsoft.AspNetCore.Mvc.IActionResult Index() on controller SubApp1.Controllers.HomeController (SubApp1).
2024-11-28 14:54:04.361 +01:00 [INF] Executing ViewResult, running view Index.
2024-11-28 14:54:04.362 +01:00 [INF] Executed ViewResult - view Index executed in 1.1306ms.
2024-11-28 14:54:04.362 +01:00 [INF] Executed action SubApp1.Controllers.HomeController.Index (SubApp1) in 2.2508ms
2024-11-28 14:54:04.362 +01:00 [INF] Executed endpoint 'SubApp1.Controllers.HomeController.Index (SubApp1)'
2024-11-28 14:54:04.362 +01:00 [INF] Request finished HTTP/1.1 GET http://localhost:5003/ - 200 null text/html; charset=utf-8 4.0623ms
2024-11-28 14:54:04.380 +01:00 [INF] Request starting HTTP/1.1 GET http://localhost:5003/js/jquery.min.js - null null
2024-11-28 14:54:04.380 +01:00 [INF] Request starting HTTP/1.1 GET http://localhost:5003/js/bootstrap.js - null null
2024-11-28 14:54:04.381 +01:00 [INF] Request finished HTTP/1.1 GET http://localhost:5003/js/jquery.min.js - 404 0 null 1.1199ms
2024-11-28 14:54:04.381 +01:00 [INF] Request finished HTTP/1.1 GET http://localhost:5003/js/bootstrap.js - 404 0 null 0.9127ms
2024-11-28 14:54:04.381 +01:00 [INF] Request reached the end of the middleware pipeline without being handled by application code. Request path: GET http://localhost:5003/js/bootstrap.js, Response status code: 404
2024-11-28 14:54:04.381 +01:00 [INF] Request reached the end of the middleware pipeline without being handled by application code. Request path: GET http://localhost:5003/js/jquery.min.js, Response status code: 404
2024-11-28 14:54:04.381 +01:00 [INF] Request starting HTTP/1.1 GET http://localhost:5003/images/default-profile.png - null null
2024-11-28 14:54:04.382 +01:00 [INF] Request finished HTTP/1.1 GET http://localhost:5003/images/default-profile.png - 404 0 null 1.0791ms
2024-11-28 14:54:04.382 +01:00 [INF] Request reached the end of the middleware pipeline without being handled by application code. Request path: GET http://localhost:5003/images/default-profile.png, Response status code: 404
2024-11-28 14:54:06.885 +01:00 [INF] Request starting HTTP/1.1 POST http://localhost:5003/Comment/AddComment - application/x-www-form-urlencoded 249
2024-11-28 14:54:06.886 +01:00 [INF] Executing endpoint 'SubApp1.Controllers.CommentController.AddComment (SubApp1)'
2024-11-28 14:54:06.886 +01:00 [INF] Route matched with {action = "AddComment", controller = "Comment", page = "", area = ""}. Executing controller action with signature Microsoft.AspNetCore.Mvc.IActionResult AddComment(Int32, System.String) on controller SubApp1.Controllers.CommentController (SubApp1).
2024-11-28 14:54:06.927 +01:00 [INF] Executing RedirectResult, redirecting to /.
2024-11-28 14:54:06.927 +01:00 [INF] Executed action SubApp1.Controllers.CommentController.AddComment (SubApp1) in 40.8615ms
2024-11-28 14:54:06.927 +01:00 [INF] Executed endpoint 'SubApp1.Controllers.CommentController.AddComment (SubApp1)'
2024-11-28 14:54:06.927 +01:00 [INF] Request finished HTTP/1.1 POST http://localhost:5003/Comment/AddComment - 302 0 null 42.4444ms
2024-11-28 14:54:06.929 +01:00 [INF] Request starting HTTP/1.1 GET http://localhost:5003/ - null null
2024-11-28 14:54:06.931 +01:00 [INF] Executing endpoint 'SubApp1.Controllers.HomeController.Index (SubApp1)'
2024-11-28 14:54:06.931 +01:00 [INF] Route matched with {action = "Index", controller = "Home", page = "", area = ""}. Executing controller action with signature Microsoft.AspNetCore.Mvc.IActionResult Index() on controller SubApp1.Controllers.HomeController (SubApp1).
2024-11-28 14:54:06.932 +01:00 [INF] Executing ViewResult, running view Index.
2024-11-28 14:54:06.933 +01:00 [INF] Executed ViewResult - view Index executed in 0.6311ms.
2024-11-28 14:54:06.933 +01:00 [INF] Executed action SubApp1.Controllers.HomeController.Index (SubApp1) in 1.836ms
2024-11-28 14:54:06.933 +01:00 [INF] Executed endpoint 'SubApp1.Controllers.HomeController.Index (SubApp1)'
2024-11-28 14:54:06.933 +01:00 [INF] Request finished HTTP/1.1 GET http://localhost:5003/ - 200 null text/html; charset=utf-8 3.5581ms
2024-11-28 14:54:06.950 +01:00 [INF] Request starting HTTP/1.1 GET http://localhost:5003/js/bootstrap.js - null null
2024-11-28 14:54:06.950 +01:00 [INF] Request starting HTTP/1.1 GET http://localhost:5003/js/jquery.min.js - null null
2024-11-28 14:54:06.950 +01:00 [INF] Request starting HTTP/1.1 GET http://localhost:5003/images/default-profile.png - null null
2024-11-28 14:54:06.951 +01:00 [INF] Request finished HTTP/1.1 GET http://localhost:5003/js/jquery.min.js - 404 0 null 1.0505ms
2024-11-28 14:54:06.951 +01:00 [INF] Request reached the end of the middleware pipeline without being handled by application code. Request path: GET http://localhost:5003/js/jquery.min.js, Response status code: 404
2024-11-28 14:54:06.954 +01:00 [INF] Request finished HTTP/1.1 GET http://localhost:5003/images/default-profile.png - 404 0 null 2.9975ms
2024-11-28 14:54:06.954 +01:00 [INF] Request reached the end of the middleware pipeline without being handled by application code. Request path: GET http://localhost:5003/images/default-profile.png, Response status code: 404
2024-11-28 14:54:06.956 +01:00 [INF] Request finished HTTP/1.1 GET http://localhost:5003/js/bootstrap.js - 404 0 null 5.635ms
2024-11-28 14:54:06.956 +01:00 [INF] Request reached the end of the middleware pipeline without being handled by application code. Request path: GET http://localhost:5003/js/bootstrap.js, Response status code: 404
2024-11-28 14:55:04.032 +01:00 [INF] Request starting HTTP/1.1 GET http://localhost:5003/Home/Profile - null null
2024-11-28 14:55:04.033 +01:00 [INF] Executing endpoint 'SubApp1.Controllers.HomeController.Profile (SubApp1)'
2024-11-28 14:55:04.034 +01:00 [INF] Route matched with {action = "Profile", controller = "Home", page = "", area = ""}. Executing controller action with signature Microsoft.AspNetCore.Mvc.IActionResult Profile() on controller SubApp1.Controllers.HomeController (SubApp1).
2024-11-28 14:55:04.160 +01:00 [INF] Executing ViewResult, running view Profile.
2024-11-28 14:55:04.163 +01:00 [INF] Executed ViewResult - view Profile executed in 123.8513ms.
2024-11-28 14:55:04.163 +01:00 [INF] Executed action SubApp1.Controllers.HomeController.Profile (SubApp1) in 129.5493ms
2024-11-28 14:55:04.163 +01:00 [INF] Executed endpoint 'SubApp1.Controllers.HomeController.Profile (SubApp1)'
2024-11-28 14:55:04.163 +01:00 [INF] Request finished HTTP/1.1 GET http://localhost:5003/Home/Profile - 200 null text/html; charset=utf-8 131.6914ms
2024-11-28 14:55:04.185 +01:00 [INF] Request starting HTTP/1.1 GET http://localhost:5003/js/bootstrap.js - null null
2024-11-28 14:55:04.185 +01:00 [INF] Request starting HTTP/1.1 GET http://localhost:5003/js/jquery.min.js - null null
2024-11-28 14:55:04.187 +01:00 [INF] Request finished HTTP/1.1 GET http://localhost:5003/js/bootstrap.js - 404 0 null 1.6897ms
2024-11-28 14:55:04.187 +01:00 [INF] Request reached the end of the middleware pipeline without being handled by application code. Request path: GET http://localhost:5003/js/bootstrap.js, Response status code: 404
2024-11-28 14:55:04.188 +01:00 [INF] Request finished HTTP/1.1 GET http://localhost:5003/js/jquery.min.js - 404 0 null 2.9114ms
2024-11-28 14:55:04.188 +01:00 [INF] Request reached the end of the middleware pipeline without being handled by application code. Request path: GET http://localhost:5003/js/jquery.min.js, Response status code: 404
2024-11-28 14:55:09.526 +01:00 [INF] Request starting HTTP/1.1 GET http://localhost:5003/ - null null
2024-11-28 14:55:09.527 +01:00 [INF] Executing endpoint 'SubApp1.Controllers.HomeController.Index (SubApp1)'
2024-11-28 14:55:09.527 +01:00 [INF] Route matched with {action = "Index", controller = "Home", page = "", area = ""}. Executing controller action with signature Microsoft.AspNetCore.Mvc.IActionResult Index() on controller SubApp1.Controllers.HomeController (SubApp1).
2024-11-28 14:55:09.528 +01:00 [INF] Executing ViewResult, running view Index.
2024-11-28 14:55:09.529 +01:00 [INF] Executed ViewResult - view Index executed in 0.528ms.
2024-11-28 14:55:09.529 +01:00 [INF] Executed action SubApp1.Controllers.HomeController.Index (SubApp1) in 1.5442ms
2024-11-28 14:55:09.529 +01:00 [INF] Executed endpoint 'SubApp1.Controllers.HomeController.Index (SubApp1)'
2024-11-28 14:55:09.529 +01:00 [INF] Request finished HTTP/1.1 GET http://localhost:5003/ - 200 null text/html; charset=utf-8 2.7938ms
2024-11-28 14:56:09.837 +01:00 [INF] Application is shutting down...
