2024-11-29 23:54:35.826 +01:00 [INF] User profile is available. Using 'C:\Users\Kevol\AppData\Local\ASP.NET\DataProtection-Keys' as key repository and Windows DPAPI to encrypt keys at rest.
2024-11-29 23:54:35.942 +01:00 [INF] Now listening on: http://localhost:5003
2024-11-29 23:54:35.944 +01:00 [INF] Application started. Press Ctrl+C to shut down.
2024-11-29 23:54:35.944 +01:00 [INF] Hosting environment: Development
2024-11-29 23:54:35.944 +01:00 [INF] Content root path: C:\Users\Kevol\Desktop\GitHub\CodeCraft\SubApp1
2024-11-29 23:54:39.130 +01:00 [INF] Request starting HTTP/1.1 GET http://localhost:5003/ - null null
2024-11-29 23:54:39.139 +01:00 [WRN] Failed to determine the https port for redirect.
2024-11-29 23:54:39.533 +01:00 [INF] Executing endpoint 'SubApp1.Controllers.HomeController.Index (SubApp1)'
2024-11-29 23:54:39.540 +01:00 [INF] Route matched with {action = "Index", controller = "Home", page = "", area = ""}. Executing controller action with signature Microsoft.AspNetCore.Mvc.IActionResult Index() on controller SubApp1.Controllers.HomeController (SubApp1).
2024-11-29 23:54:41.091 +01:00 [INF] Executing ViewResult, running view Index.
2024-11-29 23:54:41.316 +01:00 [INF] Executed ViewResult - view Index executed in 1573.0386ms.
2024-11-29 23:54:41.317 +01:00 [INF] Executed action SubApp1.Controllers.HomeController.Index (SubApp1) in 1776.1993ms
2024-11-29 23:54:41.317 +01:00 [INF] Executed endpoint 'SubApp1.Controllers.HomeController.Index (SubApp1)'
2024-11-29 23:54:41.320 +01:00 [INF] Request finished HTTP/1.1 GET http://localhost:5003/ - 200 null text/html; charset=utf-8 2191.3558ms
2024-11-29 23:54:41.331 +01:00 [INF] Request starting HTTP/1.1 GET http://localhost:5003/js/bootstrap.js - null null
2024-11-29 23:54:41.331 +01:00 [INF] Request starting HTTP/1.1 GET http://localhost:5003/js/jquery.min.js - null null
2024-11-29 23:54:41.331 +01:00 [INF] Request starting HTTP/1.1 GET http://localhost:5003/Images/default-profile.jpg - null null
2024-11-29 23:54:41.333 +01:00 [INF] The file /Images/default-profile.jpg was not modified
2024-11-29 23:54:41.333 +01:00 [INF] Request finished HTTP/1.1 GET http://localhost:5003/Images/default-profile.jpg - 304 null image/jpeg 1.6977ms
2024-11-29 23:54:41.340 +01:00 [INF] Request finished HTTP/1.1 GET http://localhost:5003/js/bootstrap.js - 404 0 null 9.057ms
2024-11-29 23:54:41.340 +01:00 [INF] Request finished HTTP/1.1 GET http://localhost:5003/js/jquery.min.js - 404 0 null 8.6057ms
2024-11-29 23:54:41.340 +01:00 [INF] Request reached the end of the middleware pipeline without being handled by application code. Request path: GET http://localhost:5003/js/jquery.min.js, Response status code: 404
2024-11-29 23:54:41.340 +01:00 [INF] Request reached the end of the middleware pipeline without being handled by application code. Request path: GET http://localhost:5003/js/bootstrap.js, Response status code: 404
2024-11-29 23:54:43.290 +01:00 [INF] Request starting HTTP/1.1 GET http://localhost:5003/Home/Profile - null null
2024-11-29 23:54:43.326 +01:00 [INF] Executing endpoint 'SubApp1.Controllers.HomeController.Profile (SubApp1)'
2024-11-29 23:54:43.327 +01:00 [INF] Route matched with {action = "Profile", controller = "Home", page = "", area = ""}. Executing controller action with signature Microsoft.AspNetCore.Mvc.IActionResult Profile() on controller SubApp1.Controllers.HomeController (SubApp1).
2024-11-29 23:54:43.521 +01:00 [INF] Executing ViewResult, running view Profile.
2024-11-29 23:54:43.530 +01:00 [INF] Executed ViewResult - view Profile executed in 185.5942ms.
2024-11-29 23:54:43.530 +01:00 [INF] Executed action SubApp1.Controllers.HomeController.Profile (SubApp1) in 202.746ms
2024-11-29 23:54:43.530 +01:00 [INF] Executed endpoint 'SubApp1.Controllers.HomeController.Profile (SubApp1)'
2024-11-29 23:54:43.530 +01:00 [INF] Request finished HTTP/1.1 GET http://localhost:5003/Home/Profile - 200 null text/html; charset=utf-8 239.9963ms
2024-11-29 23:54:43.547 +01:00 [INF] Request starting HTTP/1.1 GET http://localhost:5003/js/bootstrap.js - null null
2024-11-29 23:54:43.547 +01:00 [INF] Request starting HTTP/1.1 GET http://localhost:5003/js/jquery.min.js - null null
2024-11-29 23:54:43.548 +01:00 [INF] Request finished HTTP/1.1 GET http://localhost:5003/js/bootstrap.js - 404 0 null 1.5681ms
2024-11-29 23:54:43.548 +01:00 [INF] Request reached the end of the middleware pipeline without being handled by application code. Request path: GET http://localhost:5003/js/bootstrap.js, Response status code: 404
2024-11-29 23:54:43.556 +01:00 [INF] Request finished HTTP/1.1 GET http://localhost:5003/js/jquery.min.js - 404 0 null 9.2279ms
2024-11-29 23:54:43.556 +01:00 [INF] Request reached the end of the middleware pipeline without being handled by application code. Request path: GET http://localhost:5003/js/jquery.min.js, Response status code: 404
2024-11-29 23:55:06.175 +01:00 [INF] Request starting HTTP/1.1 GET http://localhost:5003/ - null null
2024-11-29 23:55:06.177 +01:00 [INF] Executing endpoint 'SubApp1.Controllers.HomeController.Index (SubApp1)'
2024-11-29 23:55:06.178 +01:00 [INF] Route matched with {action = "Index", controller = "Home", page = "", area = ""}. Executing controller action with signature Microsoft.AspNetCore.Mvc.IActionResult Index() on controller SubApp1.Controllers.HomeController (SubApp1).
2024-11-29 23:55:06.181 +01:00 [INF] Executing ViewResult, running view Index.
2024-11-29 23:55:06.184 +01:00 [INF] Executed ViewResult - view Index executed in 2.3104ms.
2024-11-29 23:55:06.184 +01:00 [INF] Executed action SubApp1.Controllers.HomeController.Index (SubApp1) in 6.2205ms
2024-11-29 23:55:06.184 +01:00 [INF] Executed endpoint 'SubApp1.Controllers.HomeController.Index (SubApp1)'
2024-11-29 23:55:06.184 +01:00 [INF] Request finished HTTP/1.1 GET http://localhost:5003/ - 200 null text/html; charset=utf-8 8.8289ms
2024-11-29 23:55:06.204 +01:00 [INF] Request starting HTTP/1.1 GET http://localhost:5003/js/bootstrap.js - null null
2024-11-29 23:55:06.205 +01:00 [INF] Request starting HTTP/1.1 GET http://localhost:5003/js/jquery.min.js - null null
2024-11-29 23:55:06.206 +01:00 [INF] Request finished HTTP/1.1 GET http://localhost:5003/js/bootstrap.js - 404 0 null 2.2401ms
2024-11-29 23:55:06.206 +01:00 [INF] Request reached the end of the middleware pipeline without being handled by application code. Request path: GET http://localhost:5003/js/bootstrap.js, Response status code: 404
2024-11-29 23:55:06.207 +01:00 [INF] Request finished HTTP/1.1 GET http://localhost:5003/js/jquery.min.js - 404 0 null 1.5818ms
2024-11-29 23:55:06.207 +01:00 [INF] Request reached the end of the middleware pipeline without being handled by application code. Request path: GET http://localhost:5003/js/jquery.min.js, Response status code: 404
2024-11-29 23:55:34.763 +01:00 [INF] Request starting HTTP/1.1 GET http://localhost:5003/ - null null
2024-11-29 23:55:34.764 +01:00 [INF] Executing endpoint 'SubApp1.Controllers.HomeController.Index (SubApp1)'
2024-11-29 23:55:34.764 +01:00 [INF] Route matched with {action = "Index", controller = "Home", page = "", area = ""}. Executing controller action with signature Microsoft.AspNetCore.Mvc.IActionResult Index() on controller SubApp1.Controllers.HomeController (SubApp1).
2024-11-29 23:55:34.766 +01:00 [INF] Executing ViewResult, running view Index.
2024-11-29 23:55:34.767 +01:00 [INF] Executed ViewResult - view Index executed in 0.8635ms.
2024-11-29 23:55:34.767 +01:00 [INF] Executed action SubApp1.Controllers.HomeController.Index (SubApp1) in 2.2281ms
2024-11-29 23:55:34.767 +01:00 [INF] Executed endpoint 'SubApp1.Controllers.HomeController.Index (SubApp1)'
2024-11-29 23:55:34.767 +01:00 [INF] Request finished HTTP/1.1 GET http://localhost:5003/ - 200 null text/html; charset=utf-8 3.6658ms
2024-11-29 23:55:34.781 +01:00 [INF] Request starting HTTP/1.1 GET http://localhost:5003/js/bootstrap.js - null null
2024-11-29 23:55:34.781 +01:00 [INF] Request starting HTTP/1.1 GET http://localhost:5003/js/jquery.min.js - null null
2024-11-29 23:55:34.782 +01:00 [INF] Request finished HTTP/1.1 GET http://localhost:5003/js/bootstrap.js - 404 0 null 1.6878ms
2024-11-29 23:55:34.782 +01:00 [INF] Request finished HTTP/1.1 GET http://localhost:5003/js/jquery.min.js - 404 0 null 1.1276ms
2024-11-29 23:55:34.782 +01:00 [INF] Request reached the end of the middleware pipeline without being handled by application code. Request path: GET http://localhost:5003/js/bootstrap.js, Response status code: 404
2024-11-29 23:55:34.782 +01:00 [INF] Request reached the end of the middleware pipeline without being handled by application code. Request path: GET http://localhost:5003/js/jquery.min.js, Response status code: 404
2024-11-29 23:55:36.807 +01:00 [INF] Request starting HTTP/1.1 GET http://localhost:5003/Home/Profile - null null
2024-11-29 23:55:36.809 +01:00 [INF] Executing endpoint 'SubApp1.Controllers.HomeController.Profile (SubApp1)'
2024-11-29 23:55:36.809 +01:00 [INF] Route matched with {action = "Profile", controller = "Home", page = "", area = ""}. Executing controller action with signature Microsoft.AspNetCore.Mvc.IActionResult Profile() on controller SubApp1.Controllers.HomeController (SubApp1).
2024-11-29 23:55:36.810 +01:00 [INF] Executing ViewResult, running view Profile.
2024-11-29 23:55:36.811 +01:00 [INF] Executed ViewResult - view Profile executed in 0.9029ms.
2024-11-29 23:55:36.811 +01:00 [INF] Executed action SubApp1.Controllers.HomeController.Profile (SubApp1) in 2.1424ms
2024-11-29 23:55:36.811 +01:00 [INF] Executed endpoint 'SubApp1.Controllers.HomeController.Profile (SubApp1)'
2024-11-29 23:55:36.811 +01:00 [INF] Request finished HTTP/1.1 GET http://localhost:5003/Home/Profile - 200 null text/html; charset=utf-8 3.8634ms
2024-11-29 23:55:36.826 +01:00 [INF] Request starting HTTP/1.1 GET http://localhost:5003/js/bootstrap.js - null null
2024-11-29 23:55:36.827 +01:00 [INF] Request starting HTTP/1.1 GET http://localhost:5003/js/jquery.min.js - null null
2024-11-29 23:55:36.828 +01:00 [INF] Request finished HTTP/1.1 GET http://localhost:5003/js/jquery.min.js - 404 0 null 0.8758ms
2024-11-29 23:55:36.828 +01:00 [INF] Request reached the end of the middleware pipeline without being handled by application code. Request path: GET http://localhost:5003/js/jquery.min.js, Response status code: 404
2024-11-29 23:55:36.841 +01:00 [INF] Request finished HTTP/1.1 GET http://localhost:5003/js/bootstrap.js - 404 0 null 14.2321ms
2024-11-29 23:55:36.841 +01:00 [INF] Request reached the end of the middleware pipeline without being handled by application code. Request path: GET http://localhost:5003/js/bootstrap.js, Response status code: 404
2024-11-29 23:55:41.371 +01:00 [INF] Request starting HTTP/1.1 GET http://localhost:5003/ - null null
2024-11-29 23:55:41.372 +01:00 [INF] Executing endpoint 'SubApp1.Controllers.HomeController.Index (SubApp1)'
2024-11-29 23:55:41.372 +01:00 [INF] Route matched with {action = "Index", controller = "Home", page = "", area = ""}. Executing controller action with signature Microsoft.AspNetCore.Mvc.IActionResult Index() on controller SubApp1.Controllers.HomeController (SubApp1).
2024-11-29 23:55:41.373 +01:00 [INF] Executing ViewResult, running view Index.
2024-11-29 23:55:41.374 +01:00 [INF] Executed ViewResult - view Index executed in 0.6558ms.
2024-11-29 23:55:41.374 +01:00 [INF] Executed action SubApp1.Controllers.HomeController.Index (SubApp1) in 1.5543ms
2024-11-29 23:55:41.374 +01:00 [INF] Executed endpoint 'SubApp1.Controllers.HomeController.Index (SubApp1)'
2024-11-29 23:55:41.374 +01:00 [INF] Request finished HTTP/1.1 GET http://localhost:5003/ - 200 null text/html; charset=utf-8 2.9756ms
2024-11-29 23:55:41.393 +01:00 [INF] Request starting HTTP/1.1 GET http://localhost:5003/js/bootstrap.js - null null
2024-11-29 23:55:41.394 +01:00 [INF] Request starting HTTP/1.1 GET http://localhost:5003/js/jquery.min.js - null null
2024-11-29 23:55:41.394 +01:00 [INF] Request finished HTTP/1.1 GET http://localhost:5003/js/bootstrap.js - 404 0 null 1.1ms
2024-11-29 23:55:41.394 +01:00 [INF] Request reached the end of the middleware pipeline without being handled by application code. Request path: GET http://localhost:5003/js/bootstrap.js, Response status code: 404
2024-11-29 23:55:41.395 +01:00 [INF] Request finished HTTP/1.1 GET http://localhost:5003/js/jquery.min.js - 404 0 null 0.8127ms
2024-11-29 23:55:41.395 +01:00 [INF] Request reached the end of the middleware pipeline without being handled by application code. Request path: GET http://localhost:5003/js/jquery.min.js, Response status code: 404
2024-11-29 23:56:23.956 +01:00 [INF] Request starting HTTP/1.1 GET http://localhost:5003/Home/Profile - null null
2024-11-29 23:56:23.957 +01:00 [INF] Executing endpoint 'SubApp1.Controllers.HomeController.Profile (SubApp1)'
2024-11-29 23:56:23.957 +01:00 [INF] Route matched with {action = "Profile", controller = "Home", page = "", area = ""}. Executing controller action with signature Microsoft.AspNetCore.Mvc.IActionResult Profile() on controller SubApp1.Controllers.HomeController (SubApp1).
2024-11-29 23:56:23.958 +01:00 [INF] Executing ViewResult, running view Profile.
2024-11-29 23:56:23.959 +01:00 [INF] Executed ViewResult - view Profile executed in 0.5927ms.
2024-11-29 23:56:23.959 +01:00 [INF] Executed action SubApp1.Controllers.HomeController.Profile (SubApp1) in 1.5163ms
2024-11-29 23:56:23.959 +01:00 [INF] Executed endpoint 'SubApp1.Controllers.HomeController.Profile (SubApp1)'
2024-11-29 23:56:23.959 +01:00 [INF] Request finished HTTP/1.1 GET http://localhost:5003/Home/Profile - 200 null text/html; charset=utf-8 2.9308ms
2024-11-29 23:56:23.974 +01:00 [INF] Request starting HTTP/1.1 GET http://localhost:5003/js/bootstrap.js - null null
2024-11-29 23:56:23.975 +01:00 [INF] Request starting HTTP/1.1 GET http://localhost:5003/js/jquery.min.js - null null
2024-11-29 23:56:23.975 +01:00 [INF] Request finished HTTP/1.1 GET http://localhost:5003/js/bootstrap.js - 404 0 null 1.2905ms
2024-11-29 23:56:23.975 +01:00 [INF] Request reached the end of the middleware pipeline without being handled by application code. Request path: GET http://localhost:5003/js/bootstrap.js, Response status code: 404
2024-11-29 23:56:23.976 +01:00 [INF] Request finished HTTP/1.1 GET http://localhost:5003/js/jquery.min.js - 404 0 null 1.2819ms
2024-11-29 23:56:23.976 +01:00 [INF] Request reached the end of the middleware pipeline without being handled by application code. Request path: GET http://localhost:5003/js/jquery.min.js, Response status code: 404
2024-11-29 23:56:36.051 +01:00 [INF] Request starting HTTP/1.1 GET http://localhost:5003/Home/Profile/kevols@outlook.com - null null
2024-11-29 23:56:36.052 +01:00 [INF] Executing endpoint 'SubApp1.Controllers.HomeController.Profile (SubApp1)'
2024-11-29 23:56:36.052 +01:00 [INF] Route matched with {action = "Profile", controller = "Home", page = "", area = ""}. Executing controller action with signature Microsoft.AspNetCore.Mvc.IActionResult Profile() on controller SubApp1.Controllers.HomeController (SubApp1).
2024-11-29 23:56:36.053 +01:00 [INF] Executing ViewResult, running view Profile.
2024-11-29 23:56:36.053 +01:00 [INF] Executed ViewResult - view Profile executed in 0.6977ms.
2024-11-29 23:56:36.054 +01:00 [INF] Executed action SubApp1.Controllers.HomeController.Profile (SubApp1) in 1.6225ms
2024-11-29 23:56:36.054 +01:00 [INF] Executed endpoint 'SubApp1.Controllers.HomeController.Profile (SubApp1)'
2024-11-29 23:56:36.054 +01:00 [INF] Request finished HTTP/1.1 GET http://localhost:5003/Home/Profile/kevols@outlook.com - 200 null text/html; charset=utf-8 2.9141ms
2024-11-29 23:56:36.068 +01:00 [INF] Request starting HTTP/1.1 GET http://localhost:5003/js/bootstrap.js - null null
2024-11-29 23:56:36.069 +01:00 [INF] Request starting HTTP/1.1 GET http://localhost:5003/js/jquery.min.js - null null
2024-11-29 23:56:36.070 +01:00 [INF] Request finished HTTP/1.1 GET http://localhost:5003/js/bootstrap.js - 404 0 null 1.638ms
2024-11-29 23:56:36.070 +01:00 [INF] Request reached the end of the middleware pipeline without being handled by application code. Request path: GET http://localhost:5003/js/bootstrap.js, Response status code: 404
2024-11-29 23:56:36.070 +01:00 [INF] Request finished HTTP/1.1 GET http://localhost:5003/js/jquery.min.js - 404 0 null 0.7276ms
2024-11-29 23:56:36.070 +01:00 [INF] Request reached the end of the middleware pipeline without being handled by application code. Request path: GET http://localhost:5003/js/jquery.min.js, Response status code: 404
2024-11-29 23:56:43.617 +01:00 [INF] Request starting HTTP/1.1 GET http://localhost:5003/Home/Profile/s354651@oslomet.no - null null
2024-11-29 23:56:43.618 +01:00 [INF] Executing endpoint 'SubApp1.Controllers.HomeController.Profile (SubApp1)'
2024-11-29 23:56:43.618 +01:00 [INF] Route matched with {action = "Profile", controller = "Home", page = "", area = ""}. Executing controller action with signature Microsoft.AspNetCore.Mvc.IActionResult Profile() on controller SubApp1.Controllers.HomeController (SubApp1).
2024-11-29 23:56:43.619 +01:00 [INF] Executing ViewResult, running view Profile.
2024-11-29 23:56:43.620 +01:00 [INF] Executed ViewResult - view Profile executed in 1.0007ms.
2024-11-29 23:56:43.620 +01:00 [INF] Executed action SubApp1.Controllers.HomeController.Profile (SubApp1) in 1.9451ms
2024-11-29 23:56:43.620 +01:00 [INF] Executed endpoint 'SubApp1.Controllers.HomeController.Profile (SubApp1)'
2024-11-29 23:56:43.620 +01:00 [INF] Request finished HTTP/1.1 GET http://localhost:5003/Home/Profile/s354651@oslomet.no - 200 null text/html; charset=utf-8 3.2395ms
2024-11-29 23:56:43.635 +01:00 [INF] Request starting HTTP/1.1 GET http://localhost:5003/js/bootstrap.js - null null
2024-11-29 23:56:43.635 +01:00 [INF] Request starting HTTP/1.1 GET http://localhost:5003/js/jquery.min.js - null null
2024-11-29 23:56:43.636 +01:00 [INF] Request finished HTTP/1.1 GET http://localhost:5003/js/jquery.min.js - 404 0 null 0.9892ms
2024-11-29 23:56:43.636 +01:00 [INF] Request finished HTTP/1.1 GET http://localhost:5003/js/bootstrap.js - 404 0 null 1.1084ms
2024-11-29 23:56:43.636 +01:00 [INF] Request reached the end of the middleware pipeline without being handled by application code. Request path: GET http://localhost:5003/js/bootstrap.js, Response status code: 404
2024-11-29 23:56:43.636 +01:00 [INF] Request reached the end of the middleware pipeline without being handled by application code. Request path: GET http://localhost:5003/js/jquery.min.js, Response status code: 404
2024-11-29 23:56:46.962 +01:00 [INF] Request starting HTTP/1.1 GET http://localhost:5003/Home/Profile/kevols@outlook.com - null null
2024-11-29 23:56:46.963 +01:00 [INF] Executing endpoint 'SubApp1.Controllers.HomeController.Profile (SubApp1)'
2024-11-29 23:56:46.963 +01:00 [INF] Route matched with {action = "Profile", controller = "Home", page = "", area = ""}. Executing controller action with signature Microsoft.AspNetCore.Mvc.IActionResult Profile() on controller SubApp1.Controllers.HomeController (SubApp1).
2024-11-29 23:56:46.964 +01:00 [INF] Executing ViewResult, running view Profile.
2024-11-29 23:56:46.964 +01:00 [INF] Executed ViewResult - view Profile executed in 0.6391ms.
2024-11-29 23:56:46.964 +01:00 [INF] Executed action SubApp1.Controllers.HomeController.Profile (SubApp1) in 1.4843ms
2024-11-29 23:56:46.964 +01:00 [INF] Executed endpoint 'SubApp1.Controllers.HomeController.Profile (SubApp1)'
2024-11-29 23:56:46.965 +01:00 [INF] Request finished HTTP/1.1 GET http://localhost:5003/Home/Profile/kevols@outlook.com - 200 null text/html; charset=utf-8 2.8751ms
2024-11-29 23:56:47.444 +01:00 [INF] Request starting HTTP/1.1 GET http://localhost:5003/Home/Profile - null null
2024-11-29 23:56:47.445 +01:00 [INF] Executing endpoint 'SubApp1.Controllers.HomeController.Profile (SubApp1)'
2024-11-29 23:56:47.445 +01:00 [INF] Route matched with {action = "Profile", controller = "Home", page = "", area = ""}. Executing controller action with signature Microsoft.AspNetCore.Mvc.IActionResult Profile() on controller SubApp1.Controllers.HomeController (SubApp1).
2024-11-29 23:56:47.446 +01:00 [INF] Executing ViewResult, running view Profile.
2024-11-29 23:56:47.446 +01:00 [INF] Executed ViewResult - view Profile executed in 0.4852ms.
2024-11-29 23:56:47.446 +01:00 [INF] Executed action SubApp1.Controllers.HomeController.Profile (SubApp1) in 1.2449ms
2024-11-29 23:56:47.446 +01:00 [INF] Executed endpoint 'SubApp1.Controllers.HomeController.Profile (SubApp1)'
2024-11-29 23:56:47.447 +01:00 [INF] Request finished HTTP/1.1 GET http://localhost:5003/Home/Profile - 200 null text/html; charset=utf-8 2.4415ms
2024-11-29 23:57:50.759 +01:00 [INF] Request starting HTTP/1.1 GET http://localhost:5003/ - null null
2024-11-29 23:57:50.759 +01:00 [INF] Executing endpoint 'SubApp1.Controllers.HomeController.Index (SubApp1)'
2024-11-29 23:57:50.760 +01:00 [INF] Route matched with {action = "Index", controller = "Home", page = "", area = ""}. Executing controller action with signature Microsoft.AspNetCore.Mvc.IActionResult Index() on controller SubApp1.Controllers.HomeController (SubApp1).
2024-11-29 23:57:50.761 +01:00 [INF] Executing ViewResult, running view Index.
2024-11-29 23:57:50.761 +01:00 [INF] Executed ViewResult - view Index executed in 0.5445ms.
2024-11-29 23:57:50.761 +01:00 [INF] Executed action SubApp1.Controllers.HomeController.Index (SubApp1) in 1.8111ms
2024-11-29 23:57:50.761 +01:00 [INF] Executed endpoint 'SubApp1.Controllers.HomeController.Index (SubApp1)'
2024-11-29 23:57:50.761 +01:00 [INF] Request finished HTTP/1.1 GET http://localhost:5003/ - 200 null text/html; charset=utf-8 2.9581ms
2024-11-29 23:57:50.777 +01:00 [INF] Request starting HTTP/1.1 GET http://localhost:5003/js/bootstrap.js - null null
2024-11-29 23:57:50.777 +01:00 [INF] Request starting HTTP/1.1 GET http://localhost:5003/Images/default-profile.jpg - null null
2024-11-29 23:57:50.777 +01:00 [INF] Request starting HTTP/1.1 GET http://localhost:5003/js/jquery.min.js - null null
2024-11-29 23:57:50.778 +01:00 [INF] The file /Images/default-profile.jpg was not modified
2024-11-29 23:57:50.778 +01:00 [INF] Request finished HTTP/1.1 GET http://localhost:5003/Images/default-profile.jpg - 304 null image/jpeg 0.5561ms
2024-11-29 23:57:50.779 +01:00 [INF] Request finished HTTP/1.1 GET http://localhost:5003/js/jquery.min.js - 404 0 null 1.1827ms
2024-11-29 23:57:50.779 +01:00 [INF] Request reached the end of the middleware pipeline without being handled by application code. Request path: GET http://localhost:5003/js/jquery.min.js, Response status code: 404
2024-11-29 23:57:50.786 +01:00 [INF] Request finished HTTP/1.1 GET http://localhost:5003/js/bootstrap.js - 404 0 null 8.7191ms
2024-11-29 23:57:50.786 +01:00 [INF] Request reached the end of the middleware pipeline without being handled by application code. Request path: GET http://localhost:5003/js/bootstrap.js, Response status code: 404
2024-11-29 23:57:57.963 +01:00 [INF] Request starting HTTP/1.1 POST http://localhost:5003/Identity/Account/Logout?returnUrl=%2F - application/x-www-form-urlencoded 225
2024-11-29 23:57:58.090 +01:00 [INF] Executing endpoint '/Account/Logout'
2024-11-29 23:57:58.183 +01:00 [INF] Route matched with {page = "/Account/Logout", area = "Identity", action = "", controller = ""}. Executing page /Account/Logout
2024-11-29 23:57:58.193 +01:00 [INF] Executing handler method SubApp1.Areas.Identity.Pages.Account.LogoutModel.OnPost - ModelState is "Valid"
2024-11-29 23:57:58.194 +01:00 [INF] AuthenticationScheme: Identity.Application signed out.
2024-11-29 23:57:58.194 +01:00 [INF] AuthenticationScheme: Identity.External signed out.
2024-11-29 23:57:58.194 +01:00 [INF] AuthenticationScheme: Identity.TwoFactorUserId signed out.
2024-11-29 23:57:58.195 +01:00 [INF] User logged out.
2024-11-29 23:57:58.195 +01:00 [INF] Executed handler method OnPost, returned result Microsoft.AspNetCore.Mvc.LocalRedirectResult.
2024-11-29 23:57:58.195 +01:00 [INF] Executing LocalRedirectResult, redirecting to /.
2024-11-29 23:57:58.195 +01:00 [INF] Executed page /Account/Logout in 11.6008ms
2024-11-29 23:57:58.195 +01:00 [INF] Executed endpoint '/Account/Logout'
2024-11-29 23:57:58.195 +01:00 [INF] Request finished HTTP/1.1 POST http://localhost:5003/Identity/Account/Logout?returnUrl=%2F - 302 0 null 232.6687ms
2024-11-29 23:57:58.198 +01:00 [INF] Request starting HTTP/1.1 GET http://localhost:5003/ - null null
2024-11-29 23:57:58.198 +01:00 [INF] Executing endpoint 'SubApp1.Controllers.HomeController.Index (SubApp1)'
2024-11-29 23:57:58.198 +01:00 [INF] Route matched with {action = "Index", controller = "Home", page = "", area = ""}. Executing controller action with signature Microsoft.AspNetCore.Mvc.IActionResult Index() on controller SubApp1.Controllers.HomeController (SubApp1).
2024-11-29 23:57:58.199 +01:00 [INF] Executing ViewResult, running view Index.
2024-11-29 23:57:58.201 +01:00 [INF] Executed ViewResult - view Index executed in 1.319ms.
2024-11-29 23:57:58.201 +01:00 [INF] Executed action SubApp1.Controllers.HomeController.Index (SubApp1) in 2.7588ms
2024-11-29 23:57:58.201 +01:00 [INF] Executed endpoint 'SubApp1.Controllers.HomeController.Index (SubApp1)'
2024-11-29 23:57:58.201 +01:00 [INF] Request finished HTTP/1.1 GET http://localhost:5003/ - 200 null text/html; charset=utf-8 3.0481ms
2024-11-29 23:57:58.214 +01:00 [INF] Request starting HTTP/1.1 GET http://localhost:5003/js/bootstrap.js - null null
2024-11-29 23:57:58.214 +01:00 [INF] Request finished HTTP/1.1 GET http://localhost:5003/js/bootstrap.js - 404 0 null 0.3402ms
2024-11-29 23:57:58.214 +01:00 [INF] Request reached the end of the middleware pipeline without being handled by application code. Request path: GET http://localhost:5003/js/bootstrap.js, Response status code: 404
2024-11-29 23:57:58.216 +01:00 [INF] Request starting HTTP/1.1 GET http://localhost:5003/js/jquery.min.js - null null
2024-11-29 23:57:58.216 +01:00 [INF] Request finished HTTP/1.1 GET http://localhost:5003/js/jquery.min.js - 404 0 null 0.2681ms
2024-11-29 23:57:58.216 +01:00 [INF] Request reached the end of the middleware pipeline without being handled by application code. Request path: GET http://localhost:5003/js/jquery.min.js, Response status code: 404
2024-11-29 23:57:59.222 +01:00 [INF] Request starting HTTP/1.1 GET http://localhost:5003/Identity/Account/Login - null null
2024-11-29 23:57:59.311 +01:00 [INF] Executing endpoint '/Account/Login'
2024-11-29 23:57:59.315 +01:00 [INF] Route matched with {page = "/Account/Login", area = "Identity", action = "", controller = ""}. Executing page /Account/Login
2024-11-29 23:57:59.316 +01:00 [INF] Executing handler method SubApp1.Areas.Identity.Pages.Account.LoginModel.OnGetAsync - ModelState is "Valid"
2024-11-29 23:57:59.317 +01:00 [INF] AuthenticationScheme: Identity.External signed out.
2024-11-29 23:57:59.317 +01:00 [INF] Executed handler method OnGetAsync, returned result .
2024-11-29 23:57:59.318 +01:00 [INF] Executing an implicit handler method - ModelState is "Valid"
2024-11-29 23:57:59.318 +01:00 [INF] Executed an implicit handler method, returned result Microsoft.AspNetCore.Mvc.RazorPages.PageResult.
2024-11-29 23:57:59.376 +01:00 [INF] Executed page /Account/Login in 61.2849ms
2024-11-29 23:57:59.376 +01:00 [INF] Executed endpoint '/Account/Login'
2024-11-29 23:57:59.376 +01:00 [INF] Request finished HTTP/1.1 GET http://localhost:5003/Identity/Account/Login - 200 null text/html; charset=utf-8 153.9495ms
2024-11-29 23:57:59.393 +01:00 [INF] Request starting HTTP/1.1 GET http://localhost:5003/js/bootstrap.js - null null
2024-11-29 23:57:59.393 +01:00 [INF] Request finished HTTP/1.1 GET http://localhost:5003/js/bootstrap.js - 404 0 null 0.2616ms
2024-11-29 23:57:59.393 +01:00 [INF] Request reached the end of the middleware pipeline without being handled by application code. Request path: GET http://localhost:5003/js/bootstrap.js, Response status code: 404
2024-11-29 23:57:59.396 +01:00 [INF] Request starting HTTP/1.1 GET http://localhost:5003/js/jquery.min.js - null null
2024-11-29 23:57:59.396 +01:00 [INF] Request finished HTTP/1.1 GET http://localhost:5003/js/jquery.min.js - 404 0 null 0.4462ms
2024-11-29 23:57:59.396 +01:00 [INF] Request reached the end of the middleware pipeline without being handled by application code. Request path: GET http://localhost:5003/js/jquery.min.js, Response status code: 404
2024-11-29 23:58:00.948 +01:00 [INF] Request starting HTTP/1.1 POST http://localhost:5003/Identity/Account/Login - application/x-www-form-urlencoded 265
2024-11-29 23:58:00.949 +01:00 [INF] Executing endpoint '/Account/Login'
2024-11-29 23:58:00.949 +01:00 [INF] Route matched with {page = "/Account/Login", area = "Identity", action = "", controller = ""}. Executing page /Account/Login
2024-11-29 23:58:00.954 +01:00 [INF] Executing handler method SubApp1.Areas.Identity.Pages.Account.LoginModel.OnPostAsync - ModelState is "Valid"
2024-11-29 23:58:01.025 +01:00 [INF] AuthenticationScheme: Identity.Application signed in.
2024-11-29 23:58:01.025 +01:00 [INF] User logged in.
2024-11-29 23:58:01.025 +01:00 [INF] Executed handler method OnPostAsync, returned result Microsoft.AspNetCore.Mvc.LocalRedirectResult.
2024-11-29 23:58:01.026 +01:00 [INF] Executing LocalRedirectResult, redirecting to /.
2024-11-29 23:58:01.026 +01:00 [INF] Executed page /Account/Login in 76.6225ms
2024-11-29 23:58:01.026 +01:00 [INF] Executed endpoint '/Account/Login'
2024-11-29 23:58:01.026 +01:00 [INF] Request finished HTTP/1.1 POST http://localhost:5003/Identity/Account/Login - 302 0 null 77.4655ms
2024-11-29 23:58:01.028 +01:00 [INF] Request starting HTTP/1.1 GET http://localhost:5003/ - null null
2024-11-29 23:58:01.029 +01:00 [INF] Executing endpoint 'SubApp1.Controllers.HomeController.Index (SubApp1)'
2024-11-29 23:58:01.029 +01:00 [INF] Route matched with {action = "Index", controller = "Home", page = "", area = ""}. Executing controller action with signature Microsoft.AspNetCore.Mvc.IActionResult Index() on controller SubApp1.Controllers.HomeController (SubApp1).
2024-11-29 23:58:01.030 +01:00 [INF] Executing ViewResult, running view Index.
2024-11-29 23:58:01.030 +01:00 [INF] Executed ViewResult - view Index executed in 0.5164ms.
2024-11-29 23:58:01.031 +01:00 [INF] Executed action SubApp1.Controllers.HomeController.Index (SubApp1) in 1.3763ms
2024-11-29 23:58:01.031 +01:00 [INF] Executed endpoint 'SubApp1.Controllers.HomeController.Index (SubApp1)'
2024-11-29 23:58:01.031 +01:00 [INF] Request finished HTTP/1.1 GET http://localhost:5003/ - 200 null text/html; charset=utf-8 2.6793ms
2024-11-29 23:58:01.049 +01:00 [INF] Request starting HTTP/1.1 GET http://localhost:5003/js/bootstrap.js - null null
2024-11-29 23:58:01.049 +01:00 [INF] Request starting HTTP/1.1 GET http://localhost:5003/js/jquery.min.js - null null
2024-11-29 23:58:01.050 +01:00 [INF] Request finished HTTP/1.1 GET http://localhost:5003/js/jquery.min.js - 404 0 null 0.5385ms
2024-11-29 23:58:01.050 +01:00 [INF] Request reached the end of the middleware pipeline without being handled by application code. Request path: GET http://localhost:5003/js/jquery.min.js, Response status code: 404
2024-11-29 23:58:01.050 +01:00 [INF] Request finished HTTP/1.1 GET http://localhost:5003/js/bootstrap.js - 404 0 null 1.0494ms
2024-11-29 23:58:01.050 +01:00 [INF] Request reached the end of the middleware pipeline without being handled by application code. Request path: GET http://localhost:5003/js/bootstrap.js, Response status code: 404
2024-11-29 23:58:04.749 +01:00 [INF] Request starting HTTP/1.1 GET http://localhost:5003/Home/Profile - null null
2024-11-29 23:58:04.750 +01:00 [INF] Executing endpoint 'SubApp1.Controllers.HomeController.Profile (SubApp1)'
2024-11-29 23:58:04.750 +01:00 [INF] Route matched with {action = "Profile", controller = "Home", page = "", area = ""}. Executing controller action with signature Microsoft.AspNetCore.Mvc.IActionResult Profile() on controller SubApp1.Controllers.HomeController (SubApp1).
2024-11-29 23:58:04.751 +01:00 [INF] Executing ViewResult, running view Profile.
2024-11-29 23:58:04.752 +01:00 [INF] Executed ViewResult - view Profile executed in 0.4341ms.
2024-11-29 23:58:04.752 +01:00 [INF] Executed action SubApp1.Controllers.HomeController.Profile (SubApp1) in 1.2605ms
2024-11-29 23:58:04.752 +01:00 [INF] Executed endpoint 'SubApp1.Controllers.HomeController.Profile (SubApp1)'
2024-11-29 23:58:04.752 +01:00 [INF] Request finished HTTP/1.1 GET http://localhost:5003/Home/Profile - 200 null text/html; charset=utf-8 2.5055ms
2024-11-29 23:58:04.767 +01:00 [INF] Request starting HTTP/1.1 GET http://localhost:5003/js/bootstrap.js - null null
2024-11-29 23:58:04.767 +01:00 [INF] Request starting HTTP/1.1 GET http://localhost:5003/js/jquery.min.js - null null
2024-11-29 23:58:04.768 +01:00 [INF] Request finished HTTP/1.1 GET http://localhost:5003/js/jquery.min.js - 404 0 null 0.6526ms
2024-11-29 23:58:04.768 +01:00 [INF] Request finished HTTP/1.1 GET http://localhost:5003/js/bootstrap.js - 404 0 null 0.9484ms
2024-11-29 23:58:04.768 +01:00 [INF] Request reached the end of the middleware pipeline without being handled by application code. Request path: GET http://localhost:5003/js/bootstrap.js, Response status code: 404
2024-11-29 23:58:04.768 +01:00 [INF] Request reached the end of the middleware pipeline without being handled by application code. Request path: GET http://localhost:5003/js/jquery.min.js, Response status code: 404
2024-11-29 23:58:11.207 +01:00 [INF] Request starting HTTP/1.1 GET http://localhost:5003/Post/EditPost?id=5 - null null
2024-11-29 23:58:11.210 +01:00 [INF] Executing endpoint 'SubApp1.Controllers.PostController.EditPost (SubApp1)'
2024-11-29 23:58:11.211 +01:00 [INF] Route matched with {action = "EditPost", controller = "Post", page = "", area = ""}. Executing controller action with signature Microsoft.AspNetCore.Mvc.IActionResult EditPost(Int32) on controller SubApp1.Controllers.PostController (SubApp1).
2024-11-29 23:58:11.258 +01:00 [INF] Executing ViewResult, running view ~/Views/Home/EditPost.cshtml.
2024-11-29 23:58:11.261 +01:00 [INF] Executed ViewResult - view ~/Views/Home/EditPost.cshtml executed in 44.3831ms.
2024-11-29 23:58:11.261 +01:00 [INF] Executed action SubApp1.Controllers.PostController.EditPost (SubApp1) in 49.8617ms
2024-11-29 23:58:11.261 +01:00 [INF] Executed endpoint 'SubApp1.Controllers.PostController.EditPost (SubApp1)'
2024-11-29 23:58:11.261 +01:00 [INF] Request finished HTTP/1.1 GET http://localhost:5003/Post/EditPost?id=5 - 200 null text/html; charset=utf-8 53.5757ms
2024-11-29 23:58:11.275 +01:00 [INF] Request starting HTTP/1.1 GET http://localhost:5003/js/bootstrap.js - null null
2024-11-29 23:58:11.275 +01:00 [INF] Request starting HTTP/1.1 GET http://localhost:5003/js/jquery.min.js - null null
2024-11-29 23:58:11.276 +01:00 [INF] Request finished HTTP/1.1 GET http://localhost:5003/js/bootstrap.js - 404 0 null 0.963ms
2024-11-29 23:58:11.276 +01:00 [INF] Request reached the end of the middleware pipeline without being handled by application code. Request path: GET http://localhost:5003/js/bootstrap.js, Response status code: 404
2024-11-29 23:58:11.282 +01:00 [INF] Request finished HTTP/1.1 GET http://localhost:5003/js/jquery.min.js - 404 0 null 6.9719ms
2024-11-29 23:58:11.282 +01:00 [INF] Request reached the end of the middleware pipeline without being handled by application code. Request path: GET http://localhost:5003/js/jquery.min.js, Response status code: 404
2024-11-29 23:58:14.061 +01:00 [INF] Request starting HTTP/1.1 GET http://localhost:5003/Home/Profile - null null
2024-11-29 23:58:14.062 +01:00 [INF] Executing endpoint 'SubApp1.Controllers.HomeController.Profile (SubApp1)'
2024-11-29 23:58:14.062 +01:00 [INF] Route matched with {action = "Profile", controller = "Home", page = "", area = ""}. Executing controller action with signature Microsoft.AspNetCore.Mvc.IActionResult Profile() on controller SubApp1.Controllers.HomeController (SubApp1).
2024-11-29 23:58:14.063 +01:00 [INF] Executing ViewResult, running view Profile.
2024-11-29 23:58:14.063 +01:00 [INF] Executed ViewResult - view Profile executed in 0.3959ms.
2024-11-29 23:58:14.063 +01:00 [INF] Executed action SubApp1.Controllers.HomeController.Profile (SubApp1) in 1.1914ms
2024-11-29 23:58:14.063 +01:00 [INF] Executed endpoint 'SubApp1.Controllers.HomeController.Profile (SubApp1)'
2024-11-29 23:58:14.063 +01:00 [INF] Request finished HTTP/1.1 GET http://localhost:5003/Home/Profile - 200 null text/html; charset=utf-8 2.2299ms
2024-11-29 23:58:17.596 +01:00 [INF] Request starting HTTP/1.1 GET http://localhost:5003/ - null null
2024-11-29 23:58:17.597 +01:00 [INF] Executing endpoint 'SubApp1.Controllers.HomeController.Index (SubApp1)'
2024-11-29 23:58:17.597 +01:00 [INF] Route matched with {action = "Index", controller = "Home", page = "", area = ""}. Executing controller action with signature Microsoft.AspNetCore.Mvc.IActionResult Index() on controller SubApp1.Controllers.HomeController (SubApp1).
2024-11-29 23:58:17.597 +01:00 [INF] Executing ViewResult, running view Index.
2024-11-29 23:58:17.598 +01:00 [INF] Executed ViewResult - view Index executed in 0.4883ms.
2024-11-29 23:58:17.598 +01:00 [INF] Executed action SubApp1.Controllers.HomeController.Index (SubApp1) in 1.0743ms
2024-11-29 23:58:17.598 +01:00 [INF] Executed endpoint 'SubApp1.Controllers.HomeController.Index (SubApp1)'
2024-11-29 23:58:17.598 +01:00 [INF] Request finished HTTP/1.1 GET http://localhost:5003/ - 200 null text/html; charset=utf-8 2.0799ms
2024-11-29 23:58:31.108 +01:00 [INF] Request starting HTTP/1.1 POST http://localhost:5003/Comment/AddComment - application/x-www-form-urlencoded 248
2024-11-29 23:58:31.109 +01:00 [INF] Executing endpoint 'SubApp1.Controllers.CommentController.AddComment (SubApp1)'
2024-11-29 23:58:31.110 +01:00 [INF] Route matched with {action = "AddComment", controller = "Comment", page = "", area = ""}. Executing controller action with signature Microsoft.AspNetCore.Mvc.IActionResult AddComment(Int32, System.String) on controller SubApp1.Controllers.CommentController (SubApp1).
2024-11-29 23:58:31.187 +01:00 [INF] Executing RedirectResult, redirecting to /.
2024-11-29 23:58:31.187 +01:00 [INF] Executed action SubApp1.Controllers.CommentController.AddComment (SubApp1) in 77.3217ms
2024-11-29 23:58:31.187 +01:00 [INF] Executed endpoint 'SubApp1.Controllers.CommentController.AddComment (SubApp1)'
2024-11-29 23:58:31.187 +01:00 [INF] Request finished HTTP/1.1 POST http://localhost:5003/Comment/AddComment - 302 0 null 79.1373ms
2024-11-29 23:58:31.189 +01:00 [INF] Request starting HTTP/1.1 GET http://localhost:5003/ - null null
2024-11-29 23:58:31.190 +01:00 [INF] Executing endpoint 'SubApp1.Controllers.HomeController.Index (SubApp1)'
2024-11-29 23:58:31.190 +01:00 [INF] Route matched with {action = "Index", controller = "Home", page = "", area = ""}. Executing controller action with signature Microsoft.AspNetCore.Mvc.IActionResult Index() on controller SubApp1.Controllers.HomeController (SubApp1).
2024-11-29 23:58:31.191 +01:00 [INF] Executing ViewResult, running view Index.
2024-11-29 23:58:31.192 +01:00 [INF] Executed ViewResult - view Index executed in 0.5434ms.
2024-11-29 23:58:31.192 +01:00 [INF] Executed action SubApp1.Controllers.HomeController.Index (SubApp1) in 1.1063ms
2024-11-29 23:58:31.192 +01:00 [INF] Executed endpoint 'SubApp1.Controllers.HomeController.Index (SubApp1)'
2024-11-29 23:58:31.192 +01:00 [INF] Request finished HTTP/1.1 GET http://localhost:5003/ - 200 null text/html; charset=utf-8 2.4382ms
2024-11-29 23:58:31.206 +01:00 [INF] Request starting HTTP/1.1 GET http://localhost:5003/js/bootstrap.js - null null
2024-11-29 23:58:31.207 +01:00 [INF] Request starting HTTP/1.1 GET http://localhost:5003/js/jquery.min.js - null null
2024-11-29 23:58:31.207 +01:00 [INF] Request finished HTTP/1.1 GET http://localhost:5003/js/bootstrap.js - 404 0 null 0.8953ms
2024-11-29 23:58:31.207 +01:00 [INF] Request reached the end of the middleware pipeline without being handled by application code. Request path: GET http://localhost:5003/js/bootstrap.js, Response status code: 404
2024-11-29 23:58:31.207 +01:00 [INF] Request finished HTTP/1.1 GET http://localhost:5003/js/jquery.min.js - 404 0 null 0.6555ms
2024-11-29 23:58:31.208 +01:00 [INF] Request reached the end of the middleware pipeline without being handled by application code. Request path: GET http://localhost:5003/js/jquery.min.js, Response status code: 404
2024-11-29 23:58:37.907 +01:00 [INF] Request starting HTTP/1.1 POST http://localhost:5003/Identity/Account/Logout?returnUrl=%2F - application/x-www-form-urlencoded 225
2024-11-29 23:58:37.908 +01:00 [INF] Executing endpoint '/Account/Logout'
2024-11-29 23:58:37.908 +01:00 [INF] Route matched with {page = "/Account/Logout", area = "Identity", action = "", controller = ""}. Executing page /Account/Logout
2024-11-29 23:58:37.909 +01:00 [INF] Executing handler method SubApp1.Areas.Identity.Pages.Account.LogoutModel.OnPost - ModelState is "Valid"
2024-11-29 23:58:37.909 +01:00 [INF] AuthenticationScheme: Identity.Application signed out.
2024-11-29 23:58:37.909 +01:00 [INF] AuthenticationScheme: Identity.External signed out.
2024-11-29 23:58:37.909 +01:00 [INF] AuthenticationScheme: Identity.TwoFactorUserId signed out.
2024-11-29 23:58:37.909 +01:00 [INF] User logged out.
2024-11-29 23:58:37.909 +01:00 [INF] Executed handler method OnPost, returned result Microsoft.AspNetCore.Mvc.LocalRedirectResult.
2024-11-29 23:58:37.909 +01:00 [INF] Executing LocalRedirectResult, redirecting to /.
2024-11-29 23:58:37.909 +01:00 [INF] Executed page /Account/Logout in 0.6157ms
2024-11-29 23:58:37.909 +01:00 [INF] Executed endpoint '/Account/Logout'
2024-11-29 23:58:37.909 +01:00 [INF] Request finished HTTP/1.1 POST http://localhost:5003/Identity/Account/Logout?returnUrl=%2F - 302 0 null 2.0058ms
2024-11-29 23:58:37.911 +01:00 [INF] Request starting HTTP/1.1 GET http://localhost:5003/ - null null
2024-11-29 23:58:37.911 +01:00 [INF] Executing endpoint 'SubApp1.Controllers.HomeController.Index (SubApp1)'
2024-11-29 23:58:37.911 +01:00 [INF] Route matched with {action = "Index", controller = "Home", page = "", area = ""}. Executing controller action with signature Microsoft.AspNetCore.Mvc.IActionResult Index() on controller SubApp1.Controllers.HomeController (SubApp1).
2024-11-29 23:58:37.912 +01:00 [INF] Executing ViewResult, running view Index.
2024-11-29 23:58:37.912 +01:00 [INF] Executed ViewResult - view Index executed in 0.513ms.
2024-11-29 23:58:37.913 +01:00 [INF] Executed action SubApp1.Controllers.HomeController.Index (SubApp1) in 1.5539ms
2024-11-29 23:58:37.913 +01:00 [INF] Executed endpoint 'SubApp1.Controllers.HomeController.Index (SubApp1)'
2024-11-29 23:58:37.913 +01:00 [INF] Request finished HTTP/1.1 GET http://localhost:5003/ - 200 null text/html; charset=utf-8 1.7391ms
2024-11-29 23:58:37.926 +01:00 [INF] Request starting HTTP/1.1 GET http://localhost:5003/js/bootstrap.js - null null
2024-11-29 23:58:37.927 +01:00 [INF] Request finished HTTP/1.1 GET http://localhost:5003/js/bootstrap.js - 404 0 null 0.2247ms
2024-11-29 23:58:37.927 +01:00 [INF] Request reached the end of the middleware pipeline without being handled by application code. Request path: GET http://localhost:5003/js/bootstrap.js, Response status code: 404
2024-11-29 23:58:37.927 +01:00 [INF] Request starting HTTP/1.1 GET http://localhost:5003/js/jquery.min.js - null null
2024-11-29 23:58:37.928 +01:00 [INF] Request finished HTTP/1.1 GET http://localhost:5003/js/jquery.min.js - 404 0 null 0.1705ms
2024-11-29 23:58:37.928 +01:00 [INF] Request reached the end of the middleware pipeline without being handled by application code. Request path: GET http://localhost:5003/js/jquery.min.js, Response status code: 404
2024-11-29 23:58:38.593 +01:00 [INF] Request starting HTTP/1.1 GET http://localhost:5003/Identity/Account/Login - null null
2024-11-29 23:58:38.593 +01:00 [INF] Executing endpoint '/Account/Login'
2024-11-29 23:58:38.594 +01:00 [INF] Route matched with {page = "/Account/Login", area = "Identity", action = "", controller = ""}. Executing page /Account/Login
2024-11-29 23:58:38.595 +01:00 [INF] Executing handler method SubApp1.Areas.Identity.Pages.Account.LoginModel.OnGetAsync - ModelState is "Valid"
2024-11-29 23:58:38.595 +01:00 [INF] AuthenticationScheme: Identity.External signed out.
2024-11-29 23:58:38.595 +01:00 [INF] Executed handler method OnGetAsync, returned result .
2024-11-29 23:58:38.595 +01:00 [INF] Executing an implicit handler method - ModelState is "Valid"
2024-11-29 23:58:38.595 +01:00 [INF] Executed an implicit handler method, returned result Microsoft.AspNetCore.Mvc.RazorPages.PageResult.
2024-11-29 23:58:38.596 +01:00 [INF] Executed page /Account/Login in 2.1813ms
2024-11-29 23:58:38.596 +01:00 [INF] Executed endpoint '/Account/Login'
2024-11-29 23:58:38.596 +01:00 [INF] Request finished HTTP/1.1 GET http://localhost:5003/Identity/Account/Login - 200 null text/html; charset=utf-8 2.6882ms
2024-11-29 23:58:38.611 +01:00 [INF] Request starting HTTP/1.1 GET http://localhost:5003/js/bootstrap.js - null null
2024-11-29 23:58:38.611 +01:00 [INF] Request finished HTTP/1.1 GET http://localhost:5003/js/bootstrap.js - 404 0 null 0.1951ms
2024-11-29 23:58:38.611 +01:00 [INF] Request reached the end of the middleware pipeline without being handled by application code. Request path: GET http://localhost:5003/js/bootstrap.js, Response status code: 404
2024-11-29 23:58:38.612 +01:00 [INF] Request starting HTTP/1.1 GET http://localhost:5003/js/jquery.min.js - null null
2024-11-29 23:58:38.612 +01:00 [INF] Request finished HTTP/1.1 GET http://localhost:5003/js/jquery.min.js - 404 0 null 0.106ms
2024-11-29 23:58:38.612 +01:00 [INF] Request reached the end of the middleware pipeline without being handled by application code. Request path: GET http://localhost:5003/js/jquery.min.js, Response status code: 404
2024-11-29 23:58:42.371 +01:00 [INF] Request starting HTTP/1.1 POST http://localhost:5003/Identity/Account/Login - application/x-www-form-urlencoded 265
2024-11-29 23:58:42.372 +01:00 [INF] Executing endpoint '/Account/Login'
2024-11-29 23:58:42.372 +01:00 [INF] Route matched with {page = "/Account/Login", area = "Identity", action = "", controller = ""}. Executing page /Account/Login
2024-11-29 23:58:42.374 +01:00 [INF] Executing handler method SubApp1.Areas.Identity.Pages.Account.LoginModel.OnPostAsync - ModelState is "Valid"
2024-11-29 23:58:42.411 +01:00 [INF] AuthenticationScheme: Identity.Application signed in.
2024-11-29 23:58:42.411 +01:00 [INF] User logged in.
2024-11-29 23:58:42.411 +01:00 [INF] Executed handler method OnPostAsync, returned result Microsoft.AspNetCore.Mvc.LocalRedirectResult.
2024-11-29 23:58:42.411 +01:00 [INF] Executing LocalRedirectResult, redirecting to /.
2024-11-29 23:58:42.411 +01:00 [INF] Executed page /Account/Login in 38.5543ms
2024-11-29 23:58:42.411 +01:00 [INF] Executed endpoint '/Account/Login'
2024-11-29 23:58:42.411 +01:00 [INF] Request finished HTTP/1.1 POST http://localhost:5003/Identity/Account/Login - 302 0 null 40.2267ms
2024-11-29 23:58:42.413 +01:00 [INF] Request starting HTTP/1.1 GET http://localhost:5003/ - null null
2024-11-29 23:58:42.414 +01:00 [INF] Executing endpoint 'SubApp1.Controllers.HomeController.Index (SubApp1)'
2024-11-29 23:58:42.414 +01:00 [INF] Route matched with {action = "Index", controller = "Home", page = "", area = ""}. Executing controller action with signature Microsoft.AspNetCore.Mvc.IActionResult Index() on controller SubApp1.Controllers.HomeController (SubApp1).
2024-11-29 23:58:42.415 +01:00 [INF] Executing ViewResult, running view Index.
2024-11-29 23:58:42.415 +01:00 [INF] Executed ViewResult - view Index executed in 0.5971ms.
2024-11-29 23:58:42.415 +01:00 [INF] Executed action SubApp1.Controllers.HomeController.Index (SubApp1) in 1.1565ms
2024-11-29 23:58:42.415 +01:00 [INF] Executed endpoint 'SubApp1.Controllers.HomeController.Index (SubApp1)'
2024-11-29 23:58:42.415 +01:00 [INF] Request finished HTTP/1.1 GET http://localhost:5003/ - 200 null text/html; charset=utf-8 2.1696ms
2024-11-29 23:58:42.433 +01:00 [INF] Request starting HTTP/1.1 GET http://localhost:5003/js/bootstrap.js - null null
2024-11-29 23:58:42.433 +01:00 [INF] Request starting HTTP/1.1 GET http://localhost:5003/js/jquery.min.js - null null
2024-11-29 23:58:42.434 +01:00 [INF] Request finished HTTP/1.1 GET http://localhost:5003/js/bootstrap.js - 404 0 null 0.9011ms
2024-11-29 23:58:42.434 +01:00 [INF] Request reached the end of the middleware pipeline without being handled by application code. Request path: GET http://localhost:5003/js/bootstrap.js, Response status code: 404
2024-11-29 23:58:42.434 +01:00 [INF] Request finished HTTP/1.1 GET http://localhost:5003/js/jquery.min.js - 404 0 null 0.6757ms
2024-11-29 23:58:42.434 +01:00 [INF] Request reached the end of the middleware pipeline without being handled by application code. Request path: GET http://localhost:5003/js/jquery.min.js, Response status code: 404
2024-11-29 23:59:09.246 +01:00 [INF] Request starting HTTP/1.1 POST http://localhost:5003/Identity/Account/Logout?returnUrl=%2F - application/x-www-form-urlencoded 225
2024-11-29 23:59:09.247 +01:00 [INF] Executing endpoint '/Account/Logout'
2024-11-29 23:59:09.247 +01:00 [INF] Route matched with {page = "/Account/Logout", area = "Identity", action = "", controller = ""}. Executing page /Account/Logout
2024-11-29 23:59:09.247 +01:00 [INF] Executing handler method SubApp1.Areas.Identity.Pages.Account.LogoutModel.OnPost - ModelState is "Valid"
2024-11-29 23:59:09.247 +01:00 [INF] AuthenticationScheme: Identity.Application signed out.
2024-11-29 23:59:09.247 +01:00 [INF] AuthenticationScheme: Identity.External signed out.
2024-11-29 23:59:09.247 +01:00 [INF] AuthenticationScheme: Identity.TwoFactorUserId signed out.
2024-11-29 23:59:09.247 +01:00 [INF] User logged out.
2024-11-29 23:59:09.247 +01:00 [INF] Executed handler method OnPost, returned result Microsoft.AspNetCore.Mvc.LocalRedirectResult.
2024-11-29 23:59:09.247 +01:00 [INF] Executing LocalRedirectResult, redirecting to /.
2024-11-29 23:59:09.247 +01:00 [INF] Executed page /Account/Logout in 0.3748ms
2024-11-29 23:59:09.247 +01:00 [INF] Executed endpoint '/Account/Logout'
2024-11-29 23:59:09.247 +01:00 [INF] Request finished HTTP/1.1 POST http://localhost:5003/Identity/Account/Logout?returnUrl=%2F - 302 0 null 1.3054ms
2024-11-29 23:59:09.249 +01:00 [INF] Request starting HTTP/1.1 GET http://localhost:5003/ - null null
2024-11-29 23:59:09.249 +01:00 [INF] Executing endpoint 'SubApp1.Controllers.HomeController.Index (SubApp1)'
2024-11-29 23:59:09.249 +01:00 [INF] Route matched with {action = "Index", controller = "Home", page = "", area = ""}. Executing controller action with signature Microsoft.AspNetCore.Mvc.IActionResult Index() on controller SubApp1.Controllers.HomeController (SubApp1).
2024-11-29 23:59:09.251 +01:00 [INF] Executing ViewResult, running view Index.
2024-11-29 23:59:09.251 +01:00 [INF] Executed ViewResult - view Index executed in 0.4421ms.
2024-11-29 23:59:09.251 +01:00 [INF] Executed action SubApp1.Controllers.HomeController.Index (SubApp1) in 1.6106ms
2024-11-29 23:59:09.251 +01:00 [INF] Executed endpoint 'SubApp1.Controllers.HomeController.Index (SubApp1)'
2024-11-29 23:59:09.251 +01:00 [INF] Request finished HTTP/1.1 GET http://localhost:5003/ - 200 null text/html; charset=utf-8 1.8084ms
2024-11-29 23:59:09.266 +01:00 [INF] Request starting HTTP/1.1 GET http://localhost:5003/js/bootstrap.js - null null
2024-11-29 23:59:09.267 +01:00 [INF] Request finished HTTP/1.1 GET http://localhost:5003/js/bootstrap.js - 404 0 null 0.2132ms
2024-11-29 23:59:09.267 +01:00 [INF] Request reached the end of the middleware pipeline without being handled by application code. Request path: GET http://localhost:5003/js/bootstrap.js, Response status code: 404
2024-11-29 23:59:09.267 +01:00 [INF] Request starting HTTP/1.1 GET http://localhost:5003/js/jquery.min.js - null null
2024-11-29 23:59:09.267 +01:00 [INF] Request finished HTTP/1.1 GET http://localhost:5003/js/jquery.min.js - 404 0 null 0.1332ms
2024-11-29 23:59:09.267 +01:00 [INF] Request reached the end of the middleware pipeline without being handled by application code. Request path: GET http://localhost:5003/js/jquery.min.js, Response status code: 404
2024-11-30 00:01:07.383 +01:00 [INF] Request starting HTTP/1.1 GET http://localhost:5003/ - null null
2024-11-30 00:01:07.383 +01:00 [INF] Executing endpoint 'SubApp1.Controllers.HomeController.Index (SubApp1)'
2024-11-30 00:01:07.383 +01:00 [INF] Route matched with {action = "Index", controller = "Home", page = "", area = ""}. Executing controller action with signature Microsoft.AspNetCore.Mvc.IActionResult Index() on controller SubApp1.Controllers.HomeController (SubApp1).
2024-11-30 00:01:07.385 +01:00 [INF] Executing ViewResult, running view Index.
2024-11-30 00:01:07.386 +01:00 [INF] Executed ViewResult - view Index executed in 0.5496ms.
2024-11-30 00:01:07.386 +01:00 [INF] Executed action SubApp1.Controllers.HomeController.Index (SubApp1) in 2.7534ms
2024-11-30 00:01:07.386 +01:00 [INF] Executed endpoint 'SubApp1.Controllers.HomeController.Index (SubApp1)'
2024-11-30 00:01:07.386 +01:00 [INF] Request finished HTTP/1.1 GET http://localhost:5003/ - 200 null text/html; charset=utf-8 3.3007ms
2024-11-30 00:01:07.404 +01:00 [INF] Request starting HTTP/1.1 GET http://localhost:5003/js/bootstrap.js - null null
2024-11-30 00:01:07.404 +01:00 [INF] Request starting HTTP/1.1 GET http://localhost:5003/js/jquery.min.js - null null
2024-11-30 00:01:07.404 +01:00 [INF] Request finished HTTP/1.1 GET http://localhost:5003/js/bootstrap.js - 404 0 null 0.2149ms
2024-11-30 00:01:07.404 +01:00 [INF] Request finished HTTP/1.1 GET http://localhost:5003/js/jquery.min.js - 404 0 null 0.1007ms
2024-11-30 00:01:07.404 +01:00 [INF] Request reached the end of the middleware pipeline without being handled by application code. Request path: GET http://localhost:5003/js/bootstrap.js, Response status code: 404
2024-11-30 00:01:07.404 +01:00 [INF] Request reached the end of the middleware pipeline without being handled by application code. Request path: GET http://localhost:5003/js/jquery.min.js, Response status code: 404
2024-11-30 00:01:07.404 +01:00 [INF] Request starting HTTP/1.1 GET http://localhost:5003/Images/default-profile.jpg - null null
2024-11-30 00:01:07.404 +01:00 [INF] The file /Images/default-profile.jpg was not modified
2024-11-30 00:01:07.404 +01:00 [INF] Request finished HTTP/1.1 GET http://localhost:5003/Images/default-profile.jpg - 304 null image/jpeg 0.196ms
2024-11-30 00:01:10.799 +01:00 [INF] Request starting HTTP/1.1 GET http://localhost:5003/Identity/Account/Login - null null
2024-11-30 00:01:10.799 +01:00 [INF] Executing endpoint '/Account/Login'
2024-11-30 00:01:10.799 +01:00 [INF] Route matched with {page = "/Account/Login", area = "Identity", action = "", controller = ""}. Executing page /Account/Login
2024-11-30 00:01:10.800 +01:00 [INF] Executing handler method SubApp1.Areas.Identity.Pages.Account.LoginModel.OnGetAsync - ModelState is "Valid"
2024-11-30 00:01:10.800 +01:00 [INF] AuthenticationScheme: Identity.External signed out.
2024-11-30 00:01:10.800 +01:00 [INF] Executed handler method OnGetAsync, returned result .
2024-11-30 00:01:10.800 +01:00 [INF] Executing an implicit handler method - ModelState is "Valid"
2024-11-30 00:01:10.800 +01:00 [INF] Executed an implicit handler method, returned result Microsoft.AspNetCore.Mvc.RazorPages.PageResult.
2024-11-30 00:01:10.802 +01:00 [INF] Executed page /Account/Login in 2.4485ms
2024-11-30 00:01:10.802 +01:00 [INF] Executed endpoint '/Account/Login'
2024-11-30 00:01:10.802 +01:00 [INF] Request finished HTTP/1.1 GET http://localhost:5003/Identity/Account/Login - 200 null text/html; charset=utf-8 2.957ms
2024-11-30 00:01:10.821 +01:00 [INF] Request starting HTTP/1.1 GET http://localhost:5003/js/bootstrap.js - null null
2024-11-30 00:01:10.821 +01:00 [INF] Request finished HTTP/1.1 GET http://localhost:5003/js/bootstrap.js - 404 0 null 0.162ms
2024-11-30 00:01:10.821 +01:00 [INF] Request reached the end of the middleware pipeline without being handled by application code. Request path: GET http://localhost:5003/js/bootstrap.js, Response status code: 404
2024-11-30 00:01:10.822 +01:00 [INF] Request starting HTTP/1.1 GET http://localhost:5003/js/jquery.min.js - null null
2024-11-30 00:01:10.822 +01:00 [INF] Request finished HTTP/1.1 GET http://localhost:5003/js/jquery.min.js - 404 0 null 0.114ms
2024-11-30 00:01:10.822 +01:00 [INF] Request reached the end of the middleware pipeline without being handled by application code. Request path: GET http://localhost:5003/js/jquery.min.js, Response status code: 404
2024-11-30 00:01:13.499 +01:00 [INF] Request starting HTTP/1.1 POST http://localhost:5003/Identity/Account/Login - application/x-www-form-urlencoded 265
2024-11-30 00:01:13.499 +01:00 [INF] Executing endpoint '/Account/Login'
2024-11-30 00:01:13.499 +01:00 [INF] Route matched with {page = "/Account/Login", area = "Identity", action = "", controller = ""}. Executing page /Account/Login
2024-11-30 00:01:13.500 +01:00 [INF] Executing handler method SubApp1.Areas.Identity.Pages.Account.LoginModel.OnPostAsync - ModelState is "Valid"
2024-11-30 00:01:13.538 +01:00 [INF] AuthenticationScheme: Identity.Application signed in.
2024-11-30 00:01:13.538 +01:00 [INF] User logged in.
2024-11-30 00:01:13.538 +01:00 [INF] Executed handler method OnPostAsync, returned result Microsoft.AspNetCore.Mvc.LocalRedirectResult.
2024-11-30 00:01:13.538 +01:00 [INF] Executing LocalRedirectResult, redirecting to /.
2024-11-30 00:01:13.538 +01:00 [INF] Executed page /Account/Login in 38.5594ms
2024-11-30 00:01:13.538 +01:00 [INF] Executed endpoint '/Account/Login'
2024-11-30 00:01:13.538 +01:00 [INF] Request finished HTTP/1.1 POST http://localhost:5003/Identity/Account/Login - 302 0 null 38.9129ms
2024-11-30 00:01:13.540 +01:00 [INF] Request starting HTTP/1.1 GET http://localhost:5003/ - null null
2024-11-30 00:01:13.541 +01:00 [INF] Executing endpoint 'SubApp1.Controllers.HomeController.Index (SubApp1)'
2024-11-30 00:01:13.541 +01:00 [INF] Route matched with {action = "Index", controller = "Home", page = "", area = ""}. Executing controller action with signature Microsoft.AspNetCore.Mvc.IActionResult Index() on controller SubApp1.Controllers.HomeController (SubApp1).
2024-11-30 00:01:13.541 +01:00 [INF] Executing ViewResult, running view Index.
2024-11-30 00:01:13.542 +01:00 [INF] Executed ViewResult - view Index executed in 0.5496ms.
2024-11-30 00:01:13.542 +01:00 [INF] Executed action SubApp1.Controllers.HomeController.Index (SubApp1) in 1.1627ms
2024-11-30 00:01:13.542 +01:00 [INF] Executed endpoint 'SubApp1.Controllers.HomeController.Index (SubApp1)'
2024-11-30 00:01:13.542 +01:00 [INF] Request finished HTTP/1.1 GET http://localhost:5003/ - 200 null text/html; charset=utf-8 2.0876ms
2024-11-30 00:01:13.560 +01:00 [INF] Request starting HTTP/1.1 GET http://localhost:5003/js/bootstrap.js - null null
2024-11-30 00:01:13.560 +01:00 [INF] Request starting HTTP/1.1 GET http://localhost:5003/js/jquery.min.js - null null
2024-11-30 00:01:13.561 +01:00 [INF] Request finished HTTP/1.1 GET http://localhost:5003/js/bootstrap.js - 404 0 null 0.9194ms
2024-11-30 00:01:13.561 +01:00 [INF] Request reached the end of the middleware pipeline without being handled by application code. Request path: GET http://localhost:5003/js/bootstrap.js, Response status code: 404
2024-11-30 00:01:13.561 +01:00 [INF] Request finished HTTP/1.1 GET http://localhost:5003/js/jquery.min.js - 404 0 null 0.6216ms
2024-11-30 00:01:13.561 +01:00 [INF] Request reached the end of the middleware pipeline without being handled by application code. Request path: GET http://localhost:5003/js/jquery.min.js, Response status code: 404
2024-11-30 00:01:24.059 +01:00 [INF] Request starting HTTP/1.1 POST http://localhost:5003/Identity/Account/Logout?returnUrl=%2F - application/x-www-form-urlencoded 225
2024-11-30 00:01:24.060 +01:00 [INF] Executing endpoint '/Account/Logout'
2024-11-30 00:01:24.060 +01:00 [INF] Route matched with {page = "/Account/Logout", area = "Identity", action = "", controller = ""}. Executing page /Account/Logout
2024-11-30 00:01:24.061 +01:00 [INF] Executing handler method SubApp1.Areas.Identity.Pages.Account.LogoutModel.OnPost - ModelState is "Valid"
2024-11-30 00:01:24.061 +01:00 [INF] AuthenticationScheme: Identity.Application signed out.
2024-11-30 00:01:24.061 +01:00 [INF] AuthenticationScheme: Identity.External signed out.
2024-11-30 00:01:24.061 +01:00 [INF] AuthenticationScheme: Identity.TwoFactorUserId signed out.
2024-11-30 00:01:24.061 +01:00 [INF] User logged out.
2024-11-30 00:01:24.061 +01:00 [INF] Executed handler method OnPost, returned result Microsoft.AspNetCore.Mvc.LocalRedirectResult.
2024-11-30 00:01:24.061 +01:00 [INF] Executing LocalRedirectResult, redirecting to /.
2024-11-30 00:01:24.061 +01:00 [INF] Executed page /Account/Logout in 0.6801ms
2024-11-30 00:01:24.061 +01:00 [INF] Executed endpoint '/Account/Logout'
2024-11-30 00:01:24.061 +01:00 [INF] Request finished HTTP/1.1 POST http://localhost:5003/Identity/Account/Logout?returnUrl=%2F - 302 0 null 1.8086ms
2024-11-30 00:01:24.063 +01:00 [INF] Request starting HTTP/1.1 GET http://localhost:5003/ - null null
2024-11-30 00:01:24.063 +01:00 [INF] Executing endpoint 'SubApp1.Controllers.HomeController.Index (SubApp1)'
2024-11-30 00:01:24.063 +01:00 [INF] Route matched with {action = "Index", controller = "Home", page = "", area = ""}. Executing controller action with signature Microsoft.AspNetCore.Mvc.IActionResult Index() on controller SubApp1.Controllers.HomeController (SubApp1).
2024-11-30 00:01:24.064 +01:00 [INF] Executing ViewResult, running view Index.
2024-11-30 00:01:24.064 +01:00 [INF] Executed ViewResult - view Index executed in 0.372ms.
2024-11-30 00:01:24.064 +01:00 [INF] Executed action SubApp1.Controllers.HomeController.Index (SubApp1) in 1.4723ms
2024-11-30 00:01:24.064 +01:00 [INF] Executed endpoint 'SubApp1.Controllers.HomeController.Index (SubApp1)'
2024-11-30 00:01:24.064 +01:00 [INF] Request finished HTTP/1.1 GET http://localhost:5003/ - 200 null text/html; charset=utf-8 1.6155ms
2024-11-30 00:01:24.079 +01:00 [INF] Request starting HTTP/1.1 GET http://localhost:5003/js/bootstrap.js - null null
2024-11-30 00:01:24.079 +01:00 [INF] Request finished HTTP/1.1 GET http://localhost:5003/js/bootstrap.js - 404 0 null 0.217ms
2024-11-30 00:01:24.079 +01:00 [INF] Request reached the end of the middleware pipeline without being handled by application code. Request path: GET http://localhost:5003/js/bootstrap.js, Response status code: 404
2024-11-30 00:01:24.081 +01:00 [INF] Request starting HTTP/1.1 GET http://localhost:5003/js/jquery.min.js - null null
2024-11-30 00:01:24.081 +01:00 [INF] Request finished HTTP/1.1 GET http://localhost:5003/js/jquery.min.js - 404 0 null 0.283ms
2024-11-30 00:01:24.081 +01:00 [INF] Request reached the end of the middleware pipeline without being handled by application code. Request path: GET http://localhost:5003/js/jquery.min.js, Response status code: 404
2024-11-30 00:01:24.850 +01:00 [INF] Request starting HTTP/1.1 GET http://localhost:5003/Identity/Account/Login - null null
2024-11-30 00:01:24.850 +01:00 [INF] Executing endpoint '/Account/Login'
2024-11-30 00:01:24.850 +01:00 [INF] Route matched with {page = "/Account/Login", area = "Identity", action = "", controller = ""}. Executing page /Account/Login
2024-11-30 00:01:24.851 +01:00 [INF] Executing handler method SubApp1.Areas.Identity.Pages.Account.LoginModel.OnGetAsync - ModelState is "Valid"
2024-11-30 00:01:24.852 +01:00 [INF] AuthenticationScheme: Identity.External signed out.
2024-11-30 00:01:24.852 +01:00 [INF] Executed handler method OnGetAsync, returned result .
2024-11-30 00:01:24.852 +01:00 [INF] Executing an implicit handler method - ModelState is "Valid"
2024-11-30 00:01:24.852 +01:00 [INF] Executed an implicit handler method, returned result Microsoft.AspNetCore.Mvc.RazorPages.PageResult.
2024-11-30 00:01:24.853 +01:00 [INF] Executed page /Account/Login in 2.4246ms
2024-11-30 00:01:24.853 +01:00 [INF] Executed endpoint '/Account/Login'
2024-11-30 00:01:24.853 +01:00 [INF] Request finished HTTP/1.1 GET http://localhost:5003/Identity/Account/Login - 200 null text/html; charset=utf-8 2.7626ms
2024-11-30 00:01:24.870 +01:00 [INF] Request starting HTTP/1.1 GET http://localhost:5003/js/bootstrap.js - null null
2024-11-30 00:01:24.870 +01:00 [INF] Request finished HTTP/1.1 GET http://localhost:5003/js/bootstrap.js - 404 0 null 0.2905ms
2024-11-30 00:01:24.870 +01:00 [INF] Request reached the end of the middleware pipeline without being handled by application code. Request path: GET http://localhost:5003/js/bootstrap.js, Response status code: 404
2024-11-30 00:01:24.871 +01:00 [INF] Request starting HTTP/1.1 GET http://localhost:5003/js/jquery.min.js - null null
2024-11-30 00:01:24.872 +01:00 [INF] Request finished HTTP/1.1 GET http://localhost:5003/js/jquery.min.js - 404 0 null 0.2084ms
2024-11-30 00:01:24.872 +01:00 [INF] Request reached the end of the middleware pipeline without being handled by application code. Request path: GET http://localhost:5003/js/jquery.min.js, Response status code: 404
2024-11-30 00:01:25.683 +01:00 [INF] Request starting HTTP/1.1 GET http://localhost:5003/Identity/Account/Register?returnUrl=%2F - null null
2024-11-30 00:01:25.742 +01:00 [INF] Executing endpoint '/Account/Register'
2024-11-30 00:01:25.744 +01:00 [INF] Route matched with {page = "/Account/Register", area = "Identity", action = "", controller = ""}. Executing page /Account/Register
2024-11-30 00:01:25.745 +01:00 [INF] Executing handler method SubApp1.Areas.Identity.Pages.Account.RegisterModel.OnGetAsync - ModelState is "Valid"
2024-11-30 00:01:25.745 +01:00 [INF] Executed handler method OnGetAsync, returned result .
2024-11-30 00:01:25.745 +01:00 [INF] Executing an implicit handler method - ModelState is "Valid"
2024-11-30 00:01:25.745 +01:00 [INF] Executed an implicit handler method, returned result Microsoft.AspNetCore.Mvc.RazorPages.PageResult.
2024-11-30 00:01:25.752 +01:00 [INF] Executed page /Account/Register in 7.5877ms
2024-11-30 00:01:25.752 +01:00 [INF] Executed endpoint '/Account/Register'
2024-11-30 00:01:25.752 +01:00 [INF] Request finished HTTP/1.1 GET http://localhost:5003/Identity/Account/Register?returnUrl=%2F - 200 null text/html; charset=utf-8 69.1232ms
2024-11-30 00:01:25.770 +01:00 [INF] Request starting HTTP/1.1 GET http://localhost:5003/js/bootstrap.js - null null
2024-11-30 00:01:25.770 +01:00 [INF] Request finished HTTP/1.1 GET http://localhost:5003/js/bootstrap.js - 404 0 null 0.1679ms
2024-11-30 00:01:25.770 +01:00 [INF] Request reached the end of the middleware pipeline without being handled by application code. Request path: GET http://localhost:5003/js/bootstrap.js, Response status code: 404
2024-11-30 00:01:25.771 +01:00 [INF] Request starting HTTP/1.1 GET http://localhost:5003/js/jquery.min.js - null null
2024-11-30 00:01:25.771 +01:00 [INF] Request finished HTTP/1.1 GET http://localhost:5003/js/jquery.min.js - 404 0 null 0.1157ms
2024-11-30 00:01:25.771 +01:00 [INF] Request reached the end of the middleware pipeline without being handled by application code. Request path: GET http://localhost:5003/js/jquery.min.js, Response status code: 404
2024-11-30 00:01:40.197 +01:00 [INF] Request starting HTTP/1.1 POST http://localhost:5003/Identity/Account/Register?returnUrl=%2F - application/x-www-form-urlencoded 283
2024-11-30 00:01:40.197 +01:00 [INF] Executing endpoint '/Account/Register'
2024-11-30 00:01:40.197 +01:00 [INF] Route matched with {page = "/Account/Register", area = "Identity", action = "", controller = ""}. Executing page /Account/Register
2024-11-30 00:01:40.201 +01:00 [INF] Executing handler method SubApp1.Areas.Identity.Pages.Account.RegisterModel.OnPostAsync - ModelState is "Valid"
2024-11-30 00:01:40.263 +01:00 [INF] User created a new account with password.
2024-11-30 00:01:40.265 +01:00 [INF] AuthenticationScheme: Identity.Application signed in.
2024-11-30 00:01:40.265 +01:00 [INF] Executed handler method OnPostAsync, returned result Microsoft.AspNetCore.Mvc.LocalRedirectResult.
2024-11-30 00:01:40.265 +01:00 [INF] Executing LocalRedirectResult, redirecting to /.
2024-11-30 00:01:40.265 +01:00 [INF] Executed page /Account/Register in 67.189ms
2024-11-30 00:01:40.265 +01:00 [INF] Executed endpoint '/Account/Register'
2024-11-30 00:01:40.265 +01:00 [INF] Request finished HTTP/1.1 POST http://localhost:5003/Identity/Account/Register?returnUrl=%2F - 302 0 null 67.4566ms
2024-11-30 00:01:40.267 +01:00 [INF] Request starting HTTP/1.1 GET http://localhost:5003/ - null null
2024-11-30 00:01:40.268 +01:00 [INF] Executing endpoint 'SubApp1.Controllers.HomeController.Index (SubApp1)'
2024-11-30 00:01:40.268 +01:00 [INF] Route matched with {action = "Index", controller = "Home", page = "", area = ""}. Executing controller action with signature Microsoft.AspNetCore.Mvc.IActionResult Index() on controller SubApp1.Controllers.HomeController (SubApp1).
2024-11-30 00:01:40.269 +01:00 [INF] Executing ViewResult, running view Index.
2024-11-30 00:01:40.269 +01:00 [INF] Executed ViewResult - view Index executed in 0.3724ms.
2024-11-30 00:01:40.269 +01:00 [INF] Executed action SubApp1.Controllers.HomeController.Index (SubApp1) in 1.017ms
2024-11-30 00:01:40.269 +01:00 [INF] Executed endpoint 'SubApp1.Controllers.HomeController.Index (SubApp1)'
2024-11-30 00:01:40.269 +01:00 [INF] Request finished HTTP/1.1 GET http://localhost:5003/ - 200 null text/html; charset=utf-8 2.4797ms
2024-11-30 00:01:40.287 +01:00 [INF] Request starting HTTP/1.1 GET http://localhost:5003/js/bootstrap.js - null null
2024-11-30 00:01:40.287 +01:00 [INF] Request starting HTTP/1.1 GET http://localhost:5003/js/jquery.min.js - null null
2024-11-30 00:01:40.288 +01:00 [INF] Request finished HTTP/1.1 GET http://localhost:5003/js/bootstrap.js - 404 0 null 1.1012ms
2024-11-30 00:01:40.288 +01:00 [INF] Request reached the end of the middleware pipeline without being handled by application code. Request path: GET http://localhost:5003/js/bootstrap.js, Response status code: 404
2024-11-30 00:01:40.288 +01:00 [INF] Request finished HTTP/1.1 GET http://localhost:5003/js/jquery.min.js - 404 0 null 0.705ms
2024-11-30 00:01:40.288 +01:00 [INF] Request reached the end of the middleware pipeline without being handled by application code. Request path: GET http://localhost:5003/js/jquery.min.js, Response status code: 404
2024-11-30 00:01:52.189 +01:00 [INF] Request starting HTTP/1.1 GET http://localhost:5003/Home/Profile - null null
2024-11-30 00:01:52.190 +01:00 [INF] Executing endpoint 'SubApp1.Controllers.HomeController.Profile (SubApp1)'
2024-11-30 00:01:52.190 +01:00 [INF] Route matched with {action = "Profile", controller = "Home", page = "", area = ""}. Executing controller action with signature Microsoft.AspNetCore.Mvc.IActionResult Profile() on controller SubApp1.Controllers.HomeController (SubApp1).
2024-11-30 00:01:52.190 +01:00 [INF] Executing ViewResult, running view Profile.
2024-11-30 00:01:52.191 +01:00 [INF] Executed ViewResult - view Profile executed in 0.4997ms.
2024-11-30 00:01:52.191 +01:00 [INF] Executed action SubApp1.Controllers.HomeController.Profile (SubApp1) in 0.9782ms
2024-11-30 00:01:52.191 +01:00 [INF] Executed endpoint 'SubApp1.Controllers.HomeController.Profile (SubApp1)'
2024-11-30 00:01:52.191 +01:00 [INF] Request finished HTTP/1.1 GET http://localhost:5003/Home/Profile - 200 null text/html; charset=utf-8 1.9237ms
2024-11-30 00:01:52.208 +01:00 [INF] Request starting HTTP/1.1 GET http://localhost:5003/js/bootstrap.js - null null
2024-11-30 00:01:52.209 +01:00 [INF] Request finished HTTP/1.1 GET http://localhost:5003/js/bootstrap.js - 404 0 null 0.7878ms
2024-11-30 00:01:52.209 +01:00 [INF] Request reached the end of the middleware pipeline without being handled by application code. Request path: GET http://localhost:5003/js/bootstrap.js, Response status code: 404
2024-11-30 00:01:52.210 +01:00 [INF] Request starting HTTP/1.1 GET http://localhost:5003/js/jquery.min.js - null null
2024-11-30 00:01:52.211 +01:00 [INF] Request finished HTTP/1.1 GET http://localhost:5003/js/jquery.min.js - 404 0 null 0.8494ms
2024-11-30 00:01:52.211 +01:00 [INF] Request reached the end of the middleware pipeline without being handled by application code. Request path: GET http://localhost:5003/js/jquery.min.js, Response status code: 404
2024-11-30 00:01:53.140 +01:00 [INF] Request starting HTTP/1.1 POST http://localhost:5003/Identity/Account/Logout?returnUrl=%2F - application/x-www-form-urlencoded 225
2024-11-30 00:01:53.141 +01:00 [INF] Executing endpoint '/Account/Logout'
2024-11-30 00:01:53.141 +01:00 [INF] Route matched with {page = "/Account/Logout", area = "Identity", action = "", controller = ""}. Executing page /Account/Logout
2024-11-30 00:01:53.141 +01:00 [INF] Executing handler method SubApp1.Areas.Identity.Pages.Account.LogoutModel.OnPost - ModelState is "Valid"
2024-11-30 00:01:53.141 +01:00 [INF] AuthenticationScheme: Identity.Application signed out.
2024-11-30 00:01:53.141 +01:00 [INF] AuthenticationScheme: Identity.External signed out.
2024-11-30 00:01:53.141 +01:00 [INF] AuthenticationScheme: Identity.TwoFactorUserId signed out.
2024-11-30 00:01:53.141 +01:00 [INF] User logged out.
2024-11-30 00:01:53.141 +01:00 [INF] Executed handler method OnPost, returned result Microsoft.AspNetCore.Mvc.LocalRedirectResult.
2024-11-30 00:01:53.141 +01:00 [INF] Executing LocalRedirectResult, redirecting to /.
2024-11-30 00:01:53.141 +01:00 [INF] Executed page /Account/Logout in 0.5449ms
2024-11-30 00:01:53.141 +01:00 [INF] Executed endpoint '/Account/Logout'
2024-11-30 00:01:53.141 +01:00 [INF] Request finished HTTP/1.1 POST http://localhost:5003/Identity/Account/Logout?returnUrl=%2F - 302 0 null 1.4837ms
2024-11-30 00:01:53.143 +01:00 [INF] Request starting HTTP/1.1 GET http://localhost:5003/ - null null
2024-11-30 00:01:53.143 +01:00 [INF] Executing endpoint 'SubApp1.Controllers.HomeController.Index (SubApp1)'
2024-11-30 00:01:53.143 +01:00 [INF] Route matched with {action = "Index", controller = "Home", page = "", area = ""}. Executing controller action with signature Microsoft.AspNetCore.Mvc.IActionResult Index() on controller SubApp1.Controllers.HomeController (SubApp1).
2024-11-30 00:01:53.144 +01:00 [INF] Executing ViewResult, running view Index.
2024-11-30 00:01:53.144 +01:00 [INF] Executed ViewResult - view Index executed in 0.3599ms.
2024-11-30 00:01:53.144 +01:00 [INF] Executed action SubApp1.Controllers.HomeController.Index (SubApp1) in 1.2662ms
2024-11-30 00:01:53.144 +01:00 [INF] Executed endpoint 'SubApp1.Controllers.HomeController.Index (SubApp1)'
2024-11-30 00:01:53.144 +01:00 [INF] Request finished HTTP/1.1 GET http://localhost:5003/ - 200 null text/html; charset=utf-8 1.3974ms
2024-11-30 00:01:53.160 +01:00 [INF] Request starting HTTP/1.1 GET http://localhost:5003/js/bootstrap.js - null null
2024-11-30 00:01:53.160 +01:00 [INF] Request finished HTTP/1.1 GET http://localhost:5003/js/bootstrap.js - 404 0 null 0.1677ms
2024-11-30 00:01:53.160 +01:00 [INF] Request reached the end of the middleware pipeline without being handled by application code. Request path: GET http://localhost:5003/js/bootstrap.js, Response status code: 404
2024-11-30 00:01:53.161 +01:00 [INF] Request starting HTTP/1.1 GET http://localhost:5003/js/jquery.min.js - null null
2024-11-30 00:01:53.161 +01:00 [INF] Request finished HTTP/1.1 GET http://localhost:5003/js/jquery.min.js - 404 0 null 0.1276ms
2024-11-30 00:01:53.161 +01:00 [INF] Request reached the end of the middleware pipeline without being handled by application code. Request path: GET http://localhost:5003/js/jquery.min.js, Response status code: 404
2024-11-30 00:03:53.585 +01:00 [INF] Request starting HTTP/1.1 GET http://localhost:5003/Identity/Account/Login - null null
2024-11-30 00:03:53.585 +01:00 [INF] Executing endpoint '/Account/Login'
2024-11-30 00:03:53.585 +01:00 [INF] Route matched with {page = "/Account/Login", area = "Identity", action = "", controller = ""}. Executing page /Account/Login
2024-11-30 00:03:53.586 +01:00 [INF] Executing handler method SubApp1.Areas.Identity.Pages.Account.LoginModel.OnGetAsync - ModelState is "Valid"
2024-11-30 00:03:53.587 +01:00 [INF] AuthenticationScheme: Identity.External signed out.
2024-11-30 00:03:53.587 +01:00 [INF] Executed handler method OnGetAsync, returned result .
2024-11-30 00:03:53.587 +01:00 [INF] Executing an implicit handler method - ModelState is "Valid"
2024-11-30 00:03:53.587 +01:00 [INF] Executed an implicit handler method, returned result Microsoft.AspNetCore.Mvc.RazorPages.PageResult.
2024-11-30 00:03:53.587 +01:00 [INF] Executed page /Account/Login in 2.1787ms
2024-11-30 00:03:53.587 +01:00 [INF] Executed endpoint '/Account/Login'
2024-11-30 00:03:53.587 +01:00 [INF] Request finished HTTP/1.1 GET http://localhost:5003/Identity/Account/Login - 200 null text/html; charset=utf-8 2.4623ms
2024-11-30 00:03:53.604 +01:00 [INF] Request starting HTTP/1.1 GET http://localhost:5003/js/bootstrap.js - null null
2024-11-30 00:03:53.604 +01:00 [INF] Request starting HTTP/1.1 GET http://localhost:5003/js/jquery.min.js - null null
2024-11-30 00:03:53.604 +01:00 [INF] Request finished HTTP/1.1 GET http://localhost:5003/js/bootstrap.js - 404 0 null 0.2793ms
2024-11-30 00:03:53.604 +01:00 [INF] Request finished HTTP/1.1 GET http://localhost:5003/js/jquery.min.js - 404 0 null 0.1521ms
2024-11-30 00:03:53.604 +01:00 [INF] Request reached the end of the middleware pipeline without being handled by application code. Request path: GET http://localhost:5003/js/bootstrap.js, Response status code: 404
2024-11-30 00:03:53.604 +01:00 [INF] Request reached the end of the middleware pipeline without being handled by application code. Request path: GET http://localhost:5003/js/jquery.min.js, Response status code: 404
2024-11-30 00:03:54.517 +01:00 [INF] Request starting HTTP/1.1 POST http://localhost:5003/Identity/Account/Login - application/x-www-form-urlencoded 272
2024-11-30 00:03:54.517 +01:00 [INF] Executing endpoint '/Account/Login'
2024-11-30 00:03:54.517 +01:00 [INF] Route matched with {page = "/Account/Login", area = "Identity", action = "", controller = ""}. Executing page /Account/Login
2024-11-30 00:03:54.518 +01:00 [INF] Executing handler method SubApp1.Areas.Identity.Pages.Account.LoginModel.OnPostAsync - ModelState is "Valid"
2024-11-30 00:03:54.555 +01:00 [INF] AuthenticationScheme: Identity.Application signed in.
2024-11-30 00:03:54.555 +01:00 [INF] User logged in.
2024-11-30 00:03:54.555 +01:00 [INF] Executed handler method OnPostAsync, returned result Microsoft.AspNetCore.Mvc.LocalRedirectResult.
2024-11-30 00:03:54.555 +01:00 [INF] Executing LocalRedirectResult, redirecting to /.
2024-11-30 00:03:54.555 +01:00 [INF] Executed page /Account/Login in 38.2384ms
2024-11-30 00:03:54.555 +01:00 [INF] Executed endpoint '/Account/Login'
2024-11-30 00:03:54.556 +01:00 [INF] Request finished HTTP/1.1 POST http://localhost:5003/Identity/Account/Login - 302 0 null 38.496ms
2024-11-30 00:03:54.558 +01:00 [INF] Request starting HTTP/1.1 GET http://localhost:5003/ - null null
2024-11-30 00:03:54.558 +01:00 [INF] Executing endpoint 'SubApp1.Controllers.HomeController.Index (SubApp1)'
2024-11-30 00:03:54.558 +01:00 [INF] Route matched with {action = "Index", controller = "Home", page = "", area = ""}. Executing controller action with signature Microsoft.AspNetCore.Mvc.IActionResult Index() on controller SubApp1.Controllers.HomeController (SubApp1).
2024-11-30 00:03:54.559 +01:00 [INF] Executing ViewResult, running view Index.
2024-11-30 00:03:54.559 +01:00 [INF] Executed ViewResult - view Index executed in 0.3791ms.
2024-11-30 00:03:54.559 +01:00 [INF] Executed action SubApp1.Controllers.HomeController.Index (SubApp1) in 1.0201ms
2024-11-30 00:03:54.559 +01:00 [INF] Executed endpoint 'SubApp1.Controllers.HomeController.Index (SubApp1)'
2024-11-30 00:03:54.559 +01:00 [INF] Request finished HTTP/1.1 GET http://localhost:5003/ - 200 null text/html; charset=utf-8 1.7646ms
2024-11-30 00:03:54.580 +01:00 [INF] Request starting HTTP/1.1 GET http://localhost:5003/js/bootstrap.js - null null
2024-11-30 00:03:54.581 +01:00 [INF] Request finished HTTP/1.1 GET http://localhost:5003/js/bootstrap.js - 404 0 null 0.9301ms
2024-11-30 00:03:54.581 +01:00 [INF] Request reached the end of the middleware pipeline without being handled by application code. Request path: GET http://localhost:5003/js/bootstrap.js, Response status code: 404
2024-11-30 00:03:54.581 +01:00 [INF] Request starting HTTP/1.1 GET http://localhost:5003/js/jquery.min.js - null null
2024-11-30 00:03:54.581 +01:00 [INF] Request starting HTTP/1.1 GET http://localhost:5003/Images/default-profile.jpg - null null
2024-11-30 00:03:54.582 +01:00 [INF] The file /Images/default-profile.jpg was not modified
2024-11-30 00:03:54.582 +01:00 [INF] Request finished HTTP/1.1 GET http://localhost:5003/Images/default-profile.jpg - 304 null image/jpeg 0.1399ms
2024-11-30 00:03:54.582 +01:00 [INF] Request finished HTTP/1.1 GET http://localhost:5003/js/jquery.min.js - 404 0 null 1.0721ms
2024-11-30 00:03:54.582 +01:00 [INF] Request reached the end of the middleware pipeline without being handled by application code. Request path: GET http://localhost:5003/js/jquery.min.js, Response status code: 404
2024-11-30 00:03:59.834 +01:00 [INF] Request starting HTTP/1.1 POST http://localhost:5003/Identity/Account/Logout?returnUrl=%2F - application/x-www-form-urlencoded 225
2024-11-30 00:03:59.835 +01:00 [INF] Executing endpoint '/Account/Logout'
2024-11-30 00:03:59.835 +01:00 [INF] Route matched with {page = "/Account/Logout", area = "Identity", action = "", controller = ""}. Executing page /Account/Logout
2024-11-30 00:03:59.835 +01:00 [INF] Executing handler method SubApp1.Areas.Identity.Pages.Account.LogoutModel.OnPost - ModelState is "Valid"
2024-11-30 00:03:59.835 +01:00 [INF] AuthenticationScheme: Identity.Application signed out.
2024-11-30 00:03:59.835 +01:00 [INF] AuthenticationScheme: Identity.External signed out.
2024-11-30 00:03:59.835 +01:00 [INF] AuthenticationScheme: Identity.TwoFactorUserId signed out.
2024-11-30 00:03:59.835 +01:00 [INF] User logged out.
2024-11-30 00:03:59.835 +01:00 [INF] Executed handler method OnPost, returned result Microsoft.AspNetCore.Mvc.LocalRedirectResult.
2024-11-30 00:03:59.835 +01:00 [INF] Executing LocalRedirectResult, redirecting to /.
2024-11-30 00:03:59.835 +01:00 [INF] Executed page /Account/Logout in 0.6155ms
2024-11-30 00:03:59.835 +01:00 [INF] Executed endpoint '/Account/Logout'
2024-11-30 00:03:59.835 +01:00 [INF] Request finished HTTP/1.1 POST http://localhost:5003/Identity/Account/Logout?returnUrl=%2F - 302 0 null 1.6314ms
2024-11-30 00:03:59.837 +01:00 [INF] Request starting HTTP/1.1 GET http://localhost:5003/ - null null
2024-11-30 00:03:59.837 +01:00 [INF] Executing endpoint 'SubApp1.Controllers.HomeController.Index (SubApp1)'
2024-11-30 00:03:59.837 +01:00 [INF] Route matched with {action = "Index", controller = "Home", page = "", area = ""}. Executing controller action with signature Microsoft.AspNetCore.Mvc.IActionResult Index() on controller SubApp1.Controllers.HomeController (SubApp1).
2024-11-30 00:03:59.839 +01:00 [INF] Executing ViewResult, running view Index.
2024-11-30 00:03:59.839 +01:00 [INF] Executed ViewResult - view Index executed in 0.4623ms.
2024-11-30 00:03:59.839 +01:00 [INF] Executed action SubApp1.Controllers.HomeController.Index (SubApp1) in 2.0017ms
2024-11-30 00:03:59.839 +01:00 [INF] Executed endpoint 'SubApp1.Controllers.HomeController.Index (SubApp1)'
2024-11-30 00:03:59.839 +01:00 [INF] Request finished HTTP/1.1 GET http://localhost:5003/ - 200 null text/html; charset=utf-8 2.2243ms
2024-11-30 00:03:59.853 +01:00 [INF] Request starting HTTP/1.1 GET http://localhost:5003/js/bootstrap.js - null null
2024-11-30 00:03:59.853 +01:00 [INF] Request finished HTTP/1.1 GET http://localhost:5003/js/bootstrap.js - 404 0 null 0.2025ms
2024-11-30 00:03:59.853 +01:00 [INF] Request reached the end of the middleware pipeline without being handled by application code. Request path: GET http://localhost:5003/js/bootstrap.js, Response status code: 404
2024-11-30 00:03:59.853 +01:00 [INF] Request starting HTTP/1.1 GET http://localhost:5003/js/jquery.min.js - null null
2024-11-30 00:03:59.853 +01:00 [INF] Request finished HTTP/1.1 GET http://localhost:5003/js/jquery.min.js - 404 0 null 0.1926ms
2024-11-30 00:03:59.853 +01:00 [INF] Request reached the end of the middleware pipeline without being handled by application code. Request path: GET http://localhost:5003/js/jquery.min.js, Response status code: 404
2024-11-30 00:04:01.793 +01:00 [INF] Request starting HTTP/1.1 GET http://localhost:5003/Identity/Account/Login - null null
2024-11-30 00:04:01.793 +01:00 [INF] Executing endpoint '/Account/Login'
2024-11-30 00:04:01.793 +01:00 [INF] Route matched with {page = "/Account/Login", area = "Identity", action = "", controller = ""}. Executing page /Account/Login
2024-11-30 00:04:01.794 +01:00 [INF] Executing handler method SubApp1.Areas.Identity.Pages.Account.LoginModel.OnGetAsync - ModelState is "Valid"
2024-11-30 00:04:01.794 +01:00 [INF] AuthenticationScheme: Identity.External signed out.
2024-11-30 00:04:01.794 +01:00 [INF] Executed handler method OnGetAsync, returned result .
2024-11-30 00:04:01.794 +01:00 [INF] Executing an implicit handler method - ModelState is "Valid"
2024-11-30 00:04:01.795 +01:00 [INF] Executed an implicit handler method, returned result Microsoft.AspNetCore.Mvc.RazorPages.PageResult.
2024-11-30 00:04:01.795 +01:00 [INF] Executed page /Account/Login in 1.5943ms
2024-11-30 00:04:01.795 +01:00 [INF] Executed endpoint '/Account/Login'
2024-11-30 00:04:01.795 +01:00 [INF] Request finished HTTP/1.1 GET http://localhost:5003/Identity/Account/Login - 200 null text/html; charset=utf-8 1.8548ms
2024-11-30 00:04:01.814 +01:00 [INF] Request starting HTTP/1.1 GET http://localhost:5003/js/bootstrap.js - null null
2024-11-30 00:04:01.814 +01:00 [INF] Request finished HTTP/1.1 GET http://localhost:5003/js/bootstrap.js - 404 0 null 0.1592ms
2024-11-30 00:04:01.814 +01:00 [INF] Request reached the end of the middleware pipeline without being handled by application code. Request path: GET http://localhost:5003/js/bootstrap.js, Response status code: 404
2024-11-30 00:04:01.816 +01:00 [INF] Request starting HTTP/1.1 GET http://localhost:5003/js/jquery.min.js - null null
2024-11-30 00:04:01.816 +01:00 [INF] Request finished HTTP/1.1 GET http://localhost:5003/js/jquery.min.js - 404 0 null 0.1229ms
2024-11-30 00:04:01.816 +01:00 [INF] Request reached the end of the middleware pipeline without being handled by application code. Request path: GET http://localhost:5003/js/jquery.min.js, Response status code: 404
2024-11-30 00:04:02.598 +01:00 [INF] Request starting HTTP/1.1 POST http://localhost:5003/Identity/Account/Login - application/x-www-form-urlencoded 272
2024-11-30 00:04:02.598 +01:00 [INF] Executing endpoint '/Account/Login'
2024-11-30 00:04:02.598 +01:00 [INF] Route matched with {page = "/Account/Login", area = "Identity", action = "", controller = ""}. Executing page /Account/Login
2024-11-30 00:04:02.600 +01:00 [INF] Executing handler method SubApp1.Areas.Identity.Pages.Account.LoginModel.OnPostAsync - ModelState is "Valid"
2024-11-30 00:04:02.637 +01:00 [INF] AuthenticationScheme: Identity.Application signed in.
2024-11-30 00:04:02.637 +01:00 [INF] User logged in.
2024-11-30 00:04:02.637 +01:00 [INF] Executed handler method OnPostAsync, returned result Microsoft.AspNetCore.Mvc.LocalRedirectResult.
2024-11-30 00:04:02.637 +01:00 [INF] Executing LocalRedirectResult, redirecting to /.
2024-11-30 00:04:02.637 +01:00 [INF] Executed page /Account/Login in 38.7135ms
2024-11-30 00:04:02.637 +01:00 [INF] Executed endpoint '/Account/Login'
2024-11-30 00:04:02.637 +01:00 [INF] Request finished HTTP/1.1 POST http://localhost:5003/Identity/Account/Login - 302 0 null 38.9444ms
2024-11-30 00:04:02.639 +01:00 [INF] Request starting HTTP/1.1 GET http://localhost:5003/ - null null
2024-11-30 00:04:02.640 +01:00 [INF] Executing endpoint 'SubApp1.Controllers.HomeController.Index (SubApp1)'
2024-11-30 00:04:02.640 +01:00 [INF] Route matched with {action = "Index", controller = "Home", page = "", area = ""}. Executing controller action with signature Microsoft.AspNetCore.Mvc.IActionResult Index() on controller SubApp1.Controllers.HomeController (SubApp1).
2024-11-30 00:04:02.640 +01:00 [INF] Executing ViewResult, running view Index.
2024-11-30 00:04:02.641 +01:00 [INF] Executed ViewResult - view Index executed in 0.3891ms.
2024-11-30 00:04:02.641 +01:00 [INF] Executed action SubApp1.Controllers.HomeController.Index (SubApp1) in 1.0547ms
2024-11-30 00:04:02.641 +01:00 [INF] Executed endpoint 'SubApp1.Controllers.HomeController.Index (SubApp1)'
2024-11-30 00:04:02.641 +01:00 [INF] Request finished HTTP/1.1 GET http://localhost:5003/ - 200 null text/html; charset=utf-8 1.7328ms
2024-11-30 00:04:02.660 +01:00 [INF] Request starting HTTP/1.1 GET http://localhost:5003/js/bootstrap.js - null null
2024-11-30 00:04:02.660 +01:00 [INF] Request finished HTTP/1.1 GET http://localhost:5003/js/bootstrap.js - 404 0 null 0.8202ms
2024-11-30 00:04:02.660 +01:00 [INF] Request reached the end of the middleware pipeline without being handled by application code. Request path: GET http://localhost:5003/js/bootstrap.js, Response status code: 404
2024-11-30 00:04:02.661 +01:00 [INF] Request starting HTTP/1.1 GET http://localhost:5003/js/jquery.min.js - null null
2024-11-30 00:04:02.661 +01:00 [INF] Request finished HTTP/1.1 GET http://localhost:5003/js/jquery.min.js - 404 0 null 0.7017ms
2024-11-30 00:04:02.661 +01:00 [INF] Request reached the end of the middleware pipeline without being handled by application code. Request path: GET http://localhost:5003/js/jquery.min.js, Response status code: 404
2024-11-30 00:04:04.637 +01:00 [INF] Request starting HTTP/1.1 GET http://localhost:5003/Home/Profile - null null
2024-11-30 00:04:04.637 +01:00 [INF] Executing endpoint 'SubApp1.Controllers.HomeController.Profile (SubApp1)'
2024-11-30 00:04:04.637 +01:00 [INF] Route matched with {action = "Profile", controller = "Home", page = "", area = ""}. Executing controller action with signature Microsoft.AspNetCore.Mvc.IActionResult Profile() on controller SubApp1.Controllers.HomeController (SubApp1).
2024-11-30 00:04:04.638 +01:00 [INF] Executing ViewResult, running view Profile.
2024-11-30 00:04:04.638 +01:00 [INF] Executed ViewResult - view Profile executed in 0.2961ms.
2024-11-30 00:04:04.638 +01:00 [INF] Executed action SubApp1.Controllers.HomeController.Profile (SubApp1) in 0.8314ms
2024-11-30 00:04:04.638 +01:00 [INF] Executed endpoint 'SubApp1.Controllers.HomeController.Profile (SubApp1)'
2024-11-30 00:04:04.638 +01:00 [INF] Request finished HTTP/1.1 GET http://localhost:5003/Home/Profile - 200 null text/html; charset=utf-8 1.7333ms
2024-11-30 00:04:04.656 +01:00 [INF] Request starting HTTP/1.1 GET http://localhost:5003/js/bootstrap.js - null null
2024-11-30 00:04:04.657 +01:00 [INF] Request finished HTTP/1.1 GET http://localhost:5003/js/bootstrap.js - 404 0 null 0.8173ms
2024-11-30 00:04:04.657 +01:00 [INF] Request reached the end of the middleware pipeline without being handled by application code. Request path: GET http://localhost:5003/js/bootstrap.js, Response status code: 404
2024-11-30 00:04:04.657 +01:00 [INF] Request starting HTTP/1.1 GET http://localhost:5003/js/jquery.min.js - null null
2024-11-30 00:04:04.658 +01:00 [INF] Request finished HTTP/1.1 GET http://localhost:5003/js/jquery.min.js - 404 0 null 0.5351ms
2024-11-30 00:04:04.658 +01:00 [INF] Request reached the end of the middleware pipeline without being handled by application code. Request path: GET http://localhost:5003/js/jquery.min.js, Response status code: 404
2024-11-30 00:04:11.701 +01:00 [INF] Request starting HTTP/1.1 POST http://localhost:5003/Post/CreatePost - multipart/form-data; boundary=----WebKitFormBoundaryGRemIOmvd17Vj6Ic 612
2024-11-30 00:04:11.702 +01:00 [INF] Executing endpoint 'SubApp1.Controllers.PostController.CreatePost (SubApp1)'
2024-11-30 00:04:11.703 +01:00 [INF] Route matched with {action = "CreatePost", controller = "Post", page = "", area = ""}. Executing controller action with signature Microsoft.AspNetCore.Mvc.IActionResult CreatePost(System.String, Microsoft.AspNetCore.Http.IFormFile) on controller SubApp1.Controllers.PostController (SubApp1).
2024-11-30 00:04:11.716 +01:00 [INF] Executing RedirectResult, redirecting to /Home/Profile.
2024-11-30 00:04:11.716 +01:00 [INF] Executed action SubApp1.Controllers.PostController.CreatePost (SubApp1) in 13.2717ms
2024-11-30 00:04:11.716 +01:00 [INF] Executed endpoint 'SubApp1.Controllers.PostController.CreatePost (SubApp1)'
2024-11-30 00:04:11.717 +01:00 [INF] Request finished HTTP/1.1 POST http://localhost:5003/Post/CreatePost - 302 0 null 15.9195ms
2024-11-30 00:04:11.718 +01:00 [INF] Request starting HTTP/1.1 GET http://localhost:5003/Home/Profile - null null
2024-11-30 00:04:11.720 +01:00 [INF] Executing endpoint 'SubApp1.Controllers.HomeController.Profile (SubApp1)'
2024-11-30 00:04:11.720 +01:00 [INF] Route matched with {action = "Profile", controller = "Home", page = "", area = ""}. Executing controller action with signature Microsoft.AspNetCore.Mvc.IActionResult Profile() on controller SubApp1.Controllers.HomeController (SubApp1).
2024-11-30 00:04:11.720 +01:00 [INF] Executing ViewResult, running view Profile.
2024-11-30 00:04:11.720 +01:00 [INF] Executed ViewResult - view Profile executed in 0.2944ms.
2024-11-30 00:04:11.721 +01:00 [INF] Executed action SubApp1.Controllers.HomeController.Profile (SubApp1) in 0.8065ms
2024-11-30 00:04:11.721 +01:00 [INF] Executed endpoint 'SubApp1.Controllers.HomeController.Profile (SubApp1)'
2024-11-30 00:04:11.721 +01:00 [INF] Request finished HTTP/1.1 GET http://localhost:5003/Home/Profile - 200 null text/html; charset=utf-8 2.1468ms
2024-11-30 00:04:11.733 +01:00 [INF] Request starting HTTP/1.1 GET http://localhost:5003/js/bootstrap.js - null null
2024-11-30 00:04:11.733 +01:00 [INF] Request finished HTTP/1.1 GET http://localhost:5003/js/bootstrap.js - 404 0 null 0.8064ms
2024-11-30 00:04:11.733 +01:00 [INF] Request reached the end of the middleware pipeline without being handled by application code. Request path: GET http://localhost:5003/js/bootstrap.js, Response status code: 404
2024-11-30 00:04:11.734 +01:00 [INF] Request starting HTTP/1.1 GET http://localhost:5003/js/jquery.min.js - null null
2024-11-30 00:04:11.735 +01:00 [INF] Request finished HTTP/1.1 GET http://localhost:5003/js/jquery.min.js - 404 0 null 0.7503ms
2024-11-30 00:04:11.735 +01:00 [INF] Request reached the end of the middleware pipeline without being handled by application code. Request path: GET http://localhost:5003/js/jquery.min.js, Response status code: 404
2024-11-30 00:04:28.209 +01:00 [INF] Request starting HTTP/1.1 GET http://localhost:5003/ - null null
2024-11-30 00:04:28.210 +01:00 [INF] Executing endpoint 'SubApp1.Controllers.HomeController.Index (SubApp1)'
2024-11-30 00:04:28.210 +01:00 [INF] Route matched with {action = "Index", controller = "Home", page = "", area = ""}. Executing controller action with signature Microsoft.AspNetCore.Mvc.IActionResult Index() on controller SubApp1.Controllers.HomeController (SubApp1).
2024-11-30 00:04:28.211 +01:00 [INF] Executing ViewResult, running view Index.
2024-11-30 00:04:28.211 +01:00 [INF] Executed ViewResult - view Index executed in 0.3927ms.
2024-11-30 00:04:28.211 +01:00 [INF] Executed action SubApp1.Controllers.HomeController.Index (SubApp1) in 0.9713ms
2024-11-30 00:04:28.211 +01:00 [INF] Executed endpoint 'SubApp1.Controllers.HomeController.Index (SubApp1)'
2024-11-30 00:04:28.211 +01:00 [INF] Request finished HTTP/1.1 GET http://localhost:5003/ - 200 null text/html; charset=utf-8 1.7568ms
2024-11-30 00:04:28.229 +01:00 [INF] Request starting HTTP/1.1 GET http://localhost:5003/js/bootstrap.js - null null
2024-11-30 00:04:28.230 +01:00 [INF] Request finished HTTP/1.1 GET http://localhost:5003/js/bootstrap.js - 404 0 null 1.2095ms
2024-11-30 00:04:28.230 +01:00 [INF] Request reached the end of the middleware pipeline without being handled by application code. Request path: GET http://localhost:5003/js/bootstrap.js, Response status code: 404
2024-11-30 00:04:28.231 +01:00 [INF] Request starting HTTP/1.1 GET http://localhost:5003/js/jquery.min.js - null null
2024-11-30 00:04:28.231 +01:00 [INF] Request finished HTTP/1.1 GET http://localhost:5003/js/jquery.min.js - 404 0 null 0.6238ms
2024-11-30 00:04:28.231 +01:00 [INF] Request reached the end of the middleware pipeline without being handled by application code. Request path: GET http://localhost:5003/js/jquery.min.js, Response status code: 404
2024-11-30 00:04:30.072 +01:00 [INF] Request starting HTTP/1.1 GET http://localhost:5003/Home/Profile - null null
2024-11-30 00:04:30.073 +01:00 [INF] Executing endpoint 'SubApp1.Controllers.HomeController.Profile (SubApp1)'
2024-11-30 00:04:30.073 +01:00 [INF] Route matched with {action = "Profile", controller = "Home", page = "", area = ""}. Executing controller action with signature Microsoft.AspNetCore.Mvc.IActionResult Profile() on controller SubApp1.Controllers.HomeController (SubApp1).
2024-11-30 00:04:30.073 +01:00 [INF] Executing ViewResult, running view Profile.
2024-11-30 00:04:30.074 +01:00 [INF] Executed ViewResult - view Profile executed in 0.3934ms.
2024-11-30 00:04:30.074 +01:00 [INF] Executed action SubApp1.Controllers.HomeController.Profile (SubApp1) in 1.0361ms
2024-11-30 00:04:30.074 +01:00 [INF] Executed endpoint 'SubApp1.Controllers.HomeController.Profile (SubApp1)'
2024-11-30 00:04:30.074 +01:00 [INF] Request finished HTTP/1.1 GET http://localhost:5003/Home/Profile - 200 null text/html; charset=utf-8 1.8686ms
2024-11-30 00:04:52.909 +01:00 [INF] Application is shutting down...
