2024-11-23 19:40:56.505 +01:00 [INF] User profile is available. Using 'C:\Users\Thilo\AppData\Local\ASP.NET\DataProtection-Keys' as key repository and Windows DPAPI to encrypt keys at rest.
2024-11-23 19:40:56.914 +01:00 [INF] Now listening on: http://localhost:5003
2024-11-23 19:40:56.921 +01:00 [INF] Application started. Press Ctrl+C to shut down.
2024-11-23 19:40:56.924 +01:00 [INF] Hosting environment: Development
2024-11-23 19:40:56.925 +01:00 [INF] Content root path: C:\Users\Thilo\OneDrive\Dokumenter\GitHub\CodeCraft\SubApp1
2024-11-23 19:42:51.728 +01:00 [INF] Request starting HTTP/1.1 GET http://localhost:5003/ - null null
2024-11-23 19:42:51.754 +01:00 [WRN] Failed to determine the https port for redirect.
2024-11-23 19:42:51.815 +01:00 [INF] Executing endpoint 'SubApp1.Controllers.HomeController.Index (SubApp1)'
2024-11-23 19:42:51.842 +01:00 [INF] Route matched with {action = "Index", controller = "Home", page = "", area = ""}. Executing controller action with signature Microsoft.AspNetCore.Mvc.IActionResult Index() on controller SubApp1.Controllers.HomeController (SubApp1).
2024-11-23 19:42:52.375 +01:00 [WRN] The foreign key property 'Post.UserId1' was created in shadow state because a conflicting property with the simple name 'UserId' exists in the entity type, but is either not mapped, is already used for another relationship, or is incompatible with the associated primary key type. See https://aka.ms/efcore-relationships for information on mapping relationships in EF Core.
2024-11-23 19:42:56.887 +01:00 [INF] Executing ViewResult, running view Index.
2024-11-23 19:42:57.726 +01:00 [INF] Executed ViewResult - view Index executed in 5122.1637ms.
2024-11-23 19:42:57.732 +01:00 [INF] Executed action SubApp1.Controllers.HomeController.Index (SubApp1) in 5888.6864ms
2024-11-23 19:42:57.732 +01:00 [INF] Executed endpoint 'SubApp1.Controllers.HomeController.Index (SubApp1)'
2024-11-23 19:42:57.750 +01:00 [INF] Request finished HTTP/1.1 GET http://localhost:5003/ - 200 null text/html; charset=utf-8 6023.779ms
2024-11-23 19:42:57.752 +01:00 [INF] Request starting HTTP/1.1 GET http://localhost:5003/js/jquery.min.js - null null
2024-11-23 19:42:57.757 +01:00 [INF] Request starting HTTP/1.1 GET http://localhost:5003/js/bootstrap.js - null null
2024-11-23 19:42:57.760 +01:00 [INF] Request finished HTTP/1.1 GET http://localhost:5003/js/bootstrap.js - 404 0 null 2.8095ms
2024-11-23 19:42:57.760 +01:00 [INF] Request finished HTTP/1.1 GET http://localhost:5003/js/jquery.min.js - 404 0 null 7.1606ms
2024-11-23 19:42:57.761 +01:00 [INF] Request reached the end of the middleware pipeline without being handled by application code. Request path: GET http://localhost:5003/js/bootstrap.js, Response status code: 404
2024-11-23 19:42:57.777 +01:00 [INF] Request reached the end of the middleware pipeline without being handled by application code. Request path: GET http://localhost:5003/js/jquery.min.js, Response status code: 404
2024-11-23 19:42:59.821 +01:00 [INF] Request starting HTTP/1.1 GET http://localhost:5003/Identity/Account/Register - null null
2024-11-23 19:43:00.438 +01:00 [INF] Executing endpoint '/Account/Register'
2024-11-23 19:43:00.602 +01:00 [INF] Route matched with {page = "/Account/Register", area = "Identity", action = "", controller = ""}. Executing page /Account/Register
2024-11-23 19:43:00.625 +01:00 [INF] Executed page /Account/Register in 22.7409ms
2024-11-23 19:43:00.626 +01:00 [INF] Executed endpoint '/Account/Register'
2024-11-23 19:43:00.634 +01:00 [ERR] An unhandled exception has occurred while executing the request.
System.InvalidOperationException: Unable to resolve service for type 'Microsoft.AspNetCore.Identity.UI.Services.IEmailSender' while attempting to activate 'SubApp1.Areas.Identity.Pages.Account.RegisterModel'.
   at Microsoft.Extensions.DependencyInjection.ActivatorUtilities.ThrowHelperUnableToResolveService(Type type, Type requiredBy)
   at lambda_method36(Closure, IServiceProvider, Object[])
   at Microsoft.AspNetCore.Mvc.RazorPages.Infrastructure.DefaultPageModelFactoryProvider.<>c__DisplayClass3_0.<CreateModelFactory>b__0(PageContext pageContext)
   at Microsoft.AspNetCore.Mvc.RazorPages.Infrastructure.PageActionInvoker.CreateInstance()
   at Microsoft.AspNetCore.Mvc.RazorPages.Infrastructure.PageActionInvoker.Next(State& next, Scope& scope, Object& state, Boolean& isCompleted)
   at Microsoft.AspNetCore.Mvc.RazorPages.Infrastructure.PageActionInvoker.InvokeInnerFilterAsync()
   at Microsoft.AspNetCore.Mvc.Infrastructure.ResourceInvoker.<InvokeNextResourceFilter>g__Awaited|25_0(ResourceInvoker invoker, Task lastTask, State next, Scope scope, Object state, Boolean isCompleted)
   at Microsoft.AspNetCore.Mvc.Infrastructure.ResourceInvoker.Rethrow(ResourceExecutedContextSealed context)
   at Microsoft.AspNetCore.Mvc.Infrastructure.ResourceInvoker.Next(State& next, Scope& scope, Object& state, Boolean& isCompleted)
   at Microsoft.AspNetCore.Mvc.Infrastructure.ResourceInvoker.InvokeFilterPipelineAsync()
--- End of stack trace from previous location ---
   at Microsoft.AspNetCore.Mvc.Infrastructure.ResourceInvoker.<InvokeAsync>g__Logged|17_1(ResourceInvoker invoker)
   at Microsoft.AspNetCore.Mvc.Infrastructure.ResourceInvoker.<InvokeAsync>g__Logged|17_1(ResourceInvoker invoker)
   at Microsoft.AspNetCore.Routing.EndpointMiddleware.<Invoke>g__AwaitRequestTask|7_0(Endpoint endpoint, Task requestTask, ILogger logger)
   at Microsoft.AspNetCore.Authorization.AuthorizationMiddleware.Invoke(HttpContext context)
   at Microsoft.AspNetCore.Authentication.AuthenticationMiddleware.Invoke(HttpContext context)
   at Microsoft.AspNetCore.Diagnostics.DeveloperExceptionPageMiddlewareImpl.Invoke(HttpContext context)
2024-11-23 19:43:00.657 +01:00 [INF] Request finished HTTP/1.1 GET http://localhost:5003/Identity/Account/Register - 500 null text/html; charset=utf-8 836.2001ms
2024-11-23 19:43:07.803 +01:00 [INF] Request starting HTTP/1.1 GET http://localhost:5003/Identity/Account/Login - null null
2024-11-23 19:43:08.404 +01:00 [INF] Executing endpoint '/Account/Login'
2024-11-23 19:43:08.408 +01:00 [INF] Route matched with {page = "/Account/Login", area = "Identity", action = "", controller = ""}. Executing page /Account/Login
2024-11-23 19:43:08.493 +01:00 [INF] Executing handler method SubApp1.Areas.Identity.Pages.Account.LoginModel.OnGetAsync - ModelState is "Valid"
2024-11-23 19:43:08.499 +01:00 [INF] AuthenticationScheme: Identity.External signed out.
2024-11-23 19:43:08.500 +01:00 [INF] Executed handler method OnGetAsync, returned result .
2024-11-23 19:43:08.503 +01:00 [INF] Executing an implicit handler method - ModelState is "Valid"
2024-11-23 19:43:08.503 +01:00 [INF] Executed an implicit handler method, returned result Microsoft.AspNetCore.Mvc.RazorPages.PageResult.
2024-11-23 19:43:08.741 +01:00 [INF] Executed page /Account/Login in 333.253ms
2024-11-23 19:43:08.742 +01:00 [INF] Executed endpoint '/Account/Login'
2024-11-23 19:43:08.742 +01:00 [INF] Request finished HTTP/1.1 GET http://localhost:5003/Identity/Account/Login - 200 null text/html; charset=utf-8 939.3085ms
2024-11-23 19:43:08.767 +01:00 [INF] Request starting HTTP/1.1 GET http://localhost:5003/js/bootstrap.js - null null
2024-11-23 19:43:08.768 +01:00 [INF] Request finished HTTP/1.1 GET http://localhost:5003/js/bootstrap.js - 404 0 null 0.7754ms
2024-11-23 19:43:08.768 +01:00 [INF] Request reached the end of the middleware pipeline without being handled by application code. Request path: GET http://localhost:5003/js/bootstrap.js, Response status code: 404
2024-11-23 19:43:08.775 +01:00 [INF] Request starting HTTP/1.1 GET http://localhost:5003/lib/jquery-validation/dist/jquery.validate.min.js - null null
2024-11-23 19:43:08.776 +01:00 [INF] Request starting HTTP/1.1 GET http://localhost:5003/lib/jquery-validation-unobtrusive/jquery.validate.unobtrusive.min.js - null null
2024-11-23 19:43:08.776 +01:00 [INF] Request starting HTTP/1.1 GET http://localhost:5003/js/jquery.min.js - null null
2024-11-23 19:43:08.776 +01:00 [INF] Request finished HTTP/1.1 GET http://localhost:5003/js/jquery.min.js - 404 0 null 0.4901ms
2024-11-23 19:43:08.777 +01:00 [INF] Request reached the end of the middleware pipeline without being handled by application code. Request path: GET http://localhost:5003/js/jquery.min.js, Response status code: 404
2024-11-23 19:43:08.891 +01:00 [INF] Sending file. Request path: '/lib/jquery-validation/dist/jquery.validate.min.js'. Physical path: 'C:\Users\Thilo\OneDrive\Dokumenter\GitHub\CodeCraft\SubApp1\wwwroot\lib\jquery-validation\dist\jquery.validate.min.js'
2024-11-23 19:43:08.891 +01:00 [INF] Request finished HTTP/1.1 GET http://localhost:5003/lib/jquery-validation/dist/jquery.validate.min.js - 200 24601 text/javascript 116.2843ms
2024-11-23 19:43:08.898 +01:00 [INF] Sending file. Request path: '/lib/jquery-validation-unobtrusive/jquery.validate.unobtrusive.min.js'. Physical path: 'C:\Users\Thilo\OneDrive\Dokumenter\GitHub\CodeCraft\SubApp1\wwwroot\lib\jquery-validation-unobtrusive\jquery.validate.unobtrusive.min.js'
2024-11-23 19:43:08.899 +01:00 [INF] Request finished HTTP/1.1 GET http://localhost:5003/lib/jquery-validation-unobtrusive/jquery.validate.unobtrusive.min.js - 200 5824 text/javascript 122.7852ms
2024-11-23 19:43:12.073 +01:00 [INF] Request starting HTTP/1.1 GET http://localhost:5003/Identity/Account/ForgotPassword - null null
2024-11-23 19:43:12.197 +01:00 [INF] Executing endpoint '/Account/ForgotPassword'
2024-11-23 19:43:12.200 +01:00 [INF] Route matched with {page = "/Account/ForgotPassword", area = "Identity", action = "", controller = ""}. Executing page /Account/ForgotPassword
2024-11-23 19:43:12.202 +01:00 [INF] Executed page /Account/ForgotPassword in 1.7754ms
2024-11-23 19:43:12.203 +01:00 [INF] Executed endpoint '/Account/ForgotPassword'
2024-11-23 19:43:12.204 +01:00 [ERR] An unhandled exception has occurred while executing the request.
System.InvalidOperationException: Unable to resolve service for type 'Microsoft.AspNetCore.Identity.UI.Services.IEmailSender' while attempting to activate 'SubApp1.Areas.Identity.Pages.Account.ForgotPasswordModel'.
   at Microsoft.Extensions.DependencyInjection.ActivatorUtilities.ThrowHelperUnableToResolveService(Type type, Type requiredBy)
   at lambda_method69(Closure, IServiceProvider, Object[])
   at Microsoft.AspNetCore.Mvc.RazorPages.Infrastructure.DefaultPageModelFactoryProvider.<>c__DisplayClass3_0.<CreateModelFactory>b__0(PageContext pageContext)
   at Microsoft.AspNetCore.Mvc.RazorPages.Infrastructure.PageActionInvoker.CreateInstance()
   at Microsoft.AspNetCore.Mvc.RazorPages.Infrastructure.PageActionInvoker.Next(State& next, Scope& scope, Object& state, Boolean& isCompleted)
   at Microsoft.AspNetCore.Mvc.RazorPages.Infrastructure.PageActionInvoker.InvokeInnerFilterAsync()
   at Microsoft.AspNetCore.Mvc.Infrastructure.ResourceInvoker.<InvokeNextResourceFilter>g__Awaited|25_0(ResourceInvoker invoker, Task lastTask, State next, Scope scope, Object state, Boolean isCompleted)
   at Microsoft.AspNetCore.Mvc.Infrastructure.ResourceInvoker.Rethrow(ResourceExecutedContextSealed context)
   at Microsoft.AspNetCore.Mvc.Infrastructure.ResourceInvoker.Next(State& next, Scope& scope, Object& state, Boolean& isCompleted)
   at Microsoft.AspNetCore.Mvc.Infrastructure.ResourceInvoker.InvokeFilterPipelineAsync()
--- End of stack trace from previous location ---
   at Microsoft.AspNetCore.Mvc.Infrastructure.ResourceInvoker.<InvokeAsync>g__Logged|17_1(ResourceInvoker invoker)
   at Microsoft.AspNetCore.Mvc.Infrastructure.ResourceInvoker.<InvokeAsync>g__Logged|17_1(ResourceInvoker invoker)
   at Microsoft.AspNetCore.Routing.EndpointMiddleware.<Invoke>g__AwaitRequestTask|7_0(Endpoint endpoint, Task requestTask, ILogger logger)
   at Microsoft.AspNetCore.Authorization.AuthorizationMiddleware.Invoke(HttpContext context)
   at Microsoft.AspNetCore.Authentication.AuthenticationMiddleware.Invoke(HttpContext context)
   at Microsoft.AspNetCore.Diagnostics.DeveloperExceptionPageMiddlewareImpl.Invoke(HttpContext context)
2024-11-23 19:43:12.209 +01:00 [INF] Request finished HTTP/1.1 GET http://localhost:5003/Identity/Account/ForgotPassword - 500 null text/html; charset=utf-8 136.6269ms
2024-11-23 19:43:14.267 +01:00 [INF] Request starting HTTP/1.1 GET http://localhost:5003/Identity/Account/Login - null null
2024-11-23 19:43:14.267 +01:00 [INF] Executing endpoint '/Account/Login'
2024-11-23 19:43:14.267 +01:00 [INF] Route matched with {page = "/Account/Login", area = "Identity", action = "", controller = ""}. Executing page /Account/Login
2024-11-23 19:43:14.270 +01:00 [INF] Executing handler method SubApp1.Areas.Identity.Pages.Account.LoginModel.OnGetAsync - ModelState is "Valid"
2024-11-23 19:43:14.270 +01:00 [INF] AuthenticationScheme: Identity.External signed out.
2024-11-23 19:43:14.270 +01:00 [INF] Executed handler method OnGetAsync, returned result .
2024-11-23 19:43:14.270 +01:00 [INF] Executing an implicit handler method - ModelState is "Valid"
2024-11-23 19:43:14.270 +01:00 [INF] Executed an implicit handler method, returned result Microsoft.AspNetCore.Mvc.RazorPages.PageResult.
2024-11-23 19:43:14.276 +01:00 [INF] Executed page /Account/Login in 8.276ms
2024-11-23 19:43:14.276 +01:00 [INF] Executed endpoint '/Account/Login'
2024-11-23 19:43:14.276 +01:00 [INF] Request finished HTTP/1.1 GET http://localhost:5003/Identity/Account/Login - 200 null text/html; charset=utf-8 9.4988ms
2024-11-23 19:43:17.695 +01:00 [INF] Request starting HTTP/1.1 GET http://localhost:5003/Identity/Account/Register?returnUrl=%2F - null null
2024-11-23 19:43:17.695 +01:00 [INF] Executing endpoint '/Account/Register'
2024-11-23 19:43:17.696 +01:00 [INF] Route matched with {page = "/Account/Register", area = "Identity", action = "", controller = ""}. Executing page /Account/Register
2024-11-23 19:43:17.703 +01:00 [INF] Executed page /Account/Register in 7.1312ms
2024-11-23 19:43:17.703 +01:00 [INF] Executed endpoint '/Account/Register'
2024-11-23 19:43:17.721 +01:00 [ERR] An unhandled exception has occurred while executing the request.
System.InvalidOperationException: Unable to resolve service for type 'Microsoft.AspNetCore.Identity.UI.Services.IEmailSender' while attempting to activate 'SubApp1.Areas.Identity.Pages.Account.RegisterModel'.
   at Microsoft.Extensions.DependencyInjection.ActivatorUtilities.ThrowHelperUnableToResolveService(Type type, Type requiredBy)
   at lambda_method36(Closure, IServiceProvider, Object[])
   at Microsoft.AspNetCore.Mvc.RazorPages.Infrastructure.DefaultPageModelFactoryProvider.<>c__DisplayClass3_0.<CreateModelFactory>b__0(PageContext pageContext)
   at Microsoft.AspNetCore.Mvc.RazorPages.Infrastructure.PageActionInvoker.CreateInstance()
   at Microsoft.AspNetCore.Mvc.RazorPages.Infrastructure.PageActionInvoker.Next(State& next, Scope& scope, Object& state, Boolean& isCompleted)
   at Microsoft.AspNetCore.Mvc.RazorPages.Infrastructure.PageActionInvoker.InvokeInnerFilterAsync()
   at Microsoft.AspNetCore.Mvc.Infrastructure.ResourceInvoker.<InvokeNextResourceFilter>g__Awaited|25_0(ResourceInvoker invoker, Task lastTask, State next, Scope scope, Object state, Boolean isCompleted)
   at Microsoft.AspNetCore.Mvc.Infrastructure.ResourceInvoker.Rethrow(ResourceExecutedContextSealed context)
   at Microsoft.AspNetCore.Mvc.Infrastructure.ResourceInvoker.Next(State& next, Scope& scope, Object& state, Boolean& isCompleted)
   at Microsoft.AspNetCore.Mvc.Infrastructure.ResourceInvoker.InvokeFilterPipelineAsync()
--- End of stack trace from previous location ---
   at Microsoft.AspNetCore.Mvc.Infrastructure.ResourceInvoker.<InvokeAsync>g__Logged|17_1(ResourceInvoker invoker)
   at Microsoft.AspNetCore.Mvc.Infrastructure.ResourceInvoker.<InvokeAsync>g__Logged|17_1(ResourceInvoker invoker)
   at Microsoft.AspNetCore.Routing.EndpointMiddleware.<Invoke>g__AwaitRequestTask|7_0(Endpoint endpoint, Task requestTask, ILogger logger)
   at Microsoft.AspNetCore.Authorization.AuthorizationMiddleware.Invoke(HttpContext context)
   at Microsoft.AspNetCore.Authentication.AuthenticationMiddleware.Invoke(HttpContext context)
   at Microsoft.AspNetCore.Diagnostics.DeveloperExceptionPageMiddlewareImpl.Invoke(HttpContext context)
2024-11-23 19:43:17.799 +01:00 [INF] Request finished HTTP/1.1 GET http://localhost:5003/Identity/Account/Register?returnUrl=%2F - 500 null text/html; charset=utf-8 104.3051ms
2024-11-23 19:43:20.471 +01:00 [INF] Request starting HTTP/1.1 GET http://localhost:5003/Identity/Account/Login - null null
2024-11-23 19:43:20.472 +01:00 [INF] Executing endpoint '/Account/Login'
2024-11-23 19:43:20.474 +01:00 [INF] Route matched with {page = "/Account/Login", area = "Identity", action = "", controller = ""}. Executing page /Account/Login
2024-11-23 19:43:20.482 +01:00 [INF] Executing handler method SubApp1.Areas.Identity.Pages.Account.LoginModel.OnGetAsync - ModelState is "Valid"
2024-11-23 19:43:20.483 +01:00 [INF] AuthenticationScheme: Identity.External signed out.
2024-11-23 19:43:20.484 +01:00 [INF] Executed handler method OnGetAsync, returned result .
2024-11-23 19:43:20.484 +01:00 [INF] Executing an implicit handler method - ModelState is "Valid"
2024-11-23 19:43:20.484 +01:00 [INF] Executed an implicit handler method, returned result Microsoft.AspNetCore.Mvc.RazorPages.PageResult.
2024-11-23 19:43:20.494 +01:00 [INF] Executed page /Account/Login in 19.6937ms
2024-11-23 19:43:20.495 +01:00 [INF] Executed endpoint '/Account/Login'
2024-11-23 19:43:20.496 +01:00 [INF] Request finished HTTP/1.1 GET http://localhost:5003/Identity/Account/Login - 200 null text/html; charset=utf-8 25.0334ms
2024-11-23 19:43:21.844 +01:00 [INF] Request starting HTTP/1.1 GET http://localhost:5003/Identity/Account/ResendEmailConfirmation - null null
2024-11-23 19:43:21.991 +01:00 [INF] Executing endpoint '/Account/ResendEmailConfirmation'
2024-11-23 19:43:21.995 +01:00 [INF] Route matched with {page = "/Account/ResendEmailConfirmation", area = "Identity", action = "", controller = ""}. Executing page /Account/ResendEmailConfirmation
2024-11-23 19:43:21.997 +01:00 [INF] Executed page /Account/ResendEmailConfirmation in 1.5888ms
2024-11-23 19:43:21.997 +01:00 [INF] Executed endpoint '/Account/ResendEmailConfirmation'
2024-11-23 19:43:21.999 +01:00 [ERR] An unhandled exception has occurred while executing the request.
System.InvalidOperationException: Unable to resolve service for type 'Microsoft.AspNetCore.Identity.UI.Services.IEmailSender' while attempting to activate 'SubApp1.Areas.Identity.Pages.Account.ResendEmailConfirmationModel'.
   at Microsoft.Extensions.DependencyInjection.ActivatorUtilities.ThrowHelperUnableToResolveService(Type type, Type requiredBy)
   at lambda_method76(Closure, IServiceProvider, Object[])
   at Microsoft.AspNetCore.Mvc.RazorPages.Infrastructure.DefaultPageModelFactoryProvider.<>c__DisplayClass3_0.<CreateModelFactory>b__0(PageContext pageContext)
   at Microsoft.AspNetCore.Mvc.RazorPages.Infrastructure.PageActionInvoker.CreateInstance()
   at Microsoft.AspNetCore.Mvc.RazorPages.Infrastructure.PageActionInvoker.Next(State& next, Scope& scope, Object& state, Boolean& isCompleted)
   at Microsoft.AspNetCore.Mvc.RazorPages.Infrastructure.PageActionInvoker.InvokeInnerFilterAsync()
   at Microsoft.AspNetCore.Mvc.Infrastructure.ResourceInvoker.<InvokeNextResourceFilter>g__Awaited|25_0(ResourceInvoker invoker, Task lastTask, State next, Scope scope, Object state, Boolean isCompleted)
   at Microsoft.AspNetCore.Mvc.Infrastructure.ResourceInvoker.Rethrow(ResourceExecutedContextSealed context)
   at Microsoft.AspNetCore.Mvc.Infrastructure.ResourceInvoker.Next(State& next, Scope& scope, Object& state, Boolean& isCompleted)
   at Microsoft.AspNetCore.Mvc.Infrastructure.ResourceInvoker.InvokeFilterPipelineAsync()
--- End of stack trace from previous location ---
   at Microsoft.AspNetCore.Mvc.Infrastructure.ResourceInvoker.<InvokeAsync>g__Logged|17_1(ResourceInvoker invoker)
   at Microsoft.AspNetCore.Mvc.Infrastructure.ResourceInvoker.<InvokeAsync>g__Logged|17_1(ResourceInvoker invoker)
   at Microsoft.AspNetCore.Routing.EndpointMiddleware.<Invoke>g__AwaitRequestTask|7_0(Endpoint endpoint, Task requestTask, ILogger logger)
   at Microsoft.AspNetCore.Authorization.AuthorizationMiddleware.Invoke(HttpContext context)
   at Microsoft.AspNetCore.Authentication.AuthenticationMiddleware.Invoke(HttpContext context)
   at Microsoft.AspNetCore.Diagnostics.DeveloperExceptionPageMiddlewareImpl.Invoke(HttpContext context)
2024-11-23 19:43:22.003 +01:00 [INF] Request finished HTTP/1.1 GET http://localhost:5003/Identity/Account/ResendEmailConfirmation - 500 null text/html; charset=utf-8 158.9048ms
2024-11-23 19:43:23.189 +01:00 [INF] Request starting HTTP/1.1 GET http://localhost:5003/Identity/Account/Login - null null
2024-11-23 19:43:23.190 +01:00 [INF] Executing endpoint '/Account/Login'
2024-11-23 19:43:23.193 +01:00 [INF] Route matched with {page = "/Account/Login", area = "Identity", action = "", controller = ""}. Executing page /Account/Login
2024-11-23 19:43:23.201 +01:00 [INF] Executing handler method SubApp1.Areas.Identity.Pages.Account.LoginModel.OnGetAsync - ModelState is "Valid"
2024-11-23 19:43:23.201 +01:00 [INF] AuthenticationScheme: Identity.External signed out.
2024-11-23 19:43:23.202 +01:00 [INF] Executed handler method OnGetAsync, returned result .
2024-11-23 19:43:23.202 +01:00 [INF] Executing an implicit handler method - ModelState is "Valid"
2024-11-23 19:43:23.203 +01:00 [INF] Executed an implicit handler method, returned result Microsoft.AspNetCore.Mvc.RazorPages.PageResult.
2024-11-23 19:43:23.209 +01:00 [INF] Executed page /Account/Login in 15.6638ms
2024-11-23 19:43:23.209 +01:00 [INF] Executed endpoint '/Account/Login'
2024-11-23 19:43:23.210 +01:00 [INF] Request finished HTTP/1.1 GET http://localhost:5003/Identity/Account/Login - 200 null text/html; charset=utf-8 21.3573ms
2024-11-23 19:48:01.678 +01:00 [INF] Request starting HTTP/1.1 GET http://localhost:5003/Identity/Account/Login - null null
2024-11-23 19:48:01.682 +01:00 [INF] Executing endpoint '/Account/Login'
2024-11-23 19:48:01.694 +01:00 [INF] Route matched with {page = "/Account/Login", area = "Identity", action = "", controller = ""}. Executing page /Account/Login
2024-11-23 19:48:01.702 +01:00 [INF] Executing handler method SubApp1.Areas.Identity.Pages.Account.LoginModel.OnGetAsync - ModelState is "Valid"
2024-11-23 19:48:01.704 +01:00 [INF] AuthenticationScheme: Identity.External signed out.
2024-11-23 19:48:01.704 +01:00 [INF] Executed handler method OnGetAsync, returned result .
2024-11-23 19:48:01.704 +01:00 [INF] Executing an implicit handler method - ModelState is "Valid"
2024-11-23 19:48:01.705 +01:00 [INF] Executed an implicit handler method, returned result Microsoft.AspNetCore.Mvc.RazorPages.PageResult.
2024-11-23 19:48:01.712 +01:00 [INF] Executed page /Account/Login in 17.1014ms
2024-11-23 19:48:01.712 +01:00 [INF] Executed endpoint '/Account/Login'
2024-11-23 19:48:01.713 +01:00 [INF] Request finished HTTP/1.1 GET http://localhost:5003/Identity/Account/Login - 200 null text/html; charset=utf-8 34.7669ms
2024-11-23 19:48:01.765 +01:00 [INF] Request starting HTTP/1.1 GET http://localhost:5003/js/bootstrap.js - null null
2024-11-23 19:48:01.768 +01:00 [INF] Request finished HTTP/1.1 GET http://localhost:5003/js/bootstrap.js - 404 0 null 2.6193ms
2024-11-23 19:48:01.768 +01:00 [INF] Request reached the end of the middleware pipeline without being handled by application code. Request path: GET http://localhost:5003/js/bootstrap.js, Response status code: 404
2024-11-23 19:48:01.774 +01:00 [INF] Request starting HTTP/1.1 GET http://localhost:5003/js/jquery.min.js - null null
2024-11-23 19:48:01.775 +01:00 [INF] Request finished HTTP/1.1 GET http://localhost:5003/js/jquery.min.js - 404 0 null 0.5967ms
2024-11-23 19:48:01.775 +01:00 [INF] Request reached the end of the middleware pipeline without being handled by application code. Request path: GET http://localhost:5003/js/jquery.min.js, Response status code: 404
2024-11-23 19:48:01.938 +01:00 [INF] Request starting HTTP/1.1 GET http://localhost:5003/favicon.ico - null null
2024-11-23 19:48:01.957 +01:00 [INF] Sending file. Request path: '/favicon.ico'. Physical path: 'C:\Users\Thilo\OneDrive\Dokumenter\GitHub\CodeCraft\SubApp1\wwwroot\favicon.ico'
2024-11-23 19:48:01.957 +01:00 [INF] Request finished HTTP/1.1 GET http://localhost:5003/favicon.ico - 200 5430 image/x-icon 19.4662ms
2024-11-23 19:48:04.081 +01:00 [INF] Request starting HTTP/1.1 GET http://localhost:5003/Identity/Account/Register - null null
2024-11-23 19:48:04.099 +01:00 [INF] Executing endpoint '/Account/Register'
2024-11-23 19:48:04.118 +01:00 [INF] Route matched with {page = "/Account/Register", area = "Identity", action = "", controller = ""}. Executing page /Account/Register
2024-11-23 19:48:04.131 +01:00 [INF] Executed page /Account/Register in 13.1656ms
2024-11-23 19:48:04.132 +01:00 [INF] Executed endpoint '/Account/Register'
2024-11-23 19:48:04.152 +01:00 [ERR] An unhandled exception has occurred while executing the request.
System.InvalidOperationException: Unable to resolve service for type 'Microsoft.AspNetCore.Identity.UI.Services.IEmailSender' while attempting to activate 'SubApp1.Areas.Identity.Pages.Account.RegisterModel'.
   at Microsoft.Extensions.DependencyInjection.ActivatorUtilities.ThrowHelperUnableToResolveService(Type type, Type requiredBy)
   at lambda_method92(Closure, IServiceProvider, Object[])
   at Microsoft.AspNetCore.Mvc.RazorPages.Infrastructure.DefaultPageModelFactoryProvider.<>c__DisplayClass3_0.<CreateModelFactory>b__0(PageContext pageContext)
   at Microsoft.AspNetCore.Mvc.RazorPages.Infrastructure.PageActionInvoker.CreateInstance()
   at Microsoft.AspNetCore.Mvc.RazorPages.Infrastructure.PageActionInvoker.Next(State& next, Scope& scope, Object& state, Boolean& isCompleted)
   at Microsoft.AspNetCore.Mvc.RazorPages.Infrastructure.PageActionInvoker.InvokeInnerFilterAsync()
   at Microsoft.AspNetCore.Mvc.Infrastructure.ResourceInvoker.<InvokeNextResourceFilter>g__Awaited|25_0(ResourceInvoker invoker, Task lastTask, State next, Scope scope, Object state, Boolean isCompleted)
   at Microsoft.AspNetCore.Mvc.Infrastructure.ResourceInvoker.Rethrow(ResourceExecutedContextSealed context)
   at Microsoft.AspNetCore.Mvc.Infrastructure.ResourceInvoker.Next(State& next, Scope& scope, Object& state, Boolean& isCompleted)
   at Microsoft.AspNetCore.Mvc.Infrastructure.ResourceInvoker.InvokeFilterPipelineAsync()
--- End of stack trace from previous location ---
   at Microsoft.AspNetCore.Mvc.Infrastructure.ResourceInvoker.<InvokeAsync>g__Logged|17_1(ResourceInvoker invoker)
   at Microsoft.AspNetCore.Mvc.Infrastructure.ResourceInvoker.<InvokeAsync>g__Logged|17_1(ResourceInvoker invoker)
   at Microsoft.AspNetCore.Routing.EndpointMiddleware.<Invoke>g__AwaitRequestTask|7_0(Endpoint endpoint, Task requestTask, ILogger logger)
   at Microsoft.AspNetCore.Authorization.AuthorizationMiddleware.Invoke(HttpContext context)
   at Microsoft.AspNetCore.Authentication.AuthenticationMiddleware.Invoke(HttpContext context)
   at Microsoft.AspNetCore.Diagnostics.DeveloperExceptionPageMiddlewareImpl.Invoke(HttpContext context)
2024-11-23 19:48:04.161 +01:00 [INF] Request finished HTTP/1.1 GET http://localhost:5003/Identity/Account/Register - 500 null text/html; charset=utf-8 80.4264ms
2024-11-23 19:57:43.079 +01:00 [INF] Application is shutting down...
