2024-11-30 00:33:34.451 +01:00 [INF] User profile is available. Using 'C:\Users\Kevol\AppData\Local\ASP.NET\DataProtection-Keys' as key repository and Windows DPAPI to encrypt keys at rest.
2024-11-30 00:33:34.539 +01:00 [INF] Now listening on: http://localhost:5003
2024-11-30 00:33:34.541 +01:00 [INF] Application started. Press Ctrl+C to shut down.
2024-11-30 00:33:34.541 +01:00 [INF] Hosting environment: Development
2024-11-30 00:33:34.541 +01:00 [INF] Content root path: C:\Users\Kevol\Desktop\GitHub\CodeCraft\SubApp1
2024-11-30 00:33:36.180 +01:00 [INF] Request starting HTTP/1.1 GET http://localhost:5003/Home/Profile - null null
2024-11-30 00:33:36.185 +01:00 [WRN] Failed to determine the https port for redirect.
2024-11-30 00:33:36.503 +01:00 [INF] Executing endpoint 'SubApp1.Controllers.HomeController.Profile (SubApp1)'
2024-11-30 00:33:36.510 +01:00 [INF] Route matched with {action = "Profile", controller = "Home", page = "", area = ""}. Executing controller action with signature Microsoft.AspNetCore.Mvc.IActionResult Profile() on controller SubApp1.Controllers.HomeController (SubApp1).
2024-11-30 00:33:37.809 +01:00 [INF] Executing ViewResult, running view Profile.
2024-11-30 00:33:38.034 +01:00 [INF] Executed ViewResult - view Profile executed in 1351.6434ms.
2024-11-30 00:33:38.035 +01:00 [INF] Executed action SubApp1.Controllers.HomeController.Profile (SubApp1) in 1525.4256ms
2024-11-30 00:33:38.035 +01:00 [INF] Executed endpoint 'SubApp1.Controllers.HomeController.Profile (SubApp1)'
2024-11-30 00:33:38.039 +01:00 [INF] Request finished HTTP/1.1 GET http://localhost:5003/Home/Profile - 200 null text/html; charset=utf-8 1859.7865ms
2024-11-30 00:33:38.050 +01:00 [INF] Request starting HTTP/1.1 GET http://localhost:5003/css/site.css?v=Z5d-TUfCurKABNvMp8wjF5pDVcN1C-GJWZnlAYoyCrw - null null
2024-11-30 00:33:38.051 +01:00 [INF] Request starting HTTP/1.1 GET http://localhost:5003/Images/profile_trdj0qvw.t0y638685234780193273.png - null null
2024-11-30 00:33:38.051 +01:00 [INF] Request starting HTTP/1.1 GET http://localhost:5003/js/jquery.min.js - null null
2024-11-30 00:33:38.051 +01:00 [INF] Request starting HTTP/1.1 GET http://localhost:5003/js/bootstrap.js - null null
2024-11-30 00:33:38.051 +01:00 [INF] The file /Images/profile_trdj0qvw.t0y638685234780193273.png was not modified
2024-11-30 00:33:38.052 +01:00 [INF] Request finished HTTP/1.1 GET http://localhost:5003/Images/profile_trdj0qvw.t0y638685234780193273.png - 304 null image/png 1.0814ms
2024-11-30 00:33:38.054 +01:00 [INF] Sending file. Request path: '/css/site.css'. Physical path: 'C:\Users\Kevol\Desktop\GitHub\CodeCraft\SubApp1\wwwroot\css\site.css'
2024-11-30 00:33:38.054 +01:00 [INF] Request finished HTTP/1.1 GET http://localhost:5003/css/site.css?v=Z5d-TUfCurKABNvMp8wjF5pDVcN1C-GJWZnlAYoyCrw - 200 3031 text/css 4.472ms
2024-11-30 00:33:38.058 +01:00 [INF] Request finished HTTP/1.1 GET http://localhost:5003/js/jquery.min.js - 404 0 null 7.9532ms
2024-11-30 00:33:38.058 +01:00 [INF] Request finished HTTP/1.1 GET http://localhost:5003/js/bootstrap.js - 404 0 null 7.8895ms
2024-11-30 00:33:38.059 +01:00 [INF] Request reached the end of the middleware pipeline without being handled by application code. Request path: GET http://localhost:5003/js/bootstrap.js, Response status code: 404
2024-11-30 00:33:38.059 +01:00 [INF] Request reached the end of the middleware pipeline without being handled by application code. Request path: GET http://localhost:5003/js/jquery.min.js, Response status code: 404
2024-11-30 00:33:41.871 +01:00 [INF] Request starting HTTP/1.1 GET http://localhost:5003/Identity/Account/Manage - null null
2024-11-30 00:33:42.077 +01:00 [INF] Executing endpoint '/Account/Manage/Index'
2024-11-30 00:33:42.158 +01:00 [INF] Route matched with {page = "/Account/Manage/Index", area = "Identity", action = "", controller = ""}. Executing page /Account/Manage/Index
2024-11-30 00:33:42.162 +01:00 [INF] Executing handler method SubApp1.Areas.Identity.Pages.Account.Manage.IndexModel.OnGetAsync - ModelState is "Valid"
2024-11-30 00:33:42.178 +01:00 [INF] Executed handler method OnGetAsync, returned result Microsoft.AspNetCore.Mvc.RazorPages.PageResult.
2024-11-30 00:33:42.365 +01:00 [INF] Executed page /Account/Manage/Index in 207.3011ms
2024-11-30 00:33:42.365 +01:00 [INF] Executed endpoint '/Account/Manage/Index'
2024-11-30 00:33:42.365 +01:00 [INF] Request finished HTTP/1.1 GET http://localhost:5003/Identity/Account/Manage - 200 null text/html; charset=utf-8 494.5145ms
2024-11-30 00:33:42.382 +01:00 [INF] Request starting HTTP/1.1 GET http://localhost:5003/css/site.css?v=Z5d-TUfCurKABNvMp8wjF5pDVcN1C-GJWZnlAYoyCrw - null null
2024-11-30 00:33:42.383 +01:00 [INF] Request starting HTTP/1.1 GET http://localhost:5003/js/bootstrap.js - null null
2024-11-30 00:33:42.383 +01:00 [INF] The file /css/site.css was not modified
2024-11-30 00:33:42.383 +01:00 [INF] Request finished HTTP/1.1 GET http://localhost:5003/css/site.css?v=Z5d-TUfCurKABNvMp8wjF5pDVcN1C-GJWZnlAYoyCrw - 304 null text/css 0.7513ms
2024-11-30 00:33:42.383 +01:00 [INF] Request starting HTTP/1.1 GET http://localhost:5003/js/jquery.min.js - null null
2024-11-30 00:33:42.384 +01:00 [INF] Request finished HTTP/1.1 GET http://localhost:5003/js/bootstrap.js - 404 0 null 1.7708ms
2024-11-30 00:33:42.384 +01:00 [INF] Request finished HTTP/1.1 GET http://localhost:5003/js/jquery.min.js - 404 0 null 1.561ms
2024-11-30 00:33:42.384 +01:00 [INF] Request reached the end of the middleware pipeline without being handled by application code. Request path: GET http://localhost:5003/js/bootstrap.js, Response status code: 404
2024-11-30 00:33:42.384 +01:00 [INF] Request reached the end of the middleware pipeline without being handled by application code. Request path: GET http://localhost:5003/js/jquery.min.js, Response status code: 404
2024-11-30 00:33:43.682 +01:00 [INF] Request starting HTTP/1.1 GET http://localhost:5003/Home/Profile - null null
2024-11-30 00:33:43.684 +01:00 [INF] Executing endpoint 'SubApp1.Controllers.HomeController.Profile (SubApp1)'
2024-11-30 00:33:43.684 +01:00 [INF] Route matched with {action = "Profile", controller = "Home", page = "", area = ""}. Executing controller action with signature Microsoft.AspNetCore.Mvc.IActionResult Profile() on controller SubApp1.Controllers.HomeController (SubApp1).
2024-11-30 00:33:43.687 +01:00 [INF] Executing ViewResult, running view Profile.
2024-11-30 00:33:43.688 +01:00 [INF] Executed ViewResult - view Profile executed in 1.3526ms.
2024-11-30 00:33:43.689 +01:00 [INF] Executed action SubApp1.Controllers.HomeController.Profile (SubApp1) in 4.0637ms
2024-11-30 00:33:43.689 +01:00 [INF] Executed endpoint 'SubApp1.Controllers.HomeController.Profile (SubApp1)'
2024-11-30 00:33:43.689 +01:00 [INF] Request finished HTTP/1.1 GET http://localhost:5003/Home/Profile - 200 null text/html; charset=utf-8 6.3475ms
2024-11-30 00:33:46.070 +01:00 [INF] Request starting HTTP/1.1 GET http://localhost:5003/Identity/Account/Manage - null null
2024-11-30 00:33:46.072 +01:00 [INF] Executing endpoint '/Account/Manage/Index'
2024-11-30 00:33:46.073 +01:00 [INF] Route matched with {page = "/Account/Manage/Index", area = "Identity", action = "", controller = ""}. Executing page /Account/Manage/Index
2024-11-30 00:33:46.073 +01:00 [INF] Executing handler method SubApp1.Areas.Identity.Pages.Account.Manage.IndexModel.OnGetAsync - ModelState is "Valid"
2024-11-30 00:33:46.074 +01:00 [INF] Executed handler method OnGetAsync, returned result Microsoft.AspNetCore.Mvc.RazorPages.PageResult.
2024-11-30 00:33:46.076 +01:00 [INF] Executed page /Account/Manage/Index in 3.2803ms
2024-11-30 00:33:46.076 +01:00 [INF] Executed endpoint '/Account/Manage/Index'
2024-11-30 00:33:46.076 +01:00 [INF] Request finished HTTP/1.1 GET http://localhost:5003/Identity/Account/Manage - 200 null text/html; charset=utf-8 6.5863ms
2024-11-30 00:33:46.095 +01:00 [INF] Request starting HTTP/1.1 GET http://localhost:5003/css/site.css?v=Z5d-TUfCurKABNvMp8wjF5pDVcN1C-GJWZnlAYoyCrw - null null
2024-11-30 00:33:46.095 +01:00 [INF] The file /css/site.css was not modified
2024-11-30 00:33:46.095 +01:00 [INF] Request finished HTTP/1.1 GET http://localhost:5003/css/site.css?v=Z5d-TUfCurKABNvMp8wjF5pDVcN1C-GJWZnlAYoyCrw - 304 null text/css 0.2736ms
2024-11-30 00:33:46.097 +01:00 [INF] Request starting HTTP/1.1 GET http://localhost:5003/js/bootstrap.js - null null
2024-11-30 00:33:46.097 +01:00 [INF] Request starting HTTP/1.1 GET http://localhost:5003/js/jquery.min.js - null null
2024-11-30 00:33:46.098 +01:00 [INF] Request finished HTTP/1.1 GET http://localhost:5003/js/jquery.min.js - 404 0 null 0.845ms
2024-11-30 00:33:46.098 +01:00 [INF] Request finished HTTP/1.1 GET http://localhost:5003/js/bootstrap.js - 404 0 null 1.2838ms
2024-11-30 00:33:46.098 +01:00 [INF] Request reached the end of the middleware pipeline without being handled by application code. Request path: GET http://localhost:5003/js/jquery.min.js, Response status code: 404
2024-11-30 00:33:46.098 +01:00 [INF] Request reached the end of the middleware pipeline without being handled by application code. Request path: GET http://localhost:5003/js/bootstrap.js, Response status code: 404
2024-11-30 00:33:52.824 +01:00 [INF] Request starting HTTP/1.1 POST http://localhost:5003/Identity/Account/Manage - multipart/form-data; boundary=----WebKitFormBoundarybrQexgRVyud3SFJb 315852
2024-11-30 00:33:52.825 +01:00 [INF] Executing endpoint '/Account/Manage/Index'
2024-11-30 00:33:52.826 +01:00 [INF] Route matched with {page = "/Account/Manage/Index", area = "Identity", action = "", controller = ""}. Executing page /Account/Manage/Index
2024-11-30 00:33:52.840 +01:00 [INF] Executing handler method SubApp1.Areas.Identity.Pages.Account.Manage.IndexModel.OnPostAsync - ModelState is "Valid"
2024-11-30 00:33:52.947 +01:00 [INF] AuthenticationScheme: Identity.Application signed in.
2024-11-30 00:33:52.948 +01:00 [INF] Executed handler method OnPostAsync, returned result Microsoft.AspNetCore.Mvc.RedirectToPageResult.
2024-11-30 00:33:52.949 +01:00 [INF] Executing RedirectToPageResult, redirecting to null.
2024-11-30 00:33:52.949 +01:00 [INF] Executed page /Account/Manage/Index in 123.6754ms
2024-11-30 00:33:52.949 +01:00 [INF] Executed endpoint '/Account/Manage/Index'
2024-11-30 00:33:52.950 +01:00 [INF] Request finished HTTP/1.1 POST http://localhost:5003/Identity/Account/Manage - 302 0 null 125.7809ms
2024-11-30 00:33:52.952 +01:00 [INF] Request starting HTTP/1.1 GET http://localhost:5003/Identity/Account/Manage - null null
2024-11-30 00:33:52.954 +01:00 [INF] Executing endpoint '/Account/Manage/Index'
2024-11-30 00:33:52.954 +01:00 [INF] Route matched with {page = "/Account/Manage/Index", area = "Identity", action = "", controller = ""}. Executing page /Account/Manage/Index
2024-11-30 00:33:52.954 +01:00 [INF] Executing handler method SubApp1.Areas.Identity.Pages.Account.Manage.IndexModel.OnGetAsync - ModelState is "Valid"
2024-11-30 00:33:52.955 +01:00 [INF] Executed handler method OnGetAsync, returned result Microsoft.AspNetCore.Mvc.RazorPages.PageResult.
2024-11-30 00:33:52.956 +01:00 [INF] Executed page /Account/Manage/Index in 2.1531ms
2024-11-30 00:33:52.956 +01:00 [INF] Executed endpoint '/Account/Manage/Index'
2024-11-30 00:33:52.956 +01:00 [INF] Request finished HTTP/1.1 GET http://localhost:5003/Identity/Account/Manage - 200 null text/html; charset=utf-8 4.0715ms
2024-11-30 00:33:52.975 +01:00 [INF] Request starting HTTP/1.1 GET http://localhost:5003/css/site.css?v=Z5d-TUfCurKABNvMp8wjF5pDVcN1C-GJWZnlAYoyCrw - null null
2024-11-30 00:33:52.975 +01:00 [INF] The file /css/site.css was not modified
2024-11-30 00:33:52.976 +01:00 [INF] Request finished HTTP/1.1 GET http://localhost:5003/css/site.css?v=Z5d-TUfCurKABNvMp8wjF5pDVcN1C-GJWZnlAYoyCrw - 304 null text/css 0.2748ms
2024-11-30 00:33:52.976 +01:00 [INF] Request starting HTTP/1.1 GET http://localhost:5003/js/bootstrap.js - null null
2024-11-30 00:33:52.976 +01:00 [INF] Request starting HTTP/1.1 GET http://localhost:5003/js/jquery.min.js - null null
2024-11-30 00:33:52.977 +01:00 [INF] Request finished HTTP/1.1 GET http://localhost:5003/js/bootstrap.js - 404 0 null 1.238ms
2024-11-30 00:33:52.977 +01:00 [INF] Request finished HTTP/1.1 GET http://localhost:5003/js/jquery.min.js - 404 0 null 0.8948ms
2024-11-30 00:33:52.977 +01:00 [INF] Request reached the end of the middleware pipeline without being handled by application code. Request path: GET http://localhost:5003/js/bootstrap.js, Response status code: 404
2024-11-30 00:33:52.977 +01:00 [INF] Request reached the end of the middleware pipeline without being handled by application code. Request path: GET http://localhost:5003/js/jquery.min.js, Response status code: 404
2024-11-30 00:33:54.300 +01:00 [INF] Request starting HTTP/1.1 GET http://localhost:5003/Home/Profile - null null
2024-11-30 00:33:54.301 +01:00 [INF] Executing endpoint 'SubApp1.Controllers.HomeController.Profile (SubApp1)'
2024-11-30 00:33:54.301 +01:00 [INF] Route matched with {action = "Profile", controller = "Home", page = "", area = ""}. Executing controller action with signature Microsoft.AspNetCore.Mvc.IActionResult Profile() on controller SubApp1.Controllers.HomeController (SubApp1).
2024-11-30 00:33:54.302 +01:00 [INF] Executing ViewResult, running view Profile.
2024-11-30 00:33:54.303 +01:00 [INF] Executed ViewResult - view Profile executed in 1.2341ms.
2024-11-30 00:33:54.303 +01:00 [INF] Executed action SubApp1.Controllers.HomeController.Profile (SubApp1) in 2.1329ms
2024-11-30 00:33:54.303 +01:00 [INF] Executed endpoint 'SubApp1.Controllers.HomeController.Profile (SubApp1)'
2024-11-30 00:33:54.303 +01:00 [INF] Request finished HTTP/1.1 GET http://localhost:5003/Home/Profile - 200 null text/html; charset=utf-8 3.6282ms
2024-11-30 00:33:54.323 +01:00 [INF] Request starting HTTP/1.1 GET http://localhost:5003/css/site.css?v=Z5d-TUfCurKABNvMp8wjF5pDVcN1C-GJWZnlAYoyCrw - null null
2024-11-30 00:33:54.323 +01:00 [INF] The file /css/site.css was not modified
2024-11-30 00:33:54.323 +01:00 [INF] Request finished HTTP/1.1 GET http://localhost:5003/css/site.css?v=Z5d-TUfCurKABNvMp8wjF5pDVcN1C-GJWZnlAYoyCrw - 304 null text/css 0.2964ms
2024-11-30 00:33:54.324 +01:00 [INF] Request starting HTTP/1.1 GET http://localhost:5003/js/bootstrap.js - null null
2024-11-30 00:33:54.325 +01:00 [INF] Request starting HTTP/1.1 GET http://localhost:5003/Images/profile_wldo5nno.0jr638685236328416948.png - null null
2024-11-30 00:33:54.325 +01:00 [INF] Request starting HTTP/1.1 GET http://localhost:5003/js/jquery.min.js - null null
2024-11-30 00:33:54.325 +01:00 [INF] Request finished HTTP/1.1 GET http://localhost:5003/js/bootstrap.js - 404 0 null 1.0329ms
2024-11-30 00:33:54.326 +01:00 [INF] Request reached the end of the middleware pipeline without being handled by application code. Request path: GET http://localhost:5003/js/bootstrap.js, Response status code: 404
2024-11-30 00:33:54.326 +01:00 [INF] Request finished HTTP/1.1 GET http://localhost:5003/js/jquery.min.js - 404 0 null 0.8658ms
2024-11-30 00:33:54.326 +01:00 [INF] Request reached the end of the middleware pipeline without being handled by application code. Request path: GET http://localhost:5003/js/jquery.min.js, Response status code: 404
2024-11-30 00:33:54.327 +01:00 [INF] Sending file. Request path: '/Images/profile_wldo5nno.0jr638685236328416948.png'. Physical path: 'C:\Users\Kevol\Desktop\GitHub\CodeCraft\SubApp1\wwwroot\Images\profile_wldo5nno.0jr638685236328416948.png'
2024-11-30 00:33:54.327 +01:00 [INF] Request finished HTTP/1.1 GET http://localhost:5003/Images/profile_wldo5nno.0jr638685236328416948.png - 200 315220 image/png 2.5454ms
2024-11-30 00:34:26.858 +01:00 [INF] Request starting HTTP/1.1 GET http://localhost:5003/Home/Profile - null null
2024-11-30 00:34:26.859 +01:00 [INF] Executing endpoint 'SubApp1.Controllers.HomeController.Profile (SubApp1)'
2024-11-30 00:34:26.859 +01:00 [INF] Route matched with {action = "Profile", controller = "Home", page = "", area = ""}. Executing controller action with signature Microsoft.AspNetCore.Mvc.IActionResult Profile() on controller SubApp1.Controllers.HomeController (SubApp1).
2024-11-30 00:34:26.861 +01:00 [INF] Executing ViewResult, running view Profile.
2024-11-30 00:34:26.868 +01:00 [INF] Executed ViewResult - view Profile executed in 7.1557ms.
2024-11-30 00:34:26.868 +01:00 [INF] Executed action SubApp1.Controllers.HomeController.Profile (SubApp1) in 8.3017ms
2024-11-30 00:34:26.868 +01:00 [INF] Executed endpoint 'SubApp1.Controllers.HomeController.Profile (SubApp1)'
2024-11-30 00:34:26.868 +01:00 [INF] Request finished HTTP/1.1 GET http://localhost:5003/Home/Profile - 200 null text/html; charset=utf-8 9.7529ms
2024-11-30 00:34:26.882 +01:00 [INF] Request starting HTTP/1.1 GET http://localhost:5003/css/site.css?v=qalJO62tvvTD2L519-hM5orxiTnrtDF5xNK56NB3aQs - null null
2024-11-30 00:34:26.883 +01:00 [INF] Sending file. Request path: '/css/site.css'. Physical path: 'C:\Users\Kevol\Desktop\GitHub\CodeCraft\SubApp1\wwwroot\css\site.css'
2024-11-30 00:34:26.883 +01:00 [INF] Request finished HTTP/1.1 GET http://localhost:5003/css/site.css?v=qalJO62tvvTD2L519-hM5orxiTnrtDF5xNK56NB3aQs - 200 3073 text/css 0.7859ms
2024-11-30 00:34:26.883 +01:00 [INF] Request starting HTTP/1.1 GET http://localhost:5003/js/bootstrap.js - null null
2024-11-30 00:34:26.884 +01:00 [INF] Request starting HTTP/1.1 GET http://localhost:5003/js/jquery.min.js - null null
2024-11-30 00:34:26.884 +01:00 [INF] Request starting HTTP/1.1 GET http://localhost:5003/Images/profile_wldo5nno.0jr638685236328416948.png - null null
2024-11-30 00:34:26.884 +01:00 [INF] The file /Images/profile_wldo5nno.0jr638685236328416948.png was not modified
2024-11-30 00:34:26.884 +01:00 [INF] Request finished HTTP/1.1 GET http://localhost:5003/Images/profile_wldo5nno.0jr638685236328416948.png - 304 null image/png 0.3514ms
2024-11-30 00:34:26.884 +01:00 [INF] Request finished HTTP/1.1 GET http://localhost:5003/js/jquery.min.js - 404 0 null 0.9375ms
2024-11-30 00:34:26.885 +01:00 [INF] Request reached the end of the middleware pipeline without being handled by application code. Request path: GET http://localhost:5003/js/jquery.min.js, Response status code: 404
2024-11-30 00:34:26.888 +01:00 [INF] Request finished HTTP/1.1 GET http://localhost:5003/js/bootstrap.js - 404 0 null 4.109ms
2024-11-30 00:34:26.888 +01:00 [INF] Request reached the end of the middleware pipeline without being handled by application code. Request path: GET http://localhost:5003/js/bootstrap.js, Response status code: 404
2024-11-30 00:34:34.332 +01:00 [INF] Request starting HTTP/1.1 GET http://localhost:5003/ - null null
2024-11-30 00:34:34.333 +01:00 [INF] Executing endpoint 'SubApp1.Controllers.HomeController.Index (SubApp1)'
2024-11-30 00:34:34.334 +01:00 [INF] Route matched with {action = "Index", controller = "Home", page = "", area = ""}. Executing controller action with signature Microsoft.AspNetCore.Mvc.IActionResult Index() on controller SubApp1.Controllers.HomeController (SubApp1).
2024-11-30 00:34:34.483 +01:00 [INF] Executing ViewResult, running view Index.
2024-11-30 00:34:34.486 +01:00 [INF] Executed ViewResult - view Index executed in 144.976ms.
2024-11-30 00:34:34.486 +01:00 [INF] Executed action SubApp1.Controllers.HomeController.Index (SubApp1) in 152.6733ms
2024-11-30 00:34:34.486 +01:00 [INF] Executed endpoint 'SubApp1.Controllers.HomeController.Index (SubApp1)'
2024-11-30 00:34:34.487 +01:00 [INF] Request finished HTTP/1.1 GET http://localhost:5003/ - 200 null text/html; charset=utf-8 154.9989ms
2024-11-30 00:34:34.502 +01:00 [INF] Request starting HTTP/1.1 GET http://localhost:5003/css/site.css?v=qalJO62tvvTD2L519-hM5orxiTnrtDF5xNK56NB3aQs - null null
2024-11-30 00:34:34.503 +01:00 [INF] Request starting HTTP/1.1 GET http://localhost:5003/js/bootstrap.js - null null
2024-11-30 00:34:34.503 +01:00 [INF] The file /css/site.css was not modified
2024-11-30 00:34:34.503 +01:00 [INF] Request starting HTTP/1.1 GET http://localhost:5003/js/jquery.min.js - null null
2024-11-30 00:34:34.503 +01:00 [INF] Request finished HTTP/1.1 GET http://localhost:5003/css/site.css?v=qalJO62tvvTD2L519-hM5orxiTnrtDF5xNK56NB3aQs - 304 null text/css 0.3771ms
2024-11-30 00:34:34.503 +01:00 [INF] Request starting HTTP/1.1 GET http://localhost:5003/Images/profile_wldo5nno.0jr638685236328416948.png - null null
2024-11-30 00:34:34.503 +01:00 [INF] The file /Images/profile_wldo5nno.0jr638685236328416948.png was not modified
2024-11-30 00:34:34.503 +01:00 [INF] Request finished HTTP/1.1 GET http://localhost:5003/Images/profile_wldo5nno.0jr638685236328416948.png - 304 null image/png 0.3789ms
2024-11-30 00:34:34.504 +01:00 [INF] Request finished HTTP/1.1 GET http://localhost:5003/js/bootstrap.js - 404 0 null 1.4496ms
2024-11-30 00:34:34.504 +01:00 [INF] Request finished HTTP/1.1 GET http://localhost:5003/js/jquery.min.js - 404 0 null 1.3921ms
2024-11-30 00:34:34.504 +01:00 [INF] Request reached the end of the middleware pipeline without being handled by application code. Request path: GET http://localhost:5003/js/bootstrap.js, Response status code: 404
2024-11-30 00:34:34.504 +01:00 [INF] Request reached the end of the middleware pipeline without being handled by application code. Request path: GET http://localhost:5003/js/jquery.min.js, Response status code: 404
2024-11-30 00:34:58.341 +01:00 [INF] Request starting HTTP/1.1 GET http://localhost:5003/Home/Profile - null null
2024-11-30 00:34:58.342 +01:00 [INF] Executing endpoint 'SubApp1.Controllers.HomeController.Profile (SubApp1)'
2024-11-30 00:34:58.342 +01:00 [INF] Route matched with {action = "Profile", controller = "Home", page = "", area = ""}. Executing controller action with signature Microsoft.AspNetCore.Mvc.IActionResult Profile() on controller SubApp1.Controllers.HomeController (SubApp1).
2024-11-30 00:34:58.343 +01:00 [INF] Executing ViewResult, running view Profile.
2024-11-30 00:34:58.344 +01:00 [INF] Executed ViewResult - view Profile executed in 0.6061ms.
2024-11-30 00:34:58.344 +01:00 [INF] Executed action SubApp1.Controllers.HomeController.Profile (SubApp1) in 1.4118ms
2024-11-30 00:34:58.344 +01:00 [INF] Executed endpoint 'SubApp1.Controllers.HomeController.Profile (SubApp1)'
2024-11-30 00:34:58.344 +01:00 [INF] Request finished HTTP/1.1 GET http://localhost:5003/Home/Profile - 200 null text/html; charset=utf-8 2.7237ms
2024-11-30 00:34:58.363 +01:00 [INF] Request starting HTTP/1.1 GET http://localhost:5003/css/site.css?v=qalJO62tvvTD2L519-hM5orxiTnrtDF5xNK56NB3aQs - null null
2024-11-30 00:34:58.363 +01:00 [INF] The file /css/site.css was not modified
2024-11-30 00:34:58.363 +01:00 [INF] Request finished HTTP/1.1 GET http://localhost:5003/css/site.css?v=qalJO62tvvTD2L519-hM5orxiTnrtDF5xNK56NB3aQs - 304 null text/css 0.2752ms
2024-11-30 00:34:58.364 +01:00 [INF] Request starting HTTP/1.1 GET http://localhost:5003/js/bootstrap.js - null null
2024-11-30 00:34:58.364 +01:00 [INF] Request starting HTTP/1.1 GET http://localhost:5003/js/jquery.min.js - null null
2024-11-30 00:34:58.365 +01:00 [INF] Request starting HTTP/1.1 GET http://localhost:5003/Images/profile_wldo5nno.0jr638685236328416948.png - null null
2024-11-30 00:34:58.365 +01:00 [INF] The file /Images/profile_wldo5nno.0jr638685236328416948.png was not modified
2024-11-30 00:34:58.365 +01:00 [INF] Request finished HTTP/1.1 GET http://localhost:5003/Images/profile_wldo5nno.0jr638685236328416948.png - 304 null image/png 0.2841ms
2024-11-30 00:34:58.365 +01:00 [INF] Request finished HTTP/1.1 GET http://localhost:5003/js/jquery.min.js - 404 0 null 1.1337ms
2024-11-30 00:34:58.366 +01:00 [INF] Request reached the end of the middleware pipeline without being handled by application code. Request path: GET http://localhost:5003/js/jquery.min.js, Response status code: 404
2024-11-30 00:34:58.380 +01:00 [INF] Request finished HTTP/1.1 GET http://localhost:5003/js/bootstrap.js - 404 0 null 15.5922ms
2024-11-30 00:34:58.380 +01:00 [INF] Request reached the end of the middleware pipeline without being handled by application code. Request path: GET http://localhost:5003/js/bootstrap.js, Response status code: 404
2024-11-30 00:35:40.600 +01:00 [INF] Request starting HTTP/1.1 GET http://localhost:5003/Home/Profile - null null
2024-11-30 00:35:40.601 +01:00 [INF] Executing endpoint 'SubApp1.Controllers.HomeController.Profile (SubApp1)'
2024-11-30 00:35:40.601 +01:00 [INF] Route matched with {action = "Profile", controller = "Home", page = "", area = ""}. Executing controller action with signature Microsoft.AspNetCore.Mvc.IActionResult Profile() on controller SubApp1.Controllers.HomeController (SubApp1).
2024-11-30 00:35:40.602 +01:00 [INF] Executing ViewResult, running view Profile.
2024-11-30 00:35:40.602 +01:00 [INF] Executed ViewResult - view Profile executed in 0.6015ms.
2024-11-30 00:35:40.602 +01:00 [INF] Executed action SubApp1.Controllers.HomeController.Profile (SubApp1) in 1.3978ms
2024-11-30 00:35:40.602 +01:00 [INF] Executed endpoint 'SubApp1.Controllers.HomeController.Profile (SubApp1)'
2024-11-30 00:35:40.602 +01:00 [INF] Request finished HTTP/1.1 GET http://localhost:5003/Home/Profile - 200 null text/html; charset=utf-8 2.6279ms
2024-11-30 00:35:40.616 +01:00 [INF] Request starting HTTP/1.1 GET http://localhost:5003/css/site.css?v=qalJO62tvvTD2L519-hM5orxiTnrtDF5xNK56NB3aQs - null null
2024-11-30 00:35:40.617 +01:00 [INF] The file /css/site.css was not modified
2024-11-30 00:35:40.617 +01:00 [INF] Request finished HTTP/1.1 GET http://localhost:5003/css/site.css?v=qalJO62tvvTD2L519-hM5orxiTnrtDF5xNK56NB3aQs - 304 null text/css 0.2986ms
2024-11-30 00:35:40.618 +01:00 [INF] Request starting HTTP/1.1 GET http://localhost:5003/js/bootstrap.js - null null
2024-11-30 00:35:40.618 +01:00 [INF] Request starting HTTP/1.1 GET http://localhost:5003/js/jquery.min.js - null null
2024-11-30 00:35:40.618 +01:00 [INF] Request starting HTTP/1.1 GET http://localhost:5003/Images/profile_wldo5nno.0jr638685236328416948.png - null null
2024-11-30 00:35:40.619 +01:00 [INF] Request finished HTTP/1.1 GET http://localhost:5003/js/bootstrap.js - 404 0 null 1.0062ms
2024-11-30 00:35:40.619 +01:00 [INF] Request reached the end of the middleware pipeline without being handled by application code. Request path: GET http://localhost:5003/js/bootstrap.js, Response status code: 404
2024-11-30 00:35:40.619 +01:00 [INF] Request finished HTTP/1.1 GET http://localhost:5003/js/jquery.min.js - 404 0 null 1.0058ms
2024-11-30 00:35:40.619 +01:00 [INF] Request reached the end of the middleware pipeline without being handled by application code. Request path: GET http://localhost:5003/js/jquery.min.js, Response status code: 404
2024-11-30 00:35:40.619 +01:00 [INF] Request finished HTTP/1.1 GET http://localhost:5003/Images/profile_wldo5nno.0jr638685236328416948.png - 404 0 null 1.2165ms
2024-11-30 00:35:40.619 +01:00 [INF] Request reached the end of the middleware pipeline without being handled by application code. Request path: GET http://localhost:5003/Images/profile_wldo5nno.0jr638685236328416948.png, Response status code: 404
2024-11-30 00:35:40.657 +01:00 [INF] Request starting HTTP/1.1 GET http://localhost:5003/Images/profile_wldo5nno.0jr638685236328416948.png - null null
2024-11-30 00:35:40.658 +01:00 [INF] Request finished HTTP/1.1 GET http://localhost:5003/Images/profile_wldo5nno.0jr638685236328416948.png - 404 0 null 0.9861ms
2024-11-30 00:35:40.658 +01:00 [INF] Request reached the end of the middleware pipeline without being handled by application code. Request path: GET http://localhost:5003/Images/profile_wldo5nno.0jr638685236328416948.png, Response status code: 404
2024-11-30 00:36:03.657 +01:00 [INF] Request starting HTTP/1.1 GET http://localhost:5003/Identity/Account/Manage - null null
2024-11-30 00:36:03.658 +01:00 [INF] Executing endpoint '/Account/Manage/Index'
2024-11-30 00:36:03.658 +01:00 [INF] Route matched with {page = "/Account/Manage/Index", area = "Identity", action = "", controller = ""}. Executing page /Account/Manage/Index
2024-11-30 00:36:03.658 +01:00 [INF] Executing handler method SubApp1.Areas.Identity.Pages.Account.Manage.IndexModel.OnGetAsync - ModelState is "Valid"
2024-11-30 00:36:03.658 +01:00 [INF] Executed handler method OnGetAsync, returned result Microsoft.AspNetCore.Mvc.RazorPages.PageResult.
2024-11-30 00:36:03.659 +01:00 [INF] Executed page /Account/Manage/Index in 1.3203ms
2024-11-30 00:36:03.659 +01:00 [INF] Executed endpoint '/Account/Manage/Index'
2024-11-30 00:36:03.659 +01:00 [INF] Request finished HTTP/1.1 GET http://localhost:5003/Identity/Account/Manage - 200 null text/html; charset=utf-8 2.4052ms
2024-11-30 00:36:03.676 +01:00 [INF] Request starting HTTP/1.1 GET http://localhost:5003/css/site.css?v=qalJO62tvvTD2L519-hM5orxiTnrtDF5xNK56NB3aQs - null null
2024-11-30 00:36:03.676 +01:00 [INF] Request starting HTTP/1.1 GET http://localhost:5003/js/bootstrap.js - null null
2024-11-30 00:36:03.676 +01:00 [INF] The file /css/site.css was not modified
2024-11-30 00:36:03.676 +01:00 [INF] Request starting HTTP/1.1 GET http://localhost:5003/js/jquery.min.js - null null
2024-11-30 00:36:03.676 +01:00 [INF] Request finished HTTP/1.1 GET http://localhost:5003/css/site.css?v=qalJO62tvvTD2L519-hM5orxiTnrtDF5xNK56NB3aQs - 304 null text/css 0.2263ms
2024-11-30 00:36:03.677 +01:00 [INF] Request finished HTTP/1.1 GET http://localhost:5003/js/jquery.min.js - 404 0 null 0.8992ms
2024-11-30 00:36:03.677 +01:00 [INF] Request reached the end of the middleware pipeline without being handled by application code. Request path: GET http://localhost:5003/js/jquery.min.js, Response status code: 404
2024-11-30 00:36:03.681 +01:00 [INF] Request finished HTTP/1.1 GET http://localhost:5003/js/bootstrap.js - 404 0 null 5.195ms
2024-11-30 00:36:03.681 +01:00 [INF] Request reached the end of the middleware pipeline without being handled by application code. Request path: GET http://localhost:5003/js/bootstrap.js, Response status code: 404
2024-11-30 00:36:06.961 +01:00 [INF] Request starting HTTP/1.1 POST http://localhost:5003/Identity/Account/Manage - multipart/form-data; boundary=----WebKitFormBoundaryg1BdTmh5H84jGuR5 315852
2024-11-30 00:36:06.962 +01:00 [INF] Executing endpoint '/Account/Manage/Index'
2024-11-30 00:36:06.962 +01:00 [INF] Route matched with {page = "/Account/Manage/Index", area = "Identity", action = "", controller = ""}. Executing page /Account/Manage/Index
2024-11-30 00:36:06.964 +01:00 [INF] Executing handler method SubApp1.Areas.Identity.Pages.Account.Manage.IndexModel.OnPostAsync - ModelState is "Valid"
2024-11-30 00:36:06.982 +01:00 [INF] AuthenticationScheme: Identity.Application signed in.
2024-11-30 00:36:06.982 +01:00 [INF] Executed handler method OnPostAsync, returned result Microsoft.AspNetCore.Mvc.RedirectToPageResult.
2024-11-30 00:36:06.982 +01:00 [INF] Executing RedirectToPageResult, redirecting to null.
2024-11-30 00:36:06.983 +01:00 [INF] Executed page /Account/Manage/Index in 20.5147ms
2024-11-30 00:36:06.983 +01:00 [INF] Executed endpoint '/Account/Manage/Index'
2024-11-30 00:36:06.983 +01:00 [INF] Request finished HTTP/1.1 POST http://localhost:5003/Identity/Account/Manage - 302 0 null 22.1064ms
2024-11-30 00:36:06.985 +01:00 [INF] Request starting HTTP/1.1 GET http://localhost:5003/Identity/Account/Manage - null null
2024-11-30 00:36:06.986 +01:00 [INF] Executing endpoint '/Account/Manage/Index'
2024-11-30 00:36:06.986 +01:00 [INF] Route matched with {page = "/Account/Manage/Index", area = "Identity", action = "", controller = ""}. Executing page /Account/Manage/Index
2024-11-30 00:36:06.986 +01:00 [INF] Executing handler method SubApp1.Areas.Identity.Pages.Account.Manage.IndexModel.OnGetAsync - ModelState is "Valid"
2024-11-30 00:36:06.987 +01:00 [INF] Executed handler method OnGetAsync, returned result Microsoft.AspNetCore.Mvc.RazorPages.PageResult.
2024-11-30 00:36:06.987 +01:00 [INF] Executed page /Account/Manage/Index in 1.299ms
2024-11-30 00:36:06.987 +01:00 [INF] Executed endpoint '/Account/Manage/Index'
2024-11-30 00:36:06.988 +01:00 [INF] Request finished HTTP/1.1 GET http://localhost:5003/Identity/Account/Manage - 200 null text/html; charset=utf-8 2.7597ms
2024-11-30 00:36:07.004 +01:00 [INF] Request starting HTTP/1.1 GET http://localhost:5003/js/bootstrap.js - null null
2024-11-30 00:36:07.005 +01:00 [INF] Request starting HTTP/1.1 GET http://localhost:5003/js/jquery.min.js - null null
2024-11-30 00:36:07.005 +01:00 [INF] Request finished HTTP/1.1 GET http://localhost:5003/js/bootstrap.js - 404 0 null 0.9346ms
2024-11-30 00:36:07.005 +01:00 [INF] Request reached the end of the middleware pipeline without being handled by application code. Request path: GET http://localhost:5003/js/bootstrap.js, Response status code: 404
2024-11-30 00:36:07.005 +01:00 [INF] Request finished HTTP/1.1 GET http://localhost:5003/js/jquery.min.js - 404 0 null 0.7819ms
2024-11-30 00:36:07.005 +01:00 [INF] Request reached the end of the middleware pipeline without being handled by application code. Request path: GET http://localhost:5003/js/jquery.min.js, Response status code: 404
2024-11-30 00:36:08.179 +01:00 [INF] Request starting HTTP/1.1 GET http://localhost:5003/Home/Profile - null null
2024-11-30 00:36:08.180 +01:00 [INF] Executing endpoint 'SubApp1.Controllers.HomeController.Profile (SubApp1)'
2024-11-30 00:36:08.180 +01:00 [INF] Route matched with {action = "Profile", controller = "Home", page = "", area = ""}. Executing controller action with signature Microsoft.AspNetCore.Mvc.IActionResult Profile() on controller SubApp1.Controllers.HomeController (SubApp1).
2024-11-30 00:36:08.181 +01:00 [INF] Executing ViewResult, running view Profile.
2024-11-30 00:36:08.181 +01:00 [INF] Executed ViewResult - view Profile executed in 0.5139ms.
2024-11-30 00:36:08.181 +01:00 [INF] Executed action SubApp1.Controllers.HomeController.Profile (SubApp1) in 1.3328ms
2024-11-30 00:36:08.181 +01:00 [INF] Executed endpoint 'SubApp1.Controllers.HomeController.Profile (SubApp1)'
2024-11-30 00:36:08.181 +01:00 [INF] Request finished HTTP/1.1 GET http://localhost:5003/Home/Profile - 200 null text/html; charset=utf-8 2.3543ms
2024-11-30 00:36:08.195 +01:00 [INF] Request starting HTTP/1.1 GET http://localhost:5003/js/bootstrap.js - null null
2024-11-30 00:36:08.195 +01:00 [INF] Request starting HTTP/1.1 GET http://localhost:5003/Images/profile_zptbn0nj.mhn638685237669650945.png - null null
2024-11-30 00:36:08.195 +01:00 [INF] Request starting HTTP/1.1 GET http://localhost:5003/js/jquery.min.js - null null
2024-11-30 00:36:08.196 +01:00 [INF] Request finished HTTP/1.1 GET http://localhost:5003/js/bootstrap.js - 404 0 null 0.8749ms
2024-11-30 00:36:08.196 +01:00 [INF] Request reached the end of the middleware pipeline without being handled by application code. Request path: GET http://localhost:5003/js/bootstrap.js, Response status code: 404
2024-11-30 00:36:08.196 +01:00 [INF] Request finished HTTP/1.1 GET http://localhost:5003/js/jquery.min.js - 404 0 null 0.6738ms
2024-11-30 00:36:08.196 +01:00 [INF] Request reached the end of the middleware pipeline without being handled by application code. Request path: GET http://localhost:5003/js/jquery.min.js, Response status code: 404
2024-11-30 00:36:08.196 +01:00 [INF] Sending file. Request path: '/Images/profile_zptbn0nj.mhn638685237669650945.png'. Physical path: 'C:\Users\Kevol\Desktop\GitHub\CodeCraft\SubApp1\wwwroot\Images\profile_zptbn0nj.mhn638685237669650945.png'
2024-11-30 00:36:08.196 +01:00 [INF] Request finished HTTP/1.1 GET http://localhost:5003/Images/profile_zptbn0nj.mhn638685237669650945.png - 200 315220 image/png 0.9613ms
