2024-11-08 21:42:18.359 +01:00 [INF] User profile is available. Using 'C:\Users\Kevol\AppData\Local\ASP.NET\DataProtection-Keys' as key repository and Windows DPAPI to encrypt keys at rest.
2024-11-08 21:42:18.493 +01:00 [INF] Now listening on: http://localhost:5003
2024-11-08 21:42:18.495 +01:00 [INF] Application started. Press Ctrl+C to shut down.
2024-11-08 21:42:18.497 +01:00 [INF] Hosting environment: Development
2024-11-08 21:42:18.498 +01:00 [INF] Content root path: C:\Users\Kevol\Desktop\GitHub\CodeCraft1\CodeCraft\SubApp1
2024-11-08 21:42:18.578 +01:00 [INF] Request starting HTTP/1.1 GET http://localhost:5003/ - null null
2024-11-08 21:42:18.586 +01:00 [WRN] Failed to determine the https port for redirect.
2024-11-08 21:42:18.601 +01:00 [INF] Executing endpoint 'SubApp1.Controllers.HomeController.Index (SubApp1)'
2024-11-08 21:42:18.616 +01:00 [INF] Route matched with {action = "Index", controller = "Home", page = "", area = ""}. Executing controller action with signature Microsoft.AspNetCore.Mvc.IActionResult Index() on controller SubApp1.Controllers.HomeController (SubApp1).
2024-11-08 21:42:20.092 +01:00 [INF] Request starting HTTP/1.1 GET http://localhost:5003/Home/Profile - null null
2024-11-08 21:42:20.095 +01:00 [INF] Executing endpoint 'SubApp1.Controllers.HomeController.Profile (SubApp1)'
2024-11-08 21:42:20.131 +01:00 [INF] Route matched with {action = "Profile", controller = "Home", page = "", area = ""}. Executing controller action with signature Microsoft.AspNetCore.Mvc.IActionResult Profile() on controller SubApp1.Controllers.HomeController (SubApp1).
2024-11-08 21:42:20.204 +01:00 [INF] Executing ViewResult, running view Index.
2024-11-08 21:42:20.369 +01:00 [INF] Executing ViewResult, running view Profile.
2024-11-08 21:42:20.383 +01:00 [INF] Executed ViewResult - view Index executed in 1407.7002ms.
2024-11-08 21:42:20.383 +01:00 [INF] Executed ViewResult - view Profile executed in 124.2027ms.
2024-11-08 21:42:20.384 +01:00 [INF] Executed action SubApp1.Controllers.HomeController.Index (SubApp1) in 1768.3757ms
2024-11-08 21:42:20.384 +01:00 [INF] Executed action SubApp1.Controllers.HomeController.Profile (SubApp1) in 253.2245ms
2024-11-08 21:42:20.384 +01:00 [INF] Executed endpoint 'SubApp1.Controllers.HomeController.Profile (SubApp1)'
2024-11-08 21:42:20.384 +01:00 [INF] Executed endpoint 'SubApp1.Controllers.HomeController.Index (SubApp1)'
2024-11-08 21:42:20.388 +01:00 [INF] Request finished HTTP/1.1 GET http://localhost:5003/Home/Profile - 200 null text/html; charset=utf-8 295.8925ms
2024-11-08 21:42:20.388 +01:00 [INF] Request finished HTTP/1.1 GET http://localhost:5003/ - 200 null text/html; charset=utf-8 1810.6592ms
2024-11-08 21:42:20.396 +01:00 [INF] Request starting HTTP/1.1 GET http://localhost:5003/js/jquery.min.js - null null
2024-11-08 21:42:20.396 +01:00 [INF] Request starting HTTP/1.1 GET http://localhost:5003/js/bootstrap.js - null null
2024-11-08 21:42:20.396 +01:00 [INF] Request starting HTTP/1.1 GET http://localhost:5003/css/site.css?v=nbjlA8EYlJrZwKiYpWmR4KZzZVLgvL5nQXASMPv5CIA - null null
2024-11-08 21:42:20.398 +01:00 [INF] Request finished HTTP/1.1 GET http://localhost:5003/js/bootstrap.js - 404 0 null 2.0911ms
2024-11-08 21:42:20.398 +01:00 [INF] Request finished HTTP/1.1 GET http://localhost:5003/js/jquery.min.js - 404 0 null 2.0904ms
2024-11-08 21:42:20.399 +01:00 [INF] Request reached the end of the middleware pipeline without being handled by application code. Request path: GET http://localhost:5003/js/jquery.min.js, Response status code: 404
2024-11-08 21:42:20.399 +01:00 [INF] Request reached the end of the middleware pipeline without being handled by application code. Request path: GET http://localhost:5003/js/bootstrap.js, Response status code: 404
2024-11-08 21:42:20.400 +01:00 [INF] The file /css/site.css was not modified
2024-11-08 21:42:20.400 +01:00 [INF] Request finished HTTP/1.1 GET http://localhost:5003/css/site.css?v=nbjlA8EYlJrZwKiYpWmR4KZzZVLgvL5nQXASMPv5CIA - 304 null text/css 3.8534ms
