2024-11-30 21:28:26.812 +01:00 [INF] User profile is available. Using 'C:\Users\fatta\AppData\Local\ASP.NET\DataProtection-Keys' as key repository and Windows DPAPI to encrypt keys at rest.
2024-11-30 21:28:27.071 +01:00 [INF] Now listening on: http://localhost:5003
2024-11-30 21:28:27.075 +01:00 [INF] Application started. Press Ctrl+C to shut down.
2024-11-30 21:28:27.076 +01:00 [INF] Hosting environment: Development
2024-11-30 21:28:27.076 +01:00 [INF] Content root path: C:\Users\fatta\OneDrive\Dokumenter\Studie\Høst2024\ITPE3200Webapplikasjoner\FinalExam\CodeCraft\SubApp1
2024-11-30 21:28:30.953 +01:00 [INF] Request starting HTTP/1.1 GET http://localhost:5003/ - null null
2024-11-30 21:28:30.974 +01:00 [WRN] Failed to determine the https port for redirect.
2024-11-30 21:28:31.991 +01:00 [INF] Executing endpoint 'SubApp1.Controllers.HomeController.Index (SubApp1)'
2024-11-30 21:28:32.007 +01:00 [INF] Route matched with {action = "Index", controller = "Home", page = "", area = ""}. Executing controller action with signature Microsoft.AspNetCore.Mvc.IActionResult Index() on controller SubApp1.Controllers.HomeController (SubApp1).
2024-11-30 21:28:35.779 +01:00 [INF] Executing ViewResult, running view Index.
2024-11-30 21:28:36.449 +01:00 [INF] Executed ViewResult - view Index executed in 3915.6436ms.
2024-11-30 21:28:36.451 +01:00 [INF] Executed action SubApp1.Controllers.HomeController.Index (SubApp1) in 4443.6272ms
2024-11-30 21:28:36.451 +01:00 [INF] Executed endpoint 'SubApp1.Controllers.HomeController.Index (SubApp1)'
2024-11-30 21:28:36.468 +01:00 [INF] Request starting HTTP/1.1 GET http://localhost:5003/SubApp1.styles.css?v=Sj13-RJCpeuwLSSZn5pveHertSYZb1e9rwkvuFa81K0 - null null
2024-11-30 21:28:36.472 +01:00 [INF] Request finished HTTP/1.1 GET http://localhost:5003/ - 200 null text/html; charset=utf-8 5522.379ms
2024-11-30 21:28:36.473 +01:00 [INF] Request starting HTTP/1.1 GET http://localhost:5003/lib/bootstrap/dist/css/bootstrap.min.css - null null
2024-11-30 21:28:36.473 +01:00 [INF] Request starting HTTP/1.1 GET http://localhost:5003/css/site.css?v=G3l3-y5Xq1ahi2fOdqGAjPbyP84ZzW11oHjo3Xu0Bbw - null null
2024-11-30 21:28:36.473 +01:00 [INF] Request starting HTTP/1.1 GET http://localhost:5003/js/bootstrap.js - null null
2024-11-30 21:28:36.473 +01:00 [INF] Request starting HTTP/1.1 GET http://localhost:5003/Images/profile_kal4u0qo.imj638685969022715672.jpg - null null
2024-11-30 21:28:36.474 +01:00 [INF] Request starting HTTP/1.1 GET http://localhost:5003/js/jquery.min.js - null null
2024-11-30 21:28:36.474 +01:00 [INF] The file /lib/bootstrap/dist/css/bootstrap.min.css was not modified
2024-11-30 21:28:36.474 +01:00 [INF] The file /SubApp1.styles.css was not modified
2024-11-30 21:28:36.474 +01:00 [INF] The file /Images/profile_kal4u0qo.imj638685969022715672.jpg was not modified
2024-11-30 21:28:36.475 +01:00 [INF] Request finished HTTP/1.1 GET http://localhost:5003/SubApp1.styles.css?v=Sj13-RJCpeuwLSSZn5pveHertSYZb1e9rwkvuFa81K0 - 304 null text/css 6.385ms
2024-11-30 21:28:36.475 +01:00 [INF] Request finished HTTP/1.1 GET http://localhost:5003/Images/profile_kal4u0qo.imj638685969022715672.jpg - 304 null image/jpeg 1.2813ms
2024-11-30 21:28:36.475 +01:00 [INF] Request finished HTTP/1.1 GET http://localhost:5003/lib/bootstrap/dist/css/bootstrap.min.css - 304 null text/css 1.8966ms
2024-11-30 21:28:36.478 +01:00 [INF] Request starting HTTP/1.1 GET http://localhost:5003/Images/ejs4zjtc.c0s.png - null null
2024-11-30 21:28:36.478 +01:00 [INF] The file /Images/ejs4zjtc.c0s.png was not modified
2024-11-30 21:28:36.478 +01:00 [INF] Request finished HTTP/1.1 GET http://localhost:5003/Images/ejs4zjtc.c0s.png - 304 null image/png 0.5501ms
2024-11-30 21:28:36.483 +01:00 [INF] Sending file. Request path: '/css/site.css'. Physical path: 'C:\Users\fatta\OneDrive\Dokumenter\Studie\Høst2024\ITPE3200Webapplikasjoner\FinalExam\CodeCraft\SubApp1\wwwroot\css\site.css'
2024-11-30 21:28:36.483 +01:00 [INF] Request finished HTTP/1.1 GET http://localhost:5003/css/site.css?v=G3l3-y5Xq1ahi2fOdqGAjPbyP84ZzW11oHjo3Xu0Bbw - 200 4730 text/css 10.4364ms
2024-11-30 21:28:36.491 +01:00 [INF] Request starting HTTP/1.1 GET http://localhost:5003/Images/profile_zptbn0nj.mhn638685237669650945.png - null null
2024-11-30 21:28:36.492 +01:00 [INF] The file /Images/profile_zptbn0nj.mhn638685237669650945.png was not modified
2024-11-30 21:28:36.492 +01:00 [INF] Request finished HTTP/1.1 GET http://localhost:5003/Images/profile_zptbn0nj.mhn638685237669650945.png - 304 null image/png 0.7685ms
2024-11-30 21:28:36.499 +01:00 [INF] Request starting HTTP/1.1 GET http://localhost:5003/Images/quy2kjsl.44y638667085033516780.jpg - null null
2024-11-30 21:28:36.500 +01:00 [INF] The file /Images/quy2kjsl.44y638667085033516780.jpg was not modified
2024-11-30 21:28:36.501 +01:00 [INF] Request finished HTTP/1.1 GET http://localhost:5003/Images/quy2kjsl.44y638667085033516780.jpg - 304 null image/jpeg 1.5309ms
2024-11-30 21:28:36.500 +01:00 [INF] Request starting HTTP/1.1 GET http://localhost:5003/Images/profile_mu1fu0qy.541638682352465422474.png - null null
2024-11-30 21:28:36.504 +01:00 [INF] The file /Images/profile_mu1fu0qy.541638682352465422474.png was not modified
2024-11-30 21:28:36.505 +01:00 [INF] Request finished HTTP/1.1 GET http://localhost:5003/Images/profile_mu1fu0qy.541638682352465422474.png - 304 null image/png 5.2603ms
2024-11-30 21:28:36.510 +01:00 [INF] Request starting HTTP/1.1 GET http://localhost:5003/lib/jquery/dist/jquery.min.js - null null
2024-11-30 21:28:36.510 +01:00 [INF] Request starting HTTP/1.1 GET http://localhost:5003/lib/bootstrap/dist/js/bootstrap.bundle.min.js - null null
2024-11-30 21:28:36.511 +01:00 [INF] The file /lib/bootstrap/dist/js/bootstrap.bundle.min.js was not modified
2024-11-30 21:28:36.511 +01:00 [INF] The file /lib/jquery/dist/jquery.min.js was not modified
2024-11-30 21:28:36.511 +01:00 [INF] Request finished HTTP/1.1 GET http://localhost:5003/lib/bootstrap/dist/js/bootstrap.bundle.min.js - 304 null text/javascript 0.5737ms
2024-11-30 21:28:36.511 +01:00 [INF] Request finished HTTP/1.1 GET http://localhost:5003/lib/jquery/dist/jquery.min.js - 304 null text/javascript 0.6162ms
2024-11-30 21:28:36.511 +01:00 [INF] Request finished HTTP/1.1 GET http://localhost:5003/js/bootstrap.js - 404 0 null 37.9242ms
2024-11-30 21:28:36.512 +01:00 [INF] Request reached the end of the middleware pipeline without being handled by application code. Request path: GET http://localhost:5003/js/bootstrap.js, Response status code: 404
2024-11-30 21:28:36.519 +01:00 [INF] Request starting HTTP/1.1 GET http://localhost:5003/js/site.js?v=hRQyftXiu1lLX2P9Ly9xa4gHJgLeR1uGN5qegUobtGo - null null
2024-11-30 21:28:36.520 +01:00 [INF] The file /js/site.js was not modified
2024-11-30 21:28:36.520 +01:00 [INF] Request finished HTTP/1.1 GET http://localhost:5003/js/site.js?v=hRQyftXiu1lLX2P9Ly9xa4gHJgLeR1uGN5qegUobtGo - 304 null text/javascript 1.2291ms
2024-11-30 21:28:36.534 +01:00 [INF] Request finished HTTP/1.1 GET http://localhost:5003/js/jquery.min.js - 404 0 null 60.7329ms
2024-11-30 21:28:36.535 +01:00 [INF] Request reached the end of the middleware pipeline without being handled by application code. Request path: GET http://localhost:5003/js/jquery.min.js, Response status code: 404
2024-11-30 21:28:36.537 +01:00 [INF] Request starting HTTP/1.1 GET http://localhost:5003/Images/243xe4ho.h0i638682324223715764.png - null null
2024-11-30 21:28:36.538 +01:00 [INF] The file /Images/243xe4ho.h0i638682324223715764.png was not modified
2024-11-30 21:28:36.538 +01:00 [INF] Request finished HTTP/1.1 GET http://localhost:5003/Images/243xe4ho.h0i638682324223715764.png - 304 null image/png 0.7383ms
2024-11-30 21:29:11.181 +01:00 [INF] Request starting HTTP/1.1 POST http://localhost:5003/Comment/AddCommentIndex - application/x-www-form-urlencoded 260
2024-11-30 21:29:11.255 +01:00 [INF] Executing endpoint 'SubApp1.Controllers.CommentController.AddCommentIndex (SubApp1)'
2024-11-30 21:29:11.274 +01:00 [INF] Route matched with {action = "AddCommentIndex", controller = "Comment", page = "", area = ""}. Executing controller action with signature System.Threading.Tasks.Task`1[Microsoft.AspNetCore.Mvc.IActionResult] AddCommentIndex(Int32, System.String) on controller SubApp1.Controllers.CommentController (SubApp1).
2024-11-30 21:29:11.483 +01:00 [INF] Executing RedirectResult, redirecting to /.
2024-11-30 21:29:11.483 +01:00 [INF] Executed action SubApp1.Controllers.CommentController.AddCommentIndex (SubApp1) in 208.8153ms
2024-11-30 21:29:11.483 +01:00 [INF] Executed endpoint 'SubApp1.Controllers.CommentController.AddCommentIndex (SubApp1)'
2024-11-30 21:29:11.484 +01:00 [INF] Request finished HTTP/1.1 POST http://localhost:5003/Comment/AddCommentIndex - 302 0 null 302.4764ms
2024-11-30 21:29:11.490 +01:00 [INF] Request starting HTTP/1.1 GET http://localhost:5003/ - null null
2024-11-30 21:29:11.495 +01:00 [INF] Executing endpoint 'SubApp1.Controllers.HomeController.Index (SubApp1)'
2024-11-30 21:29:11.495 +01:00 [INF] Route matched with {action = "Index", controller = "Home", page = "", area = ""}. Executing controller action with signature Microsoft.AspNetCore.Mvc.IActionResult Index() on controller SubApp1.Controllers.HomeController (SubApp1).
2024-11-30 21:29:11.505 +01:00 [INF] Executing ViewResult, running view Index.
2024-11-30 21:29:11.514 +01:00 [INF] Executed ViewResult - view Index executed in 8.6237ms.
2024-11-30 21:29:11.514 +01:00 [INF] Executed action SubApp1.Controllers.HomeController.Index (SubApp1) in 18.1663ms
2024-11-30 21:29:11.514 +01:00 [INF] Executed endpoint 'SubApp1.Controllers.HomeController.Index (SubApp1)'
2024-11-30 21:29:11.514 +01:00 [INF] Request finished HTTP/1.1 GET http://localhost:5003/ - 200 null text/html; charset=utf-8 24.4767ms
2024-11-30 21:29:11.526 +01:00 [INF] Request starting HTTP/1.1 GET http://localhost:5003/js/jquery.min.js - null null
2024-11-30 21:29:11.526 +01:00 [INF] Request starting HTTP/1.1 GET http://localhost:5003/css/site.css?v=G3l3-y5Xq1ahi2fOdqGAjPbyP84ZzW11oHjo3Xu0Bbw - null null
2024-11-30 21:29:11.526 +01:00 [INF] Request starting HTTP/1.1 GET http://localhost:5003/js/bootstrap.js - null null
2024-11-30 21:29:11.527 +01:00 [INF] The file /css/site.css was not modified
2024-11-30 21:29:11.528 +01:00 [INF] Request finished HTTP/1.1 GET http://localhost:5003/css/site.css?v=G3l3-y5Xq1ahi2fOdqGAjPbyP84ZzW11oHjo3Xu0Bbw - 304 null text/css 1.364ms
2024-11-30 21:29:11.532 +01:00 [INF] Request finished HTTP/1.1 GET http://localhost:5003/js/bootstrap.js - 404 0 null 5.9142ms
2024-11-30 21:29:11.533 +01:00 [INF] Request reached the end of the middleware pipeline without being handled by application code. Request path: GET http://localhost:5003/js/bootstrap.js, Response status code: 404
2024-11-30 21:29:11.533 +01:00 [INF] Request finished HTTP/1.1 GET http://localhost:5003/js/jquery.min.js - 404 0 null 6.4506ms
2024-11-30 21:29:11.533 +01:00 [INF] Request reached the end of the middleware pipeline without being handled by application code. Request path: GET http://localhost:5003/js/jquery.min.js, Response status code: 404
2024-11-30 21:29:37.332 +01:00 [INF] Request starting HTTP/1.1 POST http://localhost:5003/Comment/DeleteCommentIndex - application/x-www-form-urlencoded 238
2024-11-30 21:29:37.340 +01:00 [INF] Executing endpoint 'SubApp1.Controllers.CommentController.DeleteCommentIndex (SubApp1)'
2024-11-30 21:29:37.345 +01:00 [INF] Route matched with {action = "DeleteCommentIndex", controller = "Comment", page = "", area = ""}. Executing controller action with signature System.Threading.Tasks.Task`1[Microsoft.AspNetCore.Mvc.IActionResult] DeleteCommentIndex(Int32) on controller SubApp1.Controllers.CommentController (SubApp1).
2024-11-30 21:29:37.429 +01:00 [INF] Executing RedirectResult, redirecting to /.
2024-11-30 21:29:37.429 +01:00 [INF] Executed action SubApp1.Controllers.CommentController.DeleteCommentIndex (SubApp1) in 83.8875ms
2024-11-30 21:29:37.430 +01:00 [INF] Executed endpoint 'SubApp1.Controllers.CommentController.DeleteCommentIndex (SubApp1)'
2024-11-30 21:29:37.430 +01:00 [INF] Request finished HTTP/1.1 POST http://localhost:5003/Comment/DeleteCommentIndex - 302 0 null 97.7949ms
2024-11-30 21:29:37.437 +01:00 [INF] Request starting HTTP/1.1 GET http://localhost:5003/ - null null
2024-11-30 21:29:37.441 +01:00 [INF] Executing endpoint 'SubApp1.Controllers.HomeController.Index (SubApp1)'
2024-11-30 21:29:37.442 +01:00 [INF] Route matched with {action = "Index", controller = "Home", page = "", area = ""}. Executing controller action with signature Microsoft.AspNetCore.Mvc.IActionResult Index() on controller SubApp1.Controllers.HomeController (SubApp1).
2024-11-30 21:29:37.447 +01:00 [INF] Executing ViewResult, running view Index.
2024-11-30 21:29:37.453 +01:00 [INF] Executed ViewResult - view Index executed in 6.3621ms.
2024-11-30 21:29:37.453 +01:00 [INF] Executed action SubApp1.Controllers.HomeController.Index (SubApp1) in 11.5688ms
2024-11-30 21:29:37.453 +01:00 [INF] Executed endpoint 'SubApp1.Controllers.HomeController.Index (SubApp1)'
2024-11-30 21:29:37.454 +01:00 [INF] Request finished HTTP/1.1 GET http://localhost:5003/ - 200 null text/html; charset=utf-8 17.1005ms
2024-11-30 21:29:37.468 +01:00 [INF] Request starting HTTP/1.1 GET http://localhost:5003/js/bootstrap.js - null null
2024-11-30 21:29:37.468 +01:00 [INF] Request starting HTTP/1.1 GET http://localhost:5003/js/jquery.min.js - null null
2024-11-30 21:29:37.468 +01:00 [INF] Request starting HTTP/1.1 GET http://localhost:5003/css/site.css?v=G3l3-y5Xq1ahi2fOdqGAjPbyP84ZzW11oHjo3Xu0Bbw - null null
2024-11-30 21:29:37.469 +01:00 [INF] The file /css/site.css was not modified
2024-11-30 21:29:37.469 +01:00 [INF] Request finished HTTP/1.1 GET http://localhost:5003/css/site.css?v=G3l3-y5Xq1ahi2fOdqGAjPbyP84ZzW11oHjo3Xu0Bbw - 304 null text/css 0.7951ms
2024-11-30 21:29:37.473 +01:00 [INF] Request finished HTTP/1.1 GET http://localhost:5003/js/bootstrap.js - 404 0 null 4.5738ms
2024-11-30 21:29:37.473 +01:00 [INF] Request reached the end of the middleware pipeline without being handled by application code. Request path: GET http://localhost:5003/js/bootstrap.js, Response status code: 404
2024-11-30 21:29:37.483 +01:00 [INF] Request finished HTTP/1.1 GET http://localhost:5003/js/jquery.min.js - 404 0 null 15.0211ms
2024-11-30 21:29:37.484 +01:00 [INF] Request reached the end of the middleware pipeline without being handled by application code. Request path: GET http://localhost:5003/js/jquery.min.js, Response status code: 404
2024-11-30 21:30:03.864 +01:00 [INF] Request starting HTTP/1.1 GET http://localhost:5003/Home/Profile - null null
2024-11-30 21:30:03.873 +01:00 [INF] Executing endpoint 'SubApp1.Controllers.HomeController.Profile (SubApp1)'
2024-11-30 21:30:03.876 +01:00 [INF] Route matched with {action = "Profile", controller = "Home", page = "", area = ""}. Executing controller action with signature Microsoft.AspNetCore.Mvc.IActionResult Profile() on controller SubApp1.Controllers.HomeController (SubApp1).
2024-11-30 21:30:04.401 +01:00 [INF] Executing ViewResult, running view Profile.
2024-11-30 21:30:04.413 +01:00 [INF] Executed ViewResult - view Profile executed in 486.9063ms.
2024-11-30 21:30:04.413 +01:00 [INF] Executed action SubApp1.Controllers.HomeController.Profile (SubApp1) in 537.2162ms
2024-11-30 21:30:04.413 +01:00 [INF] Executed endpoint 'SubApp1.Controllers.HomeController.Profile (SubApp1)'
2024-11-30 21:30:04.413 +01:00 [INF] Request finished HTTP/1.1 GET http://localhost:5003/Home/Profile - 200 null text/html; charset=utf-8 549.3305ms
2024-11-30 21:30:04.425 +01:00 [INF] Request starting HTTP/1.1 GET http://localhost:5003/js/bootstrap.js - null null
2024-11-30 21:30:04.425 +01:00 [INF] Request starting HTTP/1.1 GET http://localhost:5003/css/site.css?v=G3l3-y5Xq1ahi2fOdqGAjPbyP84ZzW11oHjo3Xu0Bbw - null null
2024-11-30 21:30:04.426 +01:00 [INF] The file /css/site.css was not modified
2024-11-30 21:30:04.426 +01:00 [INF] Request finished HTTP/1.1 GET http://localhost:5003/css/site.css?v=G3l3-y5Xq1ahi2fOdqGAjPbyP84ZzW11oHjo3Xu0Bbw - 304 null text/css 0.9316ms
2024-11-30 21:30:04.427 +01:00 [INF] Request starting HTTP/1.1 GET http://localhost:5003/js/jquery.min.js - null null
2024-11-30 21:30:04.432 +01:00 [INF] Request finished HTTP/1.1 GET http://localhost:5003/js/bootstrap.js - 404 0 null 6.9885ms
2024-11-30 21:30:04.432 +01:00 [INF] Request reached the end of the middleware pipeline without being handled by application code. Request path: GET http://localhost:5003/js/bootstrap.js, Response status code: 404
2024-11-30 21:30:04.433 +01:00 [INF] Request finished HTTP/1.1 GET http://localhost:5003/js/jquery.min.js - 404 0 null 6.0351ms
2024-11-30 21:30:04.433 +01:00 [INF] Request reached the end of the middleware pipeline without being handled by application code. Request path: GET http://localhost:5003/js/jquery.min.js, Response status code: 404
