2024-11-23 19:59:29.791 +01:00 [INF] User profile is available. Using 'C:\Users\Thilo\AppData\Local\ASP.NET\DataProtection-Keys' as key repository and Windows DPAPI to encrypt keys at rest.
2024-11-23 19:59:30.199 +01:00 [INF] Now listening on: http://localhost:5003
2024-11-23 19:59:30.204 +01:00 [INF] Application started. Press Ctrl+C to shut down.
2024-11-23 19:59:30.205 +01:00 [INF] Hosting environment: Development
2024-11-23 19:59:30.205 +01:00 [INF] Content root path: C:\Users\Thilo\OneDrive\Dokumenter\GitHub\CodeCraft\SubApp1
2024-11-23 19:59:33.847 +01:00 [INF] Request starting HTTP/1.1 GET http://localhost:5003/ - null null
2024-11-23 19:59:33.872 +01:00 [WRN] Failed to determine the https port for redirect.
2024-11-23 19:59:33.961 +01:00 [INF] Executing endpoint 'SubApp1.Controllers.HomeController.Index (SubApp1)'
2024-11-23 19:59:33.996 +01:00 [INF] Route matched with {action = "Index", controller = "Home", page = "", area = ""}. Executing controller action with signature Microsoft.AspNetCore.Mvc.IActionResult Index() on controller SubApp1.Controllers.HomeController (SubApp1).
2024-11-23 19:59:35.072 +01:00 [WRN] The foreign key property 'Post.UserId1' was created in shadow state because a conflicting property with the simple name 'UserId' exists in the entity type, but is either not mapped, is already used for another relationship, or is incompatible with the associated primary key type. See https://aka.ms/efcore-relationships for information on mapping relationships in EF Core.
2024-11-23 19:59:41.194 +01:00 [INF] Executing ViewResult, running view Index.
2024-11-23 19:59:41.909 +01:00 [INF] Executed ViewResult - view Index executed in 6568.5256ms.
2024-11-23 19:59:41.915 +01:00 [INF] Executed action SubApp1.Controllers.HomeController.Index (SubApp1) in 7918.5199ms
2024-11-23 19:59:41.917 +01:00 [INF] Executed endpoint 'SubApp1.Controllers.HomeController.Index (SubApp1)'
2024-11-23 19:59:41.936 +01:00 [INF] Request starting HTTP/1.1 GET http://localhost:5003/js/jquery.min.js - null null
2024-11-23 19:59:41.948 +01:00 [INF] Request finished HTTP/1.1 GET http://localhost:5003/ - 200 null text/html; charset=utf-8 8097.4841ms
2024-11-23 19:59:41.948 +01:00 [INF] Request finished HTTP/1.1 GET http://localhost:5003/js/jquery.min.js - 404 0 null 12.142ms
2024-11-23 19:59:41.949 +01:00 [INF] Request starting HTTP/1.1 GET http://localhost:5003/js/bootstrap.js - null null
2024-11-23 19:59:41.950 +01:00 [INF] Request reached the end of the middleware pipeline without being handled by application code. Request path: GET http://localhost:5003/js/jquery.min.js, Response status code: 404
2024-11-23 19:59:41.954 +01:00 [INF] Request finished HTTP/1.1 GET http://localhost:5003/js/bootstrap.js - 404 0 null 4.5363ms
2024-11-23 19:59:41.954 +01:00 [INF] Request reached the end of the middleware pipeline without being handled by application code. Request path: GET http://localhost:5003/js/bootstrap.js, Response status code: 404
2024-11-23 19:59:44.350 +01:00 [INF] Request starting HTTP/1.1 GET http://localhost:5003/Identity/Account/Register - null null
2024-11-23 19:59:44.961 +01:00 [INF] Executing endpoint '/Account/Register'
2024-11-23 19:59:45.147 +01:00 [INF] Route matched with {page = "/Account/Register", area = "Identity", action = "", controller = ""}. Executing page /Account/Register
2024-11-23 19:59:45.187 +01:00 [INF] Executing handler method SubApp1.Areas.Identity.Pages.Account.RegisterModel.OnGetAsync - ModelState is "Valid"
2024-11-23 19:59:45.191 +01:00 [INF] Executed handler method OnGetAsync, returned result .
2024-11-23 19:59:45.194 +01:00 [INF] Executing an implicit handler method - ModelState is "Valid"
2024-11-23 19:59:45.194 +01:00 [INF] Executed an implicit handler method, returned result Microsoft.AspNetCore.Mvc.RazorPages.PageResult.
2024-11-23 19:59:45.417 +01:00 [INF] Executed page /Account/Register in 269.4107ms
2024-11-23 19:59:45.417 +01:00 [INF] Executed endpoint '/Account/Register'
2024-11-23 19:59:45.417 +01:00 [INF] Request finished HTTP/1.1 GET http://localhost:5003/Identity/Account/Register - 200 null text/html; charset=utf-8 1068.8792ms
2024-11-23 19:59:45.453 +01:00 [INF] Request starting HTTP/1.1 GET http://localhost:5003/js/jquery.min.js - null null
2024-11-23 19:59:45.453 +01:00 [INF] Request starting HTTP/1.1 GET http://localhost:5003/js/bootstrap.js - null null
2024-11-23 19:59:45.454 +01:00 [INF] Request finished HTTP/1.1 GET http://localhost:5003/js/bootstrap.js - 404 0 null 0.8004ms
2024-11-23 19:59:45.454 +01:00 [INF] Request reached the end of the middleware pipeline without being handled by application code. Request path: GET http://localhost:5003/js/bootstrap.js, Response status code: 404
2024-11-23 19:59:45.454 +01:00 [INF] Request finished HTTP/1.1 GET http://localhost:5003/js/jquery.min.js - 404 0 null 0.9689ms
2024-11-23 19:59:45.454 +01:00 [INF] Request reached the end of the middleware pipeline without being handled by application code. Request path: GET http://localhost:5003/js/jquery.min.js, Response status code: 404
2024-11-23 19:59:51.182 +01:00 [INF] Request starting HTTP/1.1 GET http://localhost:5003/Identity/Account/Login - null null
2024-11-23 19:59:51.700 +01:00 [INF] Executing endpoint '/Account/Login'
2024-11-23 19:59:51.704 +01:00 [INF] Route matched with {page = "/Account/Login", area = "Identity", action = "", controller = ""}. Executing page /Account/Login
2024-11-23 19:59:51.779 +01:00 [INF] Executing handler method SubApp1.Areas.Identity.Pages.Account.LoginModel.OnGetAsync - ModelState is "Valid"
2024-11-23 19:59:51.782 +01:00 [INF] AuthenticationScheme: Identity.External signed out.
2024-11-23 19:59:51.782 +01:00 [INF] Executed handler method OnGetAsync, returned result .
2024-11-23 19:59:51.782 +01:00 [INF] Executing an implicit handler method - ModelState is "Valid"
2024-11-23 19:59:51.782 +01:00 [INF] Executed an implicit handler method, returned result Microsoft.AspNetCore.Mvc.RazorPages.PageResult.
2024-11-23 19:59:51.804 +01:00 [INF] Executed page /Account/Login in 99.8576ms
2024-11-23 19:59:51.804 +01:00 [INF] Executed endpoint '/Account/Login'
2024-11-23 19:59:51.804 +01:00 [INF] Request finished HTTP/1.1 GET http://localhost:5003/Identity/Account/Login - 200 null text/html; charset=utf-8 622.0786ms
2024-11-23 19:59:51.826 +01:00 [INF] Request starting HTTP/1.1 GET http://localhost:5003/js/bootstrap.js - null null
2024-11-23 19:59:51.827 +01:00 [INF] Request finished HTTP/1.1 GET http://localhost:5003/js/bootstrap.js - 404 0 null 1.2939ms
2024-11-23 19:59:51.828 +01:00 [INF] Request reached the end of the middleware pipeline without being handled by application code. Request path: GET http://localhost:5003/js/bootstrap.js, Response status code: 404
2024-11-23 19:59:51.831 +01:00 [INF] Request starting HTTP/1.1 GET http://localhost:5003/js/jquery.min.js - null null
2024-11-23 19:59:51.832 +01:00 [INF] Request finished HTTP/1.1 GET http://localhost:5003/js/jquery.min.js - 404 0 null 0.885ms
2024-11-23 19:59:51.833 +01:00 [INF] Request reached the end of the middleware pipeline without being handled by application code. Request path: GET http://localhost:5003/js/jquery.min.js, Response status code: 404
2024-11-23 19:59:56.034 +01:00 [INF] Request starting HTTP/1.1 GET http://localhost:5003/?page=%2FAccount%2FForgotPassword - null null
2024-11-23 19:59:56.034 +01:00 [INF] Executing endpoint 'SubApp1.Controllers.HomeController.Index (SubApp1)'
2024-11-23 19:59:56.034 +01:00 [INF] Route matched with {action = "Index", controller = "Home", page = "", area = ""}. Executing controller action with signature Microsoft.AspNetCore.Mvc.IActionResult Index() on controller SubApp1.Controllers.HomeController (SubApp1).
2024-11-23 19:59:56.038 +01:00 [INF] Executing ViewResult, running view Index.
2024-11-23 19:59:56.040 +01:00 [INF] Executed ViewResult - view Index executed in 1.9639ms.
2024-11-23 19:59:56.040 +01:00 [INF] Executed action SubApp1.Controllers.HomeController.Index (SubApp1) in 5.9289ms
2024-11-23 19:59:56.040 +01:00 [INF] Executed endpoint 'SubApp1.Controllers.HomeController.Index (SubApp1)'
2024-11-23 19:59:56.041 +01:00 [INF] Request finished HTTP/1.1 GET http://localhost:5003/?page=%2FAccount%2FForgotPassword - 200 null text/html; charset=utf-8 7.0001ms
2024-11-23 19:59:56.065 +01:00 [INF] Request starting HTTP/1.1 GET http://localhost:5003/js/bootstrap.js - null null
2024-11-23 19:59:56.066 +01:00 [INF] Request finished HTTP/1.1 GET http://localhost:5003/js/bootstrap.js - 404 0 null 0.5685ms
2024-11-23 19:59:56.066 +01:00 [INF] Request reached the end of the middleware pipeline without being handled by application code. Request path: GET http://localhost:5003/js/bootstrap.js, Response status code: 404
2024-11-23 19:59:56.071 +01:00 [INF] Request starting HTTP/1.1 GET http://localhost:5003/js/jquery.min.js - null null
2024-11-23 19:59:56.072 +01:00 [INF] Request finished HTTP/1.1 GET http://localhost:5003/js/jquery.min.js - 404 0 null 0.6604ms
2024-11-23 19:59:56.072 +01:00 [INF] Request reached the end of the middleware pipeline without being handled by application code. Request path: GET http://localhost:5003/js/jquery.min.js, Response status code: 404
2024-11-23 19:59:58.109 +01:00 [INF] Request starting HTTP/1.1 GET http://localhost:5003/Identity/Account/Login - null null
2024-11-23 19:59:58.109 +01:00 [INF] Executing endpoint '/Account/Login'
2024-11-23 19:59:58.110 +01:00 [INF] Route matched with {page = "/Account/Login", area = "Identity", action = "", controller = ""}. Executing page /Account/Login
2024-11-23 19:59:58.115 +01:00 [INF] Executing handler method SubApp1.Areas.Identity.Pages.Account.LoginModel.OnGetAsync - ModelState is "Valid"
2024-11-23 19:59:58.117 +01:00 [INF] AuthenticationScheme: Identity.External signed out.
2024-11-23 19:59:58.117 +01:00 [INF] Executed handler method OnGetAsync, returned result .
2024-11-23 19:59:58.117 +01:00 [INF] Executing an implicit handler method - ModelState is "Valid"
2024-11-23 19:59:58.117 +01:00 [INF] Executed an implicit handler method, returned result Microsoft.AspNetCore.Mvc.RazorPages.PageResult.
2024-11-23 19:59:58.122 +01:00 [INF] Executed page /Account/Login in 11.1491ms
2024-11-23 19:59:58.122 +01:00 [INF] Executed endpoint '/Account/Login'
2024-11-23 19:59:58.122 +01:00 [INF] Request finished HTTP/1.1 GET http://localhost:5003/Identity/Account/Login - 200 null text/html; charset=utf-8 13.2863ms
2024-11-23 19:59:58.154 +01:00 [INF] Request starting HTTP/1.1 GET http://localhost:5003/js/bootstrap.js - null null
2024-11-23 19:59:58.155 +01:00 [INF] Request finished HTTP/1.1 GET http://localhost:5003/js/bootstrap.js - 404 0 null 0.6424ms
2024-11-23 19:59:58.155 +01:00 [INF] Request reached the end of the middleware pipeline without being handled by application code. Request path: GET http://localhost:5003/js/bootstrap.js, Response status code: 404
2024-11-23 19:59:58.166 +01:00 [INF] Request starting HTTP/1.1 GET http://localhost:5003/js/jquery.min.js - null null
2024-11-23 19:59:58.167 +01:00 [INF] Request finished HTTP/1.1 GET http://localhost:5003/js/jquery.min.js - 404 0 null 0.7034ms
2024-11-23 19:59:58.167 +01:00 [INF] Request reached the end of the middleware pipeline without being handled by application code. Request path: GET http://localhost:5003/js/jquery.min.js, Response status code: 404
2024-11-23 20:01:11.904 +01:00 [INF] Request starting HTTP/1.1 GET http://localhost:5003/Identity/Account/Register?returnUrl=%2F - null null
2024-11-23 20:01:11.905 +01:00 [INF] Executing endpoint '/Account/Register'
2024-11-23 20:01:11.909 +01:00 [INF] Route matched with {page = "/Account/Register", area = "Identity", action = "", controller = ""}. Executing page /Account/Register
2024-11-23 20:01:11.921 +01:00 [INF] Executing handler method SubApp1.Areas.Identity.Pages.Account.RegisterModel.OnGetAsync - ModelState is "Valid"
2024-11-23 20:01:11.921 +01:00 [INF] Executed handler method OnGetAsync, returned result .
2024-11-23 20:01:11.921 +01:00 [INF] Executing an implicit handler method - ModelState is "Valid"
2024-11-23 20:01:11.921 +01:00 [INF] Executed an implicit handler method, returned result Microsoft.AspNetCore.Mvc.RazorPages.PageResult.
2024-11-23 20:01:11.923 +01:00 [INF] Executed page /Account/Register in 13.7818ms
2024-11-23 20:01:11.923 +01:00 [INF] Executed endpoint '/Account/Register'
2024-11-23 20:01:11.923 +01:00 [INF] Request finished HTTP/1.1 GET http://localhost:5003/Identity/Account/Register?returnUrl=%2F - 200 null text/html; charset=utf-8 19.3177ms
2024-11-23 20:01:11.947 +01:00 [INF] Request starting HTTP/1.1 GET http://localhost:5003/js/bootstrap.js - null null
2024-11-23 20:01:11.949 +01:00 [INF] Request finished HTTP/1.1 GET http://localhost:5003/js/bootstrap.js - 404 0 null 1.7505ms
2024-11-23 20:01:11.949 +01:00 [INF] Request reached the end of the middleware pipeline without being handled by application code. Request path: GET http://localhost:5003/js/bootstrap.js, Response status code: 404
2024-11-23 20:01:11.949 +01:00 [INF] Request starting HTTP/1.1 GET http://localhost:5003/js/jquery.min.js - null null
2024-11-23 20:01:11.950 +01:00 [INF] Request finished HTTP/1.1 GET http://localhost:5003/js/jquery.min.js - 404 0 null 0.4431ms
2024-11-23 20:01:11.951 +01:00 [INF] Request reached the end of the middleware pipeline without being handled by application code. Request path: GET http://localhost:5003/js/jquery.min.js, Response status code: 404
2024-11-23 20:01:15.227 +01:00 [INF] Request starting HTTP/1.1 GET http://localhost:5003/Identity/Account/Register - null null
2024-11-23 20:01:15.232 +01:00 [INF] Executing endpoint '/Account/Register'
2024-11-23 20:01:15.232 +01:00 [INF] Route matched with {page = "/Account/Register", area = "Identity", action = "", controller = ""}. Executing page /Account/Register
2024-11-23 20:01:15.238 +01:00 [INF] Executing handler method SubApp1.Areas.Identity.Pages.Account.RegisterModel.OnGetAsync - ModelState is "Valid"
2024-11-23 20:01:15.239 +01:00 [INF] Executed handler method OnGetAsync, returned result .
2024-11-23 20:01:15.239 +01:00 [INF] Executing an implicit handler method - ModelState is "Valid"
2024-11-23 20:01:15.239 +01:00 [INF] Executed an implicit handler method, returned result Microsoft.AspNetCore.Mvc.RazorPages.PageResult.
2024-11-23 20:01:15.242 +01:00 [INF] Executed page /Account/Register in 9.9475ms
2024-11-23 20:01:15.242 +01:00 [INF] Executed endpoint '/Account/Register'
2024-11-23 20:01:15.244 +01:00 [INF] Request finished HTTP/1.1 GET http://localhost:5003/Identity/Account/Register - 200 null text/html; charset=utf-8 15.8108ms
2024-11-23 20:01:15.272 +01:00 [INF] Request starting HTTP/1.1 GET http://localhost:5003/js/bootstrap.js - null null
2024-11-23 20:01:15.273 +01:00 [INF] Request finished HTTP/1.1 GET http://localhost:5003/js/bootstrap.js - 404 0 null 0.9795ms
2024-11-23 20:01:15.273 +01:00 [INF] Request reached the end of the middleware pipeline without being handled by application code. Request path: GET http://localhost:5003/js/bootstrap.js, Response status code: 404
2024-11-23 20:01:15.273 +01:00 [INF] Request starting HTTP/1.1 GET http://localhost:5003/js/jquery.min.js - null null
2024-11-23 20:01:15.274 +01:00 [INF] Request finished HTTP/1.1 GET http://localhost:5003/js/jquery.min.js - 404 0 null 0.5885ms
2024-11-23 20:01:15.275 +01:00 [INF] Request reached the end of the middleware pipeline without being handled by application code. Request path: GET http://localhost:5003/js/jquery.min.js, Response status code: 404
2024-11-23 20:01:48.430 +01:00 [INF] Request starting HTTP/1.1 GET http://localhost:5003/Identity/Account/Login - null null
2024-11-23 20:01:48.633 +01:00 [INF] Executing endpoint '/Account/Login'
2024-11-23 20:01:48.637 +01:00 [INF] Route matched with {page = "/Account/Login", area = "Identity", action = "", controller = ""}. Executing page /Account/Login
2024-11-23 20:01:48.638 +01:00 [INF] Executing handler method SubApp1.Areas.Identity.Pages.Account.LoginModel.OnGetAsync - ModelState is "Valid"
2024-11-23 20:01:48.639 +01:00 [INF] AuthenticationScheme: Identity.External signed out.
2024-11-23 20:01:48.639 +01:00 [INF] Executed handler method OnGetAsync, returned result .
2024-11-23 20:01:48.639 +01:00 [INF] Executing an implicit handler method - ModelState is "Valid"
2024-11-23 20:01:48.639 +01:00 [INF] Executed an implicit handler method, returned result Microsoft.AspNetCore.Mvc.RazorPages.PageResult.
2024-11-23 20:01:48.655 +01:00 [INF] Executed page /Account/Login in 17.8688ms
2024-11-23 20:01:48.655 +01:00 [INF] Executed endpoint '/Account/Login'
2024-11-23 20:01:48.655 +01:00 [INF] Request finished HTTP/1.1 GET http://localhost:5003/Identity/Account/Login - 200 null text/html; charset=utf-8 225.1712ms
2024-11-23 20:01:48.676 +01:00 [INF] Request starting HTTP/1.1 GET http://localhost:5003/js/bootstrap.js - null null
2024-11-23 20:01:48.676 +01:00 [INF] Request starting HTTP/1.1 GET http://localhost:5003/js/jquery.min.js - null null
2024-11-23 20:01:48.678 +01:00 [INF] Request finished HTTP/1.1 GET http://localhost:5003/js/bootstrap.js - 404 0 null 2.2829ms
2024-11-23 20:01:48.678 +01:00 [INF] Request reached the end of the middleware pipeline without being handled by application code. Request path: GET http://localhost:5003/js/bootstrap.js, Response status code: 404
2024-11-23 20:01:48.679 +01:00 [INF] Request finished HTTP/1.1 GET http://localhost:5003/js/jquery.min.js - 404 0 null 2.6081ms
2024-11-23 20:01:48.679 +01:00 [INF] Request reached the end of the middleware pipeline without being handled by application code. Request path: GET http://localhost:5003/js/jquery.min.js, Response status code: 404
2024-11-23 20:01:53.204 +01:00 [INF] Request starting HTTP/1.1 GET http://localhost:5003/Identity/Account/Register - null null
2024-11-23 20:01:53.395 +01:00 [INF] Executing endpoint '/Account/Register'
2024-11-23 20:01:53.400 +01:00 [INF] Route matched with {page = "/Account/Register", area = "Identity", action = "", controller = ""}. Executing page /Account/Register
2024-11-23 20:01:53.403 +01:00 [INF] Executing handler method SubApp1.Areas.Identity.Pages.Account.RegisterModel.OnGetAsync - ModelState is "Valid"
2024-11-23 20:01:53.403 +01:00 [INF] Executed handler method OnGetAsync, returned result .
2024-11-23 20:01:53.403 +01:00 [INF] Executing an implicit handler method - ModelState is "Valid"
2024-11-23 20:01:53.403 +01:00 [INF] Executed an implicit handler method, returned result Microsoft.AspNetCore.Mvc.RazorPages.PageResult.
2024-11-23 20:01:53.416 +01:00 [INF] Executed page /Account/Register in 15.9354ms
2024-11-23 20:01:53.416 +01:00 [INF] Executed endpoint '/Account/Register'
2024-11-23 20:01:53.417 +01:00 [INF] Request finished HTTP/1.1 GET http://localhost:5003/Identity/Account/Register - 200 null text/html; charset=utf-8 212.9442ms
2024-11-23 20:01:53.443 +01:00 [INF] Request starting HTTP/1.1 GET http://localhost:5003/js/bootstrap.js - null null
2024-11-23 20:01:53.444 +01:00 [INF] Request finished HTTP/1.1 GET http://localhost:5003/js/bootstrap.js - 404 0 null 0.5467ms
2024-11-23 20:01:53.444 +01:00 [INF] Request reached the end of the middleware pipeline without being handled by application code. Request path: GET http://localhost:5003/js/bootstrap.js, Response status code: 404
2024-11-23 20:01:53.444 +01:00 [INF] Request starting HTTP/1.1 GET http://localhost:5003/js/jquery.min.js - null null
2024-11-23 20:01:53.445 +01:00 [INF] Request finished HTTP/1.1 GET http://localhost:5003/js/jquery.min.js - 404 0 null 0.7687ms
2024-11-23 20:01:53.445 +01:00 [INF] Request reached the end of the middleware pipeline without being handled by application code. Request path: GET http://localhost:5003/js/jquery.min.js, Response status code: 404
2024-11-23 20:01:54.295 +01:00 [INF] Request starting HTTP/1.1 GET http://localhost:5003/Identity/Account/Login - null null
2024-11-23 20:01:54.295 +01:00 [INF] Executing endpoint '/Account/Login'
2024-11-23 20:01:54.295 +01:00 [INF] Route matched with {page = "/Account/Login", area = "Identity", action = "", controller = ""}. Executing page /Account/Login
2024-11-23 20:01:54.301 +01:00 [INF] Executing handler method SubApp1.Areas.Identity.Pages.Account.LoginModel.OnGetAsync - ModelState is "Valid"
2024-11-23 20:01:54.302 +01:00 [INF] AuthenticationScheme: Identity.External signed out.
2024-11-23 20:01:54.302 +01:00 [INF] Executed handler method OnGetAsync, returned result .
2024-11-23 20:01:54.302 +01:00 [INF] Executing an implicit handler method - ModelState is "Valid"
2024-11-23 20:01:54.302 +01:00 [INF] Executed an implicit handler method, returned result Microsoft.AspNetCore.Mvc.RazorPages.PageResult.
2024-11-23 20:01:54.306 +01:00 [INF] Executed page /Account/Login in 10.5045ms
2024-11-23 20:01:54.306 +01:00 [INF] Executed endpoint '/Account/Login'
2024-11-23 20:01:54.306 +01:00 [INF] Request finished HTTP/1.1 GET http://localhost:5003/Identity/Account/Login - 200 null text/html; charset=utf-8 11.4371ms
2024-11-23 20:01:54.339 +01:00 [INF] Request starting HTTP/1.1 GET http://localhost:5003/js/bootstrap.js - null null
2024-11-23 20:01:54.340 +01:00 [INF] Request starting HTTP/1.1 GET http://localhost:5003/js/jquery.min.js - null null
2024-11-23 20:01:54.340 +01:00 [INF] Request finished HTTP/1.1 GET http://localhost:5003/js/jquery.min.js - 404 0 null 0.4061ms
2024-11-23 20:01:54.340 +01:00 [INF] Request reached the end of the middleware pipeline without being handled by application code. Request path: GET http://localhost:5003/js/jquery.min.js, Response status code: 404
2024-11-23 20:01:54.340 +01:00 [INF] Request finished HTTP/1.1 GET http://localhost:5003/js/bootstrap.js - 404 0 null 0.5849ms
2024-11-23 20:01:54.340 +01:00 [INF] Request reached the end of the middleware pipeline without being handled by application code. Request path: GET http://localhost:5003/js/bootstrap.js, Response status code: 404
2024-11-23 20:01:58.538 +01:00 [INF] Request starting HTTP/1.1 GET http://localhost:5003/Identity/Account/Register?returnUrl=%2F - null null
2024-11-23 20:01:58.539 +01:00 [INF] Executing endpoint '/Account/Register'
2024-11-23 20:01:58.539 +01:00 [INF] Route matched with {page = "/Account/Register", area = "Identity", action = "", controller = ""}. Executing page /Account/Register
2024-11-23 20:01:58.542 +01:00 [INF] Executing handler method SubApp1.Areas.Identity.Pages.Account.RegisterModel.OnGetAsync - ModelState is "Valid"
2024-11-23 20:01:58.543 +01:00 [INF] Executed handler method OnGetAsync, returned result .
2024-11-23 20:01:58.543 +01:00 [INF] Executing an implicit handler method - ModelState is "Valid"
2024-11-23 20:01:58.543 +01:00 [INF] Executed an implicit handler method, returned result Microsoft.AspNetCore.Mvc.RazorPages.PageResult.
2024-11-23 20:01:58.548 +01:00 [INF] Executed page /Account/Register in 8.6532ms
2024-11-23 20:01:58.548 +01:00 [INF] Executed endpoint '/Account/Register'
2024-11-23 20:01:58.549 +01:00 [INF] Request finished HTTP/1.1 GET http://localhost:5003/Identity/Account/Register?returnUrl=%2F - 200 null text/html; charset=utf-8 10.4029ms
2024-11-23 20:01:58.569 +01:00 [INF] Request starting HTTP/1.1 GET http://localhost:5003/js/bootstrap.js - null null
2024-11-23 20:01:58.570 +01:00 [INF] Request finished HTTP/1.1 GET http://localhost:5003/js/bootstrap.js - 404 0 null 0.569ms
2024-11-23 20:01:58.570 +01:00 [INF] Request reached the end of the middleware pipeline without being handled by application code. Request path: GET http://localhost:5003/js/bootstrap.js, Response status code: 404
2024-11-23 20:01:58.579 +01:00 [INF] Request starting HTTP/1.1 GET http://localhost:5003/js/jquery.min.js - null null
2024-11-23 20:01:58.580 +01:00 [INF] Request finished HTTP/1.1 GET http://localhost:5003/js/jquery.min.js - 404 0 null 0.8959ms
2024-11-23 20:01:58.580 +01:00 [INF] Request reached the end of the middleware pipeline without being handled by application code. Request path: GET http://localhost:5003/js/jquery.min.js, Response status code: 404
2024-11-23 20:02:00.025 +01:00 [INF] Request starting HTTP/1.1 GET http://localhost:5003/Identity/Account/Login - null null
2024-11-23 20:02:00.026 +01:00 [INF] Executing endpoint '/Account/Login'
2024-11-23 20:02:00.027 +01:00 [INF] Route matched with {page = "/Account/Login", area = "Identity", action = "", controller = ""}. Executing page /Account/Login
2024-11-23 20:02:00.031 +01:00 [INF] Executing handler method SubApp1.Areas.Identity.Pages.Account.LoginModel.OnGetAsync - ModelState is "Valid"
2024-11-23 20:02:00.031 +01:00 [INF] AuthenticationScheme: Identity.External signed out.
2024-11-23 20:02:00.031 +01:00 [INF] Executed handler method OnGetAsync, returned result .
2024-11-23 20:02:00.031 +01:00 [INF] Executing an implicit handler method - ModelState is "Valid"
2024-11-23 20:02:00.031 +01:00 [INF] Executed an implicit handler method, returned result Microsoft.AspNetCore.Mvc.RazorPages.PageResult.
2024-11-23 20:02:00.036 +01:00 [INF] Executed page /Account/Login in 8.6516ms
2024-11-23 20:02:00.036 +01:00 [INF] Executed endpoint '/Account/Login'
2024-11-23 20:02:00.036 +01:00 [INF] Request finished HTTP/1.1 GET http://localhost:5003/Identity/Account/Login - 200 null text/html; charset=utf-8 10.602ms
2024-11-23 20:02:00.074 +01:00 [INF] Request starting HTTP/1.1 GET http://localhost:5003/js/bootstrap.js - null null
2024-11-23 20:02:00.075 +01:00 [INF] Request starting HTTP/1.1 GET http://localhost:5003/js/jquery.min.js - null null
2024-11-23 20:02:00.076 +01:00 [INF] Request finished HTTP/1.1 GET http://localhost:5003/js/bootstrap.js - 404 0 null 1.8539ms
2024-11-23 20:02:00.076 +01:00 [INF] Request reached the end of the middleware pipeline without being handled by application code. Request path: GET http://localhost:5003/js/bootstrap.js, Response status code: 404
2024-11-23 20:02:00.077 +01:00 [INF] Request finished HTTP/1.1 GET http://localhost:5003/js/jquery.min.js - 404 0 null 1.443ms
2024-11-23 20:02:00.077 +01:00 [INF] Request reached the end of the middleware pipeline without being handled by application code. Request path: GET http://localhost:5003/js/jquery.min.js, Response status code: 404
2024-11-23 20:02:01.266 +01:00 [INF] Request starting HTTP/1.1 GET http://localhost:5003/?page=%2FAccount%2FForgotPassword - null null
2024-11-23 20:02:01.266 +01:00 [INF] Executing endpoint 'SubApp1.Controllers.HomeController.Index (SubApp1)'
2024-11-23 20:02:01.270 +01:00 [INF] Route matched with {action = "Index", controller = "Home", page = "", area = ""}. Executing controller action with signature Microsoft.AspNetCore.Mvc.IActionResult Index() on controller SubApp1.Controllers.HomeController (SubApp1).
2024-11-23 20:02:01.272 +01:00 [INF] Executing ViewResult, running view Index.
2024-11-23 20:02:01.273 +01:00 [INF] Executed ViewResult - view Index executed in 1.0969ms.
2024-11-23 20:02:01.273 +01:00 [INF] Executed action SubApp1.Controllers.HomeController.Index (SubApp1) in 3.4857ms
2024-11-23 20:02:01.273 +01:00 [INF] Executed endpoint 'SubApp1.Controllers.HomeController.Index (SubApp1)'
2024-11-23 20:02:01.274 +01:00 [INF] Request finished HTTP/1.1 GET http://localhost:5003/?page=%2FAccount%2FForgotPassword - 200 null text/html; charset=utf-8 7.5775ms
2024-11-23 20:02:01.314 +01:00 [INF] Request starting HTTP/1.1 GET http://localhost:5003/js/bootstrap.js - null null
2024-11-23 20:02:01.315 +01:00 [INF] Request finished HTTP/1.1 GET http://localhost:5003/js/bootstrap.js - 404 0 null 0.6777ms
2024-11-23 20:02:01.316 +01:00 [INF] Request reached the end of the middleware pipeline without being handled by application code. Request path: GET http://localhost:5003/js/bootstrap.js, Response status code: 404
2024-11-23 20:02:01.316 +01:00 [INF] Request starting HTTP/1.1 GET http://localhost:5003/js/jquery.min.js - null null
2024-11-23 20:02:01.318 +01:00 [INF] Request finished HTTP/1.1 GET http://localhost:5003/js/jquery.min.js - 404 0 null 1.2732ms
2024-11-23 20:02:01.318 +01:00 [INF] Request reached the end of the middleware pipeline without being handled by application code. Request path: GET http://localhost:5003/js/jquery.min.js, Response status code: 404
2024-11-23 20:02:02.820 +01:00 [INF] Request starting HTTP/1.1 GET http://localhost:5003/Identity/Account/Login - null null
2024-11-23 20:02:02.820 +01:00 [INF] Executing endpoint '/Account/Login'
2024-11-23 20:02:02.820 +01:00 [INF] Route matched with {page = "/Account/Login", area = "Identity", action = "", controller = ""}. Executing page /Account/Login
2024-11-23 20:02:02.823 +01:00 [INF] Executing handler method SubApp1.Areas.Identity.Pages.Account.LoginModel.OnGetAsync - ModelState is "Valid"
2024-11-23 20:02:02.824 +01:00 [INF] AuthenticationScheme: Identity.External signed out.
2024-11-23 20:02:02.824 +01:00 [INF] Executed handler method OnGetAsync, returned result .
2024-11-23 20:02:02.824 +01:00 [INF] Executing an implicit handler method - ModelState is "Valid"
2024-11-23 20:02:02.824 +01:00 [INF] Executed an implicit handler method, returned result Microsoft.AspNetCore.Mvc.RazorPages.PageResult.
2024-11-23 20:02:02.827 +01:00 [INF] Executed page /Account/Login in 6.7959ms
2024-11-23 20:02:02.827 +01:00 [INF] Executed endpoint '/Account/Login'
2024-11-23 20:02:02.827 +01:00 [INF] Request finished HTTP/1.1 GET http://localhost:5003/Identity/Account/Login - 200 null text/html; charset=utf-8 7.3749ms
2024-11-23 20:02:02.854 +01:00 [INF] Request starting HTTP/1.1 GET http://localhost:5003/js/bootstrap.js - null null
2024-11-23 20:02:02.855 +01:00 [INF] Request finished HTTP/1.1 GET http://localhost:5003/js/bootstrap.js - 404 0 null 0.4053ms
2024-11-23 20:02:02.855 +01:00 [INF] Request reached the end of the middleware pipeline without being handled by application code. Request path: GET http://localhost:5003/js/bootstrap.js, Response status code: 404
2024-11-23 20:02:02.863 +01:00 [INF] Request starting HTTP/1.1 GET http://localhost:5003/js/jquery.min.js - null null
2024-11-23 20:02:02.864 +01:00 [INF] Request finished HTTP/1.1 GET http://localhost:5003/js/jquery.min.js - 404 0 null 0.4097ms
2024-11-23 20:02:02.864 +01:00 [INF] Request reached the end of the middleware pipeline without being handled by application code. Request path: GET http://localhost:5003/js/jquery.min.js, Response status code: 404
2024-11-23 20:04:02.849 +01:00 [INF] Request starting HTTP/1.1 GET http://localhost:5003/?page=%2FAccount%2FForgotPassword - null null
2024-11-23 20:04:02.849 +01:00 [INF] Executing endpoint 'SubApp1.Controllers.HomeController.Index (SubApp1)'
2024-11-23 20:04:02.851 +01:00 [INF] Route matched with {action = "Index", controller = "Home", page = "", area = ""}. Executing controller action with signature Microsoft.AspNetCore.Mvc.IActionResult Index() on controller SubApp1.Controllers.HomeController (SubApp1).
2024-11-23 20:04:02.853 +01:00 [INF] Executing ViewResult, running view Index.
2024-11-23 20:04:02.857 +01:00 [INF] Executed ViewResult - view Index executed in 3.7411ms.
2024-11-23 20:04:02.857 +01:00 [INF] Executed action SubApp1.Controllers.HomeController.Index (SubApp1) in 5.8776ms
2024-11-23 20:04:02.857 +01:00 [INF] Executed endpoint 'SubApp1.Controllers.HomeController.Index (SubApp1)'
2024-11-23 20:04:02.857 +01:00 [INF] Request finished HTTP/1.1 GET http://localhost:5003/?page=%2FAccount%2FForgotPassword - 200 null text/html; charset=utf-8 8.0424ms
2024-11-23 20:04:02.900 +01:00 [INF] Request starting HTTP/1.1 GET http://localhost:5003/js/bootstrap.js - null null
2024-11-23 20:04:02.901 +01:00 [INF] Request finished HTTP/1.1 GET http://localhost:5003/js/bootstrap.js - 404 0 null 0.4383ms
2024-11-23 20:04:02.901 +01:00 [INF] Request reached the end of the middleware pipeline without being handled by application code. Request path: GET http://localhost:5003/js/bootstrap.js, Response status code: 404
2024-11-23 20:04:02.902 +01:00 [INF] Request starting HTTP/1.1 GET http://localhost:5003/js/jquery.min.js - null null
2024-11-23 20:04:02.903 +01:00 [INF] Request finished HTTP/1.1 GET http://localhost:5003/js/jquery.min.js - 404 0 null 1.3883ms
2024-11-23 20:04:02.903 +01:00 [INF] Request reached the end of the middleware pipeline without being handled by application code. Request path: GET http://localhost:5003/js/jquery.min.js, Response status code: 404
2024-11-23 20:04:04.255 +01:00 [INF] Request starting HTTP/1.1 GET http://localhost:5003/Identity/Account/Login - null null
2024-11-23 20:04:04.256 +01:00 [INF] Executing endpoint '/Account/Login'
2024-11-23 20:04:04.261 +01:00 [INF] Route matched with {page = "/Account/Login", area = "Identity", action = "", controller = ""}. Executing page /Account/Login
2024-11-23 20:04:04.265 +01:00 [INF] Executing handler method SubApp1.Areas.Identity.Pages.Account.LoginModel.OnGetAsync - ModelState is "Valid"
2024-11-23 20:04:04.266 +01:00 [INF] AuthenticationScheme: Identity.External signed out.
2024-11-23 20:04:04.266 +01:00 [INF] Executed handler method OnGetAsync, returned result .
2024-11-23 20:04:04.266 +01:00 [INF] Executing an implicit handler method - ModelState is "Valid"
2024-11-23 20:04:04.266 +01:00 [INF] Executed an implicit handler method, returned result Microsoft.AspNetCore.Mvc.RazorPages.PageResult.
2024-11-23 20:04:04.268 +01:00 [INF] Executed page /Account/Login in 6.7578ms
2024-11-23 20:04:04.268 +01:00 [INF] Executed endpoint '/Account/Login'
2024-11-23 20:04:04.268 +01:00 [INF] Request finished HTTP/1.1 GET http://localhost:5003/Identity/Account/Login - 200 null text/html; charset=utf-8 13.5078ms
2024-11-23 20:04:04.313 +01:00 [INF] Request starting HTTP/1.1 GET http://localhost:5003/js/bootstrap.js - null null
2024-11-23 20:04:04.313 +01:00 [INF] Request finished HTTP/1.1 GET http://localhost:5003/js/bootstrap.js - 404 0 null 0.4615ms
2024-11-23 20:04:04.313 +01:00 [INF] Request reached the end of the middleware pipeline without being handled by application code. Request path: GET http://localhost:5003/js/bootstrap.js, Response status code: 404
2024-11-23 20:04:04.313 +01:00 [INF] Request starting HTTP/1.1 GET http://localhost:5003/js/jquery.min.js - null null
2024-11-23 20:04:04.314 +01:00 [INF] Request finished HTTP/1.1 GET http://localhost:5003/js/jquery.min.js - 404 0 null 0.3066ms
2024-11-23 20:04:04.314 +01:00 [INF] Request reached the end of the middleware pipeline without being handled by application code. Request path: GET http://localhost:5003/js/jquery.min.js, Response status code: 404
2024-11-23 20:04:05.113 +01:00 [INF] Request starting HTTP/1.1 GET http://localhost:5003/Identity/Account/ForgotPassword - null null
2024-11-23 20:04:05.227 +01:00 [ERR] An unhandled exception has occurred while executing the request.
Microsoft.AspNetCore.Mvc.Razor.RuntimeCompilation.CompilationFailedException: One or more compilation failures occurred:
5t4ukzse.0qs(253,71): error CS0246: The type or namespace name 'ForgotPasswordModel' could not be found (are you missing a using directive or an assembly reference?)
5t4ukzse.0qs(254,81): error CS0246: The type or namespace name 'ForgotPasswordModel' could not be found (are you missing a using directive or an assembly reference?)
5t4ukzse.0qs(255,16): error CS0246: The type or namespace name 'ForgotPasswordModel' could not be found (are you missing a using directive or an assembly reference?)
5t4ukzse.0qs(254,180): error CS0246: The type or namespace name 'ForgotPasswordModel' could not be found (are you missing a using directive or an assembly reference?)
   at Microsoft.AspNetCore.Mvc.Razor.RuntimeCompilation.RuntimeViewCompiler.CompileAndEmit(RazorCodeDocument codeDocument, String generatedCode)
   at Microsoft.AspNetCore.Mvc.Razor.RuntimeCompilation.RuntimeViewCompiler.CompileAndEmit(String relativePath)
   at Microsoft.AspNetCore.Mvc.Razor.RuntimeCompilation.RuntimeViewCompiler.OnCacheMiss(String normalizedPath)
--- End of stack trace from previous location ---
   at Microsoft.AspNetCore.Mvc.RazorPages.Infrastructure.DefaultPageLoader.LoadAsyncCore(PageActionDescriptor actionDescriptor, EndpointMetadataCollection endpointMetadata)
   at Microsoft.AspNetCore.Mvc.RazorPages.Infrastructure.PageLoaderMatcherPolicy.ApplyAsyncAwaited(PageLoader pageLoader, CandidateSet candidates, Task`1 actionDescriptorTask, Int32 index)
   at Microsoft.AspNetCore.Routing.Matching.DfaMatcher.SelectEndpointWithPoliciesAsync(HttpContext httpContext, IEndpointSelectorPolicy[] policies, CandidateSet candidateSet)
   at Microsoft.AspNetCore.Routing.EndpointRoutingMiddleware.<Invoke>g__AwaitMatch|10_1(EndpointRoutingMiddleware middleware, HttpContext httpContext, Task matchTask)
   at Microsoft.AspNetCore.Authentication.AuthenticationMiddleware.Invoke(HttpContext context)
   at Microsoft.AspNetCore.Diagnostics.DeveloperExceptionPageMiddlewareImpl.Invoke(HttpContext context)
2024-11-23 20:04:05.237 +01:00 [INF] Request finished HTTP/1.1 GET http://localhost:5003/Identity/Account/ForgotPassword - 500 null text/html; charset=utf-8 123.9457ms
2024-11-23 20:04:06.748 +01:00 [INF] Request starting HTTP/1.1 GET http://localhost:5003/Identity/Account/Login - null null
2024-11-23 20:04:06.748 +01:00 [INF] Executing endpoint '/Account/Login'
2024-11-23 20:04:06.748 +01:00 [INF] Route matched with {page = "/Account/Login", area = "Identity", action = "", controller = ""}. Executing page /Account/Login
2024-11-23 20:04:06.750 +01:00 [INF] Executing handler method SubApp1.Areas.Identity.Pages.Account.LoginModel.OnGetAsync - ModelState is "Valid"
2024-11-23 20:04:06.750 +01:00 [INF] AuthenticationScheme: Identity.External signed out.
2024-11-23 20:04:06.750 +01:00 [INF] Executed handler method OnGetAsync, returned result .
2024-11-23 20:04:06.750 +01:00 [INF] Executing an implicit handler method - ModelState is "Valid"
2024-11-23 20:04:06.750 +01:00 [INF] Executed an implicit handler method, returned result Microsoft.AspNetCore.Mvc.RazorPages.PageResult.
2024-11-23 20:04:06.752 +01:00 [INF] Executed page /Account/Login in 3.4154ms
2024-11-23 20:04:06.752 +01:00 [INF] Executed endpoint '/Account/Login'
2024-11-23 20:04:06.752 +01:00 [INF] Request finished HTTP/1.1 GET http://localhost:5003/Identity/Account/Login - 200 null text/html; charset=utf-8 3.978ms
2024-11-23 20:04:07.917 +01:00 [INF] Request starting HTTP/1.1 GET http://localhost:5003/Identity/Account/ForgotPassword - null null
2024-11-23 20:04:07.920 +01:00 [ERR] An unhandled exception has occurred while executing the request.
Microsoft.AspNetCore.Mvc.Razor.RuntimeCompilation.CompilationFailedException: One or more compilation failures occurred:
5t4ukzse.0qs(253,71): error CS0246: The type or namespace name 'ForgotPasswordModel' could not be found (are you missing a using directive or an assembly reference?)
5t4ukzse.0qs(254,81): error CS0246: The type or namespace name 'ForgotPasswordModel' could not be found (are you missing a using directive or an assembly reference?)
5t4ukzse.0qs(255,16): error CS0246: The type or namespace name 'ForgotPasswordModel' could not be found (are you missing a using directive or an assembly reference?)
5t4ukzse.0qs(254,180): error CS0246: The type or namespace name 'ForgotPasswordModel' could not be found (are you missing a using directive or an assembly reference?)
   at Microsoft.AspNetCore.Mvc.Razor.RuntimeCompilation.RuntimeViewCompiler.CompileAndEmit(RazorCodeDocument codeDocument, String generatedCode)
   at Microsoft.AspNetCore.Mvc.Razor.RuntimeCompilation.RuntimeViewCompiler.CompileAndEmit(String relativePath)
   at Microsoft.AspNetCore.Mvc.Razor.RuntimeCompilation.RuntimeViewCompiler.OnCacheMiss(String normalizedPath)
--- End of stack trace from previous location ---
   at Microsoft.AspNetCore.Mvc.RazorPages.Infrastructure.DefaultPageLoader.LoadAsyncCore(PageActionDescriptor actionDescriptor, EndpointMetadataCollection endpointMetadata)
   at Microsoft.AspNetCore.Mvc.RazorPages.Infrastructure.PageLoaderMatcherPolicy.ApplyAsyncAwaited(PageLoader pageLoader, CandidateSet candidates, Task`1 actionDescriptorTask, Int32 index)
   at Microsoft.AspNetCore.Routing.Matching.DfaMatcher.SelectEndpointWithPoliciesAsync(HttpContext httpContext, IEndpointSelectorPolicy[] policies, CandidateSet candidateSet)
   at Microsoft.AspNetCore.Routing.EndpointRoutingMiddleware.<Invoke>g__AwaitMatch|10_1(EndpointRoutingMiddleware middleware, HttpContext httpContext, Task matchTask)
   at Microsoft.AspNetCore.Authentication.AuthenticationMiddleware.Invoke(HttpContext context)
   at Microsoft.AspNetCore.Diagnostics.DeveloperExceptionPageMiddlewareImpl.Invoke(HttpContext context)
2024-11-23 20:04:07.922 +01:00 [INF] Request finished HTTP/1.1 GET http://localhost:5003/Identity/Account/ForgotPassword - 500 null text/html; charset=utf-8 5.0074ms
2024-11-23 20:04:18.002 +01:00 [INF] Request starting HTTP/1.1 GET http://localhost:5003/Identity/Account/Login - null null
2024-11-23 20:04:18.003 +01:00 [INF] Executing endpoint '/Account/Login'
2024-11-23 20:04:18.003 +01:00 [INF] Route matched with {page = "/Account/Login", area = "Identity", action = "", controller = ""}. Executing page /Account/Login
2024-11-23 20:04:18.007 +01:00 [INF] Executing handler method SubApp1.Areas.Identity.Pages.Account.LoginModel.OnGetAsync - ModelState is "Valid"
2024-11-23 20:04:18.008 +01:00 [INF] AuthenticationScheme: Identity.External signed out.
2024-11-23 20:04:18.008 +01:00 [INF] Executed handler method OnGetAsync, returned result .
2024-11-23 20:04:18.008 +01:00 [INF] Executing an implicit handler method - ModelState is "Valid"
2024-11-23 20:04:18.008 +01:00 [INF] Executed an implicit handler method, returned result Microsoft.AspNetCore.Mvc.RazorPages.PageResult.
2024-11-23 20:04:18.009 +01:00 [INF] Executed page /Account/Login in 6.1511ms
2024-11-23 20:04:18.010 +01:00 [INF] Executed endpoint '/Account/Login'
2024-11-23 20:04:18.010 +01:00 [INF] Request finished HTTP/1.1 GET http://localhost:5003/Identity/Account/Login - 200 null text/html; charset=utf-8 7.6584ms
2024-11-23 20:04:38.205 +01:00 [INF] Request starting HTTP/1.1 GET http://localhost:5003/Identity/Account/Login - null null
2024-11-23 20:04:39.023 +01:00 [INF] Executing endpoint '/Account/Login'
2024-11-23 20:04:39.029 +01:00 [INF] Route matched with {page = "/Account/Login", area = "Identity", action = "", controller = ""}. Executing page /Account/Login
2024-11-23 20:04:39.035 +01:00 [INF] Executing handler method SubApp1.Areas.Identity.Pages.Account.LoginModel.OnGetAsync - ModelState is "Valid"
2024-11-23 20:04:39.036 +01:00 [INF] AuthenticationScheme: Identity.External signed out.
2024-11-23 20:04:39.036 +01:00 [INF] Executed handler method OnGetAsync, returned result .
2024-11-23 20:04:39.036 +01:00 [INF] Executing an implicit handler method - ModelState is "Valid"
2024-11-23 20:04:39.036 +01:00 [INF] Executed an implicit handler method, returned result Microsoft.AspNetCore.Mvc.RazorPages.PageResult.
2024-11-23 20:04:39.058 +01:00 [INF] Executed page /Account/Login in 29.2578ms
2024-11-23 20:04:39.058 +01:00 [INF] Executed endpoint '/Account/Login'
2024-11-23 20:04:39.058 +01:00 [INF] Request finished HTTP/1.1 GET http://localhost:5003/Identity/Account/Login - 200 null text/html; charset=utf-8 853.4791ms
2024-11-23 20:04:39.158 +01:00 [INF] Request starting HTTP/1.1 GET http://localhost:5003/js/bootstrap.js - null null
2024-11-23 20:04:39.178 +01:00 [INF] Request finished HTTP/1.1 GET http://localhost:5003/js/bootstrap.js - 404 0 null 20.0786ms
2024-11-23 20:04:39.178 +01:00 [INF] Request reached the end of the middleware pipeline without being handled by application code. Request path: GET http://localhost:5003/js/bootstrap.js, Response status code: 404
2024-11-23 20:04:39.178 +01:00 [INF] Request starting HTTP/1.1 GET http://localhost:5003/js/jquery.min.js - null null
2024-11-23 20:04:39.179 +01:00 [INF] Request finished HTTP/1.1 GET http://localhost:5003/js/jquery.min.js - 404 0 null 0.3182ms
2024-11-23 20:04:39.179 +01:00 [INF] Request reached the end of the middleware pipeline without being handled by application code. Request path: GET http://localhost:5003/js/jquery.min.js, Response status code: 404
2024-11-23 20:04:40.214 +01:00 [INF] Request starting HTTP/1.1 GET http://localhost:5003/Identity/Account/Register?returnUrl=%2F - null null
2024-11-23 20:04:40.226 +01:00 [INF] Executing endpoint '/Account/Register'
2024-11-23 20:04:40.229 +01:00 [INF] Route matched with {page = "/Account/Register", area = "Identity", action = "", controller = ""}. Executing page /Account/Register
2024-11-23 20:04:40.232 +01:00 [INF] Executing handler method SubApp1.Areas.Identity.Pages.Account.RegisterModel.OnGetAsync - ModelState is "Valid"
2024-11-23 20:04:40.232 +01:00 [INF] Executed handler method OnGetAsync, returned result .
2024-11-23 20:04:40.232 +01:00 [INF] Executing an implicit handler method - ModelState is "Valid"
2024-11-23 20:04:40.232 +01:00 [INF] Executed an implicit handler method, returned result Microsoft.AspNetCore.Mvc.RazorPages.PageResult.
2024-11-23 20:04:40.233 +01:00 [INF] Executed page /Account/Register in 3.6673ms
2024-11-23 20:04:40.233 +01:00 [INF] Executed endpoint '/Account/Register'
2024-11-23 20:04:40.233 +01:00 [INF] Request finished HTTP/1.1 GET http://localhost:5003/Identity/Account/Register?returnUrl=%2F - 200 null text/html; charset=utf-8 19.6683ms
2024-11-23 20:04:40.266 +01:00 [INF] Request starting HTTP/1.1 GET http://localhost:5003/js/bootstrap.js - null null
2024-11-23 20:04:40.266 +01:00 [INF] Request finished HTTP/1.1 GET http://localhost:5003/js/bootstrap.js - 404 0 null 0.3788ms
2024-11-23 20:04:40.267 +01:00 [INF] Request reached the end of the middleware pipeline without being handled by application code. Request path: GET http://localhost:5003/js/bootstrap.js, Response status code: 404
2024-11-23 20:04:40.267 +01:00 [INF] Request starting HTTP/1.1 GET http://localhost:5003/js/jquery.min.js - null null
2024-11-23 20:04:40.267 +01:00 [INF] Request finished HTTP/1.1 GET http://localhost:5003/js/jquery.min.js - 404 0 null 0.2516ms
2024-11-23 20:04:40.267 +01:00 [INF] Request reached the end of the middleware pipeline without being handled by application code. Request path: GET http://localhost:5003/js/jquery.min.js, Response status code: 404
2024-11-23 20:04:42.547 +01:00 [INF] Request starting HTTP/1.1 GET http://localhost:5003/Identity/Account/Login - null null
2024-11-23 20:04:42.547 +01:00 [INF] Executing endpoint '/Account/Login'
2024-11-23 20:04:42.547 +01:00 [INF] Route matched with {page = "/Account/Login", area = "Identity", action = "", controller = ""}. Executing page /Account/Login
2024-11-23 20:04:42.550 +01:00 [INF] Executing handler method SubApp1.Areas.Identity.Pages.Account.LoginModel.OnGetAsync - ModelState is "Valid"
2024-11-23 20:04:42.550 +01:00 [INF] AuthenticationScheme: Identity.External signed out.
2024-11-23 20:04:42.550 +01:00 [INF] Executed handler method OnGetAsync, returned result .
2024-11-23 20:04:42.550 +01:00 [INF] Executing an implicit handler method - ModelState is "Valid"
2024-11-23 20:04:42.550 +01:00 [INF] Executed an implicit handler method, returned result Microsoft.AspNetCore.Mvc.RazorPages.PageResult.
2024-11-23 20:04:42.553 +01:00 [INF] Executed page /Account/Login in 5.2738ms
2024-11-23 20:04:42.553 +01:00 [INF] Executed endpoint '/Account/Login'
2024-11-23 20:04:42.553 +01:00 [INF] Request finished HTTP/1.1 GET http://localhost:5003/Identity/Account/Login - 200 null text/html; charset=utf-8 6.0102ms
2024-11-23 20:04:42.588 +01:00 [INF] Request starting HTTP/1.1 GET http://localhost:5003/js/bootstrap.js - null null
2024-11-23 20:04:42.588 +01:00 [INF] Request finished HTTP/1.1 GET http://localhost:5003/js/bootstrap.js - 404 0 null 0.3888ms
2024-11-23 20:04:42.589 +01:00 [INF] Request reached the end of the middleware pipeline without being handled by application code. Request path: GET http://localhost:5003/js/bootstrap.js, Response status code: 404
2024-11-23 20:04:42.589 +01:00 [INF] Request starting HTTP/1.1 GET http://localhost:5003/js/jquery.min.js - null null
2024-11-23 20:04:42.589 +01:00 [INF] Request finished HTTP/1.1 GET http://localhost:5003/js/jquery.min.js - 404 0 null 0.3219ms
2024-11-23 20:04:42.589 +01:00 [INF] Request reached the end of the middleware pipeline without being handled by application code. Request path: GET http://localhost:5003/js/jquery.min.js, Response status code: 404
2024-11-23 20:04:43.383 +01:00 [INF] Request starting HTTP/1.1 GET http://localhost:5003/Identity/Account/Register - null null
2024-11-23 20:04:43.384 +01:00 [INF] Executing endpoint '/Account/Register'
2024-11-23 20:04:43.384 +01:00 [INF] Route matched with {page = "/Account/Register", area = "Identity", action = "", controller = ""}. Executing page /Account/Register
2024-11-23 20:04:43.385 +01:00 [INF] Executing handler method SubApp1.Areas.Identity.Pages.Account.RegisterModel.OnGetAsync - ModelState is "Valid"
2024-11-23 20:04:43.385 +01:00 [INF] Executed handler method OnGetAsync, returned result .
2024-11-23 20:04:43.386 +01:00 [INF] Executing an implicit handler method - ModelState is "Valid"
2024-11-23 20:04:43.386 +01:00 [INF] Executed an implicit handler method, returned result Microsoft.AspNetCore.Mvc.RazorPages.PageResult.
2024-11-23 20:04:43.387 +01:00 [INF] Executed page /Account/Register in 3.5482ms
2024-11-23 20:04:43.387 +01:00 [INF] Executed endpoint '/Account/Register'
2024-11-23 20:04:43.387 +01:00 [INF] Request finished HTTP/1.1 GET http://localhost:5003/Identity/Account/Register - 200 null text/html; charset=utf-8 4.0396ms
2024-11-23 20:04:43.423 +01:00 [INF] Request starting HTTP/1.1 GET http://localhost:5003/js/bootstrap.js - null null
2024-11-23 20:04:43.424 +01:00 [INF] Request finished HTTP/1.1 GET http://localhost:5003/js/bootstrap.js - 404 0 null 0.3896ms
2024-11-23 20:04:43.424 +01:00 [INF] Request reached the end of the middleware pipeline without being handled by application code. Request path: GET http://localhost:5003/js/bootstrap.js, Response status code: 404
2024-11-23 20:04:43.424 +01:00 [INF] Request starting HTTP/1.1 GET http://localhost:5003/js/jquery.min.js - null null
2024-11-23 20:04:43.424 +01:00 [INF] Request finished HTTP/1.1 GET http://localhost:5003/js/jquery.min.js - 404 0 null 0.2695ms
2024-11-23 20:04:43.424 +01:00 [INF] Request reached the end of the middleware pipeline without being handled by application code. Request path: GET http://localhost:5003/js/jquery.min.js, Response status code: 404
2024-11-23 20:05:15.733 +01:00 [INF] Request starting HTTP/1.1 GET http://localhost:5003/Identity/Account/Register - null null
2024-11-23 20:05:15.733 +01:00 [INF] Executing endpoint '/Account/Register'
2024-11-23 20:05:15.733 +01:00 [INF] Route matched with {page = "/Account/Register", area = "Identity", action = "", controller = ""}. Executing page /Account/Register
2024-11-23 20:05:15.735 +01:00 [INF] Executing handler method SubApp1.Areas.Identity.Pages.Account.RegisterModel.OnGetAsync - ModelState is "Valid"
2024-11-23 20:05:15.735 +01:00 [INF] Executed handler method OnGetAsync, returned result .
2024-11-23 20:05:15.735 +01:00 [INF] Executing an implicit handler method - ModelState is "Valid"
2024-11-23 20:05:15.735 +01:00 [INF] Executed an implicit handler method, returned result Microsoft.AspNetCore.Mvc.RazorPages.PageResult.
2024-11-23 20:05:15.907 +01:00 [INF] Executed page /Account/Register in 173.368ms
2024-11-23 20:05:15.907 +01:00 [INF] Executed endpoint '/Account/Register'
2024-11-23 20:05:15.907 +01:00 [INF] Request finished HTTP/1.1 GET http://localhost:5003/Identity/Account/Register - 200 null text/html; charset=utf-8 174.1144ms
2024-11-23 20:05:15.933 +01:00 [INF] Request starting HTTP/1.1 GET http://localhost:5003/js/bootstrap.js - null null
2024-11-23 20:05:15.933 +01:00 [INF] Request finished HTTP/1.1 GET http://localhost:5003/js/bootstrap.js - 404 0 null 0.3441ms
2024-11-23 20:05:15.933 +01:00 [INF] Request reached the end of the middleware pipeline without being handled by application code. Request path: GET http://localhost:5003/js/bootstrap.js, Response status code: 404
2024-11-23 20:05:15.933 +01:00 [INF] Request starting HTTP/1.1 GET http://localhost:5003/js/jquery.min.js - null null
2024-11-23 20:05:15.933 +01:00 [INF] Request finished HTTP/1.1 GET http://localhost:5003/js/jquery.min.js - 404 0 null 0.1874ms
2024-11-23 20:05:15.934 +01:00 [INF] Request reached the end of the middleware pipeline without being handled by application code. Request path: GET http://localhost:5003/js/jquery.min.js, Response status code: 404
2024-11-23 20:05:17.485 +01:00 [INF] Request starting HTTP/1.1 GET http://localhost:5003/Identity/Account/Login - null null
2024-11-23 20:05:17.485 +01:00 [INF] Executing endpoint '/Account/Login'
2024-11-23 20:05:17.485 +01:00 [INF] Route matched with {page = "/Account/Login", area = "Identity", action = "", controller = ""}. Executing page /Account/Login
2024-11-23 20:05:17.488 +01:00 [INF] Executing handler method SubApp1.Areas.Identity.Pages.Account.LoginModel.OnGetAsync - ModelState is "Valid"
2024-11-23 20:05:17.488 +01:00 [INF] AuthenticationScheme: Identity.External signed out.
2024-11-23 20:05:17.488 +01:00 [INF] Executed handler method OnGetAsync, returned result .
2024-11-23 20:05:17.488 +01:00 [INF] Executing an implicit handler method - ModelState is "Valid"
2024-11-23 20:05:17.488 +01:00 [INF] Executed an implicit handler method, returned result Microsoft.AspNetCore.Mvc.RazorPages.PageResult.
2024-11-23 20:05:17.492 +01:00 [INF] Executed page /Account/Login in 7.2146ms
2024-11-23 20:05:17.492 +01:00 [INF] Executed endpoint '/Account/Login'
2024-11-23 20:05:17.493 +01:00 [INF] Request finished HTTP/1.1 GET http://localhost:5003/Identity/Account/Login - 200 null text/html; charset=utf-8 7.8133ms
2024-11-23 20:05:17.523 +01:00 [INF] Request starting HTTP/1.1 GET http://localhost:5003/js/jquery.min.js - null null
2024-11-23 20:05:17.524 +01:00 [INF] Request starting HTTP/1.1 GET http://localhost:5003/js/bootstrap.js - null null
2024-11-23 20:05:17.524 +01:00 [INF] Request finished HTTP/1.1 GET http://localhost:5003/js/bootstrap.js - 404 0 null 0.2701ms
2024-11-23 20:05:17.524 +01:00 [INF] Request finished HTTP/1.1 GET http://localhost:5003/js/jquery.min.js - 404 0 null 0.552ms
2024-11-23 20:05:17.524 +01:00 [INF] Request reached the end of the middleware pipeline without being handled by application code. Request path: GET http://localhost:5003/js/jquery.min.js, Response status code: 404
2024-11-23 20:05:17.524 +01:00 [INF] Request reached the end of the middleware pipeline without being handled by application code. Request path: GET http://localhost:5003/js/bootstrap.js, Response status code: 404
2024-11-23 20:05:19.644 +01:00 [INF] Request starting HTTP/1.1 GET http://localhost:5003/Identity/Account/Register?returnUrl=%2F - null null
2024-11-23 20:05:19.644 +01:00 [INF] Executing endpoint '/Account/Register'
2024-11-23 20:05:19.645 +01:00 [INF] Route matched with {page = "/Account/Register", area = "Identity", action = "", controller = ""}. Executing page /Account/Register
2024-11-23 20:05:19.648 +01:00 [INF] Executing handler method SubApp1.Areas.Identity.Pages.Account.RegisterModel.OnGetAsync - ModelState is "Valid"
2024-11-23 20:05:19.648 +01:00 [INF] Executed handler method OnGetAsync, returned result .
2024-11-23 20:05:19.648 +01:00 [INF] Executing an implicit handler method - ModelState is "Valid"
2024-11-23 20:05:19.648 +01:00 [INF] Executed an implicit handler method, returned result Microsoft.AspNetCore.Mvc.RazorPages.PageResult.
2024-11-23 20:05:19.650 +01:00 [INF] Executed page /Account/Register in 5.7711ms
2024-11-23 20:05:19.651 +01:00 [INF] Executed endpoint '/Account/Register'
2024-11-23 20:05:19.651 +01:00 [INF] Request finished HTTP/1.1 GET http://localhost:5003/Identity/Account/Register?returnUrl=%2F - 200 null text/html; charset=utf-8 6.5685ms
2024-11-23 20:05:19.686 +01:00 [INF] Request starting HTTP/1.1 GET http://localhost:5003/js/bootstrap.js - null null
2024-11-23 20:05:19.687 +01:00 [INF] Request finished HTTP/1.1 GET http://localhost:5003/js/bootstrap.js - 404 0 null 0.4823ms
2024-11-23 20:05:19.687 +01:00 [INF] Request reached the end of the middleware pipeline without being handled by application code. Request path: GET http://localhost:5003/js/bootstrap.js, Response status code: 404
2024-11-23 20:05:19.694 +01:00 [INF] Request starting HTTP/1.1 GET http://localhost:5003/js/jquery.min.js - null null
2024-11-23 20:05:19.695 +01:00 [INF] Request finished HTTP/1.1 GET http://localhost:5003/js/jquery.min.js - 404 0 null 0.4662ms
2024-11-23 20:05:19.696 +01:00 [INF] Request reached the end of the middleware pipeline without being handled by application code. Request path: GET http://localhost:5003/js/jquery.min.js, Response status code: 404
2024-11-23 20:05:20.797 +01:00 [INF] Request starting HTTP/1.1 GET http://localhost:5003/Identity/Account/Login - null null
2024-11-23 20:05:20.797 +01:00 [INF] Executing endpoint '/Account/Login'
2024-11-23 20:05:20.798 +01:00 [INF] Route matched with {page = "/Account/Login", area = "Identity", action = "", controller = ""}. Executing page /Account/Login
2024-11-23 20:05:20.800 +01:00 [INF] Executing handler method SubApp1.Areas.Identity.Pages.Account.LoginModel.OnGetAsync - ModelState is "Valid"
2024-11-23 20:05:20.800 +01:00 [INF] AuthenticationScheme: Identity.External signed out.
2024-11-23 20:05:20.800 +01:00 [INF] Executed handler method OnGetAsync, returned result .
2024-11-23 20:05:20.800 +01:00 [INF] Executing an implicit handler method - ModelState is "Valid"
2024-11-23 20:05:20.800 +01:00 [INF] Executed an implicit handler method, returned result Microsoft.AspNetCore.Mvc.RazorPages.PageResult.
2024-11-23 20:05:20.802 +01:00 [INF] Executed page /Account/Login in 4.6453ms
2024-11-23 20:05:20.802 +01:00 [INF] Executed endpoint '/Account/Login'
2024-11-23 20:05:20.803 +01:00 [INF] Request finished HTTP/1.1 GET http://localhost:5003/Identity/Account/Login - 200 null text/html; charset=utf-8 5.3853ms
2024-11-23 20:05:20.845 +01:00 [INF] Request starting HTTP/1.1 GET http://localhost:5003/js/bootstrap.js - null null
2024-11-23 20:05:20.846 +01:00 [INF] Request finished HTTP/1.1 GET http://localhost:5003/js/bootstrap.js - 404 0 null 1.6442ms
2024-11-23 20:05:20.846 +01:00 [INF] Request reached the end of the middleware pipeline without being handled by application code. Request path: GET http://localhost:5003/js/bootstrap.js, Response status code: 404
2024-11-23 20:05:20.847 +01:00 [INF] Request starting HTTP/1.1 GET http://localhost:5003/js/jquery.min.js - null null
2024-11-23 20:05:20.848 +01:00 [INF] Request finished HTTP/1.1 GET http://localhost:5003/js/jquery.min.js - 404 0 null 0.5101ms
2024-11-23 20:05:20.848 +01:00 [INF] Request reached the end of the middleware pipeline without being handled by application code. Request path: GET http://localhost:5003/js/jquery.min.js, Response status code: 404
2024-11-23 20:05:24.056 +01:00 [INF] Request starting HTTP/1.1 GET http://localhost:5003/Identity/Account/Login - null null
2024-11-23 20:05:24.056 +01:00 [INF] Executing endpoint '/Account/Login'
2024-11-23 20:05:24.056 +01:00 [INF] Route matched with {page = "/Account/Login", area = "Identity", action = "", controller = ""}. Executing page /Account/Login
2024-11-23 20:05:24.061 +01:00 [INF] Executing handler method SubApp1.Areas.Identity.Pages.Account.LoginModel.OnGetAsync - ModelState is "Valid"
2024-11-23 20:05:24.061 +01:00 [INF] AuthenticationScheme: Identity.External signed out.
2024-11-23 20:05:24.062 +01:00 [INF] Executed handler method OnGetAsync, returned result .
2024-11-23 20:05:24.062 +01:00 [INF] Executing an implicit handler method - ModelState is "Valid"
2024-11-23 20:05:24.062 +01:00 [INF] Executed an implicit handler method, returned result Microsoft.AspNetCore.Mvc.RazorPages.PageResult.
2024-11-23 20:05:24.064 +01:00 [INF] Executed page /Account/Login in 7.0862ms
2024-11-23 20:05:24.064 +01:00 [INF] Executed endpoint '/Account/Login'
2024-11-23 20:05:24.069 +01:00 [INF] Request finished HTTP/1.1 GET http://localhost:5003/Identity/Account/Login - 200 null text/html; charset=utf-8 11.5939ms
2024-11-23 20:05:24.097 +01:00 [INF] Request starting HTTP/1.1 GET http://localhost:5003/js/bootstrap.js - null null
2024-11-23 20:05:24.098 +01:00 [INF] Request finished HTTP/1.1 GET http://localhost:5003/js/bootstrap.js - 404 0 null 0.4497ms
2024-11-23 20:05:24.098 +01:00 [INF] Request reached the end of the middleware pipeline without being handled by application code. Request path: GET http://localhost:5003/js/bootstrap.js, Response status code: 404
2024-11-23 20:05:24.106 +01:00 [INF] Request starting HTTP/1.1 GET http://localhost:5003/js/jquery.min.js - null null
2024-11-23 20:05:24.109 +01:00 [INF] Request finished HTTP/1.1 GET http://localhost:5003/js/jquery.min.js - 404 0 null 3.0668ms
2024-11-23 20:05:24.109 +01:00 [INF] Request reached the end of the middleware pipeline without being handled by application code. Request path: GET http://localhost:5003/js/jquery.min.js, Response status code: 404
2024-11-23 20:05:25.433 +01:00 [INF] Request starting HTTP/1.1 GET http://localhost:5003/Identity/Account/Register?returnUrl=%2F - null null
2024-11-23 20:05:25.433 +01:00 [INF] Executing endpoint '/Account/Register'
2024-11-23 20:05:25.433 +01:00 [INF] Route matched with {page = "/Account/Register", area = "Identity", action = "", controller = ""}. Executing page /Account/Register
2024-11-23 20:05:25.436 +01:00 [INF] Executing handler method SubApp1.Areas.Identity.Pages.Account.RegisterModel.OnGetAsync - ModelState is "Valid"
2024-11-23 20:05:25.436 +01:00 [INF] Executed handler method OnGetAsync, returned result .
2024-11-23 20:05:25.436 +01:00 [INF] Executing an implicit handler method - ModelState is "Valid"
2024-11-23 20:05:25.436 +01:00 [INF] Executed an implicit handler method, returned result Microsoft.AspNetCore.Mvc.RazorPages.PageResult.
2024-11-23 20:05:25.438 +01:00 [INF] Executed page /Account/Register in 4.9625ms
2024-11-23 20:05:25.438 +01:00 [INF] Executed endpoint '/Account/Register'
2024-11-23 20:05:25.438 +01:00 [INF] Request finished HTTP/1.1 GET http://localhost:5003/Identity/Account/Register?returnUrl=%2F - 200 null text/html; charset=utf-8 5.7536ms
2024-11-23 20:05:25.474 +01:00 [INF] Request starting HTTP/1.1 GET http://localhost:5003/js/bootstrap.js - null null
2024-11-23 20:05:25.476 +01:00 [INF] Request finished HTTP/1.1 GET http://localhost:5003/js/bootstrap.js - 404 0 null 1.8938ms
2024-11-23 20:05:25.476 +01:00 [INF] Request reached the end of the middleware pipeline without being handled by application code. Request path: GET http://localhost:5003/js/bootstrap.js, Response status code: 404
2024-11-23 20:05:25.478 +01:00 [INF] Request starting HTTP/1.1 GET http://localhost:5003/js/jquery.min.js - null null
2024-11-23 20:05:25.478 +01:00 [INF] Request finished HTTP/1.1 GET http://localhost:5003/js/jquery.min.js - 404 0 null 0.7191ms
2024-11-23 20:05:25.479 +01:00 [INF] Request reached the end of the middleware pipeline without being handled by application code. Request path: GET http://localhost:5003/js/jquery.min.js, Response status code: 404
2024-11-23 20:05:49.162 +01:00 [INF] Request starting HTTP/1.1 POST http://localhost:5003/Identity/Account/Register?returnUrl=%2F - application/x-www-form-urlencoded 275
2024-11-23 20:05:49.162 +01:00 [INF] Executing endpoint '/Account/Register'
2024-11-23 20:05:49.163 +01:00 [INF] Route matched with {page = "/Account/Register", area = "Identity", action = "", controller = ""}. Executing page /Account/Register
2024-11-23 20:05:49.238 +01:00 [INF] Executing handler method SubApp1.Areas.Identity.Pages.Account.RegisterModel.OnPostAsync - ModelState is "Valid"
2024-11-23 20:05:49.254 +01:00 [INF] Executed handler method OnPostAsync, returned result Microsoft.AspNetCore.Mvc.RazorPages.PageResult.
2024-11-23 20:05:49.256 +01:00 [INF] Executed page /Account/Register in 92.967ms
2024-11-23 20:05:49.256 +01:00 [INF] Executed endpoint '/Account/Register'
2024-11-23 20:05:49.256 +01:00 [INF] Request finished HTTP/1.1 POST http://localhost:5003/Identity/Account/Register?returnUrl=%2F - 200 null text/html; charset=utf-8 94.2249ms
2024-11-23 20:05:49.277 +01:00 [INF] Request starting HTTP/1.1 GET http://localhost:5003/js/bootstrap.js - null null
2024-11-23 20:05:49.277 +01:00 [INF] Request finished HTTP/1.1 GET http://localhost:5003/js/bootstrap.js - 404 0 null 0.3453ms
2024-11-23 20:05:49.277 +01:00 [INF] Request reached the end of the middleware pipeline without being handled by application code. Request path: GET http://localhost:5003/js/bootstrap.js, Response status code: 404
2024-11-23 20:05:49.278 +01:00 [INF] Request starting HTTP/1.1 GET http://localhost:5003/js/jquery.min.js - null null
2024-11-23 20:05:49.278 +01:00 [INF] Request finished HTTP/1.1 GET http://localhost:5003/js/jquery.min.js - 404 0 null 0.2925ms
2024-11-23 20:05:49.278 +01:00 [INF] Request reached the end of the middleware pipeline without being handled by application code. Request path: GET http://localhost:5003/js/jquery.min.js, Response status code: 404
2024-11-23 20:06:38.751 +01:00 [INF] Request starting HTTP/1.1 POST http://localhost:5003/Identity/Account/Register - application/x-www-form-urlencoded 288
2024-11-23 20:06:38.753 +01:00 [INF] Executing endpoint '/Account/Register'
2024-11-23 20:06:38.753 +01:00 [INF] Route matched with {page = "/Account/Register", area = "Identity", action = "", controller = ""}. Executing page /Account/Register
2024-11-23 20:06:38.773 +01:00 [INF] Executing handler method SubApp1.Areas.Identity.Pages.Account.RegisterModel.OnPostAsync - ModelState is "Invalid"
2024-11-23 20:06:38.773 +01:00 [INF] Executed handler method OnPostAsync, returned result Microsoft.AspNetCore.Mvc.RazorPages.PageResult.
2024-11-23 20:06:38.787 +01:00 [INF] Executed page /Account/Register in 32.4915ms
2024-11-23 20:06:38.788 +01:00 [INF] Executed endpoint '/Account/Register'
2024-11-23 20:06:38.789 +01:00 [INF] Request finished HTTP/1.1 POST http://localhost:5003/Identity/Account/Register - 200 null text/html; charset=utf-8 36.7094ms
2024-11-23 20:06:38.835 +01:00 [INF] Request starting HTTP/1.1 GET http://localhost:5003/js/bootstrap.js - null null
2024-11-23 20:06:38.836 +01:00 [INF] Request finished HTTP/1.1 GET http://localhost:5003/js/bootstrap.js - 404 0 null 0.6395ms
2024-11-23 20:06:38.836 +01:00 [INF] Request reached the end of the middleware pipeline without being handled by application code. Request path: GET http://localhost:5003/js/bootstrap.js, Response status code: 404
2024-11-23 20:06:38.842 +01:00 [INF] Request starting HTTP/1.1 GET http://localhost:5003/js/jquery.min.js - null null
2024-11-23 20:06:38.842 +01:00 [INF] Request finished HTTP/1.1 GET http://localhost:5003/js/jquery.min.js - 404 0 null 0.4911ms
2024-11-23 20:06:38.843 +01:00 [INF] Request reached the end of the middleware pipeline without being handled by application code. Request path: GET http://localhost:5003/js/jquery.min.js, Response status code: 404
2024-11-23 20:06:59.609 +01:00 [INF] Request starting HTTP/1.1 POST http://localhost:5003/Identity/Account/Register - application/x-www-form-urlencoded 287
2024-11-23 20:06:59.610 +01:00 [INF] Executing endpoint '/Account/Register'
2024-11-23 20:06:59.611 +01:00 [INF] Route matched with {page = "/Account/Register", area = "Identity", action = "", controller = ""}. Executing page /Account/Register
2024-11-23 20:06:59.628 +01:00 [INF] Executing handler method SubApp1.Areas.Identity.Pages.Account.RegisterModel.OnPostAsync - ModelState is "Valid"
2024-11-23 20:07:00.088 +01:00 [ERR] Failed executing DbCommand (6ms) [Parameters=[@__normalizedUserName_0='?' (Size = 19)], CommandType='"Text"', CommandTimeout='30']
SELECT "a"."Id", "a"."AccessFailedCount", "a"."ConcurrencyStamp", "a"."Email", "a"."EmailConfirmed", "a"."LockoutEnabled", "a"."LockoutEnd", "a"."NormalizedEmail", "a"."NormalizedUserName", "a"."PasswordHash", "a"."PhoneNumber", "a"."PhoneNumberConfirmed", "a"."ProfilePic", "a"."SecurityStamp", "a"."TwoFactorEnabled", "a"."UserName"
FROM "AspNetUsers" AS "a"
WHERE "a"."NormalizedUserName" = @__normalizedUserName_0
LIMIT 1
2024-11-23 20:07:00.098 +01:00 [ERR] An exception occurred while iterating over the results of a query for context type 'SubApp1.Models.UserDbContext'.
Microsoft.Data.Sqlite.SqliteException (0x80004005): SQLite Error 1: 'no such table: AspNetUsers'.
   at Microsoft.Data.Sqlite.SqliteException.ThrowExceptionForRC(Int32 rc, sqlite3 db)
   at Microsoft.Data.Sqlite.SqliteCommand.PrepareAndEnumerateStatements()+MoveNext()
   at Microsoft.Data.Sqlite.SqliteCommand.GetStatements()+MoveNext()
   at Microsoft.Data.Sqlite.SqliteDataReader.NextResult()
   at Microsoft.Data.Sqlite.SqliteCommand.ExecuteReader(CommandBehavior behavior)
   at Microsoft.Data.Sqlite.SqliteCommand.ExecuteReaderAsync(CommandBehavior behavior, CancellationToken cancellationToken)
   at Microsoft.Data.Sqlite.SqliteCommand.ExecuteDbDataReaderAsync(CommandBehavior behavior, CancellationToken cancellationToken)
   at Microsoft.EntityFrameworkCore.Storage.RelationalCommand.ExecuteReaderAsync(RelationalCommandParameterObject parameterObject, CancellationToken cancellationToken)
   at Microsoft.EntityFrameworkCore.Storage.RelationalCommand.ExecuteReaderAsync(RelationalCommandParameterObject parameterObject, CancellationToken cancellationToken)
   at Microsoft.EntityFrameworkCore.Query.Internal.SingleQueryingEnumerable`1.AsyncEnumerator.InitializeReaderAsync(AsyncEnumerator enumerator, CancellationToken cancellationToken)
   at Microsoft.EntityFrameworkCore.Query.Internal.SingleQueryingEnumerable`1.AsyncEnumerator.MoveNextAsync()
Microsoft.Data.Sqlite.SqliteException (0x80004005): SQLite Error 1: 'no such table: AspNetUsers'.
   at Microsoft.Data.Sqlite.SqliteException.ThrowExceptionForRC(Int32 rc, sqlite3 db)
   at Microsoft.Data.Sqlite.SqliteCommand.PrepareAndEnumerateStatements()+MoveNext()
   at Microsoft.Data.Sqlite.SqliteCommand.GetStatements()+MoveNext()
   at Microsoft.Data.Sqlite.SqliteDataReader.NextResult()
   at Microsoft.Data.Sqlite.SqliteCommand.ExecuteReader(CommandBehavior behavior)
   at Microsoft.Data.Sqlite.SqliteCommand.ExecuteReaderAsync(CommandBehavior behavior, CancellationToken cancellationToken)
   at Microsoft.Data.Sqlite.SqliteCommand.ExecuteDbDataReaderAsync(CommandBehavior behavior, CancellationToken cancellationToken)
   at Microsoft.EntityFrameworkCore.Storage.RelationalCommand.ExecuteReaderAsync(RelationalCommandParameterObject parameterObject, CancellationToken cancellationToken)
   at Microsoft.EntityFrameworkCore.Storage.RelationalCommand.ExecuteReaderAsync(RelationalCommandParameterObject parameterObject, CancellationToken cancellationToken)
   at Microsoft.EntityFrameworkCore.Query.Internal.SingleQueryingEnumerable`1.AsyncEnumerator.InitializeReaderAsync(AsyncEnumerator enumerator, CancellationToken cancellationToken)
   at Microsoft.EntityFrameworkCore.Query.Internal.SingleQueryingEnumerable`1.AsyncEnumerator.MoveNextAsync()
2024-11-23 20:07:00.103 +01:00 [INF] Executed page /Account/Register in 488.3221ms
2024-11-23 20:07:00.103 +01:00 [INF] Executed endpoint '/Account/Register'
2024-11-23 20:07:00.152 +01:00 [ERR] An unhandled exception has occurred while executing the request.
Microsoft.Data.Sqlite.SqliteException (0x80004005): SQLite Error 1: 'no such table: AspNetUsers'.
   at Microsoft.Data.Sqlite.SqliteException.ThrowExceptionForRC(Int32 rc, sqlite3 db)
   at Microsoft.Data.Sqlite.SqliteCommand.PrepareAndEnumerateStatements()+MoveNext()
   at Microsoft.Data.Sqlite.SqliteCommand.GetStatements()+MoveNext()
   at Microsoft.Data.Sqlite.SqliteDataReader.NextResult()
   at Microsoft.Data.Sqlite.SqliteCommand.ExecuteReader(CommandBehavior behavior)
   at Microsoft.Data.Sqlite.SqliteCommand.ExecuteReaderAsync(CommandBehavior behavior, CancellationToken cancellationToken)
   at Microsoft.Data.Sqlite.SqliteCommand.ExecuteDbDataReaderAsync(CommandBehavior behavior, CancellationToken cancellationToken)
   at Microsoft.EntityFrameworkCore.Storage.RelationalCommand.ExecuteReaderAsync(RelationalCommandParameterObject parameterObject, CancellationToken cancellationToken)
   at Microsoft.EntityFrameworkCore.Storage.RelationalCommand.ExecuteReaderAsync(RelationalCommandParameterObject parameterObject, CancellationToken cancellationToken)
   at Microsoft.EntityFrameworkCore.Query.Internal.SingleQueryingEnumerable`1.AsyncEnumerator.InitializeReaderAsync(AsyncEnumerator enumerator, CancellationToken cancellationToken)
   at Microsoft.EntityFrameworkCore.Query.Internal.SingleQueryingEnumerable`1.AsyncEnumerator.MoveNextAsync()
   at Microsoft.EntityFrameworkCore.Query.ShapedQueryCompilingExpressionVisitor.SingleOrDefaultAsync[TSource](IAsyncEnumerable`1 asyncEnumerable, CancellationToken cancellationToken)
   at Microsoft.EntityFrameworkCore.Query.ShapedQueryCompilingExpressionVisitor.SingleOrDefaultAsync[TSource](IAsyncEnumerable`1 asyncEnumerable, CancellationToken cancellationToken)
   at Microsoft.AspNetCore.Identity.UserManager`1.FindByNameAsync(String userName)
   at Microsoft.AspNetCore.Identity.UserValidator`1.ValidateUserName(UserManager`1 manager, TUser user)
   at Microsoft.AspNetCore.Identity.UserValidator`1.ValidateAsync(UserManager`1 manager, TUser user)
   at Microsoft.AspNetCore.Identity.UserManager`1.ValidateUserAsync(TUser user)
   at Microsoft.AspNetCore.Identity.UserManager`1.CreateAsync(TUser user)
   at Microsoft.AspNetCore.Identity.UserManager`1.CreateAsync(TUser user, String password)
   at SubApp1.Areas.Identity.Pages.Account.RegisterModel.OnPostAsync(String returnUrl) in C:\Users\Thilo\OneDrive\Dokumenter\GitHub\CodeCraft\SubApp1\Areas\Identity\Pages\Account\Register.cshtml.cs:line 120
   at Microsoft.AspNetCore.Mvc.RazorPages.Infrastructure.ExecutorFactory.GenericTaskHandlerMethod.Convert[T](Object taskAsObject)
   at Microsoft.AspNetCore.Mvc.RazorPages.Infrastructure.ExecutorFactory.GenericTaskHandlerMethod.Execute(Object receiver, Object[] arguments)
   at Microsoft.AspNetCore.Mvc.RazorPages.Infrastructure.PageActionInvoker.InvokeHandlerMethodAsync()
   at Microsoft.AspNetCore.Mvc.RazorPages.Infrastructure.PageActionInvoker.InvokeNextPageFilterAsync()
   at Microsoft.AspNetCore.Mvc.RazorPages.Infrastructure.PageActionInvoker.Rethrow(PageHandlerExecutedContext context)
   at Microsoft.AspNetCore.Mvc.RazorPages.Infrastructure.PageActionInvoker.Next(State& next, Scope& scope, Object& state, Boolean& isCompleted)
   at Microsoft.AspNetCore.Mvc.RazorPages.Infrastructure.PageActionInvoker.InvokeInnerFilterAsync()
   at Microsoft.AspNetCore.Mvc.Infrastructure.ResourceInvoker.<InvokeNextResourceFilter>g__Awaited|25_0(ResourceInvoker invoker, Task lastTask, State next, Scope scope, Object state, Boolean isCompleted)
   at Microsoft.AspNetCore.Mvc.Infrastructure.ResourceInvoker.Rethrow(ResourceExecutedContextSealed context)
   at Microsoft.AspNetCore.Mvc.Infrastructure.ResourceInvoker.Next(State& next, Scope& scope, Object& state, Boolean& isCompleted)
   at Microsoft.AspNetCore.Mvc.Infrastructure.ResourceInvoker.InvokeFilterPipelineAsync()
--- End of stack trace from previous location ---
   at Microsoft.AspNetCore.Mvc.Infrastructure.ResourceInvoker.<InvokeAsync>g__Logged|17_1(ResourceInvoker invoker)
   at Microsoft.AspNetCore.Mvc.Infrastructure.ResourceInvoker.<InvokeAsync>g__Logged|17_1(ResourceInvoker invoker)
   at Microsoft.AspNetCore.Routing.EndpointMiddleware.<Invoke>g__AwaitRequestTask|7_0(Endpoint endpoint, Task requestTask, ILogger logger)
   at Microsoft.AspNetCore.Authorization.AuthorizationMiddleware.Invoke(HttpContext context)
   at Microsoft.AspNetCore.Authentication.AuthenticationMiddleware.Invoke(HttpContext context)
   at Microsoft.AspNetCore.Diagnostics.DeveloperExceptionPageMiddlewareImpl.Invoke(HttpContext context)
2024-11-23 20:07:00.182 +01:00 [INF] Request finished HTTP/1.1 POST http://localhost:5003/Identity/Account/Register - 500 null text/html; charset=utf-8 573.0663ms
2024-11-23 20:16:04.918 +01:00 [INF] Application is shutting down...
