2024-11-30 16:08:47.419 +01:00 [INF] User profile is available. Using 'C:\Users\Kevol\AppData\Local\ASP.NET\DataProtection-Keys' as key repository and Windows DPAPI to encrypt keys at rest.
2024-11-30 16:08:47.506 +01:00 [INF] Now listening on: http://localhost:5003
2024-11-30 16:08:47.508 +01:00 [INF] Application started. Press Ctrl+C to shut down.
2024-11-30 16:08:47.508 +01:00 [INF] Hosting environment: Development
2024-11-30 16:08:47.508 +01:00 [INF] Content root path: C:\Users\Kevol\Desktop\GitHub\CodeCraft\SubApp1
2024-11-30 16:08:48.274 +01:00 [INF] Request starting HTTP/1.1 GET http://localhost:5003/ - null null
2024-11-30 16:08:48.279 +01:00 [WRN] Failed to determine the https port for redirect.
2024-11-30 16:08:48.592 +01:00 [INF] Executing endpoint 'SubApp1.Controllers.HomeController.Index (SubApp1)'
2024-11-30 16:08:48.598 +01:00 [INF] Route matched with {action = "Index", controller = "Home", page = "", area = ""}. Executing controller action with signature Microsoft.AspNetCore.Mvc.IActionResult Index() on controller SubApp1.Controllers.HomeController (SubApp1).
2024-11-30 16:08:49.864 +01:00 [INF] Executing ViewResult, running view Index.
2024-11-30 16:08:50.089 +01:00 [INF] Executed ViewResult - view Index executed in 1326.5506ms.
2024-11-30 16:08:50.090 +01:00 [INF] Executed action SubApp1.Controllers.HomeController.Index (SubApp1) in 1491.629ms
2024-11-30 16:08:50.090 +01:00 [INF] Executed endpoint 'SubApp1.Controllers.HomeController.Index (SubApp1)'
2024-11-30 16:08:50.093 +01:00 [INF] Request finished HTTP/1.1 GET http://localhost:5003/ - 200 null text/html; charset=utf-8 1820.2073ms
2024-11-30 16:08:50.102 +01:00 [INF] Request starting HTTP/1.1 GET http://localhost:5003/js/bootstrap.js - null null
2024-11-30 16:08:50.102 +01:00 [INF] Request starting HTTP/1.1 GET http://localhost:5003/js/jquery.min.js - null null
2024-11-30 16:08:50.110 +01:00 [INF] Request finished HTTP/1.1 GET http://localhost:5003/js/bootstrap.js - 404 0 null 8.4544ms
2024-11-30 16:08:50.110 +01:00 [INF] Request finished HTTP/1.1 GET http://localhost:5003/js/jquery.min.js - 404 0 null 8.076ms
2024-11-30 16:08:50.111 +01:00 [INF] Request reached the end of the middleware pipeline without being handled by application code. Request path: GET http://localhost:5003/js/bootstrap.js, Response status code: 404
2024-11-30 16:08:50.111 +01:00 [INF] Request reached the end of the middleware pipeline without being handled by application code. Request path: GET http://localhost:5003/js/jquery.min.js, Response status code: 404
2024-11-30 16:09:39.205 +01:00 [INF] Application is shutting down...
