2024-11-08 21:37:05.448 +01:00 [INF] User profile is available. Using 'C:\Users\Kevol\AppData\Local\ASP.NET\DataProtection-Keys' as key repository and Windows DPAPI to encrypt keys at rest.
2024-11-08 21:37:05.575 +01:00 [INF] Now listening on: http://localhost:5003
2024-11-08 21:37:05.578 +01:00 [INF] Application started. Press Ctrl+C to shut down.
2024-11-08 21:37:05.579 +01:00 [INF] Hosting environment: Development
2024-11-08 21:37:05.580 +01:00 [INF] Content root path: C:\Users\Kevol\Desktop\GitHub\CodeCraft1\CodeCraft\SubApp1
2024-11-08 21:37:05.658 +01:00 [INF] Request starting HTTP/1.1 GET http://localhost:5003/ - null null
2024-11-08 21:37:05.665 +01:00 [WRN] Failed to determine the https port for redirect.
2024-11-08 21:37:05.680 +01:00 [INF] Executing endpoint 'SubApp1.Controllers.HomeController.Index (SubApp1)'
2024-11-08 21:37:05.694 +01:00 [INF] Route matched with {action = "Index", controller = "Home", page = "", area = ""}. Executing controller action with signature Microsoft.AspNetCore.Mvc.IActionResult Index() on controller SubApp1.Controllers.HomeController (SubApp1).
2024-11-08 21:37:07.210 +01:00 [INF] Request starting HTTP/1.1 GET http://localhost:5003/Home/Profile - null null
2024-11-08 21:37:07.212 +01:00 [INF] Executing endpoint 'SubApp1.Controllers.HomeController.Profile (SubApp1)'
2024-11-08 21:37:07.213 +01:00 [INF] Route matched with {action = "Profile", controller = "Home", page = "", area = ""}. Executing controller action with signature Microsoft.AspNetCore.Mvc.IActionResult Profile() on controller SubApp1.Controllers.HomeController (SubApp1).
2024-11-08 21:37:07.321 +01:00 [INF] Executing ViewResult, running view Index.
2024-11-08 21:37:07.479 +01:00 [INF] Executing ViewResult, running view Profile.
2024-11-08 21:37:07.493 +01:00 [INF] Executed ViewResult - view Index executed in 1439.5786ms.
2024-11-08 21:37:07.493 +01:00 [INF] Executed ViewResult - view Profile executed in 123.321ms.
2024-11-08 21:37:07.494 +01:00 [INF] Executed action SubApp1.Controllers.HomeController.Index (SubApp1) in 1799.4546ms
2024-11-08 21:37:07.494 +01:00 [INF] Executed action SubApp1.Controllers.HomeController.Profile (SubApp1) in 281.3369ms
2024-11-08 21:37:07.494 +01:00 [INF] Executed endpoint 'SubApp1.Controllers.HomeController.Profile (SubApp1)'
2024-11-08 21:37:07.494 +01:00 [INF] Executed endpoint 'SubApp1.Controllers.HomeController.Index (SubApp1)'
2024-11-08 21:37:07.498 +01:00 [INF] Request finished HTTP/1.1 GET http://localhost:5003/Home/Profile - 200 null text/html; charset=utf-8 287.7524ms
2024-11-08 21:37:07.498 +01:00 [INF] Request finished HTTP/1.1 GET http://localhost:5003/ - 200 null text/html; charset=utf-8 1841.3478ms
2024-11-08 21:37:07.504 +01:00 [INF] Request starting HTTP/1.1 GET http://localhost:5003/js/bootstrap.js - null null
2024-11-08 21:37:07.505 +01:00 [INF] Request starting HTTP/1.1 GET http://localhost:5003/js/jquery.min.js - null null
2024-11-08 21:37:07.507 +01:00 [INF] Request finished HTTP/1.1 GET http://localhost:5003/js/bootstrap.js - 404 0 null 2.3545ms
2024-11-08 21:37:07.507 +01:00 [INF] Request finished HTTP/1.1 GET http://localhost:5003/js/jquery.min.js - 404 0 null 1.6465ms
2024-11-08 21:37:07.508 +01:00 [INF] Request reached the end of the middleware pipeline without being handled by application code. Request path: GET http://localhost:5003/js/jquery.min.js, Response status code: 404
2024-11-08 21:37:07.508 +01:00 [INF] Request reached the end of the middleware pipeline without being handled by application code. Request path: GET http://localhost:5003/js/bootstrap.js, Response status code: 404
