2024-11-08 21:25:12.803 +01:00 [INF] User profile is available. Using 'C:\Users\Kevol\AppData\Local\ASP.NET\DataProtection-Keys' as key repository and Windows DPAPI to encrypt keys at rest.
2024-11-08 21:25:12.932 +01:00 [INF] Now listening on: http://localhost:5003
2024-11-08 21:25:12.934 +01:00 [INF] Application started. Press Ctrl+C to shut down.
2024-11-08 21:25:12.935 +01:00 [INF] Hosting environment: Development
2024-11-08 21:25:12.936 +01:00 [INF] Content root path: C:\Users\Kevol\Desktop\GitHub\CodeCraft1\CodeCraft\SubApp1
2024-11-08 21:25:13.033 +01:00 [INF] Request starting HTTP/1.1 GET http://localhost:5003/ - null null
2024-11-08 21:25:13.042 +01:00 [WRN] Failed to determine the https port for redirect.
2024-11-08 21:25:13.058 +01:00 [INF] Executing endpoint 'SubApp1.Controllers.HomeController.Index (SubApp1)'
2024-11-08 21:25:13.073 +01:00 [INF] Route matched with {action = "Index", controller = "Home", page = "", area = ""}. Executing controller action with signature Microsoft.AspNetCore.Mvc.IActionResult Index() on controller SubApp1.Controllers.HomeController (SubApp1).
2024-11-08 21:25:14.728 +01:00 [INF] Executing ViewResult, running view Index.
2024-11-08 21:25:14.905 +01:00 [INF] Executed ViewResult - view Index executed in 1390.4455ms.
2024-11-08 21:25:14.906 +01:00 [INF] Executed action SubApp1.Controllers.HomeController.Index (SubApp1) in 1832.085ms
2024-11-08 21:25:14.906 +01:00 [INF] Executed endpoint 'SubApp1.Controllers.HomeController.Index (SubApp1)'
2024-11-08 21:25:14.917 +01:00 [INF] Request starting HTTP/1.1 GET http://localhost:5003/js/jquery.min.js - null null
2024-11-08 21:25:14.920 +01:00 [INF] Request finished HTTP/1.1 GET http://localhost:5003/js/jquery.min.js - 404 0 null 2.4621ms
2024-11-08 21:25:14.921 +01:00 [INF] Request reached the end of the middleware pipeline without being handled by application code. Request path: GET http://localhost:5003/js/jquery.min.js, Response status code: 404
2024-11-08 21:25:14.921 +01:00 [INF] Request finished HTTP/1.1 GET http://localhost:5003/ - 200 null text/html; charset=utf-8 1889.4845ms
2024-11-08 21:25:14.921 +01:00 [INF] Request starting HTTP/1.1 GET http://localhost:5003/js/bootstrap.js - null null
2024-11-08 21:25:14.921 +01:00 [INF] Request finished HTTP/1.1 GET http://localhost:5003/js/bootstrap.js - 404 0 null 0.4522ms
2024-11-08 21:25:14.922 +01:00 [INF] Request reached the end of the middleware pipeline without being handled by application code. Request path: GET http://localhost:5003/js/bootstrap.js, Response status code: 404
2024-11-08 21:25:16.640 +01:00 [INF] Request starting HTTP/1.1 GET http://localhost:5003/Home/Profile - null null
2024-11-08 21:25:16.641 +01:00 [INF] Executing endpoint 'SubApp1.Controllers.HomeController.Profile (SubApp1)'
2024-11-08 21:25:16.642 +01:00 [INF] Route matched with {action = "Profile", controller = "Home", page = "", area = ""}. Executing controller action with signature Microsoft.AspNetCore.Mvc.IActionResult Profile() on controller SubApp1.Controllers.HomeController (SubApp1).
2024-11-08 21:25:16.887 +01:00 [INF] Executing ViewResult, running view Profile.
2024-11-08 21:25:16.896 +01:00 [INF] Executed ViewResult - view Profile executed in 136.5238ms.
2024-11-08 21:25:16.896 +01:00 [INF] Executed action SubApp1.Controllers.HomeController.Profile (SubApp1) in 253.6813ms
2024-11-08 21:25:16.896 +01:00 [INF] Executed endpoint 'SubApp1.Controllers.HomeController.Profile (SubApp1)'
2024-11-08 21:25:16.896 +01:00 [INF] Request finished HTTP/1.1 GET http://localhost:5003/Home/Profile - 200 null text/html; charset=utf-8 255.8294ms
2024-11-08 21:25:16.911 +01:00 [INF] Request starting HTTP/1.1 GET http://localhost:5003/js/bootstrap.js - null null
2024-11-08 21:25:16.911 +01:00 [INF] Request finished HTTP/1.1 GET http://localhost:5003/js/bootstrap.js - 404 0 null 0.5026ms
2024-11-08 21:25:16.911 +01:00 [INF] Request reached the end of the middleware pipeline without being handled by application code. Request path: GET http://localhost:5003/js/bootstrap.js, Response status code: 404
2024-11-08 21:25:16.912 +01:00 [INF] Request starting HTTP/1.1 GET http://localhost:5003/js/jquery.min.js - null null
2024-11-08 21:25:16.912 +01:00 [INF] Request finished HTTP/1.1 GET http://localhost:5003/js/jquery.min.js - 404 0 null 0.2659ms
2024-11-08 21:25:16.913 +01:00 [INF] Request reached the end of the middleware pipeline without being handled by application code. Request path: GET http://localhost:5003/js/jquery.min.js, Response status code: 404
2024-11-08 21:25:33.996 +01:00 [INF] Request starting HTTP/1.1 GET http://localhost:5003/Home/Profile - null null
2024-11-08 21:25:33.997 +01:00 [INF] Executing endpoint 'SubApp1.Controllers.HomeController.Profile (SubApp1)'
2024-11-08 21:25:33.997 +01:00 [INF] Route matched with {action = "Profile", controller = "Home", page = "", area = ""}. Executing controller action with signature Microsoft.AspNetCore.Mvc.IActionResult Profile() on controller SubApp1.Controllers.HomeController (SubApp1).
2024-11-08 21:25:34.196 +01:00 [INF] Executing ViewResult, running view Profile.
2024-11-08 21:25:34.202 +01:00 [INF] Executed ViewResult - view Profile executed in 169.5629ms.
2024-11-08 21:25:34.202 +01:00 [INF] Executed action SubApp1.Controllers.HomeController.Profile (SubApp1) in 204.7453ms
2024-11-08 21:25:34.202 +01:00 [INF] Executed endpoint 'SubApp1.Controllers.HomeController.Profile (SubApp1)'
2024-11-08 21:25:34.202 +01:00 [INF] Request finished HTTP/1.1 GET http://localhost:5003/Home/Profile - 200 null text/html; charset=utf-8 205.7703ms
2024-11-08 21:25:34.212 +01:00 [INF] Request starting HTTP/1.1 GET http://localhost:5003/js/bootstrap.js - null null
2024-11-08 21:25:34.212 +01:00 [INF] Request starting HTTP/1.1 GET http://localhost:5003/js/jquery.min.js - null null
2024-11-08 21:25:34.212 +01:00 [INF] Request finished HTTP/1.1 GET http://localhost:5003/js/bootstrap.js - 404 0 null 0.3542ms
2024-11-08 21:25:34.212 +01:00 [INF] Request finished HTTP/1.1 GET http://localhost:5003/js/jquery.min.js - 404 0 null 0.1816ms
2024-11-08 21:25:34.212 +01:00 [INF] Request reached the end of the middleware pipeline without being handled by application code. Request path: GET http://localhost:5003/js/bootstrap.js, Response status code: 404
2024-11-08 21:25:34.212 +01:00 [INF] Request reached the end of the middleware pipeline without being handled by application code. Request path: GET http://localhost:5003/js/jquery.min.js, Response status code: 404
2024-11-08 21:25:34.321 +01:00 [INF] Request starting HTTP/1.1 GET http://localhost:5003/favicon.ico - null null
2024-11-08 21:25:34.334 +01:00 [INF] Sending file. Request path: '/favicon.ico'. Physical path: 'c:\Users\Kevol\Desktop\GitHub\CodeCraft1\CodeCraft\SubApp1\wwwroot\favicon.ico'
2024-11-08 21:25:34.334 +01:00 [INF] Request finished HTTP/1.1 GET http://localhost:5003/favicon.ico - 200 5430 image/x-icon 12.2262ms
2024-11-08 21:26:03.149 +01:00 [INF] Request starting HTTP/1.1 GET http://localhost:5003/Home/Profile - null null
2024-11-08 21:26:03.152 +01:00 [INF] Executing endpoint 'SubApp1.Controllers.HomeController.Profile (SubApp1)'
2024-11-08 21:26:03.152 +01:00 [INF] Route matched with {action = "Profile", controller = "Home", page = "", area = ""}. Executing controller action with signature Microsoft.AspNetCore.Mvc.IActionResult Profile() on controller SubApp1.Controllers.HomeController (SubApp1).
2024-11-08 21:26:03.156 +01:00 [INF] Executing ViewResult, running view Profile.
2024-11-08 21:26:03.157 +01:00 [INF] Executed ViewResult - view Profile executed in 1.2017ms.
2024-11-08 21:26:03.157 +01:00 [INF] Executed action SubApp1.Controllers.HomeController.Profile (SubApp1) in 4.8932ms
2024-11-08 21:26:03.157 +01:00 [INF] Executed endpoint 'SubApp1.Controllers.HomeController.Profile (SubApp1)'
2024-11-08 21:26:03.157 +01:00 [INF] Request finished HTTP/1.1 GET http://localhost:5003/Home/Profile - 200 null text/html; charset=utf-8 8.3683ms
2024-11-08 21:26:03.167 +01:00 [INF] Request starting HTTP/1.1 GET http://localhost:5003/js/bootstrap.js - null null
2024-11-08 21:26:03.167 +01:00 [INF] Request starting HTTP/1.1 GET http://localhost:5003/js/jquery.min.js - null null
2024-11-08 21:26:03.167 +01:00 [INF] Request finished HTTP/1.1 GET http://localhost:5003/js/bootstrap.js - 404 0 null 0.336ms
2024-11-08 21:26:03.167 +01:00 [INF] Request finished HTTP/1.1 GET http://localhost:5003/js/jquery.min.js - 404 0 null 0.2311ms
2024-11-08 21:26:03.167 +01:00 [INF] Request reached the end of the middleware pipeline without being handled by application code. Request path: GET http://localhost:5003/js/bootstrap.js, Response status code: 404
2024-11-08 21:26:03.167 +01:00 [INF] Request reached the end of the middleware pipeline without being handled by application code. Request path: GET http://localhost:5003/js/jquery.min.js, Response status code: 404
2024-11-08 21:26:28.647 +01:00 [INF] Request starting HTTP/1.1 GET http://localhost:5003/Home/Profile - null null
2024-11-08 21:26:28.648 +01:00 [INF] Executing endpoint 'SubApp1.Controllers.HomeController.Profile (SubApp1)'
2024-11-08 21:26:28.648 +01:00 [INF] Route matched with {action = "Profile", controller = "Home", page = "", area = ""}. Executing controller action with signature Microsoft.AspNetCore.Mvc.IActionResult Profile() on controller SubApp1.Controllers.HomeController (SubApp1).
2024-11-08 21:26:28.653 +01:00 [INF] Executing ViewResult, running view Profile.
2024-11-08 21:26:28.654 +01:00 [INF] Executed ViewResult - view Profile executed in 0.6366ms.
2024-11-08 21:26:28.654 +01:00 [INF] Executed action SubApp1.Controllers.HomeController.Profile (SubApp1) in 6.2053ms
2024-11-08 21:26:28.654 +01:00 [INF] Executed endpoint 'SubApp1.Controllers.HomeController.Profile (SubApp1)'
2024-11-08 21:26:28.654 +01:00 [INF] Request finished HTTP/1.1 GET http://localhost:5003/Home/Profile - 200 null text/html; charset=utf-8 7.3431ms
2024-11-08 21:26:28.664 +01:00 [INF] Request starting HTTP/1.1 GET http://localhost:5003/js/bootstrap.js - null null
2024-11-08 21:26:28.665 +01:00 [INF] Request starting HTTP/1.1 GET http://localhost:5003/js/jquery.min.js - null null
2024-11-08 21:26:28.665 +01:00 [INF] Request finished HTTP/1.1 GET http://localhost:5003/js/bootstrap.js - 404 0 null 0.3198ms
2024-11-08 21:26:28.665 +01:00 [INF] Request reached the end of the middleware pipeline without being handled by application code. Request path: GET http://localhost:5003/js/bootstrap.js, Response status code: 404
2024-11-08 21:26:28.665 +01:00 [INF] Request finished HTTP/1.1 GET http://localhost:5003/js/jquery.min.js - 404 0 null 0.2909ms
2024-11-08 21:26:28.665 +01:00 [INF] Request reached the end of the middleware pipeline without being handled by application code. Request path: GET http://localhost:5003/js/jquery.min.js, Response status code: 404
2024-11-08 21:26:33.152 +01:00 [INF] Request starting HTTP/1.1 GET http://localhost:5003/Home/Profile - null null
2024-11-08 21:26:33.152 +01:00 [INF] Executing endpoint 'SubApp1.Controllers.HomeController.Profile (SubApp1)'
2024-11-08 21:26:33.152 +01:00 [INF] Route matched with {action = "Profile", controller = "Home", page = "", area = ""}. Executing controller action with signature Microsoft.AspNetCore.Mvc.IActionResult Profile() on controller SubApp1.Controllers.HomeController (SubApp1).
2024-11-08 21:26:33.156 +01:00 [INF] Executing ViewResult, running view Profile.
2024-11-08 21:26:33.157 +01:00 [INF] Executed ViewResult - view Profile executed in 0.7009ms.
2024-11-08 21:26:33.157 +01:00 [INF] Executed action SubApp1.Controllers.HomeController.Profile (SubApp1) in 4.2177ms
2024-11-08 21:26:33.157 +01:00 [INF] Executed endpoint 'SubApp1.Controllers.HomeController.Profile (SubApp1)'
2024-11-08 21:26:33.157 +01:00 [INF] Request finished HTTP/1.1 GET http://localhost:5003/Home/Profile - 200 null text/html; charset=utf-8 4.7382ms
2024-11-08 21:26:33.167 +01:00 [INF] Request starting HTTP/1.1 GET http://localhost:5003/js/bootstrap.js - null null
2024-11-08 21:26:33.167 +01:00 [INF] Request starting HTTP/1.1 GET http://localhost:5003/js/jquery.min.js - null null
2024-11-08 21:26:33.167 +01:00 [INF] Request finished HTTP/1.1 GET http://localhost:5003/js/bootstrap.js - 404 0 null 0.2482ms
2024-11-08 21:26:33.167 +01:00 [INF] Request finished HTTP/1.1 GET http://localhost:5003/js/jquery.min.js - 404 0 null 0.2483ms
2024-11-08 21:26:33.167 +01:00 [INF] Request reached the end of the middleware pipeline without being handled by application code. Request path: GET http://localhost:5003/js/bootstrap.js, Response status code: 404
2024-11-08 21:26:33.167 +01:00 [INF] Request reached the end of the middleware pipeline without being handled by application code. Request path: GET http://localhost:5003/js/jquery.min.js, Response status code: 404
2024-11-08 21:26:40.803 +01:00 [INF] Request starting HTTP/1.1 GET http://localhost:5003/Home/Profile - null null
2024-11-08 21:26:40.803 +01:00 [INF] Executing endpoint 'SubApp1.Controllers.HomeController.Profile (SubApp1)'
2024-11-08 21:26:40.803 +01:00 [INF] Route matched with {action = "Profile", controller = "Home", page = "", area = ""}. Executing controller action with signature Microsoft.AspNetCore.Mvc.IActionResult Profile() on controller SubApp1.Controllers.HomeController (SubApp1).
2024-11-08 21:26:40.807 +01:00 [INF] Executing ViewResult, running view Profile.
2024-11-08 21:26:40.808 +01:00 [INF] Executed ViewResult - view Profile executed in 0.5593ms.
2024-11-08 21:26:40.808 +01:00 [INF] Executed action SubApp1.Controllers.HomeController.Profile (SubApp1) in 4.4971ms
2024-11-08 21:26:40.808 +01:00 [INF] Executed endpoint 'SubApp1.Controllers.HomeController.Profile (SubApp1)'
2024-11-08 21:26:40.808 +01:00 [INF] Request finished HTTP/1.1 GET http://localhost:5003/Home/Profile - 200 null text/html; charset=utf-8 4.8777ms
2024-11-08 21:26:40.816 +01:00 [INF] Request starting HTTP/1.1 GET http://localhost:5003/js/bootstrap.js - null null
2024-11-08 21:26:40.817 +01:00 [INF] Request finished HTTP/1.1 GET http://localhost:5003/js/bootstrap.js - 404 0 null 0.2387ms
2024-11-08 21:26:40.817 +01:00 [INF] Request reached the end of the middleware pipeline without being handled by application code. Request path: GET http://localhost:5003/js/bootstrap.js, Response status code: 404
2024-11-08 21:26:40.817 +01:00 [INF] Request starting HTTP/1.1 GET http://localhost:5003/js/jquery.min.js - null null
2024-11-08 21:26:40.817 +01:00 [INF] Request finished HTTP/1.1 GET http://localhost:5003/js/jquery.min.js - 404 0 null 0.15ms
2024-11-08 21:26:40.817 +01:00 [INF] Request reached the end of the middleware pipeline without being handled by application code. Request path: GET http://localhost:5003/js/jquery.min.js, Response status code: 404
2024-11-08 21:26:50.749 +01:00 [INF] Request starting HTTP/1.1 GET http://localhost:5003/Home/Profile - null null
2024-11-08 21:26:50.749 +01:00 [INF] Executing endpoint 'SubApp1.Controllers.HomeController.Profile (SubApp1)'
2024-11-08 21:26:50.749 +01:00 [INF] Route matched with {action = "Profile", controller = "Home", page = "", area = ""}. Executing controller action with signature Microsoft.AspNetCore.Mvc.IActionResult Profile() on controller SubApp1.Controllers.HomeController (SubApp1).
2024-11-08 21:26:50.753 +01:00 [INF] Executing ViewResult, running view Profile.
2024-11-08 21:26:50.754 +01:00 [INF] Executed ViewResult - view Profile executed in 0.6118ms.
2024-11-08 21:26:50.754 +01:00 [INF] Executed action SubApp1.Controllers.HomeController.Profile (SubApp1) in 4.2777ms
2024-11-08 21:26:50.754 +01:00 [INF] Executed endpoint 'SubApp1.Controllers.HomeController.Profile (SubApp1)'
2024-11-08 21:26:50.754 +01:00 [INF] Request finished HTTP/1.1 GET http://localhost:5003/Home/Profile - 200 null text/html; charset=utf-8 4.5985ms
2024-11-08 21:26:50.763 +01:00 [INF] Request starting HTTP/1.1 GET http://localhost:5003/js/bootstrap.js - null null
2024-11-08 21:26:50.764 +01:00 [INF] Request finished HTTP/1.1 GET http://localhost:5003/js/bootstrap.js - 404 0 null 0.2376ms
2024-11-08 21:26:50.764 +01:00 [INF] Request reached the end of the middleware pipeline without being handled by application code. Request path: GET http://localhost:5003/js/bootstrap.js, Response status code: 404
2024-11-08 21:26:50.764 +01:00 [INF] Request starting HTTP/1.1 GET http://localhost:5003/js/jquery.min.js - null null
2024-11-08 21:26:50.764 +01:00 [INF] Request finished HTTP/1.1 GET http://localhost:5003/js/jquery.min.js - 404 0 null 0.21ms
2024-11-08 21:26:50.764 +01:00 [INF] Request reached the end of the middleware pipeline without being handled by application code. Request path: GET http://localhost:5003/js/jquery.min.js, Response status code: 404
2024-11-08 21:26:55.804 +01:00 [INF] Request starting HTTP/1.1 GET http://localhost:5003/Home/Profile - null null
2024-11-08 21:26:55.804 +01:00 [INF] Executing endpoint 'SubApp1.Controllers.HomeController.Profile (SubApp1)'
2024-11-08 21:26:55.804 +01:00 [INF] Route matched with {action = "Profile", controller = "Home", page = "", area = ""}. Executing controller action with signature Microsoft.AspNetCore.Mvc.IActionResult Profile() on controller SubApp1.Controllers.HomeController (SubApp1).
2024-11-08 21:26:55.822 +01:00 [ERR] An exception occurred while iterating over the results of a query for context type 'SubApp1.Models.UserDbContext'.
System.FormatException: String '31/12/24 15:22' was not recognized as a valid DateTime.
   at System.DateTimeParse.Parse(ReadOnlySpan`1 s, DateTimeFormatInfo dtfi, DateTimeStyles styles)
   at System.DateTime.Parse(String s, IFormatProvider provider)
   at Microsoft.Data.Sqlite.SqliteValueReader.GetDateTime(Int32 ordinal)
   at Microsoft.Data.Sqlite.SqliteDataReader.GetDateTime(Int32 ordinal)
   at lambda_method32(Closure, QueryContext, DbDataReader, ResultContext, SingleQueryResultCoordinator)
   at Microsoft.EntityFrameworkCore.Query.Internal.SingleQueryingEnumerable`1.Enumerator.MoveNext()
System.FormatException: String '31/12/24 15:22' was not recognized as a valid DateTime.
   at System.DateTimeParse.Parse(ReadOnlySpan`1 s, DateTimeFormatInfo dtfi, DateTimeStyles styles)
   at System.DateTime.Parse(String s, IFormatProvider provider)
   at Microsoft.Data.Sqlite.SqliteValueReader.GetDateTime(Int32 ordinal)
   at Microsoft.Data.Sqlite.SqliteDataReader.GetDateTime(Int32 ordinal)
   at lambda_method32(Closure, QueryContext, DbDataReader, ResultContext, SingleQueryResultCoordinator)
   at Microsoft.EntityFrameworkCore.Query.Internal.SingleQueryingEnumerable`1.Enumerator.MoveNext()
2024-11-08 21:27:14.077 +01:00 [INF] Request starting HTTP/1.1 GET http://localhost:5003/Home/Profile - null null
2024-11-08 21:27:14.077 +01:00 [INF] Executing endpoint 'SubApp1.Controllers.HomeController.Profile (SubApp1)'
2024-11-08 21:27:14.077 +01:00 [INF] Route matched with {action = "Profile", controller = "Home", page = "", area = ""}. Executing controller action with signature Microsoft.AspNetCore.Mvc.IActionResult Profile() on controller SubApp1.Controllers.HomeController (SubApp1).
2024-11-08 21:27:14.083 +01:00 [INF] Executing ViewResult, running view Profile.
2024-11-08 21:27:14.083 +01:00 [INF] Executed action SubApp1.Controllers.HomeController.Profile (SubApp1) in 18278.9643ms
2024-11-08 21:27:14.084 +01:00 [INF] Executed ViewResult - view Profile executed in 0.753ms.
2024-11-08 21:27:14.084 +01:00 [INF] Executed action SubApp1.Controllers.HomeController.Profile (SubApp1) in 6.1504ms
2024-11-08 21:27:14.084 +01:00 [INF] Executed endpoint 'SubApp1.Controllers.HomeController.Profile (SubApp1)'
2024-11-08 21:27:14.084 +01:00 [INF] Request finished HTTP/1.1 GET http://localhost:5003/Home/Profile - 200 null text/html; charset=utf-8 7.1636ms
2024-11-08 21:27:14.084 +01:00 [INF] Executed endpoint 'SubApp1.Controllers.HomeController.Profile (SubApp1)'
2024-11-08 21:27:14.094 +01:00 [ERR] An unhandled exception has occurred while executing the request.
System.FormatException: String '31/12/24 15:22' was not recognized as a valid DateTime.
   at System.DateTimeParse.Parse(ReadOnlySpan`1 s, DateTimeFormatInfo dtfi, DateTimeStyles styles)
   at System.DateTime.Parse(String s, IFormatProvider provider)
   at Microsoft.Data.Sqlite.SqliteValueReader.GetDateTime(Int32 ordinal)
   at Microsoft.Data.Sqlite.SqliteDataReader.GetDateTime(Int32 ordinal)
   at lambda_method32(Closure, QueryContext, DbDataReader, ResultContext, SingleQueryResultCoordinator)
   at Microsoft.EntityFrameworkCore.Query.Internal.SingleQueryingEnumerable`1.Enumerator.MoveNext()
   at System.Collections.Generic.List`1..ctor(IEnumerable`1 collection)
   at System.Linq.Enumerable.ToList[TSource](IEnumerable`1 source)
   at SubApp1.Controllers.HomeController.Profile() in c:\Users\Kevol\Desktop\GitHub\CodeCraft1\CodeCraft\SubApp1\Controllers\HomeController.cs:line 25
   at lambda_method30(Closure, Object, Object[])
   at Microsoft.AspNetCore.Mvc.Infrastructure.ActionMethodExecutor.SyncActionResultExecutor.Execute(ActionContext actionContext, IActionResultTypeMapper mapper, ObjectMethodExecutor executor, Object controller, Object[] arguments)
   at Microsoft.AspNetCore.Mvc.Infrastructure.ControllerActionInvoker.InvokeActionMethodAsync()
   at Microsoft.AspNetCore.Mvc.Infrastructure.ControllerActionInvoker.Next(State& next, Scope& scope, Object& state, Boolean& isCompleted)
   at Microsoft.AspNetCore.Mvc.Infrastructure.ControllerActionInvoker.InvokeNextActionFilterAsync()
--- End of stack trace from previous location ---
   at Microsoft.AspNetCore.Mvc.Infrastructure.ControllerActionInvoker.Rethrow(ActionExecutedContextSealed context)
   at Microsoft.AspNetCore.Mvc.Infrastructure.ControllerActionInvoker.Next(State& next, Scope& scope, Object& state, Boolean& isCompleted)
   at Microsoft.AspNetCore.Mvc.Infrastructure.ControllerActionInvoker.InvokeInnerFilterAsync()
--- End of stack trace from previous location ---
   at Microsoft.AspNetCore.Mvc.Infrastructure.ResourceInvoker.<InvokeNextResourceFilter>g__Awaited|25_0(ResourceInvoker invoker, Task lastTask, State next, Scope scope, Object state, Boolean isCompleted)
   at Microsoft.AspNetCore.Mvc.Infrastructure.ResourceInvoker.Rethrow(ResourceExecutedContextSealed context)
   at Microsoft.AspNetCore.Mvc.Infrastructure.ResourceInvoker.Next(State& next, Scope& scope, Object& state, Boolean& isCompleted)
   at Microsoft.AspNetCore.Mvc.Infrastructure.ResourceInvoker.InvokeFilterPipelineAsync()
--- End of stack trace from previous location ---
   at Microsoft.AspNetCore.Mvc.Infrastructure.ResourceInvoker.<InvokeAsync>g__Logged|17_1(ResourceInvoker invoker)
   at Microsoft.AspNetCore.Mvc.Infrastructure.ResourceInvoker.<InvokeAsync>g__Logged|17_1(ResourceInvoker invoker)
   at Microsoft.AspNetCore.Routing.EndpointMiddleware.<Invoke>g__AwaitRequestTask|7_0(Endpoint endpoint, Task requestTask, ILogger logger)
   at Microsoft.AspNetCore.Authorization.AuthorizationMiddleware.Invoke(HttpContext context)
   at Microsoft.AspNetCore.Authentication.AuthenticationMiddleware.Invoke(HttpContext context)
   at Microsoft.AspNetCore.Diagnostics.DeveloperExceptionPageMiddlewareImpl.Invoke(HttpContext context)
2024-11-08 21:27:14.095 +01:00 [INF] Request starting HTTP/1.1 GET http://localhost:5003/js/bootstrap.js - null null
2024-11-08 21:27:14.095 +01:00 [INF] Request finished HTTP/1.1 GET http://localhost:5003/js/bootstrap.js - 404 0 null 0.2333ms
2024-11-08 21:27:14.096 +01:00 [INF] Request reached the end of the middleware pipeline without being handled by application code. Request path: GET http://localhost:5003/js/bootstrap.js, Response status code: 404
2024-11-08 21:27:14.096 +01:00 [INF] Request starting HTTP/1.1 GET http://localhost:5003/js/jquery.min.js - null null
2024-11-08 21:27:14.096 +01:00 [INF] Request finished HTTP/1.1 GET http://localhost:5003/js/jquery.min.js - 404 0 null 0.2352ms
2024-11-08 21:27:14.096 +01:00 [INF] Request reached the end of the middleware pipeline without being handled by application code. Request path: GET http://localhost:5003/js/jquery.min.js, Response status code: 404
2024-11-08 21:27:14.112 +01:00 [INF] Request finished HTTP/1.1 GET http://localhost:5003/Home/Profile - 500 null text/html; charset=utf-8 18307.8478ms
2024-11-08 21:27:15.334 +01:00 [INF] Request starting HTTP/1.1 GET http://localhost:5003/Home/Profile - null null
2024-11-08 21:27:15.334 +01:00 [INF] Executing endpoint 'SubApp1.Controllers.HomeController.Profile (SubApp1)'
2024-11-08 21:27:15.334 +01:00 [INF] Route matched with {action = "Profile", controller = "Home", page = "", area = ""}. Executing controller action with signature Microsoft.AspNetCore.Mvc.IActionResult Profile() on controller SubApp1.Controllers.HomeController (SubApp1).
2024-11-08 21:27:15.338 +01:00 [INF] Executing ViewResult, running view Profile.
2024-11-08 21:27:15.339 +01:00 [INF] Executed ViewResult - view Profile executed in 0.7239ms.
2024-11-08 21:27:15.339 +01:00 [INF] Executed action SubApp1.Controllers.HomeController.Profile (SubApp1) in 4.3992ms
2024-11-08 21:27:15.339 +01:00 [INF] Executed endpoint 'SubApp1.Controllers.HomeController.Profile (SubApp1)'
2024-11-08 21:27:15.339 +01:00 [INF] Request finished HTTP/1.1 GET http://localhost:5003/Home/Profile - 200 null text/html; charset=utf-8 4.926ms
2024-11-08 21:27:15.346 +01:00 [INF] Request starting HTTP/1.1 GET http://localhost:5003/js/bootstrap.js - null null
2024-11-08 21:27:15.347 +01:00 [INF] Request finished HTTP/1.1 GET http://localhost:5003/js/bootstrap.js - 404 0 null 0.2055ms
2024-11-08 21:27:15.347 +01:00 [INF] Request reached the end of the middleware pipeline without being handled by application code. Request path: GET http://localhost:5003/js/bootstrap.js, Response status code: 404
2024-11-08 21:27:15.349 +01:00 [INF] Request starting HTTP/1.1 GET http://localhost:5003/js/jquery.min.js - null null
2024-11-08 21:27:15.349 +01:00 [INF] Request finished HTTP/1.1 GET http://localhost:5003/js/jquery.min.js - 404 0 null 0.148ms
2024-11-08 21:27:15.349 +01:00 [INF] Request reached the end of the middleware pipeline without being handled by application code. Request path: GET http://localhost:5003/js/jquery.min.js, Response status code: 404
2024-11-08 21:27:56.515 +01:00 [INF] Request starting HTTP/1.1 GET http://localhost:5003/lib/bootstrap/dist/js/bootstrap.bundle.min.js.map - null null
2024-11-08 21:27:56.541 +01:00 [INF] Sending file. Request path: '/lib/bootstrap/dist/js/bootstrap.bundle.min.js.map'. Physical path: 'c:\Users\Kevol\Desktop\GitHub\CodeCraft1\CodeCraft\SubApp1\wwwroot\lib\bootstrap\dist\js\bootstrap.bundle.min.js.map'
2024-11-08 21:27:56.541 +01:00 [INF] Request finished HTTP/1.1 GET http://localhost:5003/lib/bootstrap/dist/js/bootstrap.bundle.min.js.map - 200 327261 text/plain 26.3814ms
2024-11-08 21:27:56.552 +01:00 [INF] Request starting HTTP/1.1 GET http://localhost:5003/lib/bootstrap/dist/css/bootstrap.min.css.map - null null
2024-11-08 21:27:56.573 +01:00 [INF] Sending file. Request path: '/lib/bootstrap/dist/css/bootstrap.min.css.map'. Physical path: 'c:\Users\Kevol\Desktop\GitHub\CodeCraft1\CodeCraft\SubApp1\wwwroot\lib\bootstrap\dist\css\bootstrap.min.css.map'
2024-11-08 21:27:56.573 +01:00 [INF] Request finished HTTP/1.1 GET http://localhost:5003/lib/bootstrap/dist/css/bootstrap.min.css.map - 200 449111 text/plain 21.484ms
