2024-10-29 14:43:13.776 +01:00 [INF] User profile is available. Using 'C:\Users\Kristian\AppData\Local\ASP.NET\DataProtection-Keys' as key repository and Windows DPAPI to encrypt keys at rest.
2024-10-29 14:43:13.849 +01:00 [WRN] The ASP.NET Core developer certificate is not trusted. For information about trusting the ASP.NET Core developer certificate, see https://aka.ms/aspnet/https-trust-dev-cert.
2024-10-29 14:43:13.893 +01:00 [INF] Now listening on: https://localhost:7262
2024-10-29 14:43:13.894 +01:00 [INF] Now listening on: http://localhost:5003
2024-10-29 14:43:13.898 +01:00 [INF] Application started. Press Ctrl+C to shut down.
2024-10-29 14:43:13.901 +01:00 [INF] Hosting environment: Development
2024-10-29 14:43:13.902 +01:00 [INF] Content root path: C:\Users\Kristian\Documents\GitHub\CodeCraft\SubApp1
2024-10-29 14:43:14.004 +01:00 [INF] Request starting HTTP/1.1 GET http://localhost:5003/ - null null
2024-10-29 14:43:14.017 +01:00 [INF] Request finished HTTP/1.1 GET http://localhost:5003/ - 307 0 null 13.8649ms
2024-10-29 14:43:14.072 +01:00 [INF] Request starting HTTP/2 GET https://localhost:7262/ - null null
2024-10-29 14:43:14.084 +01:00 [INF] Executing endpoint 'SubApp1.Controllers.HomeController.Index (SubApp1)'
2024-10-29 14:43:14.111 +01:00 [INF] Route matched with {action = "Index", controller = "Home"}. Executing controller action with signature Microsoft.AspNetCore.Mvc.IActionResult Index() on controller SubApp1.Controllers.HomeController (SubApp1).
2024-10-29 14:43:14.122 +01:00 [INF] Executing ViewResult, running view Index.
2024-10-29 14:43:14.204 +01:00 [INF] Executed ViewResult - view Index executed in 80.1996ms.
2024-10-29 14:43:14.205 +01:00 [INF] Executed action SubApp1.Controllers.HomeController.Index (SubApp1) in 93.6458ms
2024-10-29 14:43:14.205 +01:00 [INF] Executed endpoint 'SubApp1.Controllers.HomeController.Index (SubApp1)'
2024-10-29 14:43:14.206 +01:00 [INF] Request finished HTTP/2 GET https://localhost:7262/ - 200 null text/html; charset=utf-8 134.9125ms
2024-10-29 14:43:14.249 +01:00 [INF] Request starting HTTP/2 GET https://localhost:7262/SubApp1.styles.css?v=Sj13-RJCpeuwLSSZn5pveHertSYZb1e9rwkvuFa81K0 - null null
2024-10-29 14:43:14.249 +01:00 [INF] Request starting HTTP/2 GET https://localhost:7262/js/jquery.min.js - null null
2024-10-29 14:43:14.249 +01:00 [INF] Request starting HTTP/2 GET https://localhost:7262/css/site.css?v=yRiy6K16l33Eow_oVxhpA8XuSoMpAlQbAI2Xwjja8As - null null
2024-10-29 14:43:14.249 +01:00 [INF] Request starting HTTP/2 GET https://localhost:7262/js/bootstrap.js - null null
2024-10-29 14:43:14.249 +01:00 [INF] Request starting HTTP/2 GET https://localhost:7262/lib/bootstrap/dist/js/bootstrap.bundle.min.js - null null
2024-10-29 14:43:14.249 +01:00 [INF] Request starting HTTP/2 GET https://localhost:7262/lib/bootstrap/dist/css/bootstrap.min.css - null null
2024-10-29 14:43:14.249 +01:00 [INF] Request starting HTTP/2 GET https://localhost:7262/lib/jquery/dist/jquery.min.js - null null
2024-10-29 14:43:14.262 +01:00 [INF] Request starting HTTP/2 GET https://localhost:7262/js/site.js?v=hRQyftXiu1lLX2P9Ly9xa4gHJgLeR1uGN5qegUobtGo - null null
2024-10-29 14:43:14.280 +01:00 [INF] Request finished HTTP/2 GET https://localhost:7262/js/bootstrap.js - 404 0 null 31.458ms
2024-10-29 14:43:14.280 +01:00 [INF] Request finished HTTP/2 GET https://localhost:7262/js/jquery.min.js - 404 0 null 31.4682ms
2024-10-29 14:43:14.281 +01:00 [INF] Request reached the end of the middleware pipeline without being handled by application code. Request path: GET https://localhost:7262/js/bootstrap.js, Response status code: 404
2024-10-29 14:43:14.281 +01:00 [INF] Request reached the end of the middleware pipeline without being handled by application code. Request path: GET https://localhost:7262/js/jquery.min.js, Response status code: 404
2024-10-29 14:43:14.306 +01:00 [INF] Sending file. Request path: '/js/site.js'. Physical path: 'C:\Users\Kristian\Documents\GitHub\CodeCraft\SubApp1\wwwroot\js\site.js'
2024-10-29 14:43:14.306 +01:00 [INF] Request finished HTTP/2 GET https://localhost:7262/js/site.js?v=hRQyftXiu1lLX2P9Ly9xa4gHJgLeR1uGN5qegUobtGo - 200 231 text/javascript 44.1047ms
2024-10-29 14:43:14.306 +01:00 [INF] Sending file. Request path: '/SubApp1.styles.css'. Physical path: 'C:\Users\Kristian\Documents\GitHub\CodeCraft\SubApp1\obj\Debug\net8.0\scopedcss\bundle\SubApp1.styles.css'
2024-10-29 14:43:14.306 +01:00 [INF] Sending file. Request path: '/css/site.css'. Physical path: 'C:\Users\Kristian\Documents\GitHub\CodeCraft\SubApp1\wwwroot\css\site.css'
2024-10-29 14:43:14.307 +01:00 [INF] Request finished HTTP/2 GET https://localhost:7262/css/site.css?v=yRiy6K16l33Eow_oVxhpA8XuSoMpAlQbAI2Xwjja8As - 200 2890 text/css 57.6765ms
2024-10-29 14:43:14.307 +01:00 [INF] Request finished HTTP/2 GET https://localhost:7262/SubApp1.styles.css?v=Sj13-RJCpeuwLSSZn5pveHertSYZb1e9rwkvuFa81K0 - 200 1758 text/css 57.6799ms
2024-10-29 14:43:14.319 +01:00 [INF] Sending file. Request path: '/lib/jquery/dist/jquery.min.js'. Physical path: 'C:\Users\Kristian\Documents\GitHub\CodeCraft\SubApp1\wwwroot\lib\jquery\dist\jquery.min.js'
2024-10-29 14:43:14.319 +01:00 [INF] Sending file. Request path: '/lib/bootstrap/dist/css/bootstrap.min.css'. Physical path: 'C:\Users\Kristian\Documents\GitHub\CodeCraft\SubApp1\wwwroot\lib\bootstrap\dist\css\bootstrap.min.css'
2024-10-29 14:43:14.319 +01:00 [INF] Sending file. Request path: '/lib/bootstrap/dist/js/bootstrap.bundle.min.js'. Physical path: 'C:\Users\Kristian\Documents\GitHub\CodeCraft\SubApp1\wwwroot\lib\bootstrap\dist\js\bootstrap.bundle.min.js'
2024-10-29 14:43:14.320 +01:00 [INF] Request finished HTTP/2 GET https://localhost:7262/lib/jquery/dist/jquery.min.js - 200 89503 text/javascript 70.3925ms
2024-10-29 14:43:14.320 +01:00 [INF] Request finished HTTP/2 GET https://localhost:7262/lib/bootstrap/dist/css/bootstrap.min.css - 200 162726 text/css 70.9626ms
2024-10-29 14:43:14.320 +01:00 [INF] Request finished HTTP/2 GET https://localhost:7262/lib/bootstrap/dist/js/bootstrap.bundle.min.js - 200 78474 text/javascript 70.7502ms
2024-10-29 14:43:16.780 +01:00 [INF] Request starting HTTP/2 GET https://localhost:7262/Home/Profile - null null
2024-10-29 14:43:16.781 +01:00 [INF] Executing endpoint 'SubApp1.Controllers.HomeController.Profile (SubApp1)'
2024-10-29 14:43:16.782 +01:00 [INF] Route matched with {action = "Profile", controller = "Home"}. Executing controller action with signature Microsoft.AspNetCore.Mvc.IActionResult Profile() on controller SubApp1.Controllers.HomeController (SubApp1).
2024-10-29 14:43:16.783 +01:00 [INF] Executing ViewResult, running view Profile.
2024-10-29 14:43:16.793 +01:00 [INF] Executed ViewResult - view Profile executed in 10.5496ms.
2024-10-29 14:43:16.794 +01:00 [INF] Executed action SubApp1.Controllers.HomeController.Profile (SubApp1) in 11.3857ms
2024-10-29 14:43:16.794 +01:00 [INF] Executed endpoint 'SubApp1.Controllers.HomeController.Profile (SubApp1)'
2024-10-29 14:43:16.794 +01:00 [INF] Request finished HTTP/2 GET https://localhost:7262/Home/Profile - 200 null text/html; charset=utf-8 13.8436ms
2024-10-29 14:43:16.816 +01:00 [INF] Request starting HTTP/2 GET https://localhost:7262/js/bootstrap.js - null null
2024-10-29 14:43:16.816 +01:00 [INF] Request finished HTTP/2 GET https://localhost:7262/js/bootstrap.js - 404 0 null 0.4465ms
2024-10-29 14:43:16.817 +01:00 [INF] Request reached the end of the middleware pipeline without being handled by application code. Request path: GET https://localhost:7262/js/bootstrap.js, Response status code: 404
2024-10-29 14:43:16.829 +01:00 [INF] Request starting HTTP/2 GET https://localhost:7262/js/jquery.min.js - null null
2024-10-29 14:43:16.830 +01:00 [INF] Request finished HTTP/2 GET https://localhost:7262/js/jquery.min.js - 404 0 null 0.553ms
2024-10-29 14:43:16.830 +01:00 [INF] Request reached the end of the middleware pipeline without being handled by application code. Request path: GET https://localhost:7262/js/jquery.min.js, Response status code: 404
2024-10-29 14:43:24.702 +01:00 [INF] Request starting HTTP/2 POST https://localhost:7262/Profile/CreatePost - multipart/form-data; boundary=----WebKitFormBoundary43TzjVYAoBvCUPaG 574
2024-10-29 14:43:24.702 +01:00 [INF] Executing endpoint 'SubApp1.Controllers.ProfileController.CreatePost (SubApp1)'
2024-10-29 14:43:24.707 +01:00 [INF] Route matched with {action = "CreatePost", controller = "Profile"}. Executing controller action with signature Microsoft.AspNetCore.Mvc.IActionResult CreatePost(System.String, Microsoft.AspNetCore.Http.IFormFile) on controller SubApp1.Controllers.ProfileController (SubApp1).
2024-10-29 14:43:25.217 +01:00 [INF] [ItemController] Item list not found while executing _itemRepository.GetAll()
2024-10-29 14:43:25.220 +01:00 [WRN] [ItemController] Item list not found while executing _itemRepository.GetAll()
2024-10-29 14:43:25.222 +01:00 [ERR] [ItemController] Item list not found while executing _itemRepository.GetAll()
