2024-11-29 23:48:34.313 +01:00 [INF] User profile is available. Using 'C:\Users\Kevol\AppData\Local\ASP.NET\DataProtection-Keys' as key repository and Windows DPAPI to encrypt keys at rest.
2024-11-29 23:48:34.436 +01:00 [INF] Now listening on: http://localhost:5003
2024-11-29 23:48:34.438 +01:00 [INF] Application started. Press Ctrl+C to shut down.
2024-11-29 23:48:34.438 +01:00 [INF] Hosting environment: Development
2024-11-29 23:48:34.438 +01:00 [INF] Content root path: C:\Users\Kevol\Desktop\GitHub\CodeCraft\SubApp1
2024-11-29 23:48:37.327 +01:00 [INF] Request starting HTTP/1.1 GET http://localhost:5003/ - null null
2024-11-29 23:48:37.334 +01:00 [WRN] Failed to determine the https port for redirect.
2024-11-29 23:48:37.726 +01:00 [INF] Executing endpoint 'SubApp1.Controllers.HomeController.Index (SubApp1)'
2024-11-29 23:48:37.733 +01:00 [INF] Route matched with {action = "Index", controller = "Home", page = "", area = ""}. Executing controller action with signature Microsoft.AspNetCore.Mvc.IActionResult Index() on controller SubApp1.Controllers.HomeController (SubApp1).
2024-11-29 23:48:39.499 +01:00 [INF] Executing ViewResult, running view Index.
2024-11-29 23:48:39.801 +01:00 [INF] Executed ViewResult - view Index executed in 1865.9468ms.
2024-11-29 23:48:39.801 +01:00 [INF] Executed action SubApp1.Controllers.HomeController.Index (SubApp1) in 2068.4116ms
2024-11-29 23:48:39.802 +01:00 [INF] Executed endpoint 'SubApp1.Controllers.HomeController.Index (SubApp1)'
2024-11-29 23:48:39.806 +01:00 [INF] Request finished HTTP/1.1 GET http://localhost:5003/ - 200 null text/html; charset=utf-8 2480.001ms
2024-11-29 23:48:39.820 +01:00 [INF] Request starting HTTP/1.1 GET http://localhost:5003/js/bootstrap.js - null null
2024-11-29 23:48:39.820 +01:00 [INF] Request starting HTTP/1.1 GET http://localhost:5003/js/jquery.min.js - null null
2024-11-29 23:48:39.820 +01:00 [INF] Request starting HTTP/1.1 GET http://localhost:5003/Images/default-profile.jpg - null null
2024-11-29 23:48:39.823 +01:00 [INF] The file /Images/default-profile.jpg was not modified
2024-11-29 23:48:39.823 +01:00 [INF] Request finished HTTP/1.1 GET http://localhost:5003/Images/default-profile.jpg - 304 null image/jpeg 2.9907ms
2024-11-29 23:48:39.830 +01:00 [INF] Request finished HTTP/1.1 GET http://localhost:5003/js/jquery.min.js - 404 0 null 10.3363ms
2024-11-29 23:48:39.830 +01:00 [INF] Request finished HTTP/1.1 GET http://localhost:5003/js/bootstrap.js - 404 0 null 10.3665ms
2024-11-29 23:48:39.831 +01:00 [INF] Request reached the end of the middleware pipeline without being handled by application code. Request path: GET http://localhost:5003/js/bootstrap.js, Response status code: 404
2024-11-29 23:48:39.831 +01:00 [INF] Request reached the end of the middleware pipeline without being handled by application code. Request path: GET http://localhost:5003/js/jquery.min.js, Response status code: 404
2024-11-29 23:48:41.944 +01:00 [INF] Request starting HTTP/1.1 GET http://localhost:5003/Home/Profile - null null
2024-11-29 23:48:41.981 +01:00 [INF] Executing endpoint 'SubApp1.Controllers.HomeController.Profile (SubApp1)'
2024-11-29 23:48:41.982 +01:00 [INF] Route matched with {action = "Profile", controller = "Home", page = "", area = ""}. Executing controller action with signature Microsoft.AspNetCore.Mvc.IActionResult Profile() on controller SubApp1.Controllers.HomeController (SubApp1).
2024-11-29 23:48:42.153 +01:00 [INF] Executing ViewResult, running view Profile.
2024-11-29 23:48:42.159 +01:00 [INF] Executed ViewResult - view Profile executed in 166.3302ms.
2024-11-29 23:48:42.160 +01:00 [INF] Executed action SubApp1.Controllers.HomeController.Profile (SubApp1) in 177.9535ms
2024-11-29 23:48:42.160 +01:00 [INF] Executed endpoint 'SubApp1.Controllers.HomeController.Profile (SubApp1)'
2024-11-29 23:48:42.160 +01:00 [INF] Request finished HTTP/1.1 GET http://localhost:5003/Home/Profile - 200 null text/html; charset=utf-8 215.7824ms
2024-11-29 23:48:42.175 +01:00 [INF] Request starting HTTP/1.1 GET http://localhost:5003/js/bootstrap.js - null null
2024-11-29 23:48:42.176 +01:00 [INF] Request starting HTTP/1.1 GET http://localhost:5003/js/jquery.min.js - null null
2024-11-29 23:48:42.177 +01:00 [INF] Request finished HTTP/1.1 GET http://localhost:5003/js/bootstrap.js - 404 0 null 1.9515ms
2024-11-29 23:48:42.177 +01:00 [INF] Request reached the end of the middleware pipeline without being handled by application code. Request path: GET http://localhost:5003/js/bootstrap.js, Response status code: 404
2024-11-29 23:48:42.177 +01:00 [INF] Request finished HTTP/1.1 GET http://localhost:5003/js/jquery.min.js - 404 0 null 1.6487ms
2024-11-29 23:48:42.178 +01:00 [INF] Request reached the end of the middleware pipeline without being handled by application code. Request path: GET http://localhost:5003/js/jquery.min.js, Response status code: 404
2024-11-29 23:48:46.131 +01:00 [INF] Request starting HTTP/1.1 GET http://localhost:5003/ - null null
2024-11-29 23:48:46.132 +01:00 [INF] Executing endpoint 'SubApp1.Controllers.HomeController.Index (SubApp1)'
2024-11-29 23:48:46.133 +01:00 [INF] Route matched with {action = "Index", controller = "Home", page = "", area = ""}. Executing controller action with signature Microsoft.AspNetCore.Mvc.IActionResult Index() on controller SubApp1.Controllers.HomeController (SubApp1).
2024-11-29 23:48:46.135 +01:00 [INF] Executing ViewResult, running view Index.
2024-11-29 23:48:46.136 +01:00 [INF] Executed ViewResult - view Index executed in 1.2165ms.
2024-11-29 23:48:46.136 +01:00 [INF] Executed action SubApp1.Controllers.HomeController.Index (SubApp1) in 3.5037ms
2024-11-29 23:48:46.136 +01:00 [INF] Executed endpoint 'SubApp1.Controllers.HomeController.Index (SubApp1)'
2024-11-29 23:48:46.136 +01:00 [INF] Request finished HTTP/1.1 GET http://localhost:5003/ - 200 null text/html; charset=utf-8 5.2455ms
2024-11-29 23:48:50.879 +01:00 [INF] Request starting HTTP/1.1 GET http://localhost:5003/Home/Profile - null null
2024-11-29 23:48:50.880 +01:00 [INF] Executing endpoint 'SubApp1.Controllers.HomeController.Profile (SubApp1)'
2024-11-29 23:48:50.880 +01:00 [INF] Route matched with {action = "Profile", controller = "Home", page = "", area = ""}. Executing controller action with signature Microsoft.AspNetCore.Mvc.IActionResult Profile() on controller SubApp1.Controllers.HomeController (SubApp1).
2024-11-29 23:48:50.881 +01:00 [INF] Executing ViewResult, running view Profile.
2024-11-29 23:48:50.882 +01:00 [INF] Executed ViewResult - view Profile executed in 0.8213ms.
2024-11-29 23:48:50.882 +01:00 [INF] Executed action SubApp1.Controllers.HomeController.Profile (SubApp1) in 1.8509ms
2024-11-29 23:48:50.882 +01:00 [INF] Executed endpoint 'SubApp1.Controllers.HomeController.Profile (SubApp1)'
2024-11-29 23:48:50.882 +01:00 [INF] Request finished HTTP/1.1 GET http://localhost:5003/Home/Profile - 200 null text/html; charset=utf-8 3.8023ms
2024-11-29 23:54:32.054 +01:00 [INF] Application is shutting down...
