2024-11-23 20:36:07.215 +01:00 [INF] User profile is available. Using 'C:\Users\Thilo\AppData\Local\ASP.NET\DataProtection-Keys' as key repository and Windows DPAPI to encrypt keys at rest.
2024-11-23 20:36:07.568 +01:00 [INF] Now listening on: http://localhost:5003
2024-11-23 20:36:07.576 +01:00 [INF] Application started. Press Ctrl+C to shut down.
2024-11-23 20:36:07.578 +01:00 [INF] Hosting environment: Development
2024-11-23 20:36:07.578 +01:00 [INF] Content root path: C:\Users\Thilo\OneDrive\Dokumenter\GitHub\CodeCraft\SubApp1
2024-11-23 20:36:09.837 +01:00 [INF] Request starting HTTP/1.1 GET http://localhost:5003/ - null null
2024-11-23 20:36:09.874 +01:00 [WRN] Failed to determine the https port for redirect.
2024-11-23 20:36:10.652 +01:00 [WRN] The foreign key property 'Post.UserId1' was created in shadow state because a conflicting property with the simple name 'UserId' exists in the entity type, but is either not mapped, is already used for another relationship, or is incompatible with the associated primary key type. See https://aka.ms/efcore-relationships for information on mapping relationships in EF Core.
2024-11-23 20:36:10.942 +01:00 [INF] Executing endpoint 'SubApp1.Controllers.HomeController.Index (SubApp1)'
2024-11-23 20:36:10.966 +01:00 [INF] Route matched with {action = "Index", controller = "Home", page = "", area = ""}. Executing controller action with signature Microsoft.AspNetCore.Mvc.IActionResult Index() on controller SubApp1.Controllers.HomeController (SubApp1).
2024-11-23 20:36:13.991 +01:00 [INF] Executing ViewResult, running view Index.
2024-11-23 20:36:14.702 +01:00 [INF] Executed ViewResult - view Index executed in 3727.0775ms.
2024-11-23 20:36:14.707 +01:00 [INF] Executed action SubApp1.Controllers.HomeController.Index (SubApp1) in 3740.0882ms
2024-11-23 20:36:14.707 +01:00 [INF] Executed endpoint 'SubApp1.Controllers.HomeController.Index (SubApp1)'
2024-11-23 20:36:14.733 +01:00 [INF] Request finished HTTP/1.1 GET http://localhost:5003/ - 200 null text/html; charset=utf-8 4899.2796ms
2024-11-23 20:36:14.734 +01:00 [INF] Request starting HTTP/1.1 GET http://localhost:5003/js/jquery.min.js - null null
2024-11-23 20:36:14.734 +01:00 [INF] Request starting HTTP/1.1 GET http://localhost:5003/js/bootstrap.js - null null
2024-11-23 20:36:14.769 +01:00 [INF] Request finished HTTP/1.1 GET http://localhost:5003/js/bootstrap.js - 404 0 null 34.0361ms
2024-11-23 20:36:14.769 +01:00 [INF] Request finished HTTP/1.1 GET http://localhost:5003/js/jquery.min.js - 404 0 null 34.3915ms
2024-11-23 20:36:14.770 +01:00 [INF] Request reached the end of the middleware pipeline without being handled by application code. Request path: GET http://localhost:5003/js/bootstrap.js, Response status code: 404
2024-11-23 20:36:14.770 +01:00 [INF] Request reached the end of the middleware pipeline without being handled by application code. Request path: GET http://localhost:5003/js/jquery.min.js, Response status code: 404
2024-11-23 20:36:17.948 +01:00 [INF] Request starting HTTP/1.1 GET http://localhost:5003/Home/Profile - null null
2024-11-23 20:36:18.054 +01:00 [INF] Executing endpoint 'SubApp1.Controllers.HomeController.Profile (SubApp1)'
2024-11-23 20:36:18.056 +01:00 [INF] Route matched with {action = "Profile", controller = "Home", page = "", area = ""}. Executing controller action with signature Microsoft.AspNetCore.Mvc.IActionResult Profile() on controller SubApp1.Controllers.HomeController (SubApp1).
2024-11-23 20:36:18.898 +01:00 [INF] Executing ViewResult, running view Profile.
2024-11-23 20:36:18.927 +01:00 [INF] Executed ViewResult - view Profile executed in 540.1409ms.
2024-11-23 20:36:18.927 +01:00 [INF] Executed action SubApp1.Controllers.HomeController.Profile (SubApp1) in 871.4182ms
2024-11-23 20:36:18.928 +01:00 [INF] Executed endpoint 'SubApp1.Controllers.HomeController.Profile (SubApp1)'
2024-11-23 20:36:18.928 +01:00 [INF] Request finished HTTP/1.1 GET http://localhost:5003/Home/Profile - 200 null text/html; charset=utf-8 979.8868ms
2024-11-23 20:36:18.968 +01:00 [INF] Request starting HTTP/1.1 GET http://localhost:5003/js/bootstrap.js - null null
2024-11-23 20:36:18.968 +01:00 [INF] Request starting HTTP/1.1 GET http://localhost:5003/js/jquery.min.js - null null
2024-11-23 20:36:18.972 +01:00 [INF] Request finished HTTP/1.1 GET http://localhost:5003/js/jquery.min.js - 404 0 null 3.6589ms
2024-11-23 20:36:18.972 +01:00 [INF] Request reached the end of the middleware pipeline without being handled by application code. Request path: GET http://localhost:5003/js/jquery.min.js, Response status code: 404
2024-11-23 20:36:18.975 +01:00 [INF] Request finished HTTP/1.1 GET http://localhost:5003/js/bootstrap.js - 404 0 null 7.8437ms
2024-11-23 20:36:18.976 +01:00 [INF] Request reached the end of the middleware pipeline without being handled by application code. Request path: GET http://localhost:5003/js/bootstrap.js, Response status code: 404
2024-11-23 20:36:22.388 +01:00 [INF] Request starting HTTP/1.1 GET http://localhost:5003/Profile/Edit - null null
2024-11-23 20:36:22.407 +01:00 [INF] Executing endpoint 'SubApp1.Controllers.ProfileController.Edit (SubApp1)'
2024-11-23 20:36:22.422 +01:00 [INF] Route matched with {action = "Edit", controller = "Profile", page = "", area = ""}. Executing controller action with signature Microsoft.AspNetCore.Mvc.IActionResult Edit(Int32) on controller SubApp1.Controllers.ProfileController (SubApp1).
2024-11-23 20:36:22.442 +01:00 [INF] Executed action SubApp1.Controllers.ProfileController.Edit (SubApp1) in 20.6978ms
2024-11-23 20:36:22.443 +01:00 [INF] Executed endpoint 'SubApp1.Controllers.ProfileController.Edit (SubApp1)'
2024-11-23 20:36:22.469 +01:00 [ERR] An unhandled exception has occurred while executing the request.
System.ArgumentException: The key value at position 0 of the call to 'DbSet<User>.Find' was of type 'int', which does not match the property type of 'string'.
   at Microsoft.EntityFrameworkCore.Internal.EntityFinder`1.FindTracked(Object[] keyValues)
   at Microsoft.EntityFrameworkCore.Internal.EntityFinder`1.Find(Object[] keyValues)
   at Microsoft.EntityFrameworkCore.Internal.InternalDbSet`1.Find(Object[] keyValues)
   at SubApp1.Controllers.ProfileController.Edit(Int32 id) in C:\Users\Thilo\OneDrive\Dokumenter\GitHub\CodeCraft\SubApp1\Controllers\ProfileController.cs:line 49
   at lambda_method42(Closure, Object, Object[])
   at Microsoft.AspNetCore.Mvc.Infrastructure.ActionMethodExecutor.SyncActionResultExecutor.Execute(ActionContext actionContext, IActionResultTypeMapper mapper, ObjectMethodExecutor executor, Object controller, Object[] arguments)
   at Microsoft.AspNetCore.Mvc.Infrastructure.ControllerActionInvoker.InvokeActionMethodAsync()
   at Microsoft.AspNetCore.Mvc.Infrastructure.ControllerActionInvoker.Next(State& next, Scope& scope, Object& state, Boolean& isCompleted)
   at Microsoft.AspNetCore.Mvc.Infrastructure.ControllerActionInvoker.InvokeNextActionFilterAsync()
--- End of stack trace from previous location ---
   at Microsoft.AspNetCore.Mvc.Infrastructure.ControllerActionInvoker.Rethrow(ActionExecutedContextSealed context)
   at Microsoft.AspNetCore.Mvc.Infrastructure.ControllerActionInvoker.Next(State& next, Scope& scope, Object& state, Boolean& isCompleted)
   at Microsoft.AspNetCore.Mvc.Infrastructure.ControllerActionInvoker.InvokeInnerFilterAsync()
--- End of stack trace from previous location ---
   at Microsoft.AspNetCore.Mvc.Infrastructure.ResourceInvoker.<InvokeNextResourceFilter>g__Awaited|25_0(ResourceInvoker invoker, Task lastTask, State next, Scope scope, Object state, Boolean isCompleted)
   at Microsoft.AspNetCore.Mvc.Infrastructure.ResourceInvoker.Rethrow(ResourceExecutedContextSealed context)
   at Microsoft.AspNetCore.Mvc.Infrastructure.ResourceInvoker.Next(State& next, Scope& scope, Object& state, Boolean& isCompleted)
   at Microsoft.AspNetCore.Mvc.Infrastructure.ResourceInvoker.InvokeFilterPipelineAsync()
--- End of stack trace from previous location ---
   at Microsoft.AspNetCore.Mvc.Infrastructure.ResourceInvoker.<InvokeAsync>g__Logged|17_1(ResourceInvoker invoker)
   at Microsoft.AspNetCore.Mvc.Infrastructure.ResourceInvoker.<InvokeAsync>g__Logged|17_1(ResourceInvoker invoker)
   at Microsoft.AspNetCore.Routing.EndpointMiddleware.<Invoke>g__AwaitRequestTask|7_0(Endpoint endpoint, Task requestTask, ILogger logger)
   at Microsoft.AspNetCore.Authorization.AuthorizationMiddleware.Invoke(HttpContext context)
   at Microsoft.AspNetCore.Authentication.AuthenticationMiddleware.Invoke(HttpContext context)
   at Microsoft.AspNetCore.Diagnostics.DeveloperExceptionPageMiddlewareImpl.Invoke(HttpContext context)
2024-11-23 20:36:22.527 +01:00 [INF] Request finished HTTP/1.1 GET http://localhost:5003/Profile/Edit - 500 null text/html; charset=utf-8 138.8855ms
2024-11-23 20:36:24.145 +01:00 [INF] Request starting HTTP/1.1 GET http://localhost:5003/Home/Profile - null null
2024-11-23 20:36:24.149 +01:00 [INF] Executing endpoint 'SubApp1.Controllers.HomeController.Profile (SubApp1)'
2024-11-23 20:36:24.149 +01:00 [INF] Route matched with {action = "Profile", controller = "Home", page = "", area = ""}. Executing controller action with signature Microsoft.AspNetCore.Mvc.IActionResult Profile() on controller SubApp1.Controllers.HomeController (SubApp1).
2024-11-23 20:36:24.157 +01:00 [INF] Executing ViewResult, running view Profile.
2024-11-23 20:36:24.162 +01:00 [INF] Executed ViewResult - view Profile executed in 4.2187ms.
2024-11-23 20:36:24.162 +01:00 [INF] Executed action SubApp1.Controllers.HomeController.Profile (SubApp1) in 12.4315ms
2024-11-23 20:36:24.162 +01:00 [INF] Executed endpoint 'SubApp1.Controllers.HomeController.Profile (SubApp1)'
2024-11-23 20:36:24.162 +01:00 [INF] Request finished HTTP/1.1 GET http://localhost:5003/Home/Profile - 200 null text/html; charset=utf-8 17.6611ms
2024-11-23 20:36:28.369 +01:00 [INF] Request starting HTTP/1.1 POST http://localhost:5003/Post/CreatePost - multipart/form-data; boundary=----WebKitFormBoundaryUze9fy6mV2k3auaI 614
2024-11-23 20:36:28.374 +01:00 [INF] Executing endpoint 'PostController.CreatePost (SubApp1)'
2024-11-23 20:36:28.381 +01:00 [INF] Route matched with {action = "CreatePost", controller = "Post", page = "", area = ""}. Executing controller action with signature Microsoft.AspNetCore.Mvc.IActionResult CreatePost(System.String, Microsoft.AspNetCore.Http.IFormFile) on controller PostController (SubApp1).
2024-11-23 20:36:28.627 +01:00 [INF] Executing RedirectResult, redirecting to /Home/Profile.
2024-11-23 20:36:28.627 +01:00 [INF] Executed action PostController.CreatePost (SubApp1) in 246.1673ms
2024-11-23 20:36:28.627 +01:00 [INF] Executed endpoint 'PostController.CreatePost (SubApp1)'
2024-11-23 20:36:28.628 +01:00 [INF] Request finished HTTP/1.1 POST http://localhost:5003/Post/CreatePost - 302 0 null 259.1463ms
2024-11-23 20:36:28.630 +01:00 [INF] Request starting HTTP/1.1 GET http://localhost:5003/Home/Profile - null null
2024-11-23 20:36:28.634 +01:00 [INF] Executing endpoint 'SubApp1.Controllers.HomeController.Profile (SubApp1)'
2024-11-23 20:36:28.635 +01:00 [INF] Route matched with {action = "Profile", controller = "Home", page = "", area = ""}. Executing controller action with signature Microsoft.AspNetCore.Mvc.IActionResult Profile() on controller SubApp1.Controllers.HomeController (SubApp1).
2024-11-23 20:36:28.698 +01:00 [INF] Executing ViewResult, running view Profile.
2024-11-23 20:36:28.703 +01:00 [INF] Executed action SubApp1.Controllers.HomeController.Profile (SubApp1) in 67.9244ms
2024-11-23 20:36:28.703 +01:00 [INF] Executed endpoint 'SubApp1.Controllers.HomeController.Profile (SubApp1)'
2024-11-23 20:36:28.707 +01:00 [ERR] An unhandled exception has occurred while executing the request.
System.NullReferenceException: Object reference not set to an instance of an object.
   at AspNetCore.Views_Home_Profile.<ExecuteAsync>b__17_0() in C:\Users\Thilo\OneDrive\Dokumenter\GitHub\CodeCraft\SubApp1\Views\Home\Profile.cshtml:line 36
   at Microsoft.AspNetCore.Razor.Runtime.TagHelpers.TagHelperExecutionContext.SetOutputContentAsync()
   at AspNetCore.Views_Home_Profile.ExecuteAsync() in C:\Users\Thilo\OneDrive\Dokumenter\GitHub\CodeCraft\SubApp1\Views\Home\Profile.cshtml:line 4
   at Microsoft.AspNetCore.Mvc.Razor.RazorView.RenderPageCoreAsync(IRazorPage page, ViewContext context)
   at Microsoft.AspNetCore.Mvc.Razor.RazorView.RenderPageAsync(IRazorPage page, ViewContext context, Boolean invokeViewStarts)
   at Microsoft.AspNetCore.Mvc.Razor.RazorView.RenderAsync(ViewContext context)
   at Microsoft.AspNetCore.Mvc.ViewFeatures.ViewExecutor.ExecuteAsync(ViewContext viewContext, String contentType, Nullable`1 statusCode)
   at Microsoft.AspNetCore.Mvc.ViewFeatures.ViewExecutor.ExecuteAsync(ViewContext viewContext, String contentType, Nullable`1 statusCode)
   at Microsoft.AspNetCore.Mvc.ViewFeatures.ViewExecutor.ExecuteAsync(ActionContext actionContext, IView view, ViewDataDictionary viewData, ITempDataDictionary tempData, String contentType, Nullable`1 statusCode)
   at Microsoft.AspNetCore.Mvc.ViewFeatures.ViewResultExecutor.ExecuteAsync(ActionContext context, ViewResult result)
   at Microsoft.AspNetCore.Mvc.ViewResult.ExecuteResultAsync(ActionContext context)
   at Microsoft.AspNetCore.Mvc.Infrastructure.ResourceInvoker.<InvokeNextResultFilterAsync>g__Awaited|30_0[TFilter,TFilterAsync](ResourceInvoker invoker, Task lastTask, State next, Scope scope, Object state, Boolean isCompleted)
   at Microsoft.AspNetCore.Mvc.Infrastructure.ResourceInvoker.Rethrow(ResultExecutedContextSealed context)
   at Microsoft.AspNetCore.Mvc.Infrastructure.ResourceInvoker.ResultNext[TFilter,TFilterAsync](State& next, Scope& scope, Object& state, Boolean& isCompleted)
   at Microsoft.AspNetCore.Mvc.Infrastructure.ResourceInvoker.InvokeResultFilters()
--- End of stack trace from previous location ---
   at Microsoft.AspNetCore.Mvc.Infrastructure.ResourceInvoker.<InvokeNextResourceFilter>g__Awaited|25_0(ResourceInvoker invoker, Task lastTask, State next, Scope scope, Object state, Boolean isCompleted)
   at Microsoft.AspNetCore.Mvc.Infrastructure.ResourceInvoker.Rethrow(ResourceExecutedContextSealed context)
   at Microsoft.AspNetCore.Mvc.Infrastructure.ResourceInvoker.Next(State& next, Scope& scope, Object& state, Boolean& isCompleted)
   at Microsoft.AspNetCore.Mvc.Infrastructure.ResourceInvoker.InvokeFilterPipelineAsync()
--- End of stack trace from previous location ---
   at Microsoft.AspNetCore.Mvc.Infrastructure.ResourceInvoker.<InvokeAsync>g__Logged|17_1(ResourceInvoker invoker)
   at Microsoft.AspNetCore.Mvc.Infrastructure.ResourceInvoker.<InvokeAsync>g__Logged|17_1(ResourceInvoker invoker)
   at Microsoft.AspNetCore.Routing.EndpointMiddleware.<Invoke>g__AwaitRequestTask|7_0(Endpoint endpoint, Task requestTask, ILogger logger)
   at Microsoft.AspNetCore.Authorization.AuthorizationMiddleware.Invoke(HttpContext context)
   at Microsoft.AspNetCore.Authentication.AuthenticationMiddleware.Invoke(HttpContext context)
   at Microsoft.AspNetCore.Diagnostics.DeveloperExceptionPageMiddlewareImpl.Invoke(HttpContext context)
2024-11-23 20:36:28.720 +01:00 [INF] Request finished HTTP/1.1 GET http://localhost:5003/Home/Profile - 500 null text/html; charset=utf-8 89.9477ms
2024-11-23 20:36:37.607 +01:00 [INF] Request starting HTTP/1.1 GET http://localhost:5003/ - null null
2024-11-23 20:36:37.610 +01:00 [INF] Executing endpoint 'SubApp1.Controllers.HomeController.Index (SubApp1)'
2024-11-23 20:36:37.610 +01:00 [INF] Route matched with {action = "Index", controller = "Home", page = "", area = ""}. Executing controller action with signature Microsoft.AspNetCore.Mvc.IActionResult Index() on controller SubApp1.Controllers.HomeController (SubApp1).
2024-11-23 20:36:37.611 +01:00 [INF] Executing ViewResult, running view Index.
2024-11-23 20:36:37.613 +01:00 [INF] Executed ViewResult - view Index executed in 2.1458ms.
2024-11-23 20:36:37.613 +01:00 [INF] Executed action SubApp1.Controllers.HomeController.Index (SubApp1) in 2.371ms
2024-11-23 20:36:37.613 +01:00 [INF] Executed endpoint 'SubApp1.Controllers.HomeController.Index (SubApp1)'
2024-11-23 20:36:37.613 +01:00 [INF] Request finished HTTP/1.1 GET http://localhost:5003/ - 200 null text/html; charset=utf-8 5.6309ms
